#
# There is insufficient memory for the Java Runtime Environment to continue.
# Native memory allocation (malloc) failed to allocate 32744 bytes for ChunkPool::allocate
# Possible reasons:
#   The system is out of physical RAM or swap space
#   The process is running with CompressedOops enabled, and the Java Heap may be blocking the growth of the native heap
# Possible solutions:
#   Reduce memory load on the system
#   Increase physical memory or swap space
#   Check if swap backing store is full
#   Decrease Java heap size (-Xmx/-Xms)
#   Decrease number of Java threads
#   Decrease Java thread stack sizes (-Xss)
#   Set larger code cache with -XX:ReservedCodeCacheSize=
#   JVM is running with Unscaled Compressed Oops mode in which the Java heap is
#     placed in the first 4GB address space. The Java Heap base address is the
#     maximum limit for the native heap growth. Please use -XX:HeapBaseMinAddress
#     to set the Java Heap base and to place the Java Heap above 4GB virtual address.
# This output file may be truncated or incomplete.
#
#  Out of Memory Error (./src/hotspot/share/memory/arena.cpp:81), pid=8628, tid=21788
#
# JRE version: OpenJDK Runtime Environment (11.0.8+10) (build 11.0.8+10-b944.6842174)
# Java VM: OpenJDK 64-Bit Server VM (11.0.8+10-b944.6842174, mixed mode, tiered, compressed oops, g1 gc, windows-amd64)
# No core dump will be written. Minidumps are not enabled by default on client versions of Windows
#

---------------  S U M M A R Y ------------

Command Line: org.jetbrains.kotlin.cli.jvm.K2JVMCompiler @C:\Android Projects\MyShopPal\app\build\20220227_9424610404793666605.compiler.options

Host: Intel(R) Core(TM) i5-9300H CPU @ 2.40GHz, 8 cores, 7G,  Windows 10 , 64 bit Build 22000 (10.0.22000.434)
Time: Sun Feb 27 14:26:04 2022 India Standard Time elapsed time: 6 seconds (0d 0h 0m 6s)

---------------  T H R E A D  ---------------

Current thread (0x000001fe7dfd5800):  VMThread "VM Thread" [stack: 0x000000cec7600000,0x000000cec7700000] [id=21788]

Stack: [0x000000cec7600000,0x000000cec7700000]
[error occurred during error reporting (printing stack bounds), id 0xc0000005, EXCEPTION_ACCESS_VIOLATION (0xc0000005) at pc=0x000001fe66f90dad]

Native frames: (J=compiled Java code, j=interpreted, Vv=VM code, C=native code)
V  [jvm.dll+0x5de50a]
V  [jvm.dll+0x7122f5]
V  [jvm.dll+0x71384d]
V  [jvm.dll+0x713e65]
V  [jvm.dll+0x713e1b]
V  [jvm.dll+0x5dd958]
V  [jvm.dll+0x5de0f8]
C  [ntdll.dll+0xa86ef]
C  [ntdll.dll+0x35aea]
C  [ntdll.dll+0xa76fe]
C  0x000001fe66f90dad

VM_Operation (0x000000cec78fed60): RevokeBias, mode: safepoint, requested by thread 0x000001fe7dffb000


---------------  P R O C E S S  ---------------

Threads class SMR info:
_java_thread_list=0x000001fe7ed58a40, length=10, elements={
0x000001fe61dfc800, 0x000001fe7dffa000, 0x000001fe7dffb000, 0x000001fe7e987800,
0x000001fe7e989000, 0x000001fe7e98b000, 0x000001fe7e98f000, 0x000001fe7e013000,
0x000001fe7eacd000, 0x000001fe7ead6800
}

Java Threads: ( => current thread )
  0x000001fe61dfc800 JavaThread "main" [_thread_blocked, id=21600, stack(0x000000cec7000000,0x000000cec7100000)]
  0x000001fe7dffa000 JavaThread "Reference Handler" daemon [_thread_blocked, id=6956, stack(0x000000cec7700000,0x000000cec7800000)]
  0x000001fe7dffb000 JavaThread "Finalizer" daemon [_thread_blocked, id=17116, stack(0x000000cec7800000,0x000000cec7900000)]
  0x000001fe7e987800 JavaThread "Signal Dispatcher" daemon [_thread_blocked, id=10592, stack(0x000000cec7900000,0x000000cec7a00000)]
  0x000001fe7e989000 JavaThread "Attach Listener" daemon [_thread_blocked, id=7580, stack(0x000000cec7a00000,0x000000cec7b00000)]
  0x000001fe7e98b000 JavaThread "C2 CompilerThread0" daemon [_thread_in_native, id=23880, stack(0x000000cec7b00000,0x000000cec7c00000)]
  0x000001fe7e98f000 JavaThread "C1 CompilerThread0" daemon [_thread_blocked, id=15664, stack(0x000000cec7c00000,0x000000cec7d00000)]
  0x000001fe7e013000 JavaThread "Sweeper thread" daemon [_thread_blocked, id=15248, stack(0x000000cec7d00000,0x000000cec7e00000)]
  0x000001fe7eacd000 JavaThread "Service Thread" daemon [_thread_blocked, id=18624, stack(0x000000cec7e00000,0x000000cec7f00000)]
  0x000001fe7ead6800 JavaThread "Common-Cleaner" daemon [_thread_blocked, id=15076, stack(0x000000cec8000000,0x000000cec8100000)]

Other Threads:
=>0x000001fe7dfd5800 VMThread "VM Thread" [stack: 0x000000cec7600000,0x000000cec7700000] [id=21788]
  0x000001fe7eace000 WatcherThread [stack: 0x000000cec7f00000,0x000000cec8000000] [id=4032]
  0x000001fe61e15000 GCTaskThread "GC Thread#0" [stack: 0x000000cec7100000,0x000000cec7200000] [id=18508]
  0x000001fe7f0eb000 GCTaskThread "GC Thread#1" [stack: 0x000000cec8100000,0x000000cec8200000] [id=5076]
  0x000001fe7f0de800 GCTaskThread "GC Thread#2" [stack: 0x000000cec8200000,0x000000cec8300000] [id=356]
  0x000001fe61e44000 ConcurrentGCThread "G1 Main Marker" [stack: 0x000000cec7200000,0x000000cec7300000] [id=4156]
  0x000001fe61e46800 ConcurrentGCThread "G1 Conc#0" [stack: 0x000000cec7300000,0x000000cec7400000] [id=26760]
  0x000001fe7f386000 ConcurrentGCThread "G1 Conc#1" [stack: 0x000000cec8300000,0x000000cec8400000] [id=3176]
  0x000001fe61ed7800 ConcurrentGCThread "G1 Refine#0" [stack: 0x000000cec7400000,0x000000cec7500000] [id=26724]
  0x000001fe7de40800 ConcurrentGCThread "G1 Young RemSet Sampling" [stack: 0x000000cec7500000,0x000000cec7600000] [id=23164]

Threads with active compile tasks:
C2 CompilerThread0   6123 2779       4       java.lang.ClassLoader::loadClass (7 bytes)
C1 CompilerThread0   6123 3145   !   2       org.jetbrains.kotlin.metadata.ProtoBuf$Class::<init> (2097 bytes)

VM state:at safepoint (normal execution)

VM Mutex/Monitor currently owned by a thread:  ([mutex/lock_event])
[0x000001fe61df7d30] Threads_lock - owner thread: 0x000001fe7dfd5800

Heap address: 0x0000000081c00000, size: 2020 MB, Compressed Oops mode: 32-bit
Narrow klass base: 0x0000000000000000, Narrow klass shift: 3
Compressed class space size: 1073741824 Address: 0x0000000100000000

Heap:
 garbage-first heap   total 157696K, used 31645K [0x0000000081c00000, 0x0000000100000000)
  region size 1024K, 9 young (9216K), 8 survivors (8192K)
 Metaspace       used 46290K, capacity 46825K, committed 46976K, reserved 1091584K
  class space    used 5490K, capacity 5688K, committed 5760K, reserved 1048576K
Heap Regions: E=young(eden), S=young(survivor), O=old, HS=humongous(starts), HC=humongous(continues), CS=collection set, F=free, A=archive, TAMS=top-at-mark-start (previous, next)
|   0|0x0000000081c00000, 0x0000000081d00000, 0x0000000081d00000|100%|HS|  |TAMS 0x0000000081d00000, 0x0000000081c00000| Complete 
|   1|0x0000000081d00000, 0x0000000081e00000, 0x0000000081e00000|100%|HC|  |TAMS 0x0000000081e00000, 0x0000000081d00000| Complete 
|   2|0x0000000081e00000, 0x0000000081f00000, 0x0000000081f00000|100%|HC|  |TAMS 0x0000000081f00000, 0x0000000081e00000| Complete 
|   3|0x0000000081f00000, 0x0000000082000000, 0x0000000082000000|100%|HS|  |TAMS 0x0000000082000000, 0x0000000081f00000| Complete 
|   4|0x0000000082000000, 0x0000000082100000, 0x0000000082100000|100%|HC|  |TAMS 0x0000000082100000, 0x0000000082000000| Complete 
|   5|0x0000000082100000, 0x0000000082200000, 0x0000000082200000|100%|HC|  |TAMS 0x0000000082200000, 0x0000000082100000| Complete 
|   6|0x0000000082200000, 0x0000000082300000, 0x0000000082300000|100%|HS|  |TAMS 0x0000000082300000, 0x0000000082200000| Complete 
|   7|0x0000000082300000, 0x0000000082400000, 0x0000000082400000|100%|HC|  |TAMS 0x0000000082400000, 0x0000000082300000| Complete 
|   8|0x0000000082400000, 0x0000000082500000, 0x0000000082500000|100%|HC|  |TAMS 0x0000000082500000, 0x0000000082400000| Complete 
|   9|0x0000000082500000, 0x0000000082500000, 0x0000000082600000|  0%| F|  |TAMS 0x0000000082500000, 0x0000000082500000| Untracked 
|  10|0x0000000082600000, 0x0000000082600000, 0x0000000082700000|  0%| F|  |TAMS 0x0000000082600000, 0x0000000082600000| Untracked 
|  11|0x0000000082700000, 0x0000000082800000, 0x0000000082800000|100%| O|  |TAMS 0x0000000082800000, 0x0000000082700000| Untracked 
|  12|0x0000000082800000, 0x0000000082900000, 0x0000000082900000|100%| O|  |TAMS 0x0000000082900000, 0x0000000082800000| Untracked 
|  13|0x0000000082900000, 0x0000000082a00000, 0x0000000082a00000|100%| O|  |TAMS 0x0000000082a00000, 0x0000000082900000| Untracked 
|  14|0x0000000082a00000, 0x0000000082b00000, 0x0000000082b00000|100%| O|  |TAMS 0x0000000082b00000, 0x0000000082a00000| Untracked 
|  15|0x0000000082b00000, 0x0000000082c00000, 0x0000000082c00000|100%| O|  |TAMS 0x0000000082c00000, 0x0000000082b00000| Untracked 
|  16|0x0000000082c00000, 0x0000000082d00000, 0x0000000082d00000|100%| O|  |TAMS 0x0000000082d00000, 0x0000000082c00000| Untracked 
|  17|0x0000000082d00000, 0x0000000082e00000, 0x0000000082e00000|100%| O|  |TAMS 0x0000000082e00000, 0x0000000082d00000| Untracked 
|  18|0x0000000082e00000, 0x0000000082e00000, 0x0000000082f00000|  0%| F|  |TAMS 0x0000000082e00000, 0x0000000082e00000| Untracked 
|  19|0x0000000082f00000, 0x0000000082f00000, 0x0000000083000000|  0%| F|  |TAMS 0x0000000082f00000, 0x0000000082f00000| Untracked 
|  20|0x0000000083000000, 0x0000000083100000, 0x0000000083100000|100%|HS|  |TAMS 0x0000000083100000, 0x0000000083000000| Complete 
|  21|0x0000000083100000, 0x0000000083200000, 0x0000000083200000|100%|HC|  |TAMS 0x0000000083200000, 0x0000000083100000| Complete 
|  22|0x0000000083200000, 0x0000000083300000, 0x0000000083300000|100%| O|  |TAMS 0x0000000083300000, 0x0000000083200000| Untracked 
|  23|0x0000000083300000, 0x0000000083400000, 0x0000000083400000|100%| O|  |TAMS 0x0000000083400000, 0x0000000083300000| Untracked 
|  24|0x0000000083400000, 0x0000000083500000, 0x0000000083500000|100%| O|  |TAMS 0x0000000083500000, 0x0000000083400000| Untracked 
|  25|0x0000000083500000, 0x0000000083600000, 0x0000000083600000|100%| O|  |TAMS 0x0000000083600000, 0x0000000083500000| Untracked 
|  26|0x0000000083600000, 0x0000000083700000, 0x0000000083700000|100%| O|  |TAMS 0x0000000083700000, 0x0000000083600000| Untracked 
|  27|0x0000000083700000, 0x000000008373d800, 0x0000000083800000| 24%| O|  |TAMS 0x000000008373d800, 0x0000000083700000| Untracked 
|  28|0x0000000083800000, 0x0000000083800000, 0x0000000083900000|  0%| F|  |TAMS 0x0000000083800000, 0x0000000083800000| Untracked 
|  29|0x0000000083900000, 0x0000000083900000, 0x0000000083a00000|  0%| F|  |TAMS 0x0000000083900000, 0x0000000083900000| Untracked 
|  30|0x0000000083a00000, 0x0000000083a00000, 0x0000000083b00000|  0%| F|  |TAMS 0x0000000083a00000, 0x0000000083a00000| Untracked 
|  31|0x0000000083b00000, 0x0000000083b00000, 0x0000000083c00000|  0%| F|  |TAMS 0x0000000083b00000, 0x0000000083b00000| Untracked 
|  32|0x0000000083c00000, 0x0000000083c00000, 0x0000000083d00000|  0%| F|  |TAMS 0x0000000083c00000, 0x0000000083c00000| Untracked 
|  33|0x0000000083d00000, 0x0000000083d00000, 0x0000000083e00000|  0%| F|  |TAMS 0x0000000083d00000, 0x0000000083d00000| Untracked 
|  34|0x0000000083e00000, 0x0000000083e00000, 0x0000000083f00000|  0%| F|  |TAMS 0x0000000083e00000, 0x0000000083e00000| Untracked 
|  35|0x0000000083f00000, 0x0000000083f00000, 0x0000000084000000|  0%| F|  |TAMS 0x0000000083f00000, 0x0000000083f00000| Untracked 
|  36|0x0000000084000000, 0x0000000084000000, 0x0000000084100000|  0%| F|  |TAMS 0x0000000084000000, 0x0000000084000000| Untracked 
|  37|0x0000000084100000, 0x0000000084100000, 0x0000000084200000|  0%| F|  |TAMS 0x0000000084100000, 0x0000000084100000| Untracked 
|  38|0x0000000084200000, 0x0000000084200000, 0x0000000084300000|  0%| F|  |TAMS 0x0000000084200000, 0x0000000084200000| Untracked 
|  39|0x0000000084300000, 0x0000000084300000, 0x0000000084400000|  0%| F|  |TAMS 0x0000000084300000, 0x0000000084300000| Untracked 
|  40|0x0000000084400000, 0x0000000084400000, 0x0000000084500000|  0%| F|  |TAMS 0x0000000084400000, 0x0000000084400000| Untracked 
|  41|0x0000000084500000, 0x0000000084500000, 0x0000000084600000|  0%| F|  |TAMS 0x0000000084500000, 0x0000000084500000| Untracked 
|  42|0x0000000084600000, 0x0000000084600000, 0x0000000084700000|  0%| F|  |TAMS 0x0000000084600000, 0x0000000084600000| Untracked 
|  43|0x0000000084700000, 0x0000000084700000, 0x0000000084800000|  0%| F|  |TAMS 0x0000000084700000, 0x0000000084700000| Untracked 
|  44|0x0000000084800000, 0x0000000084800000, 0x0000000084900000|  0%| F|  |TAMS 0x0000000084800000, 0x0000000084800000| Untracked 
|  45|0x0000000084900000, 0x0000000084900000, 0x0000000084a00000|  0%| F|  |TAMS 0x0000000084900000, 0x0000000084900000| Untracked 
|  46|0x0000000084a00000, 0x0000000084a00000, 0x0000000084b00000|  0%| F|  |TAMS 0x0000000084a00000, 0x0000000084a00000| Untracked 
|  47|0x0000000084b00000, 0x0000000084b00000, 0x0000000084c00000|  0%| F|  |TAMS 0x0000000084b00000, 0x0000000084b00000| Untracked 
|  48|0x0000000084c00000, 0x0000000084c00000, 0x0000000084d00000|  0%| F|  |TAMS 0x0000000084c00000, 0x0000000084c00000| Untracked 
|  49|0x0000000084d00000, 0x0000000084d00000, 0x0000000084e00000|  0%| F|  |TAMS 0x0000000084d00000, 0x0000000084d00000| Untracked 
|  50|0x0000000084e00000, 0x0000000084e00000, 0x0000000084f00000|  0%| F|  |TAMS 0x0000000084e00000, 0x0000000084e00000| Untracked 
|  51|0x0000000084f00000, 0x0000000084f00000, 0x0000000085000000|  0%| F|  |TAMS 0x0000000084f00000, 0x0000000084f00000| Untracked 
|  52|0x0000000085000000, 0x0000000085000000, 0x0000000085100000|  0%| F|  |TAMS 0x0000000085000000, 0x0000000085000000| Untracked 
|  53|0x0000000085100000, 0x0000000085100000, 0x0000000085200000|  0%| F|  |TAMS 0x0000000085100000, 0x0000000085100000| Untracked 
|  54|0x0000000085200000, 0x0000000085200000, 0x0000000085300000|  0%| F|  |TAMS 0x0000000085200000, 0x0000000085200000| Untracked 
|  55|0x0000000085300000, 0x0000000085300000, 0x0000000085400000|  0%| F|  |TAMS 0x0000000085300000, 0x0000000085300000| Untracked 
|  56|0x0000000085400000, 0x0000000085400000, 0x0000000085500000|  0%| F|  |TAMS 0x0000000085400000, 0x0000000085400000| Untracked 
|  57|0x0000000085500000, 0x0000000085500000, 0x0000000085600000|  0%| F|  |TAMS 0x0000000085500000, 0x0000000085500000| Untracked 
|  58|0x0000000085600000, 0x0000000085600000, 0x0000000085700000|  0%| F|  |TAMS 0x0000000085600000, 0x0000000085600000| Untracked 
|  59|0x0000000085700000, 0x0000000085700000, 0x0000000085800000|  0%| F|  |TAMS 0x0000000085700000, 0x0000000085700000| Untracked 
|  60|0x0000000085800000, 0x0000000085800000, 0x0000000085900000|  0%| F|  |TAMS 0x0000000085800000, 0x0000000085800000| Untracked 
|  61|0x0000000085900000, 0x00000000859a9c80, 0x0000000085a00000| 66%| S|CS|TAMS 0x0000000085900000, 0x0000000085900000| Complete 
|  62|0x0000000085a00000, 0x0000000085b00000, 0x0000000085b00000|100%| S|CS|TAMS 0x0000000085a00000, 0x0000000085a00000| Complete 
|  63|0x0000000085b00000, 0x0000000085c00000, 0x0000000085c00000|100%| S|CS|TAMS 0x0000000085b00000, 0x0000000085b00000| Complete 
|  64|0x0000000085c00000, 0x0000000085d00000, 0x0000000085d00000|100%| S|CS|TAMS 0x0000000085c00000, 0x0000000085c00000| Complete 
|  65|0x0000000085d00000, 0x0000000085e00000, 0x0000000085e00000|100%| S|CS|TAMS 0x0000000085d00000, 0x0000000085d00000| Complete 
|  66|0x0000000085e00000, 0x0000000085f00000, 0x0000000085f00000|100%| S|CS|TAMS 0x0000000085e00000, 0x0000000085e00000| Complete 
|  67|0x0000000085f00000, 0x0000000086000000, 0x0000000086000000|100%| S|CS|TAMS 0x0000000085f00000, 0x0000000085f00000| Complete 
|  68|0x0000000086000000, 0x0000000086100000, 0x0000000086100000|100%| S|CS|TAMS 0x0000000086000000, 0x0000000086000000| Complete 
|  69|0x0000000086100000, 0x0000000086100000, 0x0000000086200000|  0%| F|  |TAMS 0x0000000086100000, 0x0000000086100000| Untracked 
|  70|0x0000000086200000, 0x0000000086200000, 0x0000000086300000|  0%| F|  |TAMS 0x0000000086200000, 0x0000000086200000| Untracked 
|  71|0x0000000086300000, 0x0000000086300000, 0x0000000086400000|  0%| F|  |TAMS 0x0000000086300000, 0x0000000086300000| Untracked 
|  72|0x0000000086400000, 0x0000000086400000, 0x0000000086500000|  0%| F|  |TAMS 0x0000000086400000, 0x0000000086400000| Untracked 
|  73|0x0000000086500000, 0x0000000086500000, 0x0000000086600000|  0%| F|  |TAMS 0x0000000086500000, 0x0000000086500000| Untracked 
|  74|0x0000000086600000, 0x0000000086600000, 0x0000000086700000|  0%| F|  |TAMS 0x0000000086600000, 0x0000000086600000| Untracked 
|  75|0x0000000086700000, 0x0000000086700000, 0x0000000086800000|  0%| F|  |TAMS 0x0000000086700000, 0x0000000086700000| Untracked 
|  76|0x0000000086800000, 0x0000000086800000, 0x0000000086900000|  0%| F|  |TAMS 0x0000000086800000, 0x0000000086800000| Untracked 
|  77|0x0000000086900000, 0x0000000086900000, 0x0000000086a00000|  0%| F|  |TAMS 0x0000000086900000, 0x0000000086900000| Untracked 
|  78|0x0000000086a00000, 0x0000000086a00000, 0x0000000086b00000|  0%| F|  |TAMS 0x0000000086a00000, 0x0000000086a00000| Untracked 
|  79|0x0000000086b00000, 0x0000000086b00000, 0x0000000086c00000|  0%| F|  |TAMS 0x0000000086b00000, 0x0000000086b00000| Untracked 
|  80|0x0000000086c00000, 0x0000000086c00000, 0x0000000086d00000|  0%| F|  |TAMS 0x0000000086c00000, 0x0000000086c00000| Untracked 
|  81|0x0000000086d00000, 0x0000000086d00000, 0x0000000086e00000|  0%| F|  |TAMS 0x0000000086d00000, 0x0000000086d00000| Untracked 
|  82|0x0000000086e00000, 0x0000000086e00000, 0x0000000086f00000|  0%| F|  |TAMS 0x0000000086e00000, 0x0000000086e00000| Untracked 
|  83|0x0000000086f00000, 0x0000000086f00000, 0x0000000087000000|  0%| F|  |TAMS 0x0000000086f00000, 0x0000000086f00000| Untracked 
|  84|0x0000000087000000, 0x0000000087000000, 0x0000000087100000|  0%| F|  |TAMS 0x0000000087000000, 0x0000000087000000| Untracked 
|  85|0x0000000087100000, 0x0000000087100000, 0x0000000087200000|  0%| F|  |TAMS 0x0000000087100000, 0x0000000087100000| Untracked 
|  86|0x0000000087200000, 0x0000000087200000, 0x0000000087300000|  0%| F|  |TAMS 0x0000000087200000, 0x0000000087200000| Untracked 
|  87|0x0000000087300000, 0x0000000087300000, 0x0000000087400000|  0%| F|  |TAMS 0x0000000087300000, 0x0000000087300000| Untracked 
|  88|0x0000000087400000, 0x0000000087400000, 0x0000000087500000|  0%| F|  |TAMS 0x0000000087400000, 0x0000000087400000| Untracked 
|  89|0x0000000087500000, 0x0000000087500000, 0x0000000087600000|  0%| F|  |TAMS 0x0000000087500000, 0x0000000087500000| Untracked 
|  90|0x0000000087600000, 0x0000000087600000, 0x0000000087700000|  0%| F|  |TAMS 0x0000000087600000, 0x0000000087600000| Untracked 
|  91|0x0000000087700000, 0x0000000087700000, 0x0000000087800000|  0%| F|  |TAMS 0x0000000087700000, 0x0000000087700000| Untracked 
|  92|0x0000000087800000, 0x0000000087800000, 0x0000000087900000|  0%| F|  |TAMS 0x0000000087800000, 0x0000000087800000| Untracked 
|  93|0x0000000087900000, 0x0000000087900000, 0x0000000087a00000|  0%| F|  |TAMS 0x0000000087900000, 0x0000000087900000| Untracked 
|  94|0x0000000087a00000, 0x0000000087a00000, 0x0000000087b00000|  0%| F|  |TAMS 0x0000000087a00000, 0x0000000087a00000| Untracked 
|  95|0x0000000087b00000, 0x0000000087b00000, 0x0000000087c00000|  0%| F|  |TAMS 0x0000000087b00000, 0x0000000087b00000| Untracked 
|  96|0x0000000087c00000, 0x0000000087c00000, 0x0000000087d00000|  0%| F|  |TAMS 0x0000000087c00000, 0x0000000087c00000| Untracked 
|  97|0x0000000087d00000, 0x0000000087d00000, 0x0000000087e00000|  0%| F|  |TAMS 0x0000000087d00000, 0x0000000087d00000| Untracked 
|  98|0x0000000087e00000, 0x0000000087e00000, 0x0000000087f00000|  0%| F|  |TAMS 0x0000000087e00000, 0x0000000087e00000| Untracked 
|  99|0x0000000087f00000, 0x0000000087f00000, 0x0000000088000000|  0%| F|  |TAMS 0x0000000087f00000, 0x0000000087f00000| Untracked 
| 100|0x0000000088000000, 0x0000000088000000, 0x0000000088100000|  0%| F|  |TAMS 0x0000000088000000, 0x0000000088000000| Untracked 
| 101|0x0000000088100000, 0x0000000088100000, 0x0000000088200000|  0%| F|  |TAMS 0x0000000088100000, 0x0000000088100000| Untracked 
| 102|0x0000000088200000, 0x0000000088200000, 0x0000000088300000|  0%| F|  |TAMS 0x0000000088200000, 0x0000000088200000| Untracked 
| 103|0x0000000088300000, 0x0000000088300000, 0x0000000088400000|  0%| F|  |TAMS 0x0000000088300000, 0x0000000088300000| Untracked 
| 104|0x0000000088400000, 0x0000000088400000, 0x0000000088500000|  0%| F|  |TAMS 0x0000000088400000, 0x0000000088400000| Untracked 
| 105|0x0000000088500000, 0x0000000088500000, 0x0000000088600000|  0%| F|  |TAMS 0x0000000088500000, 0x0000000088500000| Untracked 
| 106|0x0000000088600000, 0x0000000088600000, 0x0000000088700000|  0%| F|  |TAMS 0x0000000088600000, 0x0000000088600000| Untracked 
| 107|0x0000000088700000, 0x0000000088700000, 0x0000000088800000|  0%| F|  |TAMS 0x0000000088700000, 0x0000000088700000| Untracked 
| 108|0x0000000088800000, 0x0000000088800000, 0x0000000088900000|  0%| F|  |TAMS 0x0000000088800000, 0x0000000088800000| Untracked 
| 109|0x0000000088900000, 0x0000000088900000, 0x0000000088a00000|  0%| F|  |TAMS 0x0000000088900000, 0x0000000088900000| Untracked 
| 110|0x0000000088a00000, 0x0000000088a00000, 0x0000000088b00000|  0%| F|  |TAMS 0x0000000088a00000, 0x0000000088a00000| Untracked 
| 111|0x0000000088b00000, 0x0000000088b00000, 0x0000000088c00000|  0%| F|  |TAMS 0x0000000088b00000, 0x0000000088b00000| Untracked 
| 112|0x0000000088c00000, 0x0000000088c00000, 0x0000000088d00000|  0%| F|  |TAMS 0x0000000088c00000, 0x0000000088c00000| Untracked 
| 113|0x0000000088d00000, 0x0000000088d00000, 0x0000000088e00000|  0%| F|  |TAMS 0x0000000088d00000, 0x0000000088d00000| Untracked 
| 114|0x0000000088e00000, 0x0000000088e00000, 0x0000000088f00000|  0%| F|  |TAMS 0x0000000088e00000, 0x0000000088e00000| Untracked 
| 115|0x0000000088f00000, 0x0000000088f00000, 0x0000000089000000|  0%| F|  |TAMS 0x0000000088f00000, 0x0000000088f00000| Untracked 
| 116|0x0000000089000000, 0x0000000089000000, 0x0000000089100000|  0%| F|  |TAMS 0x0000000089000000, 0x0000000089000000| Untracked 
| 117|0x0000000089100000, 0x0000000089100000, 0x0000000089200000|  0%| F|  |TAMS 0x0000000089100000, 0x0000000089100000| Untracked 
| 118|0x0000000089200000, 0x0000000089200000, 0x0000000089300000|  0%| F|  |TAMS 0x0000000089200000, 0x0000000089200000| Untracked 
| 119|0x0000000089300000, 0x0000000089300000, 0x0000000089400000|  0%| F|  |TAMS 0x0000000089300000, 0x0000000089300000| Untracked 
| 120|0x0000000089400000, 0x0000000089400000, 0x0000000089500000|  0%| F|  |TAMS 0x0000000089400000, 0x0000000089400000| Untracked 
| 121|0x0000000089500000, 0x0000000089500000, 0x0000000089600000|  0%| F|  |TAMS 0x0000000089500000, 0x0000000089500000| Untracked 
| 122|0x0000000089600000, 0x0000000089600000, 0x0000000089700000|  0%| F|  |TAMS 0x0000000089600000, 0x0000000089600000| Untracked 
| 123|0x0000000089700000, 0x0000000089700000, 0x0000000089800000|  0%| F|  |TAMS 0x0000000089700000, 0x0000000089700000| Untracked 
| 124|0x0000000089800000, 0x0000000089800000, 0x0000000089900000|  0%| F|  |TAMS 0x0000000089800000, 0x0000000089800000| Untracked 
| 125|0x0000000089900000, 0x0000000089900000, 0x0000000089a00000|  0%| F|  |TAMS 0x0000000089900000, 0x0000000089900000| Untracked 
| 126|0x0000000089a00000, 0x0000000089a00000, 0x0000000089b00000|  0%| F|  |TAMS 0x0000000089a00000, 0x0000000089a00000| Untracked 
| 127|0x0000000089b00000, 0x0000000089b00000, 0x0000000089c00000|  0%| F|  |TAMS 0x0000000089b00000, 0x0000000089b00000| Untracked 
| 128|0x0000000089c00000, 0x0000000089c00000, 0x0000000089d00000|  0%| F|  |TAMS 0x0000000089c00000, 0x0000000089c00000| Untracked 
| 129|0x0000000089d00000, 0x0000000089d00000, 0x0000000089e00000|  0%| F|  |TAMS 0x0000000089d00000, 0x0000000089d00000| Untracked 
| 130|0x0000000089e00000, 0x0000000089e00000, 0x0000000089f00000|  0%| F|  |TAMS 0x0000000089e00000, 0x0000000089e00000| Untracked 
| 131|0x0000000089f00000, 0x0000000089f00000, 0x000000008a000000|  0%| F|  |TAMS 0x0000000089f00000, 0x0000000089f00000| Untracked 
| 132|0x000000008a000000, 0x000000008a000000, 0x000000008a100000|  0%| F|  |TAMS 0x000000008a000000, 0x000000008a000000| Untracked 
| 133|0x000000008a100000, 0x000000008a100000, 0x000000008a200000|  0%| F|  |TAMS 0x000000008a100000, 0x000000008a100000| Untracked 
| 134|0x000000008a200000, 0x000000008a200000, 0x000000008a300000|  0%| F|  |TAMS 0x000000008a200000, 0x000000008a200000| Untracked 
| 135|0x000000008a300000, 0x000000008a300000, 0x000000008a400000|  0%| F|  |TAMS 0x000000008a300000, 0x000000008a300000| Untracked 
| 136|0x000000008a400000, 0x000000008a400000, 0x000000008a500000|  0%| F|  |TAMS 0x000000008a400000, 0x000000008a400000| Untracked 
| 137|0x000000008a500000, 0x000000008a500000, 0x000000008a600000|  0%| F|  |TAMS 0x000000008a500000, 0x000000008a500000| Untracked 
| 138|0x000000008a600000, 0x000000008a600000, 0x000000008a700000|  0%| F|  |TAMS 0x000000008a600000, 0x000000008a600000| Untracked 
| 139|0x000000008a700000, 0x000000008a700000, 0x000000008a800000|  0%| F|  |TAMS 0x000000008a700000, 0x000000008a700000| Untracked 
| 140|0x000000008a800000, 0x000000008a800000, 0x000000008a900000|  0%| F|  |TAMS 0x000000008a800000, 0x000000008a800000| Untracked 
| 141|0x000000008a900000, 0x000000008a900000, 0x000000008aa00000|  0%| F|  |TAMS 0x000000008a900000, 0x000000008a900000| Untracked 
| 142|0x000000008aa00000, 0x000000008aa00000, 0x000000008ab00000|  0%| F|  |TAMS 0x000000008aa00000, 0x000000008aa00000| Untracked 
| 143|0x000000008ab00000, 0x000000008ab00000, 0x000000008ac00000|  0%| F|  |TAMS 0x000000008ab00000, 0x000000008ab00000| Untracked 
| 144|0x000000008ac00000, 0x000000008ac00000, 0x000000008ad00000|  0%| F|  |TAMS 0x000000008ac00000, 0x000000008ac00000| Untracked 
| 145|0x000000008ad00000, 0x000000008ad00000, 0x000000008ae00000|  0%| F|  |TAMS 0x000000008ad00000, 0x000000008ad00000| Untracked 
| 146|0x000000008ae00000, 0x000000008ae00000, 0x000000008af00000|  0%| F|  |TAMS 0x000000008ae00000, 0x000000008ae00000| Untracked 
| 147|0x000000008af00000, 0x000000008af00000, 0x000000008b000000|  0%| F|  |TAMS 0x000000008af00000, 0x000000008af00000| Untracked 
| 148|0x000000008b000000, 0x000000008b000000, 0x000000008b100000|  0%| F|  |TAMS 0x000000008b000000, 0x000000008b000000| Untracked 
| 149|0x000000008b100000, 0x000000008b100000, 0x000000008b200000|  0%| F|  |TAMS 0x000000008b100000, 0x000000008b100000| Untracked 
| 150|0x000000008b200000, 0x000000008b200000, 0x000000008b300000|  0%| F|  |TAMS 0x000000008b200000, 0x000000008b200000| Untracked 
| 151|0x000000008b300000, 0x000000008b300000, 0x000000008b400000|  0%| F|  |TAMS 0x000000008b300000, 0x000000008b300000| Untracked 
| 152|0x000000008b400000, 0x000000008b400000, 0x000000008b500000|  0%| F|  |TAMS 0x000000008b400000, 0x000000008b400000| Untracked 
| 153|0x000000008b500000, 0x000000008b580800, 0x000000008b600000| 50%| E|  |TAMS 0x000000008b500000, 0x000000008b500000| Complete 

Card table byte_map: [0x000001fe76e00000,0x000001fe77200000] _byte_map_base: 0x000001fe769f2000

Marking Bits (Prev, Next): (CMBitMap*) 0x000001fe61e3b798, (CMBitMap*) 0x000001fe61e3b7d0
 Prev Bits: [0x000001fe77600000, 0x000001fe79590000)
 Next Bits: [0x000001fe79590000, 0x000001fe7b520000)

Polling page: 0x000001fe61ee0000

Metaspace:

Usage:
  Non-class:     40.17 MB capacity,    39.84 MB (>99%) used,   270.02 KB ( <1%) free+waste,    66.31 KB ( <1%) overhead. 
      Class:      5.55 MB capacity,     5.36 MB ( 97%) used,   169.41 KB (  3%) free+waste,    28.31 KB ( <1%) overhead. 
       Both:     45.73 MB capacity,    45.21 MB ( 99%) used,   439.44 KB ( <1%) free+waste,    94.63 KB ( <1%) overhead. 

Virtual space:
  Non-class space:       42.00 MB reserved,      40.25 MB ( 96%) committed 
      Class space:        1.00 GB reserved,       5.63 MB ( <1%) committed 
             Both:        1.04 GB reserved,      45.88 MB (  4%) committed 

Chunk freelists:
   Non-Class:  79.00 KB
       Class:  8.00 KB
        Both:  87.00 KB

MaxMetaspaceSize: 17179869184.00 GB
CompressedClassSpaceSize: 1.00 GB

CodeHeap 'non-profiled nmethods': size=120000Kb used=1042Kb max_used=1042Kb free=118957Kb
 bounds [0x000001fe6ea60000, 0x000001fe6ecd0000, 0x000001fe75f90000]
CodeHeap 'profiled nmethods': size=120000Kb used=6371Kb max_used=6371Kb free=113628Kb
 bounds [0x000001fe67530000, 0x000001fe67b70000, 0x000001fe6ea60000]
CodeHeap 'non-nmethods': size=5760Kb used=1186Kb max_used=1227Kb free=4573Kb
 bounds [0x000001fe66f90000, 0x000001fe67200000, 0x000001fe67530000]
 total_blobs=3637 nmethods=3098 adapters=450
 compilation: enabled
              stopped_count=0, restarted_count=0
 full_count=0

Compilation events (20 events):
Event: 6.074 Thread 0x000001fe7e98f000 nmethod 3135 0x000001fe67b65490 code [0x000001fe67b656a0, 0x000001fe67b65b78]
Event: 6.074 Thread 0x000001fe7e98f000 3142       3       org.jetbrains.kotlin.com.intellij.openapi.vfs.VirtualFile::findChild (62 bytes)
Event: 6.075 Thread 0x000001fe7e98f000 nmethod 3142 0x000001fe67b65e10 code [0x000001fe67b66040, 0x000001fe67b666a8]
Event: 6.075 Thread 0x000001fe7e98f000 3136       2       org.jetbrains.kotlin.load.java.structure.impl.classFiles.BinaryJavaField::<init> (82 bytes)
Event: 6.075 Thread 0x000001fe7e98f000 nmethod 3136 0x000001fe67b66910 code [0x000001fe67b66bc0, 0x000001fe67b675c8]
Event: 6.075 Thread 0x000001fe7e98f000 3141       2       org.jetbrains.org.objectweb.asm.ClassVisitor::visitField (24 bytes)
Event: 6.076 Thread 0x000001fe7e98f000 nmethod 3141 0x000001fe67b67a90 code [0x000001fe67b67c40, 0x000001fe67b67d88]
Event: 6.076 Thread 0x000001fe7e98f000 3102       1       javaslang.collection.HashArrayMappedTrieModule$LeafSingleton::size (2 bytes)
Event: 6.076 Thread 0x000001fe7e98f000 nmethod 3102 0x000001fe6eb63d10 code [0x000001fe6eb63ec0, 0x000001fe6eb63f78]
Event: 6.076 Thread 0x000001fe7e98f000 3139       2       org.jetbrains.kotlin.load.java.structure.impl.classFiles.AnnotationsAndParameterCollectorMethodVisitor::visitParameterAnnotation (83 bytes)
Event: 6.076 Thread 0x000001fe7e98f000 nmethod 3139 0x000001fe67b67e90 code [0x000001fe67b680a0, 0x000001fe67b68478]
Event: 6.076 Thread 0x000001fe7e98f000 3126       1       org.jetbrains.kotlin.load.java.structure.impl.classFiles.BinaryJavaClass::getOuterClass (5 bytes)
Event: 6.076 Thread 0x000001fe7e98f000 nmethod 3126 0x000001fe6eb64010 code [0x000001fe6eb641c0, 0x000001fe6eb64278]
Event: 6.076 Thread 0x000001fe7e98f000 3144       2       org.jetbrains.kotlin.protobuf.ByteString$Output::flushLastBuffer (96 bytes)
Event: 6.077 Thread 0x000001fe7e98f000 nmethod 3144 0x000001fe67b68710 code [0x000001fe67b68900, 0x000001fe67b68de8]
Event: 6.077 Thread 0x000001fe7e98f000 3130       1       org.jetbrains.kotlin.load.java.structure.impl.classFiles.PlainJavaClassifierType::getTypeArguments (5 bytes)
Event: 6.077 Thread 0x000001fe7e98f000 nmethod 3130 0x000001fe6eb64310 code [0x000001fe6eb644c0, 0x000001fe6eb64578]
Event: 6.077 Thread 0x000001fe7e98f000 3131       1       org.jetbrains.kotlin.com.intellij.util.containers.RefHashMap::access$200 (5 bytes)
Event: 6.077 Thread 0x000001fe7e98f000 nmethod 3131 0x000001fe6eb64610 code [0x000001fe6eb647c0, 0x000001fe6eb64858]
Event: 6.077 Thread 0x000001fe7e98f000 3145   !   2       org.jetbrains.kotlin.metadata.ProtoBuf$Class::<init> (2097 bytes)

GC Heap History (10 events):
Event: 1.147 GC heap before
{Heap before GC invocations=0 (full 0):
 garbage-first heap   total 131072K, used 27648K [0x0000000081c00000, 0x0000000100000000)
  region size 1024K, 24 young (24576K), 0 survivors (0K)
 Metaspace       used 12320K, capacity 12405K, committed 12544K, reserved 1060864K
  class space    used 1157K, capacity 1174K, committed 1280K, reserved 1048576K
}
Event: 1.160 GC heap after
{Heap after GC invocations=1 (full 0):
 garbage-first heap   total 131072K, used 5865K [0x0000000081c00000, 0x0000000100000000)
  region size 1024K, 3 young (3072K), 3 survivors (3072K)
 Metaspace       used 12320K, capacity 12405K, committed 12544K, reserved 1060864K
  class space    used 1157K, capacity 1174K, committed 1280K, reserved 1048576K
}
Event: 3.062 GC heap before
{Heap before GC invocations=1 (full 0):
 garbage-first heap   total 131072K, used 41705K [0x0000000081c00000, 0x0000000100000000)
  region size 1024K, 39 young (39936K), 3 survivors (3072K)
 Metaspace       used 20924K, capacity 21150K, committed 21248K, reserved 1069056K
  class space    used 2202K, capacity 2257K, committed 2304K, reserved 1048576K
}
Event: 3.085 GC heap after
{Heap after GC invocations=2 (full 0):
 garbage-first heap   total 131072K, used 9799K [0x0000000081c00000, 0x0000000100000000)
  region size 1024K, 7 young (7168K), 7 survivors (7168K)
 Metaspace       used 20924K, capacity 21150K, committed 21248K, reserved 1069056K
  class space    used 2202K, capacity 2257K, committed 2304K, reserved 1048576K
}
Event: 4.310 GC heap before
{Heap before GC invocations=3 (full 0):
 garbage-first heap   total 131072K, used 64071K [0x0000000081c00000, 0x0000000100000000)
  region size 1024K, 52 young (53248K), 7 survivors (7168K)
 Metaspace       used 30707K, capacity 31190K, committed 31232K, reserved 1077248K
  class space    used 3630K, capacity 3809K, committed 3840K, reserved 1048576K
}
Event: 4.337 GC heap after
{Heap after GC invocations=4 (full 0):
 garbage-first heap   total 131072K, used 24786K [0x0000000081c00000, 0x0000000100000000)
  region size 1024K, 7 young (7168K), 7 survivors (7168K)
 Metaspace       used 30707K, capacity 31190K, committed 31232K, reserved 1077248K
  class space    used 3630K, capacity 3809K, committed 3840K, reserved 1048576K
}
Event: 4.841 GC heap before
{Heap before GC invocations=4 (full 0):
 garbage-first heap   total 131072K, used 48338K [0x0000000081c00000, 0x0000000100000000)
  region size 1024K, 27 young (27648K), 7 survivors (7168K)
 Metaspace       used 35201K, capacity 35692K, committed 35840K, reserved 1081344K
  class space    used 4343K, capacity 4520K, committed 4608K, reserved 1048576K
}
Event: 4.856 GC heap after
{Heap after GC invocations=5 (full 0):
 garbage-first heap   total 131072K, used 25607K [0x0000000081c00000, 0x0000000100000000)
  region size 1024K, 2 young (2048K), 2 survivors (2048K)
 Metaspace       used 35201K, capacity 35692K, committed 35840K, reserved 1081344K
  class space    used 4343K, capacity 4520K, committed 4608K, reserved 1048576K
}
Event: 6.086 GC heap before
{Heap before GC invocations=6 (full 0):
 garbage-first heap   total 131072K, used 83975K [0x0000000081c00000, 0x0000000100000000)
  region size 1024K, 59 young (60416K), 2 survivors (2048K)
 Metaspace       used 46290K, capacity 46825K, committed 46976K, reserved 1091584K
  class space    used 5490K, capacity 5688K, committed 5760K, reserved 1048576K
}
Event: 6.099 GC heap after
{Heap after GC invocations=7 (full 0):
 garbage-first heap   total 157696K, used 31645K [0x0000000081c00000, 0x0000000100000000)
  region size 1024K, 8 young (8192K), 8 survivors (8192K)
 Metaspace       used 46290K, capacity 46825K, committed 46976K, reserved 1091584K
  class space    used 5490K, capacity 5688K, committed 5760K, reserved 1048576K
}

Deoptimization events (20 events):
Event: 6.038 Thread 0x000001fe61dfc800 Uncommon trap: trap_request=0xffffffc6 fr.pc=0x000001fe6eb37454 relative=0x0000000000000094
Event: 6.038 Thread 0x000001fe61dfc800 Uncommon trap: reason=bimorphic_or_optimized_type_check action=maybe_recompile pc=0x000001fe6eb37454 method=java.util.AbstractList$Itr.hasNext()Z @ 8 c2
Event: 6.038 Thread 0x000001fe61dfc800 DEOPT PACKING pc=0x000001fe6eb37454 sp=0x000000cec70f9f30
Event: 6.038 Thread 0x000001fe61dfc800 DEOPT UNPACKING pc=0x000001fe66fb74af sp=0x000000cec70f9ec8 mode 2
Event: 6.038 Thread 0x000001fe61dfc800 Uncommon trap: trap_request=0xffffffc6 fr.pc=0x000001fe6eb37454 relative=0x0000000000000094
Event: 6.038 Thread 0x000001fe61dfc800 Uncommon trap: reason=bimorphic_or_optimized_type_check action=maybe_recompile pc=0x000001fe6eb37454 method=java.util.AbstractList$Itr.hasNext()Z @ 8 c2
Event: 6.038 Thread 0x000001fe61dfc800 DEOPT PACKING pc=0x000001fe6eb37454 sp=0x000000cec70f9f30
Event: 6.038 Thread 0x000001fe61dfc800 DEOPT UNPACKING pc=0x000001fe66fb74af sp=0x000000cec70f9ec8 mode 2
Event: 6.076 Thread 0x000001fe61dfc800 Uncommon trap: trap_request=0xffffffc6 fr.pc=0x000001fe6eb2bc6c relative=0x000000000000056c
Event: 6.076 Thread 0x000001fe61dfc800 Uncommon trap: reason=bimorphic_or_optimized_type_check action=maybe_recompile pc=0x000001fe6eb2bc6c method=org.jetbrains.kotlin.protobuf.CodedInputStream.tryRefillBuffer(I)Z @ 177 c2
Event: 6.076 Thread 0x000001fe61dfc800 DEOPT PACKING pc=0x000001fe6eb2bc6c sp=0x000000cec70f72c0
Event: 6.076 Thread 0x000001fe61dfc800 DEOPT UNPACKING pc=0x000001fe66fb74af sp=0x000000cec70f71a8 mode 2
Event: 6.077 Thread 0x000001fe61dfc800 Uncommon trap: trap_request=0xffffffc6 fr.pc=0x000001fe6eb2bc6c relative=0x000000000000056c
Event: 6.077 Thread 0x000001fe61dfc800 Uncommon trap: reason=bimorphic_or_optimized_type_check action=maybe_recompile pc=0x000001fe6eb2bc6c method=org.jetbrains.kotlin.protobuf.CodedInputStream.tryRefillBuffer(I)Z @ 177 c2
Event: 6.077 Thread 0x000001fe61dfc800 DEOPT PACKING pc=0x000001fe6eb2bc6c sp=0x000000cec70f6fe0
Event: 6.077 Thread 0x000001fe61dfc800 DEOPT UNPACKING pc=0x000001fe66fb74af sp=0x000000cec70f6ec8 mode 2
Event: 6.081 Thread 0x000001fe61dfc800 Uncommon trap: trap_request=0xffffffc6 fr.pc=0x000001fe6eb2bc6c relative=0x000000000000056c
Event: 6.081 Thread 0x000001fe61dfc800 Uncommon trap: reason=bimorphic_or_optimized_type_check action=maybe_recompile pc=0x000001fe6eb2bc6c method=org.jetbrains.kotlin.protobuf.CodedInputStream.tryRefillBuffer(I)Z @ 177 c2
Event: 6.081 Thread 0x000001fe61dfc800 DEOPT PACKING pc=0x000001fe6eb2bc6c sp=0x000000cec70f72c0
Event: 6.081 Thread 0x000001fe61dfc800 DEOPT UNPACKING pc=0x000001fe66fb74af sp=0x000000cec70f71a8 mode 2

Classes redefined (0 events):
No events

Internal exceptions (20 events):
Event: 3.489 Thread 0x000001fe61dfc800 Exception <a 'java/lang/NoSuchMethodError'{0x0000000088fbd538}: 'java.lang.Object java.lang.invoke.DirectMethodHandle$Holder.invokeStatic(java.lang.Object, java.lang.Object, java.lang.Object, java.lang.Object, java.lang.Object, java.lang.Object, java.lang.Object, java.lang.Object, java.lang.Object, java.lang.Object, java.lang.Object, java.lang.Object, java.lang.Object, java.lang.Object, java.lang.Object)'> (0x0000000088fbd538) thrown at [./src/hotspot/share/interpreter/linkResolver.cpp, line 773]
Event: 3.490 Thread 0x000001fe61dfc800 Exception <a 'java/lang/NoSuchMethodError'{0x0000000088fcb578}: 'java.lang.Object java.lang.invoke.DirectMethodHandle$Holder.invokeStatic(java.lang.Object, java.lang.Object, java.lang.Object, java.lang.Object, java.lang.Object, java.lang.Object, java.lang.Object, java.lang.Object, java.lang.Object, java.lang.Object, java.lang.Object, java.lang.Object, java.lang.Object, java.lang.Object, java.lang.Object, java.lang.Object)'> (0x0000000088fcb578) thrown at [./src/hotspot/share/interpreter/linkResolver.cpp, l
Event: 3.492 Thread 0x000001fe61dfc800 Exception <a 'java/lang/NoSuchMethodError'{0x0000000088fd9490}: 'java.lang.Object java.lang.invoke.DirectMethodHandle$Holder.invokeSpecial(java.lang.Object, java.lang.Object, int, int, java.lang.Object, java.lang.Object, java.lang.Object)'> (0x0000000088fd9490) thrown at [./src/hotspot/share/interpreter/linkResolver.cpp, line 773]
Event: 3.492 Thread 0x000001fe61dfc800 Exception <a 'java/lang/NoSuchMethodError'{0x0000000088fdccc8}: 'java.lang.Object java.lang.invoke.DelegatingMethodHandle$Holder.reinvoke_L(java.lang.Object, int, int, java.lang.Object, java.lang.Object, java.lang.Object)'> (0x0000000088fdccc8) thrown at [./src/hotspot/share/interpreter/linkResolver.cpp, line 773]
Event: 3.493 Thread 0x000001fe61dfc800 Exception <a 'java/lang/NoSuchMethodError'{0x0000000088fe1050}: 'java.lang.Object java.lang.invoke.DirectMethodHandle$Holder.invokeStatic(java.lang.Object, java.lang.Object, java.lang.Object, java.lang.Object, int)'> (0x0000000088fe1050) thrown at [./src/hotspot/share/interpreter/linkResolver.cpp, line 773]
Event: 3.560 Thread 0x000001fe61dfc800 Implicit null exception at 0x000001fe6eae77ac to 0x000001fe6eae795a
Event: 3.643 Thread 0x000001fe61dfc800 Exception <a 'java/lang/NoSuchMethodError'{0x000000008895d558}: 'void java.lang.invoke.DirectMethodHandle$Holder.invokeStatic(java.lang.Object, java.lang.Object, java.lang.Object, java.lang.Object)'> (0x000000008895d558) thrown at [./src/hotspot/share/interpreter/linkResolver.cpp, line 773]
Event: 3.679 Thread 0x000001fe61dfc800 Exception <a 'java/lang/NoSuchMethodError'{0x00000000888b0260}: 'void java.lang.invoke.DirectMethodHandle$Holder.invokeSpecial(java.lang.Object, java.lang.Object)'> (0x00000000888b0260) thrown at [./src/hotspot/share/interpreter/linkResolver.cpp, line 773]
Event: 3.756 Thread 0x000001fe61dfc800 Exception <a 'java/lang/NoSuchMethodError'{0x000000008855b8f0}: 'void java.lang.invoke.DirectMethodHandle$Holder.invokeStaticInit(java.lang.Object, java.lang.Object)'> (0x000000008855b8f0) thrown at [./src/hotspot/share/interpreter/linkResolver.cpp, line 773]
Event: 3.768 Thread 0x000001fe61dfc800 Exception <a 'java/lang/NoSuchMethodError'{0x000000008859a598}: 'void java.lang.invoke.DirectMethodHandle$Holder.invokeInterface(java.lang.Object, java.lang.Object)'> (0x000000008859a598) thrown at [./src/hotspot/share/interpreter/linkResolver.cpp, line 773]
Event: 3.941 Thread 0x000001fe61dfc800 Exception <a 'java/lang/NoSuchMethodError'{0x00000000880aa0a0}: 'void java.lang.invoke.DirectMethodHandle$Holder.invokeVirtual(java.lang.Object, java.lang.Object)'> (0x00000000880aa0a0) thrown at [./src/hotspot/share/interpreter/linkResolver.cpp, line 773]
Event: 3.952 Thread 0x000001fe61dfc800 Exception <a 'java/lang/NoSuchMethodError'{0x0000000087f22378}: 'int java.lang.invoke.DirectMethodHandle$Holder.invokeVirtual(java.lang.Object, java.lang.Object)'> (0x0000000087f22378) thrown at [./src/hotspot/share/interpreter/linkResolver.cpp, line 773]
Event: 4.425 Thread 0x000001fe61dfc800 Implicit null exception at 0x000001fe6eac3ef4 to 0x000001fe6eac410c
Event: 4.426 Thread 0x000001fe61dfc800 Implicit null exception at 0x000001fe6eabb25e to 0x000001fe6eabb9ca
Event: 4.427 Thread 0x000001fe61dfc800 Implicit null exception at 0x000001fe6eaab5af to 0x000001fe6eaab61d
Event: 4.827 Thread 0x000001fe61dfc800 Exception <a 'java/lang/NoSuchMethodError'{0x00000000889b5580}: 'java.lang.Object java.lang.invoke.DirectMethodHandle$Holder.invokeVirtual(java.lang.Object, java.lang.Object, java.lang.Object)'> (0x00000000889b5580) thrown at [./src/hotspot/share/interpreter/linkResolver.cpp, line 773]
Event: 5.779 Thread 0x000001fe61dfc800 Exception <a 'java/lang/NoSuchMethodError'{0x0000000087027178}: 'java.lang.Object java.lang.invoke.DirectMethodHandle$Holder.invokeStatic(java.lang.Object, java.lang.Object, java.lang.Object, int)'> (0x0000000087027178) thrown at [./src/hotspot/share/interpreter/linkResolver.cpp, line 773]
Event: 5.780 Thread 0x000001fe61dfc800 Exception <a 'java/lang/NoSuchMethodError'{0x000000008702ade8}: 'java.lang.Object java.lang.invoke.DirectMethodHandle$Holder.invokeSpecial(java.lang.Object, java.lang.Object, java.lang.Object, java.lang.Object, int)'> (0x000000008702ade8) thrown at [./src/hotspot/share/interpreter/linkResolver.cpp, line 773]
Event: 5.780 Thread 0x000001fe61dfc800 Exception <a 'java/lang/NoSuchMethodError'{0x000000008702e0f8}: 'java.lang.Object java.lang.invoke.Invokers$Holder.linkToTargetMethod(java.lang.Object, java.lang.Object, int, java.lang.Object)'> (0x000000008702e0f8) thrown at [./src/hotspot/share/interpreter/linkResolver.cpp, line 773]
Event: 5.973 Thread 0x000001fe61dfc800 Exception <a 'java/lang/NoSuchMethodError'{0x00000000868011b8}: 'java.lang.Object java.lang.invoke.Invokers$Holder.linkToTargetMethod(java.lang.Object, int, java.lang.Object)'> (0x00000000868011b8) thrown at [./src/hotspot/share/interpreter/linkResolver.cpp, line 773]

Events (20 events):
Event: 6.036 loading class java/util/Collections$SingletonMap done
Event: 6.058 loading class org/jetbrains/kotlin/load/java/structure/impl/classFiles/PlainJavaAnnotationAsAnnotationArgument
Event: 6.058 loading class org/jetbrains/kotlin/load/java/structure/impl/classFiles/PlainJavaAnnotationAsAnnotationArgument done
Event: 6.058 loading class org/jetbrains/kotlin/load/java/structure/JavaAnnotationAsAnnotationArgument
Event: 6.058 loading class org/jetbrains/kotlin/load/java/structure/JavaAnnotationAsAnnotationArgument done
Event: 6.075 loading class org/jetbrains/kotlin/descriptors/DescriptorUtilKt
Event: 6.075 loading class org/jetbrains/kotlin/descriptors/DescriptorUtilKt done
Event: 6.084 loading class org/jetbrains/kotlin/load/kotlin/KotlinClassFinderKt
Event: 6.084 loading class org/jetbrains/kotlin/load/kotlin/KotlinClassFinderKt done
Event: 6.085 loading class org/jetbrains/kotlin/load/kotlin/header/ReadKotlinClassHeaderAnnotationVisitor$KotlinMetadataArgumentVisitor
Event: 6.085 loading class org/jetbrains/kotlin/load/kotlin/header/ReadKotlinClassHeaderAnnotationVisitor$KotlinMetadataArgumentVisitor done
Event: 6.085 loading class org/jetbrains/kotlin/load/kotlin/KotlinJvmBinaryClass$AnnotationArrayArgumentVisitor
Event: 6.085 loading class org/jetbrains/kotlin/load/kotlin/KotlinJvmBinaryClass$AnnotationArrayArgumentVisitor done
Event: 6.085 loading class org/jetbrains/kotlin/load/kotlin/FileBasedKotlinClass$3$1
Event: 6.085 loading class org/jetbrains/kotlin/load/kotlin/FileBasedKotlinClass$3$1 done
Event: 6.086 loading class org/jetbrains/kotlin/load/kotlin/header/ReadKotlinClassHeaderAnnotationVisitor$KotlinMetadataArgumentVisitor$1
Event: 6.086 loading class org/jetbrains/kotlin/load/kotlin/header/ReadKotlinClassHeaderAnnotationVisitor$KotlinMetadataArgumentVisitor$1 done
Event: 6.086 Executing VM operation: G1CollectForAllocation
Event: 6.099 Executing VM operation: G1CollectForAllocation done
Event: 6.100 Executing VM operation: RevokeBias


Dynamic libraries:
0x00007ff7e1190000 - 0x00007ff7e119a000 	C:\Users\Dark Knight\Desktop\Android Studio\jre\bin\java.exe
0x00007ffa2a7c0000 - 0x00007ffa2a9c9000 	C:\WINDOWS\SYSTEM32\ntdll.dll
0x00007ffa28890000 - 0x00007ffa2894d000 	C:\WINDOWS\System32\KERNEL32.DLL
0x00007ffa27df0000 - 0x00007ffa28164000 	C:\WINDOWS\System32\KERNELBASE.dll
0x00007ffa283d0000 - 0x00007ffa284e1000 	C:\WINDOWS\System32\ucrtbase.dll
0x00007ff9fb6b0000 - 0x00007ff9fb6c9000 	C:\Users\Dark Knight\Desktop\Android Studio\jre\bin\jli.dll
0x00007ff9f59e0000 - 0x00007ff9f59f7000 	C:\Users\Dark Knight\Desktop\Android Studio\jre\bin\VCRUNTIME140.dll
0x00007ffa29e10000 - 0x00007ffa29fbc000 	C:\WINDOWS\System32\USER32.dll
0x00007ffa27d20000 - 0x00007ffa27d46000 	C:\WINDOWS\System32\win32u.dll
0x00007ffa15020000 - 0x00007ffa152c5000 	C:\WINDOWS\WinSxS\amd64_microsoft.windows.common-controls_6595b64144ccf1df_6.0.22000.120_none_9d947278b86cc467\COMCTL32.dll
0x00007ffa29ca0000 - 0x00007ffa29cc9000 	C:\WINDOWS\System32\GDI32.dll
0x00007ffa282b0000 - 0x00007ffa283c2000 	C:\WINDOWS\System32\gdi32full.dll
0x00007ffa2a440000 - 0x00007ffa2a4e3000 	C:\WINDOWS\System32\msvcrt.dll
0x00007ffa27d50000 - 0x00007ffa27ded000 	C:\WINDOWS\System32\msvcp_win.dll
0x00007ffa28750000 - 0x00007ffa28781000 	C:\WINDOWS\System32\IMM32.DLL
0x00007ff9e4800000 - 0x00007ff9e489d000 	C:\Users\Dark Knight\Desktop\Android Studio\jre\bin\msvcp140.dll
0x00007ff9cfee0000 - 0x00007ff9d099c000 	C:\Users\Dark Knight\Desktop\Android Studio\jre\bin\server\jvm.dll
0x00007ffa2a390000 - 0x00007ffa2a43e000 	C:\WINDOWS\System32\ADVAPI32.dll
0x00007ffa29c00000 - 0x00007ffa29c9e000 	C:\WINDOWS\System32\sechost.dll
0x00007ffa2a020000 - 0x00007ffa2a140000 	C:\WINDOWS\System32\RPCRT4.dll
0x00007ffa2a140000 - 0x00007ffa2a148000 	C:\WINDOWS\System32\PSAPI.DLL
0x00007ffa242c0000 - 0x00007ffa242c9000 	C:\WINDOWS\SYSTEM32\WSOCK32.dll
0x00007ffa212d0000 - 0x00007ffa21303000 	C:\WINDOWS\SYSTEM32\WINMM.dll
0x00007ffa1cab0000 - 0x00007ffa1caba000 	C:\WINDOWS\SYSTEM32\VERSION.dll
0x00007ffa2a710000 - 0x00007ffa2a77f000 	C:\WINDOWS\System32\WS2_32.dll
0x00007ffa26ea0000 - 0x00007ffa26eb8000 	C:\WINDOWS\SYSTEM32\kernel.appcore.dll
0x00007ffa223e0000 - 0x00007ffa223f1000 	C:\Users\Dark Knight\Desktop\Android Studio\jre\bin\verify.dll
0x00007ffa257f0000 - 0x00007ffa25a11000 	C:\WINDOWS\SYSTEM32\DBGHELP.DLL
0x00007ffa069a0000 - 0x00007ffa069d1000 	C:\WINDOWS\SYSTEM32\dbgcore.DLL
0x00007ffa28170000 - 0x00007ffa281ef000 	C:\WINDOWS\System32\bcryptPrimitives.dll
0x00007ffa21ea0000 - 0x00007ffa21ec9000 	C:\Users\Dark Knight\Desktop\Android Studio\jre\bin\java.dll
0x00007ffa242d0000 - 0x00007ffa242db000 	C:\Users\Dark Knight\Desktop\Android Studio\jre\bin\jimage.dll
0x00007ffa21f20000 - 0x00007ffa21f38000 	C:\Users\Dark Knight\Desktop\Android Studio\jre\bin\zip.dll
0x00007ffa28c60000 - 0x00007ffa2940e000 	C:\WINDOWS\System32\SHELL32.dll
0x00007ffa25e30000 - 0x00007ffa26697000 	C:\WINDOWS\SYSTEM32\windows.storage.dll
0x00007ffa29410000 - 0x00007ffa29788000 	C:\WINDOWS\System32\combase.dll
0x00007ffa25cc0000 - 0x00007ffa25e26000 	C:\WINDOWS\SYSTEM32\wintypes.dll
0x00007ffa2a4f0000 - 0x00007ffa2a5da000 	C:\WINDOWS\System32\SHCORE.dll
0x00007ffa29fc0000 - 0x00007ffa2a01d000 	C:\WINDOWS\System32\shlwapi.dll
0x00007ffa27be0000 - 0x00007ffa27c01000 	C:\WINDOWS\SYSTEM32\profapi.dll
0x00007ffa1e2d0000 - 0x00007ffa1e2ea000 	C:\Users\Dark Knight\Desktop\Android Studio\jre\bin\net.dll
0x00007ffa20bc0000 - 0x00007ffa20ccc000 	C:\WINDOWS\SYSTEM32\WINHTTP.dll
0x00007ffa272d0000 - 0x00007ffa27337000 	C:\WINDOWS\system32\mswsock.dll
0x00007ffa1e2b0000 - 0x00007ffa1e2c4000 	C:\Users\Dark Knight\Desktop\Android Studio\jre\bin\nio.dll

dbghelp: loaded successfully - version: 4.0.5 - missing functions: none
symbol engine: initialized successfully - sym options: 0x614 - pdb path: .;C:\Users\Dark Knight\Desktop\Android Studio\jre\bin;C:\WINDOWS\SYSTEM32;C:\WINDOWS\WinSxS\amd64_microsoft.windows.common-controls_6595b64144ccf1df_6.0.22000.120_none_9d947278b86cc467;C:\Users\Dark Knight\Desktop\Android Studio\jre\bin\server

VM Arguments:
java_command: org.jetbrains.kotlin.cli.jvm.K2JVMCompiler @C:\Android Projects\MyShopPal\app\build\20220227_9424610404793666605.compiler.options
java_class_path (initial): C:\Users\Dark Knight\.gradle\caches\modules-2\files-2.1\org.jetbrains.kotlin\kotlin-compiler-embeddable\1.5.31\cc18c29253541dc57c25c3ef514d63c7953ae1a6\kotlin-compiler-embeddable-1.5.31.jar;C:\Users\Dark Knight\.gradle\caches\modules-2\files-2.1\org.jetbrains.kotlin\kotlin-reflect\1.5.31\1523fcd842a47da0820cea772b19c51056fec8a9\kotlin-reflect-1.5.31.jar;C:\Users\Dark Knight\.gradle\caches\modules-2\files-2.1\org.jetbrains.kotlin\kotlin-stdlib\1.5.31\6628d61d0f5603568e72d2d5915d2c034b4f1c55\kotlin-stdlib-1.5.31.jar;C:\Users\Dark Knight\.gradle\caches\modules-2\files-2.1\org.jetbrains.kotlin\kotlin-script-runtime\1.5.31\aaea854be2cfc06373dfc11be5a6ba9ca5ca84a6\kotlin-script-runtime-1.5.31.jar;C:\Users\Dark Knight\.gradle\caches\modules-2\files-2.1\org.jetbrains.kotlin\kotlin-daemon-embeddable\1.5.31\d19b549661e28c62781683dc7c7e34bf416974f1\kotlin-daemon-embeddable-1.5.31.jar;C:\Users\Dark Knight\.gradle\caches\modules-2\files-2.1\org.jetbrains.intellij.deps\trove4j\1.0.20181211\216c2e14b070f334479d800987affe4054cd563f\trove4j-1.0.20181211.jar;C:\Users\Dark Knight\.gradle\caches\modules-2\files-2.1\org.jetbrains\annotations\13.0\919f0dfe192fb4e063e7dacadee7f8bb9a2672a9\annotations-13.0.jar;C:\Users\Dark Knight\.gradle\caches\modules-2\files-2.1\org.jetbrains.kotlin\kotlin-stdlib-common\1.5.31\43331609c7de811fed085e0dfd150874b157c32\kotlin-stdlib-common-1.5.31.jar
Launcher Type: SUN_STANDARD

[Global flags]
     intx CICompilerCount                          = 4                                         {product} {ergonomic}
     uint ConcGCThreads                            = 2                                         {product} {ergonomic}
     uint G1ConcRefinementThreads                  = 8                                         {product} {ergonomic}
   size_t G1HeapRegionSize                         = 1048576                                   {product} {ergonomic}
    uintx GCDrainStackTargetSize                   = 64                                        {product} {ergonomic}
   size_t InitialHeapSize                          = 134217728                                 {product} {ergonomic}
   size_t MarkStackSize                            = 4194304                                   {product} {ergonomic}
   size_t MaxHeapSize                              = 2118123520                                {product} {ergonomic}
   size_t MaxNewSize                               = 1270874112                                {product} {ergonomic}
   size_t MinHeapDeltaBytes                        = 1048576                                   {product} {ergonomic}
    uintx NonNMethodCodeHeapSize                   = 5836300                                {pd product} {ergonomic}
    uintx NonProfiledCodeHeapSize                  = 122910970                              {pd product} {ergonomic}
    uintx ProfiledCodeHeapSize                     = 122910970                              {pd product} {ergonomic}
    uintx ReservedCodeCacheSize                    = 251658240                              {pd product} {ergonomic}
     bool SegmentedCodeCache                       = true                                      {product} {ergonomic}
     bool UseCompressedClassPointers               = true                                 {lp64_product} {ergonomic}
     bool UseCompressedOops                        = true                                 {lp64_product} {ergonomic}
     bool UseG1GC                                  = true                                      {product} {ergonomic}
     bool UseLargePagesIndividualAllocation        = false                                  {pd product} {ergonomic}

Logging:
Log output configuration:
 #0: stdout all=warning uptime,level,tags
 #1: stderr all=off uptime,level,tags

Environment Variables:
PATH=C:\Windows\system32;C:\Windows;C:\Windows\System32\Wbem;C:\Windows\System32\WindowsPowerShell\v1.0\;C:\Windows\System32\OpenSSH\;C:\Program Files (x86)\NVIDIA Corporation\PhysX\Common;C:\Program Files\NVIDIA Corporation\NVIDIA NvDLISR;C:\WINDOWS\system32;C:\WINDOWS;C:\WINDOWS\System32\Wbem;C:\WINDOWS\System32\WindowsPowerShell\v1.0\;C:\WINDOWS\System32\OpenSSH\;C:\MinGW\bin;C:\Program Files\MEGA-X;C:\WINDOWS\system32;C:\WINDOWS;C:\WINDOWS\System32\Wbem;C:\WINDOWS\System32\WindowsPowerShell\v1.0\;C:\WINDOWS\System32\OpenSSH\;C:\Program Files\Git\cmd;C:\Users\Dark Knight\AppData\Local\Microsoft\WindowsApps;C:\Users\Dark Knight\AppData\Local\atom\bin;C:\MinGW\bin;C:\Program Files (x86)\Microsoft Visual Studio\2019\BuildTools\MSBuild\Current\Bin;C:\Users\Dark Knight\AppData\Local\Microsoft\WindowsApps;
USERNAME=Dark Knight
OS=Windows_NT
PROCESSOR_IDENTIFIER=Intel64 Family 6 Model 158 Stepping 10, GenuineIntel



---------------  S Y S T E M  ---------------

OS: Windows 10 , 64 bit Build 22000 (10.0.22000.434)
OS uptime: 5 days 0:09 hours

CPU:total 8 (initial active 8) (4 cores per cpu, 2 threads per core) family 6 model 158 stepping 10, cmov, cx8, fxsr, mmx, sse, sse2, sse3, ssse3, sse4.1, sse4.2, popcnt, avx, avx2, aes, clmul, erms, 3dnowpref, lzcnt, ht, tsc, tscinvbit, bmi1, bmi2, adx, fma

Memory: 4k page, system-wide physical 8072M (289M free)
TotalPageFile size 12168M (AvailPageFile size 6M)
current process WorkingSet (physical memory assigned to process): 231M, peak: 236M
current process commit charge ("private bytes"): 334M, peak: 337M

vm_info: OpenJDK 64-Bit Server VM (11.0.8+10-b944.6842174) for windows-amd64 JRE (11.0.8+10-b944.6842174), built on Sep 19 2020 01:11:42 by "builder" with MS VC++ 14.0 (VS2015)

END.
