#
# There is insufficient memory for the Java Runtime Environment to continue.
# Native memory allocation (malloc) failed to allocate 460496 bytes for Chunk::new
# Possible reasons:
#   The system is out of physical RAM or swap space
#   The process is running with CompressedOops enabled, and the Java Heap may be blocking the growth of the native heap
# Possible solutions:
#   Reduce memory load on the system
#   Increase physical memory or swap space
#   Check if swap backing store is full
#   Decrease Java heap size (-Xmx/-Xms)
#   Decrease number of Java threads
#   Decrease Java thread stack sizes (-Xss)
#   Set larger code cache with -XX:ReservedCodeCacheSize=
#   JVM is running with Unscaled Compressed Oops mode in which the Java heap is
#     placed in the first 4GB address space. The Java Heap base address is the
#     maximum limit for the native heap growth. Please use -XX:HeapBaseMinAddress
#     to set the Java Heap base and to place the Java Heap above 4GB virtual address.
# This output file may be truncated or incomplete.
#
#  Out of Memory Error (./src/hotspot/share/memory/arena.cpp:197), pid=21620, tid=19700
#
# JRE version: OpenJDK Runtime Environment (11.0.8+10) (build 11.0.8+10-b944.6842174)
# Java VM: OpenJDK 64-Bit Server VM (11.0.8+10-b944.6842174, mixed mode, tiered, compressed oops, g1 gc, windows-amd64)
# No core dump will be written. Minidumps are not enabled by default on client versions of Windows
#

---------------  S U M M A R Y ------------

Command Line: --add-opens=java.base/java.util=ALL-UNNAMED --add-opens=java.base/java.lang=ALL-UNNAMED --add-opens=java.base/java.lang.invoke=ALL-UNNAMED --add-opens=java.prefs/java.util.prefs=ALL-UNNAMED -Xmx2048m -Dfile.encoding=UTF-8 -Duser.country=IN -Duser.language=en -Duser.variant org.gradle.launcher.daemon.bootstrap.GradleDaemon 6.7.1

Host: Intel(R) Core(TM) i5-9300H CPU @ 2.40GHz, 8 cores, 7G,  Windows 10 , 64 bit Build 22000 (10.0.22000.434)
Time: Thu Mar  3 13:28:54 2022 India Standard Time elapsed time: 3 seconds (0d 0h 0m 3s)

---------------  T H R E A D  ---------------

Current thread (0x0000022c5d97f000):  JavaThread "C2 CompilerThread0" daemon [_thread_in_native, id=19700, stack(0x000000e738c00000,0x000000e738d00000)]


Current CompileTask:
C2:   3260 1905   !   4       java.util.zip.InflaterInputStream::read (138 bytes)

Stack: [0x000000e738c00000,0x000000e738d00000]
Native frames: (J=compiled Java code, j=interpreted, Vv=VM code, C=native code)
V  [jvm.dll+0x5de50a]
V  [jvm.dll+0x7122f5]
V  [jvm.dll+0x71384d]
V  [jvm.dll+0x713f03]
V  [jvm.dll+0x23e728]
V  [jvm.dll+0xb899c]
V  [jvm.dll+0xb8e9c]
V  [jvm.dll+0x35024d]
V  [jvm.dll+0x31dea3]
V  [jvm.dll+0x31d39a]
V  [jvm.dll+0x1f7702]
V  [jvm.dll+0x1f68d4]
V  [jvm.dll+0x17f32c]
V  [jvm.dll+0x205047]
V  [jvm.dll+0x203891]
V  [jvm.dll+0x6dad3f]
V  [jvm.dll+0x6d3895]
V  [jvm.dll+0x5dd4a6]
C  [ucrtbase.dll+0x26c0c]
C  [KERNEL32.DLL+0x154e0]
C  [ntdll.dll+0x485b]


---------------  P R O C E S S  ---------------

Threads class SMR info:
_java_thread_list=0x0000022c60575740, length=23, elements={
0x0000022c4167d000, 0x0000022c5d965000, 0x0000022c5d96e000, 0x0000022c5e2f3800,
0x0000022c5d97c000, 0x0000022c5d97f000, 0x0000022c5d98d800, 0x0000022c5d98f000,
0x0000022c5e446000, 0x0000022c5e44c000, 0x0000022c5efbe000, 0x0000022c5f61c000,
0x0000022c5f266000, 0x0000022c5f891000, 0x0000022c607d7800, 0x0000022c5fb92000,
0x0000022c600d7800, 0x0000022c5fdb8000, 0x0000022c607d0000, 0x0000022c604c1000,
0x0000022c603b7800, 0x0000022c603ba000, 0x0000022c603b5800
}

Java Threads: ( => current thread )
  0x0000022c4167d000 JavaThread "main" [_thread_blocked, id=21516, stack(0x000000e738100000,0x000000e738200000)]
  0x0000022c5d965000 JavaThread "Reference Handler" daemon [_thread_blocked, id=15088, stack(0x000000e738800000,0x000000e738900000)]
  0x0000022c5d96e000 JavaThread "Finalizer" daemon [_thread_blocked, id=23100, stack(0x000000e738900000,0x000000e738a00000)]
  0x0000022c5e2f3800 JavaThread "Signal Dispatcher" daemon [_thread_blocked, id=22788, stack(0x000000e738a00000,0x000000e738b00000)]
  0x0000022c5d97c000 JavaThread "Attach Listener" daemon [_thread_blocked, id=4508, stack(0x000000e738b00000,0x000000e738c00000)]
=>0x0000022c5d97f000 JavaThread "C2 CompilerThread0" daemon [_thread_in_native, id=19700, stack(0x000000e738c00000,0x000000e738d00000)]
  0x0000022c5d98d800 JavaThread "C1 CompilerThread0" daemon [_thread_blocked, id=744, stack(0x000000e738d00000,0x000000e738e00000)]
  0x0000022c5d98f000 JavaThread "Sweeper thread" daemon [_thread_blocked, id=4628, stack(0x000000e738e00000,0x000000e738f00000)]
  0x0000022c5e446000 JavaThread "Common-Cleaner" daemon [_thread_blocked, id=22304, stack(0x000000e738f00000,0x000000e739000000)]
  0x0000022c5e44c000 JavaThread "Service Thread" daemon [_thread_blocked, id=17932, stack(0x000000e739000000,0x000000e739100000)]
  0x0000022c5efbe000 JavaThread "Daemon health stats" [_thread_blocked, id=1952, stack(0x000000e739500000,0x000000e739600000)]
  0x0000022c5f61c000 JavaThread "Incoming local TCP Connector on port 54667" [_thread_in_native, id=13552, stack(0x000000e739700000,0x000000e739800000)]
  0x0000022c5f266000 JavaThread "Daemon periodic checks" [_thread_blocked, id=22164, stack(0x000000e739900000,0x000000e739a00000)]
  0x0000022c5f891000 JavaThread "Daemon" [_thread_blocked, id=2440, stack(0x000000e739a00000,0x000000e739b00000)]
  0x0000022c607d7800 JavaThread "Handler for socket connection from /127.0.0.1:54667 to /127.0.0.1:54668" [_thread_in_native, id=15932, stack(0x000000e739b00000,0x000000e739c00000)]
  0x0000022c5fb92000 JavaThread "Cancel handler" [_thread_blocked, id=4032, stack(0x000000e739c00000,0x000000e739d00000)]
  0x0000022c600d7800 JavaThread "Daemon worker" [_thread_in_vm, id=4936, stack(0x000000e739d00000,0x000000e739e00000)]
  0x0000022c5fdb8000 JavaThread "Asynchronous log dispatcher for DefaultDaemonConnection: socket connection from /127.0.0.1:54667 to /127.0.0.1:54668" [_thread_blocked, id=15588, stack(0x000000e739e00000,0x000000e739f00000)]
  0x0000022c607d0000 JavaThread "Stdin handler" [_thread_blocked, id=12476, stack(0x000000e739f00000,0x000000e73a000000)]
  0x0000022c604c1000 JavaThread "Thread-8" [_thread_blocked, id=14084, stack(0x000000e73a000000,0x000000e73a100000)]
  0x0000022c603b7800 JavaThread "Cache worker for file hash cache (C:\Users\Dark Knight\.gradle\caches\6.7.1\fileHashes)" [_thread_blocked, id=22812, stack(0x000000e73a600000,0x000000e73a700000)]
  0x0000022c603ba000 JavaThread "File lock request listener" [_thread_in_native, id=11876, stack(0x000000e73a700000,0x000000e73a800000)]
  0x0000022c603b5800 JavaThread "Cache worker for journal cache (C:\Users\Dark Knight\.gradle\caches\journal-1)" [_thread_blocked, id=21512, stack(0x000000e73a800000,0x000000e73a900000)]

Other Threads:
  0x0000022c5d960800 VMThread "VM Thread" [stack: 0x000000e738700000,0x000000e738800000] [id=1448]
  0x0000022c5e44c800 WatcherThread [stack: 0x000000e739100000,0x000000e739200000] [id=15440]
  0x0000022c43686800 GCTaskThread "GC Thread#0" [stack: 0x000000e738200000,0x000000e738300000] [id=13884]
  0x0000022c5efcc000 GCTaskThread "GC Thread#1" [stack: 0x000000e739300000,0x000000e739400000] [id=2412]
  0x0000022c5ef3b000 GCTaskThread "GC Thread#2" [stack: 0x000000e739400000,0x000000e739500000] [id=19196]
  0x0000022c60b07000 GCTaskThread "GC Thread#3" [stack: 0x000000e73a100000,0x000000e73a200000] [id=16168]
  0x0000022c5f6bd800 GCTaskThread "GC Thread#4" [stack: 0x000000e73a200000,0x000000e73a300000] [id=22532]
  0x0000022c5fc49800 GCTaskThread "GC Thread#5" [stack: 0x000000e73a300000,0x000000e73a400000] [id=22336]
  0x0000022c60580800 GCTaskThread "GC Thread#6" [stack: 0x000000e73a400000,0x000000e73a500000] [id=2936]
  0x0000022c60ad5000 GCTaskThread "GC Thread#7" [stack: 0x000000e73a500000,0x000000e73a600000] [id=11756]
  0x0000022c436b6800 ConcurrentGCThread "G1 Main Marker" [stack: 0x000000e738300000,0x000000e738400000] [id=22332]
  0x0000022c436b9800 ConcurrentGCThread "G1 Conc#0" [stack: 0x000000e738400000,0x000000e738500000] [id=5884]
  0x0000022c5fad2800 ConcurrentGCThread "G1 Conc#1" [stack: 0x000000e739800000,0x000000e739900000] [id=12784]
  0x0000022c5d7b0800 ConcurrentGCThread "G1 Refine#0" [stack: 0x000000e738500000,0x000000e738600000] [id=19696]
  0x0000022c5d7b1800 ConcurrentGCThread "G1 Young RemSet Sampling" [stack: 0x000000e738600000,0x000000e738700000] [id=16556]

Threads with active compile tasks:
C2 CompilerThread0   3301 1905   !   4       java.util.zip.InflaterInputStream::read (138 bytes)

VM state:not at safepoint (normal execution)

VM Mutex/Monitor currently owned by a thread: None

Heap address: 0x0000000080000000, size: 2048 MB, Compressed Oops mode: 32-bit
Narrow klass base: 0x0000000000000000, Narrow klass shift: 3
Compressed class space size: 1073741824 Address: 0x0000000100000000

Heap:
 garbage-first heap   total 131072K, used 20301K [0x0000000080000000, 0x0000000100000000)
  region size 1024K, 6 young (6144K), 1 survivors (1024K)
 Metaspace       used 21264K, capacity 21829K, committed 22144K, reserved 1069056K
  class space    used 2657K, capacity 2844K, committed 2944K, reserved 1048576K
Heap Regions: E=young(eden), S=young(survivor), O=old, HS=humongous(starts), HC=humongous(continues), CS=collection set, F=free, A=archive, TAMS=top-at-mark-start (previous, next)
|   0|0x0000000080000000, 0x0000000080100000, 0x0000000080100000|100%| O|  |TAMS 0x0000000080100000, 0x0000000080000000| Untracked 
|   1|0x0000000080100000, 0x0000000080200000, 0x0000000080200000|100%| O|  |TAMS 0x0000000080200000, 0x0000000080100000| Untracked 
|   2|0x0000000080200000, 0x0000000080300000, 0x0000000080300000|100%| O|  |TAMS 0x0000000080300000, 0x0000000080200000| Untracked 
|   3|0x0000000080300000, 0x0000000080400000, 0x0000000080400000|100%|HS|  |TAMS 0x0000000080400000, 0x0000000080300000| Complete 
|   4|0x0000000080400000, 0x0000000080500000, 0x0000000080500000|100%|HC|  |TAMS 0x0000000080500000, 0x0000000080400000| Complete 
|   5|0x0000000080500000, 0x0000000080600000, 0x0000000080600000|100%|HC|  |TAMS 0x0000000080600000, 0x0000000080500000| Complete 
|   6|0x0000000080600000, 0x0000000080700000, 0x0000000080700000|100%| O|  |TAMS 0x0000000080700000, 0x0000000080600000| Untracked 
|   7|0x0000000080700000, 0x0000000080800000, 0x0000000080800000|100%| O|  |TAMS 0x0000000080800000, 0x0000000080700000| Untracked 
|   8|0x0000000080800000, 0x0000000080900000, 0x0000000080900000|100%| O|  |TAMS 0x0000000080900000, 0x0000000080800000| Untracked 
|   9|0x0000000080900000, 0x0000000080a00000, 0x0000000080a00000|100%| O|  |TAMS 0x0000000080a00000, 0x0000000080900000| Untracked 
|  10|0x0000000080a00000, 0x0000000080b00000, 0x0000000080b00000|100%| O|  |TAMS 0x0000000080b00000, 0x0000000080a00000| Untracked 
|  11|0x0000000080b00000, 0x0000000080c00000, 0x0000000080c00000|100%| O|  |TAMS 0x0000000080c00000, 0x0000000080b00000| Untracked 
|  12|0x0000000080c00000, 0x0000000080d00000, 0x0000000080d00000|100%| O|  |TAMS 0x0000000080d00000, 0x0000000080c00000| Untracked 
|  13|0x0000000080d00000, 0x0000000080e00000, 0x0000000080e00000|100%| O|  |TAMS 0x0000000080e00000, 0x0000000080d00000| Untracked 
|  14|0x0000000080e00000, 0x0000000080f00000, 0x0000000080f00000|100%| O|  |TAMS 0x0000000080f00000, 0x0000000080e00000| Untracked 
|  15|0x0000000080f00000, 0x0000000080f07a00, 0x0000000081000000|  2%| O|  |TAMS 0x0000000080f07a00, 0x0000000080f00000| Untracked 
|  16|0x0000000081000000, 0x0000000081000000, 0x0000000081100000|  0%| F|  |TAMS 0x0000000081000000, 0x0000000081000000| Untracked 
|  17|0x0000000081100000, 0x0000000081100000, 0x0000000081200000|  0%| F|  |TAMS 0x0000000081100000, 0x0000000081100000| Untracked 
|  18|0x0000000081200000, 0x0000000081200000, 0x0000000081300000|  0%| F|  |TAMS 0x0000000081200000, 0x0000000081200000| Untracked 
|  19|0x0000000081300000, 0x0000000081300000, 0x0000000081400000|  0%| F|  |TAMS 0x0000000081300000, 0x0000000081300000| Untracked 
|  20|0x0000000081400000, 0x0000000081400000, 0x0000000081500000|  0%| F|  |TAMS 0x0000000081400000, 0x0000000081400000| Untracked 
|  21|0x0000000081500000, 0x0000000081500000, 0x0000000081600000|  0%| F|  |TAMS 0x0000000081500000, 0x0000000081500000| Untracked 
|  22|0x0000000081600000, 0x0000000081600000, 0x0000000081700000|  0%| F|  |TAMS 0x0000000081600000, 0x0000000081600000| Untracked 
|  23|0x0000000081700000, 0x0000000081700000, 0x0000000081800000|  0%| F|  |TAMS 0x0000000081700000, 0x0000000081700000| Untracked 
|  24|0x0000000081800000, 0x0000000081800000, 0x0000000081900000|  0%| F|  |TAMS 0x0000000081800000, 0x0000000081800000| Untracked 
|  25|0x0000000081900000, 0x0000000081900000, 0x0000000081a00000|  0%| F|  |TAMS 0x0000000081900000, 0x0000000081900000| Untracked 
|  26|0x0000000081a00000, 0x0000000081a00000, 0x0000000081b00000|  0%| F|  |TAMS 0x0000000081a00000, 0x0000000081a00000| Untracked 
|  27|0x0000000081b00000, 0x0000000081b00000, 0x0000000081c00000|  0%| F|  |TAMS 0x0000000081b00000, 0x0000000081b00000| Untracked 
|  28|0x0000000081c00000, 0x0000000081c00000, 0x0000000081d00000|  0%| F|  |TAMS 0x0000000081c00000, 0x0000000081c00000| Untracked 
|  29|0x0000000081d00000, 0x0000000081d00000, 0x0000000081e00000|  0%| F|  |TAMS 0x0000000081d00000, 0x0000000081d00000| Untracked 
|  30|0x0000000081e00000, 0x0000000081e00000, 0x0000000081f00000|  0%| F|  |TAMS 0x0000000081e00000, 0x0000000081e00000| Untracked 
|  31|0x0000000081f00000, 0x0000000081f00000, 0x0000000082000000|  0%| F|  |TAMS 0x0000000081f00000, 0x0000000081f00000| Untracked 
|  32|0x0000000082000000, 0x0000000082000000, 0x0000000082100000|  0%| F|  |TAMS 0x0000000082000000, 0x0000000082000000| Untracked 
|  33|0x0000000082100000, 0x0000000082100000, 0x0000000082200000|  0%| F|  |TAMS 0x0000000082100000, 0x0000000082100000| Untracked 
|  34|0x0000000082200000, 0x0000000082200000, 0x0000000082300000|  0%| F|  |TAMS 0x0000000082200000, 0x0000000082200000| Untracked 
|  35|0x0000000082300000, 0x0000000082300000, 0x0000000082400000|  0%| F|  |TAMS 0x0000000082300000, 0x0000000082300000| Untracked 
|  36|0x0000000082400000, 0x0000000082400000, 0x0000000082500000|  0%| F|  |TAMS 0x0000000082400000, 0x0000000082400000| Untracked 
|  37|0x0000000082500000, 0x0000000082500000, 0x0000000082600000|  0%| F|  |TAMS 0x0000000082500000, 0x0000000082500000| Untracked 
|  38|0x0000000082600000, 0x0000000082600000, 0x0000000082700000|  0%| F|  |TAMS 0x0000000082600000, 0x0000000082600000| Untracked 
|  39|0x0000000082700000, 0x0000000082700000, 0x0000000082800000|  0%| F|  |TAMS 0x0000000082700000, 0x0000000082700000| Untracked 
|  40|0x0000000082800000, 0x0000000082800000, 0x0000000082900000|  0%| F|  |TAMS 0x0000000082800000, 0x0000000082800000| Untracked 
|  41|0x0000000082900000, 0x0000000082900000, 0x0000000082a00000|  0%| F|  |TAMS 0x0000000082900000, 0x0000000082900000| Untracked 
|  42|0x0000000082a00000, 0x0000000082a00000, 0x0000000082b00000|  0%| F|  |TAMS 0x0000000082a00000, 0x0000000082a00000| Untracked 
|  43|0x0000000082b00000, 0x0000000082b00000, 0x0000000082c00000|  0%| F|  |TAMS 0x0000000082b00000, 0x0000000082b00000| Untracked 
|  44|0x0000000082c00000, 0x0000000082c00000, 0x0000000082d00000|  0%| F|  |TAMS 0x0000000082c00000, 0x0000000082c00000| Untracked 
|  45|0x0000000082d00000, 0x0000000082d00000, 0x0000000082e00000|  0%| F|  |TAMS 0x0000000082d00000, 0x0000000082d00000| Untracked 
|  46|0x0000000082e00000, 0x0000000082e00000, 0x0000000082f00000|  0%| F|  |TAMS 0x0000000082e00000, 0x0000000082e00000| Untracked 
|  47|0x0000000082f00000, 0x0000000082f00000, 0x0000000083000000|  0%| F|  |TAMS 0x0000000082f00000, 0x0000000082f00000| Untracked 
|  48|0x0000000083000000, 0x0000000083000000, 0x0000000083100000|  0%| F|  |TAMS 0x0000000083000000, 0x0000000083000000| Untracked 
|  49|0x0000000083100000, 0x0000000083100000, 0x0000000083200000|  0%| F|  |TAMS 0x0000000083100000, 0x0000000083100000| Untracked 
|  50|0x0000000083200000, 0x0000000083200000, 0x0000000083300000|  0%| F|  |TAMS 0x0000000083200000, 0x0000000083200000| Untracked 
|  51|0x0000000083300000, 0x0000000083300000, 0x0000000083400000|  0%| F|  |TAMS 0x0000000083300000, 0x0000000083300000| Untracked 
|  52|0x0000000083400000, 0x0000000083400000, 0x0000000083500000|  0%| F|  |TAMS 0x0000000083400000, 0x0000000083400000| Untracked 
|  53|0x0000000083500000, 0x0000000083500000, 0x0000000083600000|  0%| F|  |TAMS 0x0000000083500000, 0x0000000083500000| Untracked 
|  54|0x0000000083600000, 0x0000000083600000, 0x0000000083700000|  0%| F|  |TAMS 0x0000000083600000, 0x0000000083600000| Untracked 
|  55|0x0000000083700000, 0x0000000083700000, 0x0000000083800000|  0%| F|  |TAMS 0x0000000083700000, 0x0000000083700000| Untracked 
|  56|0x0000000083800000, 0x0000000083800000, 0x0000000083900000|  0%| F|  |TAMS 0x0000000083800000, 0x0000000083800000| Untracked 
|  57|0x0000000083900000, 0x0000000083900000, 0x0000000083a00000|  0%| F|  |TAMS 0x0000000083900000, 0x0000000083900000| Untracked 
|  58|0x0000000083a00000, 0x0000000083a00000, 0x0000000083b00000|  0%| F|  |TAMS 0x0000000083a00000, 0x0000000083a00000| Untracked 
|  59|0x0000000083b00000, 0x0000000083b00000, 0x0000000083c00000|  0%| F|  |TAMS 0x0000000083b00000, 0x0000000083b00000| Untracked 
|  60|0x0000000083c00000, 0x0000000083c00000, 0x0000000083d00000|  0%| F|  |TAMS 0x0000000083c00000, 0x0000000083c00000| Untracked 
|  61|0x0000000083d00000, 0x0000000083d00000, 0x0000000083e00000|  0%| F|  |TAMS 0x0000000083d00000, 0x0000000083d00000| Untracked 
|  62|0x0000000083e00000, 0x0000000083e00000, 0x0000000083f00000|  0%| F|  |TAMS 0x0000000083e00000, 0x0000000083e00000| Untracked 
|  63|0x0000000083f00000, 0x0000000083f00000, 0x0000000084000000|  0%| F|  |TAMS 0x0000000083f00000, 0x0000000083f00000| Untracked 
|  64|0x0000000084000000, 0x0000000084000000, 0x0000000084100000|  0%| F|  |TAMS 0x0000000084000000, 0x0000000084000000| Untracked 
|  65|0x0000000084100000, 0x0000000084100000, 0x0000000084200000|  0%| F|  |TAMS 0x0000000084100000, 0x0000000084100000| Untracked 
|  66|0x0000000084200000, 0x0000000084200000, 0x0000000084300000|  0%| F|  |TAMS 0x0000000084200000, 0x0000000084200000| Untracked 
|  67|0x0000000084300000, 0x0000000084300000, 0x0000000084400000|  0%| F|  |TAMS 0x0000000084300000, 0x0000000084300000| Untracked 
|  68|0x0000000084400000, 0x0000000084400000, 0x0000000084500000|  0%| F|  |TAMS 0x0000000084400000, 0x0000000084400000| Untracked 
|  69|0x0000000084500000, 0x0000000084500000, 0x0000000084600000|  0%| F|  |TAMS 0x0000000084500000, 0x0000000084500000| Untracked 
|  70|0x0000000084600000, 0x0000000084600000, 0x0000000084700000|  0%| F|  |TAMS 0x0000000084600000, 0x0000000084600000| Untracked 
|  71|0x0000000084700000, 0x0000000084700000, 0x0000000084800000|  0%| F|  |TAMS 0x0000000084700000, 0x0000000084700000| Untracked 
|  72|0x0000000084800000, 0x0000000084800000, 0x0000000084900000|  0%| F|  |TAMS 0x0000000084800000, 0x0000000084800000| Untracked 
|  73|0x0000000084900000, 0x0000000084900000, 0x0000000084a00000|  0%| F|  |TAMS 0x0000000084900000, 0x0000000084900000| Untracked 
|  74|0x0000000084a00000, 0x0000000084a00000, 0x0000000084b00000|  0%| F|  |TAMS 0x0000000084a00000, 0x0000000084a00000| Untracked 
|  75|0x0000000084b00000, 0x0000000084b00000, 0x0000000084c00000|  0%| F|  |TAMS 0x0000000084b00000, 0x0000000084b00000| Untracked 
|  76|0x0000000084c00000, 0x0000000084c00000, 0x0000000084d00000|  0%| F|  |TAMS 0x0000000084c00000, 0x0000000084c00000| Untracked 
|  77|0x0000000084d00000, 0x0000000084d00000, 0x0000000084e00000|  0%| F|  |TAMS 0x0000000084d00000, 0x0000000084d00000| Untracked 
|  78|0x0000000084e00000, 0x0000000084e00000, 0x0000000084f00000|  0%| F|  |TAMS 0x0000000084e00000, 0x0000000084e00000| Untracked 
|  79|0x0000000084f00000, 0x0000000084f00000, 0x0000000085000000|  0%| F|  |TAMS 0x0000000084f00000, 0x0000000084f00000| Untracked 
|  80|0x0000000085000000, 0x0000000085000000, 0x0000000085100000|  0%| F|  |TAMS 0x0000000085000000, 0x0000000085000000| Untracked 
|  81|0x0000000085100000, 0x0000000085100000, 0x0000000085200000|  0%| F|  |TAMS 0x0000000085100000, 0x0000000085100000| Untracked 
|  82|0x0000000085200000, 0x0000000085200000, 0x0000000085300000|  0%| F|  |TAMS 0x0000000085200000, 0x0000000085200000| Untracked 
|  83|0x0000000085300000, 0x0000000085300000, 0x0000000085400000|  0%| F|  |TAMS 0x0000000085300000, 0x0000000085300000| Untracked 
|  84|0x0000000085400000, 0x0000000085400000, 0x0000000085500000|  0%| F|  |TAMS 0x0000000085400000, 0x0000000085400000| Untracked 
|  85|0x0000000085500000, 0x0000000085500000, 0x0000000085600000|  0%| F|  |TAMS 0x0000000085500000, 0x0000000085500000| Untracked 
|  86|0x0000000085600000, 0x0000000085600000, 0x0000000085700000|  0%| F|  |TAMS 0x0000000085600000, 0x0000000085600000| Untracked 
|  87|0x0000000085700000, 0x0000000085700000, 0x0000000085800000|  0%| F|  |TAMS 0x0000000085700000, 0x0000000085700000| Untracked 
|  88|0x0000000085800000, 0x0000000085800000, 0x0000000085900000|  0%| F|  |TAMS 0x0000000085800000, 0x0000000085800000| Untracked 
|  89|0x0000000085900000, 0x0000000085900000, 0x0000000085a00000|  0%| F|  |TAMS 0x0000000085900000, 0x0000000085900000| Untracked 
|  90|0x0000000085a00000, 0x0000000085a00000, 0x0000000085b00000|  0%| F|  |TAMS 0x0000000085a00000, 0x0000000085a00000| Untracked 
|  91|0x0000000085b00000, 0x0000000085b00000, 0x0000000085c00000|  0%| F|  |TAMS 0x0000000085b00000, 0x0000000085b00000| Untracked 
|  92|0x0000000085c00000, 0x0000000085c00000, 0x0000000085d00000|  0%| F|  |TAMS 0x0000000085c00000, 0x0000000085c00000| Untracked 
|  93|0x0000000085d00000, 0x0000000085d00000, 0x0000000085e00000|  0%| F|  |TAMS 0x0000000085d00000, 0x0000000085d00000| Untracked 
|  94|0x0000000085e00000, 0x0000000085e00000, 0x0000000085f00000|  0%| F|  |TAMS 0x0000000085e00000, 0x0000000085e00000| Untracked 
|  95|0x0000000085f00000, 0x0000000085f00000, 0x0000000086000000|  0%| F|  |TAMS 0x0000000085f00000, 0x0000000085f00000| Untracked 
|  96|0x0000000086000000, 0x0000000086000000, 0x0000000086100000|  0%| F|  |TAMS 0x0000000086000000, 0x0000000086000000| Untracked 
|  97|0x0000000086100000, 0x0000000086100000, 0x0000000086200000|  0%| F|  |TAMS 0x0000000086100000, 0x0000000086100000| Untracked 
|  98|0x0000000086200000, 0x0000000086200000, 0x0000000086300000|  0%| F|  |TAMS 0x0000000086200000, 0x0000000086200000| Untracked 
|  99|0x0000000086300000, 0x0000000086300000, 0x0000000086400000|  0%| F|  |TAMS 0x0000000086300000, 0x0000000086300000| Untracked 
| 100|0x0000000086400000, 0x0000000086400000, 0x0000000086500000|  0%| F|  |TAMS 0x0000000086400000, 0x0000000086400000| Untracked 
| 101|0x0000000086500000, 0x0000000086500000, 0x0000000086600000|  0%| F|  |TAMS 0x0000000086500000, 0x0000000086500000| Untracked 
| 102|0x0000000086600000, 0x0000000086600000, 0x0000000086700000|  0%| F|  |TAMS 0x0000000086600000, 0x0000000086600000| Untracked 
| 103|0x0000000086700000, 0x0000000086700000, 0x0000000086800000|  0%| F|  |TAMS 0x0000000086700000, 0x0000000086700000| Untracked 
| 104|0x0000000086800000, 0x0000000086800000, 0x0000000086900000|  0%| F|  |TAMS 0x0000000086800000, 0x0000000086800000| Untracked 
| 105|0x0000000086900000, 0x0000000086900000, 0x0000000086a00000|  0%| F|  |TAMS 0x0000000086900000, 0x0000000086900000| Untracked 
| 106|0x0000000086a00000, 0x0000000086a00000, 0x0000000086b00000|  0%| F|  |TAMS 0x0000000086a00000, 0x0000000086a00000| Untracked 
| 107|0x0000000086b00000, 0x0000000086b00000, 0x0000000086c00000|  0%| F|  |TAMS 0x0000000086b00000, 0x0000000086b00000| Untracked 
| 108|0x0000000086c00000, 0x0000000086c00000, 0x0000000086d00000|  0%| F|  |TAMS 0x0000000086c00000, 0x0000000086c00000| Untracked 
| 109|0x0000000086d00000, 0x0000000086d00000, 0x0000000086e00000|  0%| F|  |TAMS 0x0000000086d00000, 0x0000000086d00000| Untracked 
| 110|0x0000000086e00000, 0x0000000086e00000, 0x0000000086f00000|  0%| F|  |TAMS 0x0000000086e00000, 0x0000000086e00000| Untracked 
| 111|0x0000000086f00000, 0x0000000086f00000, 0x0000000087000000|  0%| F|  |TAMS 0x0000000086f00000, 0x0000000086f00000| Untracked 
| 112|0x0000000087000000, 0x0000000087000000, 0x0000000087100000|  0%| F|  |TAMS 0x0000000087000000, 0x0000000087000000| Untracked 
| 113|0x0000000087100000, 0x00000000871cba00, 0x0000000087200000| 79%| S|CS|TAMS 0x0000000087100000, 0x0000000087100000| Complete 
| 114|0x0000000087200000, 0x0000000087200000, 0x0000000087300000|  0%| F|  |TAMS 0x0000000087200000, 0x0000000087200000| Untracked 
| 115|0x0000000087300000, 0x0000000087300000, 0x0000000087400000|  0%| F|  |TAMS 0x0000000087300000, 0x0000000087300000| Untracked 
| 116|0x0000000087400000, 0x0000000087400000, 0x0000000087500000|  0%| F|  |TAMS 0x0000000087400000, 0x0000000087400000| Untracked 
| 117|0x0000000087500000, 0x0000000087500000, 0x0000000087600000|  0%| F|  |TAMS 0x0000000087500000, 0x0000000087500000| Untracked 
| 118|0x0000000087600000, 0x0000000087600000, 0x0000000087700000|  0%| F|  |TAMS 0x0000000087600000, 0x0000000087600000| Untracked 
| 119|0x0000000087700000, 0x0000000087700000, 0x0000000087800000|  0%| F|  |TAMS 0x0000000087700000, 0x0000000087700000| Untracked 
| 120|0x0000000087800000, 0x0000000087800000, 0x0000000087900000|  0%| F|  |TAMS 0x0000000087800000, 0x0000000087800000| Untracked 
| 121|0x0000000087900000, 0x0000000087900000, 0x0000000087a00000|  0%| F|  |TAMS 0x0000000087900000, 0x0000000087900000| Untracked 
| 122|0x0000000087a00000, 0x0000000087a00000, 0x0000000087b00000|  0%| F|  |TAMS 0x0000000087a00000, 0x0000000087a00000| Untracked 
| 123|0x0000000087b00000, 0x0000000087bc97d0, 0x0000000087c00000| 78%| E|  |TAMS 0x0000000087b00000, 0x0000000087b00000| Complete 
| 124|0x0000000087c00000, 0x0000000087d00000, 0x0000000087d00000|100%| E|CS|TAMS 0x0000000087c00000, 0x0000000087c00000| Complete 
| 125|0x0000000087d00000, 0x0000000087e00000, 0x0000000087e00000|100%| E|CS|TAMS 0x0000000087d00000, 0x0000000087d00000| Complete 
| 126|0x0000000087e00000, 0x0000000087f00000, 0x0000000087f00000|100%| E|CS|TAMS 0x0000000087e00000, 0x0000000087e00000| Complete 
| 127|0x0000000087f00000, 0x0000000088000000, 0x0000000088000000|100%| E|CS|TAMS 0x0000000087f00000, 0x0000000087f00000| Complete 

Card table byte_map: [0x0000022c56720000,0x0000022c56b20000] _byte_map_base: 0x0000022c56320000

Marking Bits (Prev, Next): (CMBitMap*) 0x0000022c436ad9a0, (CMBitMap*) 0x0000022c436ad968
 Prev Bits: [0x0000022c58f20000, 0x0000022c5af20000)
 Next Bits: [0x0000022c56f20000, 0x0000022c58f20000)

Polling page: 0x0000022c41810000

Metaspace:

Usage:
  Non-class:     18.60 MB capacity,    18.23 MB ( 98%) used,   345.48 KB (  2%) free+waste,    37.94 KB ( <1%) overhead. 
      Class:      2.81 MB capacity,     2.60 MB ( 93%) used,   191.15 KB (  7%) free+waste,    18.88 KB ( <1%) overhead. 
       Both:     21.41 MB capacity,    20.83 MB ( 97%) used,   536.63 KB (  2%) free+waste,    56.81 KB ( <1%) overhead. 

Virtual space:
  Non-class space:       20.00 MB reserved,      18.75 MB ( 94%) committed 
      Class space:        1.00 GB reserved,       2.88 MB ( <1%) committed 
             Both:        1.02 GB reserved,      21.63 MB (  2%) committed 

Chunk freelists:
   Non-Class:  21.00 KB
       Class:  3.00 KB
        Both:  24.00 KB

MaxMetaspaceSize: 17179869184.00 GB
CompressedClassSpaceSize: 1.00 GB

CodeHeap 'non-profiled nmethods': size=120000Kb used=822Kb max_used=822Kb free=119177Kb
 bounds [0x0000022c4eac0000, 0x0000022c4ed30000, 0x0000022c55ff0000]
CodeHeap 'profiled nmethods': size=120000Kb used=3543Kb max_used=3543Kb free=116456Kb
 bounds [0x0000022c47590000, 0x0000022c47910000, 0x0000022c4eac0000]
CodeHeap 'non-nmethods': size=5760Kb used=1124Kb max_used=1141Kb free=4635Kb
 bounds [0x0000022c46ff0000, 0x0000022c47260000, 0x0000022c47590000]
 total_blobs=2200 nmethods=1742 adapters=370
 compilation: enabled
              stopped_count=0, restarted_count=0
 full_count=0

Compilation events (20 events):
Event: 3.200 Thread 0x0000022c5d98d800 nmethod 1901 0x0000022c477e4a90 code [0x0000022c477e4c40, 0x0000022c477e4e08]
Event: 3.200 Thread 0x0000022c5d98d800 1902  s    3       java.util.Vector::addElement (24 bytes)
Event: 3.200 Thread 0x0000022c5d98d800 nmethod 1902 0x0000022c47901510 code [0x0000022c47901720, 0x0000022c47901e38]
Event: 3.208 Thread 0x0000022c5d97f000 1903   !   4       java.util.zip.ZipFile$ZipFileInputStream::close (59 bytes)
Event: 3.226 Thread 0x0000022c5d97f000 nmethod 1903 0x0000022c4eb8bb90 code [0x0000022c4eb8bd60, 0x0000022c4eb8c4f8]
Event: 3.226 Thread 0x0000022c5d97f000 1904       4       java.util.Collections$SetFromMap::remove (19 bytes)
Event: 3.234 Thread 0x0000022c5d97f000 nmethod 1904 0x0000022c4eb8cd90 code [0x0000022c4eb8cf40, 0x0000022c4eb8d388]
Event: 3.234 Thread 0x0000022c5d97f000 1905   !   4       java.util.zip.InflaterInputStream::read (138 bytes)
Event: 3.245 Thread 0x0000022c5d98d800 1908       3       jdk.internal.org.objectweb.asm.MethodVisitor::<init> (35 bytes)
Event: 3.246 Thread 0x0000022c5d98d800 nmethod 1908 0x0000022c47902090 code [0x0000022c47902260, 0x0000022c47902548]
Event: 3.246 Thread 0x0000022c5d98d800 1910       3       java.lang.invoke.InnerClassLambdaMetafactory::getLoadOpcode (25 bytes)
Event: 3.246 Thread 0x0000022c5d98d800 nmethod 1910 0x0000022c477edc90 code [0x0000022c477ede60, 0x0000022c477ee078]
Event: 3.246 Thread 0x0000022c5d98d800 1911       3       java.lang.invoke.InnerClassLambdaMetafactory::getParameterSize (27 bytes)
Event: 3.246 Thread 0x0000022c5d98d800 nmethod 1911 0x0000022c477fd610 code [0x0000022c477fd7c0, 0x0000022c477fd998]
Event: 3.255 Thread 0x0000022c5d98d800 1912       3       java.lang.reflect.ProxyGenerator::codeLocalLoadStore (90 bytes)
Event: 3.256 Thread 0x0000022c5d98d800 nmethod 1912 0x0000022c47902690 code [0x0000022c47902940, 0x0000022c47903728]
Event: 3.256 Thread 0x0000022c5d98d800 1913       3       java.lang.StringBuilder::<init> (18 bytes)
Event: 3.256 Thread 0x0000022c5d98d800 nmethod 1913 0x0000022c47903b90 code [0x0000022c47903d80, 0x0000022c47904058]
Event: 3.257 Thread 0x0000022c5d98d800 1915       3       java.util.regex.Pattern$BmpCharPropertyGreedy::match (89 bytes)
Event: 3.257 Thread 0x0000022c5d98d800 nmethod 1915 0x0000022c47904210 code [0x0000022c47904420, 0x0000022c47904a48]

GC Heap History (6 events):
Event: 0.864 GC heap before
{Heap before GC invocations=0 (full 0):
 garbage-first heap   total 131072K, used 29696K [0x0000000080000000, 0x0000000100000000)
  region size 1024K, 24 young (24576K), 0 survivors (0K)
 Metaspace       used 10445K, capacity 10645K, committed 11008K, reserved 1058816K
  class space    used 1094K, capacity 1163K, committed 1280K, reserved 1048576K
}
Event: 0.871 GC heap after
{Heap after GC invocations=1 (full 0):
 garbage-first heap   total 131072K, used 8464K [0x0000000080000000, 0x0000000100000000)
  region size 1024K, 3 young (3072K), 3 survivors (3072K)
 Metaspace       used 10445K, capacity 10645K, committed 11008K, reserved 1058816K
  class space    used 1094K, capacity 1163K, committed 1280K, reserved 1048576K
}
Event: 3.009 GC heap before
{Heap before GC invocations=1 (full 0):
 garbage-first heap   total 131072K, used 82192K [0x0000000080000000, 0x0000000100000000)
  region size 1024K, 76 young (77824K), 3 survivors (3072K)
 Metaspace       used 18918K, capacity 19378K, committed 19584K, reserved 1067008K
  class space    used 2285K, capacity 2426K, committed 2432K, reserved 1048576K
}
Event: 3.018 GC heap after
{Heap after GC invocations=2 (full 0):
 garbage-first heap   total 131072K, used 15746K [0x0000000080000000, 0x0000000100000000)
  region size 1024K, 10 young (10240K), 10 survivors (10240K)
 Metaspace       used 18918K, capacity 19378K, committed 19584K, reserved 1067008K
  class space    used 2285K, capacity 2426K, committed 2432K, reserved 1048576K
}
Event: 3.214 GC heap before
{Heap before GC invocations=2 (full 0):
 garbage-first heap   total 131072K, used 28034K [0x0000000080000000, 0x0000000100000000)
  region size 1024K, 24 young (24576K), 10 survivors (10240K)
 Metaspace       used 20682K, capacity 21115K, committed 21248K, reserved 1067008K
  class space    used 2539K, capacity 2712K, committed 2816K, reserved 1048576K
}
Event: 3.225 GC heap after
{Heap after GC invocations=3 (full 0):
 garbage-first heap   total 131072K, used 16205K [0x0000000080000000, 0x0000000100000000)
  region size 1024K, 1 young (1024K), 1 survivors (1024K)
 Metaspace       used 20682K, capacity 21115K, committed 21248K, reserved 1067008K
  class space    used 2539K, capacity 2712K, committed 2816K, reserved 1048576K
}

Deoptimization events (20 events):
Event: 3.145 Thread 0x0000022c600d7800 Uncommon trap: trap_request=0xffffffc6 fr.pc=0x0000022c4eb2a024 relative=0x0000000000000084
Event: 3.145 Thread 0x0000022c600d7800 Uncommon trap: reason=bimorphic_or_optimized_type_check action=maybe_recompile pc=0x0000022c4eb2a024 method=java.util.AbstractList$Itr.hasNext()Z @ 8 c2
Event: 3.145 Thread 0x0000022c600d7800 DEOPT PACKING pc=0x0000022c4eb2a024 sp=0x000000e739dfaff0
Event: 3.145 Thread 0x0000022c600d7800 DEOPT UNPACKING pc=0x0000022c470174af sp=0x000000e739dfaf88 mode 2
Event: 3.145 Thread 0x0000022c600d7800 Uncommon trap: trap_request=0xffffffc6 fr.pc=0x0000022c4eb2a6f4 relative=0x0000000000000134
Event: 3.145 Thread 0x0000022c600d7800 Uncommon trap: reason=bimorphic_or_optimized_type_check action=maybe_recompile pc=0x0000022c4eb2a6f4 method=java.util.AbstractList$Itr.next()Ljava/lang/Object; @ 14 c2
Event: 3.145 Thread 0x0000022c600d7800 DEOPT PACKING pc=0x0000022c4eb2a6f4 sp=0x000000e739dfafe0
Event: 3.145 Thread 0x0000022c600d7800 DEOPT UNPACKING pc=0x0000022c470174af sp=0x000000e739dfaf78 mode 2
Event: 3.145 Thread 0x0000022c600d7800 Uncommon trap: trap_request=0xffffff4d fr.pc=0x0000022c4eb1fd78 relative=0x00000000000005b8
Event: 3.145 Thread 0x0000022c600d7800 Uncommon trap: reason=unstable_if action=reinterpret pc=0x0000022c4eb1fd78 method=java.io.File.getName()Ljava/lang/String; @ 16 c2
Event: 3.145 Thread 0x0000022c600d7800 DEOPT PACKING pc=0x0000022c4eb1fd78 sp=0x000000e739dfb990
Event: 3.145 Thread 0x0000022c600d7800 DEOPT UNPACKING pc=0x0000022c470174af sp=0x000000e739dfb960 mode 2
Event: 3.145 Thread 0x0000022c600d7800 Uncommon trap: trap_request=0xffffff4d fr.pc=0x0000022c4eb1f090 relative=0x0000000000000450
Event: 3.145 Thread 0x0000022c600d7800 Uncommon trap: reason=unstable_if action=reinterpret pc=0x0000022c4eb1f090 method=java.lang.String.substring(I)Ljava/lang/String; @ 34 c2
Event: 3.145 Thread 0x0000022c600d7800 DEOPT PACKING pc=0x0000022c4eb1f090 sp=0x000000e739dfb910
Event: 3.145 Thread 0x0000022c600d7800 DEOPT UNPACKING pc=0x0000022c470174af sp=0x000000e739dfb8e8 mode 2
Event: 3.246 Thread 0x0000022c600d7800 Uncommon trap: trap_request=0xffffff4d fr.pc=0x0000022c4eb106f0 relative=0x00000000000003b0
Event: 3.246 Thread 0x0000022c600d7800 Uncommon trap: reason=unstable_if action=reinterpret pc=0x0000022c4eb106f0 method=jdk.internal.org.objectweb.asm.Type.getArgumentsAndReturnSizes(Ljava/lang/String;)I @ 88 c2
Event: 3.246 Thread 0x0000022c600d7800 DEOPT PACKING pc=0x0000022c4eb106f0 sp=0x000000e739dfa800
Event: 3.246 Thread 0x0000022c600d7800 DEOPT UNPACKING pc=0x0000022c470174af sp=0x000000e739dfa788 mode 2

Classes redefined (0 events):
No events

Internal exceptions (20 events):
Event: 1.505 Thread 0x0000022c4167d000 Exception <a 'java/lang/NoSuchMethodError'{0x0000000084f40930}: 'java.lang.Object java.lang.invoke.DirectMethodHandle$Holder.invokeStaticInit(java.lang.Object, java.lang.Object, java.lang.Object)'> (0x0000000084f40930) thrown at [./src/hotspot/share/interpreter/linkResolver.cpp, line 773]
Event: 1.607 Thread 0x0000022c4167d000 Exception <a 'java/lang/NoSuchMethodError'{0x0000000084bf06e8}: 'java.lang.Object java.lang.invoke.Invokers$Holder.invoker(java.lang.Object, java.lang.Object, java.lang.Object, java.lang.Object, java.lang.Object)'> (0x0000000084bf06e8) thrown at [./src/hotspot/share/interpreter/linkResolver.cpp, line 773]
Event: 1.610 Thread 0x0000022c4167d000 Exception <a 'java/lang/NoSuchMethodError'{0x0000000084a01b28}: 'void java.lang.invoke.DelegatingMethodHandle$Holder.delegate(java.lang.Object, java.lang.Object, int, java.lang.Object)'> (0x0000000084a01b28) thrown at [./src/hotspot/share/interpreter/linkResolver.cpp, line 773]
Event: 1.630 Thread 0x0000022c4167d000 Exception <a 'java/lang/NoSuchMethodError'{0x0000000084abdf80}: 'java.lang.Object java.lang.invoke.DirectMethodHandle$Holder.invokeStaticInit(java.lang.Object, int, int, int, int)'> (0x0000000084abdf80) thrown at [./src/hotspot/share/interpreter/linkResolver.cpp, line 773]
Event: 2.024 Thread 0x0000022c4167d000 Exception <a 'java/lang/NoSuchMethodError'{0x0000000084947f40}: 'java.lang.Object java.lang.invoke.DirectMethodHandle$Holder.invokeStaticInit(java.lang.Object, java.lang.Object, int, int, int, int)'> (0x0000000084947f40) thrown at [./src/hotspot/share/interpreter/linkResolver.cpp, line 773]
Event: 2.652 Thread 0x0000022c4167d000 Exception <a 'java/io/IOException'{0x00000000848ff620}> (0x00000000848ff620) thrown at [./src/hotspot/share/prims/jni.cpp, line 615]
Event: 2.715 Thread 0x0000022c607d7800 Exception <a 'java/lang/NoSuchMethodError'{0x00000000845a09d8}: <clinit>> (0x00000000845a09d8) thrown at [./src/hotspot/share/prims/jni.cpp, line 1362]
Event: 2.716 Thread 0x0000022c607d7800 Exception <a 'java/lang/NoSuchMethodError'{0x00000000845a9270}: <clinit>> (0x00000000845a9270) thrown at [./src/hotspot/share/prims/jni.cpp, line 1362]
Event: 2.721 Thread 0x0000022c607d7800 Exception <a 'java/lang/NoSuchMethodError'{0x00000000845bcc70}: <clinit>> (0x00000000845bcc70) thrown at [./src/hotspot/share/prims/jni.cpp, line 1362]
Event: 2.734 Thread 0x0000022c607d7800 Exception <a 'java/lang/NoSuchMethodError'{0x000000008440b228}: <clinit>> (0x000000008440b228) thrown at [./src/hotspot/share/prims/jni.cpp, line 1362]
Event: 2.740 Thread 0x0000022c607d7800 Exception <a 'java/lang/NoSuchMethodError'{0x00000000844469f0}: <clinit>> (0x00000000844469f0) thrown at [./src/hotspot/share/prims/jni.cpp, line 1362]
Event: 2.745 Thread 0x0000022c607d7800 Exception <a 'java/lang/NoSuchMethodError'{0x00000000844794b8}: <clinit>> (0x00000000844794b8) thrown at [./src/hotspot/share/prims/jni.cpp, line 1362]
Event: 2.813 Thread 0x0000022c600d7800 Exception <a 'java/lang/NoSuchMethodError'{0x000000008419c488}: 'void java.lang.invoke.DelegatingMethodHandle$Holder.reinvoke_L(java.lang.Object, java.lang.Object, java.lang.Object, java.lang.Object)'> (0x000000008419c488) thrown at [./src/hotspot/share/interpreter/linkResolver.cpp, line 773]
Event: 2.819 Thread 0x0000022c600d7800 Exception <a 'java/lang/NoSuchMethodError'{0x00000000841d3468}: 'long java.lang.invoke.DirectMethodHandle$Holder.invokeInterface(java.lang.Object, java.lang.Object)'> (0x00000000841d3468) thrown at [./src/hotspot/share/interpreter/linkResolver.cpp, line 773]
Event: 2.821 Thread 0x0000022c600d7800 Exception <a 'java/lang/NoSuchMethodError'{0x00000000841f4eb0}: 'void java.lang.invoke.DelegatingMethodHandle$Holder.reinvoke_L(java.lang.Object, java.lang.Object, java.lang.Object, java.lang.Object, java.lang.Object, java.lang.Object, java.lang.Object)'> (0x00000000841f4eb0) thrown at [./src/hotspot/share/interpreter/linkResolver.cpp, line 773]
Event: 3.032 Thread 0x0000022c600d7800 Exception <a 'java/lang/NoSuchMethodError'{0x0000000087e7fda0}: 'java.lang.Object java.lang.invoke.DirectMethodHandle$Holder.invokeVirtual(java.lang.Object, java.lang.Object, java.lang.Object)'> (0x0000000087e7fda0) thrown at [./src/hotspot/share/interpreter/linkResolver.cpp, line 773]
Event: 3.072 Thread 0x0000022c600d7800 Exception <a 'java/lang/NoSuchMethodError'{0x0000000087a45f68}: 'void java.lang.invoke.DirectMethodHandle$Holder.invokeStaticInit(java.lang.Object)'> (0x0000000087a45f68) thrown at [./src/hotspot/share/interpreter/linkResolver.cpp, line 773]
Event: 3.194 Thread 0x0000022c600d7800 Exception <a 'java/lang/NoSuchMethodError'{0x00000000874d0b88}: 'int java.lang.invoke.DirectMethodHandle$Holder.invokeSpecialIFC(java.lang.Object, java.lang.Object, java.lang.Object, java.lang.Object)'> (0x00000000874d0b88) thrown at [./src/hotspot/share/interpreter/linkResolver.cpp, line 773]
Event: 3.195 Thread 0x0000022c600d7800 Exception <a 'java/lang/NoSuchMethodError'{0x00000000874de948}: 'java.lang.Object java.lang.invoke.DirectMethodHandle$Holder.invokeInterface(java.lang.Object, java.lang.Object, java.lang.Object)'> (0x00000000874de948) thrown at [./src/hotspot/share/interpreter/linkResolver.cpp, line 773]
Event: 3.196 Thread 0x0000022c600d7800 Exception <a 'java/lang/IncompatibleClassChangeError'{0x00000000874e1e20}: Found class java.lang.Object, but interface was expected> (0x00000000874e1e20) thrown at [./src/hotspot/share/interpreter/linkResolver.cpp, line 839]

Events (20 events):
Event: 3.253 loading class org/gradle/internal/build/StandAloneNestedBuild
Event: 3.253 loading class org/gradle/internal/build/StandAloneNestedBuild done
Event: 3.253 loading class org/gradle/internal/build/NestedBuildState
Event: 3.253 loading class org/gradle/internal/build/NestedBuildState done
Event: 3.254 loading class org/gradle/api/artifacts/component/BuildIdentifier
Event: 3.254 loading class org/gradle/api/artifacts/component/BuildIdentifier done
Event: 3.254 loading class org/gradle/internal/build/RootBuildState
Event: 3.254 loading class org/gradle/internal/build/RootBuildState done
Event: 3.254 loading class org/gradle/internal/build/NestedRootBuild
Event: 3.254 loading class org/gradle/internal/build/NestedRootBuild done
Event: 3.255 loading class org/gradle/internal/classpath/DefaultClasspathTransformerCacheFactory
Event: 3.255 loading class org/gradle/internal/classpath/DefaultClasspathTransformerCacheFactory done
Event: 3.256 loading class org/gradle/internal/file/FileAccessTracker
Event: 3.256 loading class org/gradle/internal/file/FileAccessTracker done
Event: 3.256 loading class org/gradle/cache/internal/FilesFinder
Event: 3.256 loading class org/gradle/cache/internal/FilesFinder done
Event: 3.256 loading class org/gradle/cache/CleanupAction
Event: 3.256 loading class org/gradle/cache/CleanupAction done
Event: 3.257 loading class org/gradle/api/internal/changedetection/state/DefaultFileAccessTimeJournal
Event: 3.257 loading class org/gradle/api/internal/changedetection/state/DefaultFileAccessTimeJournal done


Dynamic libraries:
0x00007ff605280000 - 0x00007ff60528a000 	C:\Users\Dark Knight\Desktop\Android Studio\jre\bin\java.exe
0x00007fff73400000 - 0x00007fff73609000 	C:\WINDOWS\SYSTEM32\ntdll.dll
0x00007fff729e0000 - 0x00007fff72a9d000 	C:\WINDOWS\System32\KERNEL32.DLL
0x00007fff70c20000 - 0x00007fff70f94000 	C:\WINDOWS\System32\KERNELBASE.dll
0x00007fff708f0000 - 0x00007fff70a01000 	C:\WINDOWS\System32\ucrtbase.dll
0x00007fff60170000 - 0x00007fff60187000 	C:\Users\Dark Knight\Desktop\Android Studio\jre\bin\VCRUNTIME140.dll
0x00007fff60080000 - 0x00007fff60099000 	C:\Users\Dark Knight\Desktop\Android Studio\jre\bin\jli.dll
0x00007fff72830000 - 0x00007fff729dc000 	C:\WINDOWS\System32\USER32.dll
0x00007fff70b80000 - 0x00007fff70ba6000 	C:\WINDOWS\System32\win32u.dll
0x00007fff5dc90000 - 0x00007fff5df35000 	C:\WINDOWS\WinSxS\amd64_microsoft.windows.common-controls_6595b64144ccf1df_6.0.22000.120_none_9d947278b86cc467\COMCTL32.dll
0x00007fff72bf0000 - 0x00007fff72c19000 	C:\WINDOWS\System32\GDI32.dll
0x00007fff714a0000 - 0x00007fff71543000 	C:\WINDOWS\System32\msvcrt.dll
0x00007fff71060000 - 0x00007fff71172000 	C:\WINDOWS\System32\gdi32full.dll
0x00007fff71180000 - 0x00007fff7121d000 	C:\WINDOWS\System32\msvcp_win.dll
0x00007fff72aa0000 - 0x00007fff72ad1000 	C:\WINDOWS\System32\IMM32.DLL
0x00007fff39790000 - 0x00007fff3982d000 	C:\Users\Dark Knight\Desktop\Android Studio\jre\bin\msvcp140.dll
0x00007fff14560000 - 0x00007fff1501c000 	C:\Users\Dark Knight\Desktop\Android Studio\jre\bin\server\jvm.dll
0x00007fff71c70000 - 0x00007fff71d1e000 	C:\WINDOWS\System32\ADVAPI32.dll
0x00007fff71bd0000 - 0x00007fff71c6e000 	C:\WINDOWS\System32\sechost.dll
0x00007fff715e0000 - 0x00007fff71700000 	C:\WINDOWS\System32\RPCRT4.dll
0x00007fff731a0000 - 0x00007fff731a8000 	C:\WINDOWS\System32\PSAPI.DLL
0x00007fff6c6f0000 - 0x00007fff6c6f9000 	C:\WINDOWS\SYSTEM32\WSOCK32.dll
0x00007fff6a500000 - 0x00007fff6a533000 	C:\WINDOWS\SYSTEM32\WINMM.dll
0x00007fff73350000 - 0x00007fff733bf000 	C:\WINDOWS\System32\WS2_32.dll
0x00007fff66f70000 - 0x00007fff66f7a000 	C:\WINDOWS\SYSTEM32\VERSION.dll
0x00007fff6fae0000 - 0x00007fff6faf8000 	C:\WINDOWS\SYSTEM32\kernel.appcore.dll
0x00007fff67cc0000 - 0x00007fff67cd1000 	C:\Users\Dark Knight\Desktop\Android Studio\jre\bin\verify.dll
0x00007fff6e430000 - 0x00007fff6e651000 	C:\WINDOWS\SYSTEM32\DBGHELP.DLL
0x00007fff55b10000 - 0x00007fff55b41000 	C:\WINDOWS\SYSTEM32\dbgcore.DLL
0x00007fff71220000 - 0x00007fff7129f000 	C:\WINDOWS\System32\bcryptPrimitives.dll
0x00007fff608b0000 - 0x00007fff608d9000 	C:\Users\Dark Knight\Desktop\Android Studio\jre\bin\java.dll
0x00007fff6cee0000 - 0x00007fff6ceeb000 	C:\Users\Dark Knight\Desktop\Android Studio\jre\bin\jimage.dll
0x00007fff67ca0000 - 0x00007fff67cb8000 	C:\Users\Dark Knight\Desktop\Android Studio\jre\bin\zip.dll
0x00007fff71f00000 - 0x00007fff726ae000 	C:\WINDOWS\System32\SHELL32.dll
0x00007fff6ea70000 - 0x00007fff6f2d7000 	C:\WINDOWS\SYSTEM32\windows.storage.dll
0x00007fff71760000 - 0x00007fff71ad8000 	C:\WINDOWS\System32\combase.dll
0x00007fff6e900000 - 0x00007fff6ea66000 	C:\WINDOWS\SYSTEM32\wintypes.dll
0x00007fff712b0000 - 0x00007fff7139a000 	C:\WINDOWS\System32\SHCORE.dll
0x00007fff71700000 - 0x00007fff7175d000 	C:\WINDOWS\System32\shlwapi.dll
0x00007fff70820000 - 0x00007fff70841000 	C:\WINDOWS\SYSTEM32\profapi.dll
0x00007fff60890000 - 0x00007fff608aa000 	C:\Users\Dark Knight\Desktop\Android Studio\jre\bin\net.dll
0x00007fff68360000 - 0x00007fff6846c000 	C:\WINDOWS\SYSTEM32\WINHTTP.dll
0x00007fff6ff10000 - 0x00007fff6ff77000 	C:\WINDOWS\system32\mswsock.dll
0x00007fff60870000 - 0x00007fff60884000 	C:\Users\Dark Knight\Desktop\Android Studio\jre\bin\nio.dll
0x00007fff587b0000 - 0x00007fff587d7000 	C:\Users\Dark Knight\.gradle\native\fdc75f09e3144964f2cf3f50f0aa648679c211496f362492102eb8c894070792\windows-amd64\native-platform.dll
0x00007fff14210000 - 0x00007fff143a6000 	C:\Users\Dark Knight\.gradle\native\12488b8bf47d2d4c9fbf2f6322a914ad602e24e48041cd04a747c6da556b65c4\windows-amd64\native-platform-file-events.dll
0x00007fff6ce80000 - 0x00007fff6ce8a000 	C:\Users\Dark Knight\Desktop\Android Studio\jre\bin\management.dll
0x00007fff6c100000 - 0x00007fff6c10c000 	C:\Users\Dark Knight\Desktop\Android Studio\jre\bin\management_ext.dll
0x00007fff70150000 - 0x00007fff70168000 	C:\WINDOWS\SYSTEM32\CRYPTSP.dll
0x00007fff6fa40000 - 0x00007fff6fa75000 	C:\WINDOWS\system32\rsaenh.dll
0x00007fff70000000 - 0x00007fff70029000 	C:\WINDOWS\SYSTEM32\USERENV.dll
0x00007fff702d0000 - 0x00007fff702f7000 	C:\WINDOWS\SYSTEM32\bcrypt.dll
0x00007fff70170000 - 0x00007fff7017c000 	C:\WINDOWS\SYSTEM32\CRYPTBASE.dll
0x00007fff6f610000 - 0x00007fff6f63d000 	C:\WINDOWS\SYSTEM32\IPHLPAPI.DLL
0x00007fff71d30000 - 0x00007fff71d39000 	C:\WINDOWS\System32\NSI.dll
0x00007fff68dd0000 - 0x00007fff68de9000 	C:\WINDOWS\SYSTEM32\dhcpcsvc6.DLL
0x00007fff6a350000 - 0x00007fff6a36e000 	C:\WINDOWS\SYSTEM32\dhcpcsvc.DLL
0x00007fff6f680000 - 0x00007fff6f767000 	C:\WINDOWS\SYSTEM32\DNSAPI.dll
0x00007fff68dc0000 - 0x00007fff68dcc000 	C:\WINDOWS\SYSTEM32\WINNSI.DLL

dbghelp: loaded successfully - version: 4.0.5 - missing functions: none
symbol engine: initialized successfully - sym options: 0x614 - pdb path: .;C:\Users\Dark Knight\Desktop\Android Studio\jre\bin;C:\WINDOWS\SYSTEM32;C:\WINDOWS\WinSxS\amd64_microsoft.windows.common-controls_6595b64144ccf1df_6.0.22000.120_none_9d947278b86cc467;C:\Users\Dark Knight\Desktop\Android Studio\jre\bin\server;C:\Users\Dark Knight\.gradle\native\fdc75f09e3144964f2cf3f50f0aa648679c211496f362492102eb8c894070792\windows-amd64;C:\Users\Dark Knight\.gradle\native\12488b8bf47d2d4c9fbf2f6322a914ad602e24e48041cd04a747c6da556b65c4\windows-amd64

VM Arguments:
jvm_args: --add-opens=java.base/java.util=ALL-UNNAMED --add-opens=java.base/java.lang=ALL-UNNAMED --add-opens=java.base/java.lang.invoke=ALL-UNNAMED --add-opens=java.prefs/java.util.prefs=ALL-UNNAMED -Xmx2048m -Dfile.encoding=UTF-8 -Duser.country=IN -Duser.language=en -Duser.variant 
java_command: org.gradle.launcher.daemon.bootstrap.GradleDaemon 6.7.1
java_class_path (initial): C:\Users\Dark Knight\.gradle\wrapper\dists\gradle-6.7.1-bin\bwlcbys1h7rz3272sye1xwiv6\gradle-6.7.1\lib\gradle-launcher-6.7.1.jar
Launcher Type: SUN_STANDARD

[Global flags]
     intx CICompilerCount                          = 4                                         {product} {ergonomic}
     uint ConcGCThreads                            = 2                                         {product} {ergonomic}
     uint G1ConcRefinementThreads                  = 8                                         {product} {ergonomic}
   size_t G1HeapRegionSize                         = 1048576                                   {product} {ergonomic}
    uintx GCDrainStackTargetSize                   = 64                                        {product} {ergonomic}
   size_t InitialHeapSize                          = 134217728                                 {product} {ergonomic}
   size_t MarkStackSize                            = 4194304                                   {product} {ergonomic}
   size_t MaxHeapSize                              = 2147483648                                {product} {command line}
   size_t MaxNewSize                               = 1287651328                                {product} {ergonomic}
   size_t MinHeapDeltaBytes                        = 1048576                                   {product} {ergonomic}
    uintx NonNMethodCodeHeapSize                   = 5836300                                {pd product} {ergonomic}
    uintx NonProfiledCodeHeapSize                  = 122910970                              {pd product} {ergonomic}
    uintx ProfiledCodeHeapSize                     = 122910970                              {pd product} {ergonomic}
    uintx ReservedCodeCacheSize                    = 251658240                              {pd product} {ergonomic}
     bool SegmentedCodeCache                       = true                                      {product} {ergonomic}
     bool UseCompressedClassPointers               = true                                 {lp64_product} {ergonomic}
     bool UseCompressedOops                        = true                                 {lp64_product} {ergonomic}
     bool UseG1GC                                  = true                                      {product} {ergonomic}
     bool UseLargePagesIndividualAllocation        = false                                  {pd product} {ergonomic}

Logging:
Log output configuration:
 #0: stdout all=warning uptime,level,tags
 #1: stderr all=off uptime,level,tags

Environment Variables:
PATH=C:\Windows\system32;C:\Windows;C:\Windows\System32\Wbem;C:\Windows\System32\WindowsPowerShell\v1.0\;C:\Windows\System32\OpenSSH\;C:\Program Files (x86)\NVIDIA Corporation\PhysX\Common;C:\Program Files\NVIDIA Corporation\NVIDIA NvDLISR;C:\WINDOWS\system32;C:\WINDOWS;C:\WINDOWS\System32\Wbem;C:\WINDOWS\System32\WindowsPowerShell\v1.0\;C:\WINDOWS\System32\OpenSSH\;C:\MinGW\bin;C:\Program Files\MEGA-X;C:\WINDOWS\system32;C:\WINDOWS;C:\WINDOWS\System32\Wbem;C:\WINDOWS\System32\WindowsPowerShell\v1.0\;C:\WINDOWS\System32\OpenSSH\;C:\Program Files\Git\cmd;C:\Users\Dark Knight\AppData\Local\Microsoft\WindowsApps;C:\Users\Dark Knight\AppData\Local\atom\bin;C:\MinGW\bin;C:\Program Files (x86)\Microsoft Visual Studio\2019\BuildTools\MSBuild\Current\Bin;C:\Users\Dark Knight\AppData\Local\Microsoft\WindowsApps;
USERNAME=Dark Knight
OS=Windows_NT
PROCESSOR_IDENTIFIER=Intel64 Family 6 Model 158 Stepping 10, GenuineIntel



---------------  S Y S T E M  ---------------

OS: Windows 10 , 64 bit Build 22000 (10.0.22000.434)
OS uptime: 1 days 18:50 hours

CPU:total 8 (initial active 8) (4 cores per cpu, 2 threads per core) family 6 model 158 stepping 10, cmov, cx8, fxsr, mmx, sse, sse2, sse3, ssse3, sse4.1, sse4.2, popcnt, avx, avx2, aes, clmul, erms, 3dnowpref, lzcnt, ht, tsc, tscinvbit, bmi1, bmi2, adx, fma

Memory: 4k page, system-wide physical 8072M (453M free)
TotalPageFile size 12168M (AvailPageFile size 1M)
current process WorkingSet (physical memory assigned to process): 192M, peak: 192M
current process commit charge ("private bytes"): 260M, peak: 260M

vm_info: OpenJDK 64-Bit Server VM (11.0.8+10-b944.6842174) for windows-amd64 JRE (11.0.8+10-b944.6842174), built on Sep 19 2020 01:11:42 by "builder" with MS VC++ 14.0 (VS2015)

END.
