#
# There is insufficient memory for the Java Runtime Environment to continue.
# Native memory allocation (mmap) failed to map 32505856 bytes for Failed to commit area from 0x0000000089a00000 to 0x000000008b900000 of length 32505856.
# Possible reasons:
#   The system is out of physical RAM or swap space
#   The process is running with CompressedOops enabled, and the Java Heap may be blocking the growth of the native heap
# Possible solutions:
#   Reduce memory load on the system
#   Increase physical memory or swap space
#   Check if swap backing store is full
#   Decrease Java heap size (-Xmx/-Xms)
#   Decrease number of Java threads
#   Decrease Java thread stack sizes (-Xss)
#   Set larger code cache with -XX:ReservedCodeCacheSize=
#   JVM is running with Unscaled Compressed Oops mode in which the Java heap is
#     placed in the first 4GB address space. The Java Heap base address is the
#     maximum limit for the native heap growth. Please use -XX:HeapBaseMinAddress
#     to set the Java Heap base and to place the Java Heap above 4GB virtual address.
# This output file may be truncated or incomplete.
#
#  Out of Memory Error (./src/hotspot/os/windows/os_windows.cpp:3303), pid=15596, tid=15024
#
# JRE version: OpenJDK Runtime Environment (11.0.8+10) (build 11.0.8+10-b944.6842174)
# Java VM: OpenJDK 64-Bit Server VM (11.0.8+10-b944.6842174, mixed mode, tiered, compressed oops, g1 gc, windows-amd64)
# No core dump will be written. Minidumps are not enabled by default on client versions of Windows
#

---------------  S U M M A R Y ------------

Command Line: --add-opens=java.base/java.util=ALL-UNNAMED --add-opens=java.base/java.lang=ALL-UNNAMED --add-opens=java.base/java.lang.invoke=ALL-UNNAMED --add-opens=java.prefs/java.util.prefs=ALL-UNNAMED -Xmx2048m -Dfile.encoding=UTF-8 -Duser.country=IN -Duser.language=en -Duser.variant org.gradle.launcher.daemon.bootstrap.GradleDaemon 6.7.1

Host: Intel(R) Core(TM) i5-9300H CPU @ 2.40GHz, 8 cores, 7G,  Windows 10 , 64 bit Build 22000 (10.0.22000.434)
Time: Sat Mar  5 21:13:33 2022 India Standard Time elapsed time: 17 seconds (0d 0h 0m 17s)

---------------  T H R E A D  ---------------

Current thread (0x000001f9ee80b000):  VMThread "VM Thread" [stack: 0x000000be15b00000,0x000000be15c00000] [id=15024]

Stack: [0x000000be15b00000,0x000000be15c00000]
[error occurred during error reporting (printing stack bounds), id 0xc0000005, EXCEPTION_ACCESS_VIOLATION (0xc0000005) at pc=0x000001f9d7680dad]

Native frames: (J=compiled Java code, j=interpreted, Vv=VM code, C=native code)
V  [jvm.dll+0x5de50a]
V  [jvm.dll+0x7122f5]
V  [jvm.dll+0x71384d]
V  [jvm.dll+0x713e65]
V  [jvm.dll+0x713e1b]
V  [jvm.dll+0x5dd958]
V  [jvm.dll+0x5de0f8]
C  [ntdll.dll+0xa86ef]
C  [ntdll.dll+0x35aea]
C  [ntdll.dll+0xa76fe]
C  0x000001f9d7680dad

VM_Operation (0x000000be209fad80): G1CollectForAllocation, mode: safepoint, requested by thread 0x000001f9f3a64000


---------------  P R O C E S S  ---------------

Threads class SMR info:
_java_thread_list=0x000001f9f3e309c0, length=172, elements={
0x000001f9d249d000, 0x000001f9ef010800, 0x000001f9ef01a000, 0x000001f9ef06b800,
0x000001f9ef06c800, 0x000001f9ef06d800, 0x000001f9ef072800, 0x000001f9ef077800,
0x000001f9ef1e7800, 0x000001f9ef210800, 0x000001f9f1cf6800, 0x000001f9f1c88800,
0x000001f9f1c26000, 0x000001f9f1886000, 0x000001f9ef336800, 0x000001f9f040e000,
0x000001f9efe6f800, 0x000001f9f14c4800, 0x000001f9f14bf000, 0x000001f9f148e000,
0x000001f9f14ba000, 0x000001f9f14bb000, 0x000001f9f14bc000, 0x000001f9f14bc800,
0x000001f9f14b9800, 0x000001f9f14b7000, 0x000001f9f14bd800, 0x000001f9f14b8800,
0x000001f9f14b8000, 0x000001f9f4a58800, 0x000001f9f4a5f800, 0x000001f9f4a5e000,
0x000001f9f4a5b000, 0x000001f9f4a61800, 0x000001f9f4a5b800, 0x000001f9f4a63000,
0x000001f9f4a64000, 0x000001f9f4a64800, 0x000001f9f4a5f000, 0x000001f9f4a62000,
0x000001f9f4a65800, 0x000001f9f4a66800, 0x000001f9f4a60800, 0x000001f9f5d70000,
0x000001f9f5d6f800, 0x000001f9f5d6e800, 0x000001f9f5d72000, 0x000001f9f5d6e000,
0x000001f9f5d6d000, 0x000001f9f5d71000, 0x000001f9f5d6c000, 0x000001f9f5d73800,
0x000001f9f5d76000, 0x000001f9f5d77800, 0x000001f9f5d78800, 0x000001f9f5d72800,
0x000001f9f5d76800, 0x000001f9f5d79000, 0x000001f9f5d7a000, 0x000001f9f5d74800,
0x000001f9f5d75000, 0x000001f9f5d7b000, 0x000001f9f1521800, 0x000001f9f151f800,
0x000001f9f1522000, 0x000001f9f1523000, 0x000001f9f1520800, 0x000001f9f1524000,
0x000001f9f1524800, 0x000001f9f151f000, 0x000001f9f1529800, 0x000001f9f1525800,
0x000001f9f152c000, 0x000001f9f152a800, 0x000001f9f1528800, 0x000001f9f1527000,
0x000001f9f1526800, 0x000001f9f1528000, 0x000001f9f152b000, 0x000001f9f152d000,
0x000001f9f152d800, 0x000001f9f3508000, 0x000001f9f3509000, 0x000001f9f3509800,
0x000001f9f3506800, 0x000001f9f3507800, 0x000001f9f350a800, 0x000001f9f3505000,
0x000001f9f350b800, 0x000001f9f3505800, 0x000001f9f3511000, 0x000001f9f350c000,
0x000001f9f350f800, 0x000001f9f350d000, 0x000001f9f3512000, 0x000001f9f3510800,
0x000001f9f350e800, 0x000001f9f350e000, 0x000001f9f3512800, 0x000001f9f3513800,
0x000001f9f386b000, 0x000001f9f386a800, 0x000001f9f386e800, 0x000001f9f3869800,
0x000001f9f386c000, 0x000001f9f386c800, 0x000001f9f386d800, 0x000001f9f3868800,
0x000001f9f3871800, 0x000001f9f386f000, 0x000001f9f3872800, 0x000001f9f3871000,
0x000001f9f3873000, 0x000001f9f3874000, 0x000001f9f3875000, 0x000001f9f3875800,
0x000001f9f3870000, 0x000001f9f3876800, 0x000001f9f3877800, 0x000001f9f3ea0800,
0x000001f9f3e9e000, 0x000001f9f3e9d000, 0x000001f9f3e9c800, 0x000001f9f3ea2000,
0x000001f9f3ea3000, 0x000001f9f3ea3800, 0x000001f9f3ea4800, 0x000001f9f3e9f000,
0x000001f9f3ea1800, 0x000001f9f3ea5800, 0x000001f9f3e9f800, 0x000001f9f3ea8800,
0x000001f9f3ea9800, 0x000001f9f3ea6000, 0x000001f9f3ea7000, 0x000001f9f3eaa800,
0x000001f9f3eab000, 0x000001f9f3ea8000, 0x000001f9f4a3a000, 0x000001f9f4a3d800,
0x000001f9f4a39000, 0x000001f9f4a38800, 0x000001f9f4a3c800, 0x000001f9f4a37800,
0x000001f9f4a3f800, 0x000001f9f4a3b800, 0x000001f9f4a40800, 0x000001f9f4a3e000,
0x000001f9f4a3f000, 0x000001f9f4a3b000, 0x000001f9f4a44000, 0x000001f9f4a44800,
0x000001f9f4a41800, 0x000001f9f4a46800, 0x000001f9f4a42000, 0x000001f9f4a45800,
0x000001f9f4a43000, 0x000001f9f3a68000, 0x000001f9f3a67000, 0x000001f9f38a4800,
0x000001f9f3a69000, 0x000001f9f3a65800, 0x000001f9f3a69800, 0x000001f9f3a64000,
0x000001f9f3a66800, 0x000001f9f3a64800, 0x000001f9f3a6a800, 0x000001f9f37ed800,
0x000001f9f37e9800, 0x000001f9f37ed000, 0x000001f9f37f0000, 0x000001f9f37eb800
}

Java Threads: ( => current thread )
  0x000001f9d249d000 JavaThread "main" [_thread_blocked, id=12388, stack(0x000000be15500000,0x000000be15600000)]
  0x000001f9ef010800 JavaThread "Reference Handler" daemon [_thread_blocked, id=24240, stack(0x000000be15c00000,0x000000be15d00000)]
  0x000001f9ef01a000 JavaThread "Finalizer" daemon [_thread_blocked, id=17588, stack(0x000000be15d00000,0x000000be15e00000)]
  0x000001f9ef06b800 JavaThread "Signal Dispatcher" daemon [_thread_blocked, id=9932, stack(0x000000be15e00000,0x000000be15f00000)]
  0x000001f9ef06c800 JavaThread "Attach Listener" daemon [_thread_blocked, id=4496, stack(0x000000be15f00000,0x000000be16000000)]
  0x000001f9ef06d800 JavaThread "C2 CompilerThread0" daemon [_thread_in_native, id=14736, stack(0x000000be16000000,0x000000be16100000)]
  0x000001f9ef072800 JavaThread "C1 CompilerThread0" daemon [_thread_blocked, id=1316, stack(0x000000be16100000,0x000000be16200000)]
  0x000001f9ef077800 JavaThread "Sweeper thread" daemon [_thread_blocked, id=23620, stack(0x000000be16200000,0x000000be16300000)]
  0x000001f9ef1e7800 JavaThread "Common-Cleaner" daemon [_thread_blocked, id=18868, stack(0x000000be16300000,0x000000be16400000)]
  0x000001f9ef210800 JavaThread "Service Thread" daemon [_thread_blocked, id=20488, stack(0x000000be16400000,0x000000be16500000)]
  0x000001f9f1cf6800 JavaThread "Daemon health stats" [_thread_blocked, id=10776, stack(0x000000be16a00000,0x000000be16b00000)]
  0x000001f9f1c88800 JavaThread "Incoming local TCP Connector on port 57622" [_thread_in_native, id=2152, stack(0x000000be16b00000,0x000000be16c00000)]
  0x000001f9f1c26000 JavaThread "Daemon periodic checks" [_thread_blocked, id=1948, stack(0x000000be16c00000,0x000000be16d00000)]
  0x000001f9f1886000 JavaThread "Daemon" [_thread_blocked, id=4604, stack(0x000000be16d00000,0x000000be16e00000)]
  0x000001f9ef336800 JavaThread "Handler for socket connection from /127.0.0.1:57622 to /127.0.0.1:57624" [_thread_in_native, id=19972, stack(0x000000be16e00000,0x000000be16f00000)]
  0x000001f9f040e000 JavaThread "Cancel handler" [_thread_blocked, id=15944, stack(0x000000be16f00000,0x000000be17000000)]
  0x000001f9efe6f800 JavaThread "Daemon worker" [_thread_blocked, id=13708, stack(0x000000be17000000,0x000000be17100000)]
  0x000001f9f14c4800 JavaThread "Asynchronous log dispatcher for DefaultDaemonConnection: socket connection from /127.0.0.1:57622 to /127.0.0.1:57624" [_thread_blocked, id=20752, stack(0x000000be17200000,0x000000be17300000)]
  0x000001f9f14bf000 JavaThread "Stdin handler" [_thread_blocked, id=2540, stack(0x000000be17300000,0x000000be17400000)]
  0x000001f9f148e000 JavaThread "Thread-8" [_thread_blocked, id=22544, stack(0x000000be17400000,0x000000be17500000)]
  0x000001f9f14ba000 JavaThread "Cache worker for file hash cache (C:\Users\Dark Knight\.gradle\caches\6.7.1\fileHashes)" [_thread_blocked, id=24648, stack(0x000000be17a00000,0x000000be17b00000)]
  0x000001f9f14bb000 JavaThread "File lock request listener" [_thread_in_native, id=26332, stack(0x000000be17b00000,0x000000be17c00000)]
  0x000001f9f14bc000 JavaThread "Cache worker for journal cache (C:\Users\Dark Knight\.gradle\caches\journal-1)" [_thread_blocked, id=12088, stack(0x000000be17c00000,0x000000be17d00000)]
  0x000001f9f14bc800 JavaThread "Cache worker for file hash cache (C:\Android Projects\MyShopPal\.gradle\6.7.1\fileHashes)" [_thread_blocked, id=22900, stack(0x000000be17e00000,0x000000be17f00000)]
  0x000001f9f14b9800 JavaThread "Cache worker for checksums cache (C:\Android Projects\MyShopPal\.gradle\checksums)" [_thread_blocked, id=10112, stack(0x000000be17f00000,0x000000be18000000)]
  0x000001f9f14b7000 JavaThread "Cache worker for cache directory md-supplier (C:\Users\Dark Knight\.gradle\caches\6.7.1\md-supplier)" [_thread_blocked, id=16276, stack(0x000000be18000000,0x000000be18100000)]
  0x000001f9f14bd800 JavaThread "Cache worker for cache directory md-rule (C:\Users\Dark Knight\.gradle\caches\6.7.1\md-rule)" [_thread_blocked, id=23296, stack(0x000000be18200000,0x000000be18300000)]
  0x000001f9f14b8800 JavaThread "Cache worker for execution history cache (C:\Users\Dark Knight\.gradle\caches\6.7.1\executionHistory)" [_thread_blocked, id=5660, stack(0x000000be18300000,0x000000be18400000)]
  0x000001f9f14b8000 JavaThread "jar transforms" [_thread_blocked, id=24652, stack(0x000000be18400000,0x000000be18500000)]
  0x000001f9f4a58800 JavaThread "Cache worker for file content cache (C:\Users\Dark Knight\.gradle\caches\6.7.1\fileContent)" [_thread_blocked, id=12732, stack(0x000000be18500000,0x000000be18600000)]
  0x000001f9f4a5f800 JavaThread "Cache worker for Build Output Cleanup Cache (C:\Android Projects\MyShopPal\.gradle\buildOutputCleanup)" [_thread_blocked, id=14528, stack(0x000000be18600000,0x000000be18700000)]
  0x000001f9f4a5e000 JavaThread "Build operations" [_thread_blocked, id=19752, stack(0x000000be18100000,0x000000be18200000)]
  0x000001f9f4a5b000 JavaThread "Build operations Thread 2" [_thread_blocked, id=1880, stack(0x000000be18700000,0x000000be18800000)]
  0x000001f9f4a61800 JavaThread "Build operations Thread 3" [_thread_blocked, id=17360, stack(0x000000be18800000,0x000000be18900000)]
  0x000001f9f4a5b800 JavaThread "Build operations Thread 4" [_thread_blocked, id=22632, stack(0x000000be18900000,0x000000be18a00000)]
  0x000001f9f4a63000 JavaThread "Build operations Thread 5" [_thread_blocked, id=18824, stack(0x000000be18a00000,0x000000be18b00000)]
  0x000001f9f4a64000 JavaThread "Build operations Thread 6" [_thread_blocked, id=9444, stack(0x000000be18b00000,0x000000be18c00000)]
  0x000001f9f4a64800 JavaThread "Build operations Thread 7" [_thread_blocked, id=9528, stack(0x000000be18c00000,0x000000be18d00000)]
  0x000001f9f4a5f000 JavaThread "Build operations Thread 8" [_thread_blocked, id=2648, stack(0x000000be18d00000,0x000000be18e00000)]
  0x000001f9f4a62000 JavaThread "jar transforms Thread 2" [_thread_blocked, id=26256, stack(0x000000be18e00000,0x000000be18f00000)]
  0x000001f9f4a65800 JavaThread "jar transforms Thread 3" [_thread_blocked, id=1824, stack(0x000000be18f00000,0x000000be19000000)]
  0x000001f9f4a66800 JavaThread "jar transforms Thread 4" [_thread_blocked, id=4544, stack(0x000000be19000000,0x000000be19100000)]
  0x000001f9f4a60800 JavaThread "jar transforms Thread 5" [_thread_blocked, id=14932, stack(0x000000be19100000,0x000000be19200000)]
  0x000001f9f5d70000 JavaThread "jar transforms Thread 6" [_thread_blocked, id=18808, stack(0x000000be19200000,0x000000be19300000)]
  0x000001f9f5d6f800 JavaThread "jar transforms Thread 7" [_thread_blocked, id=20376, stack(0x000000be19300000,0x000000be19400000)]
  0x000001f9f5d6e800 JavaThread "jar transforms Thread 8" [_thread_blocked, id=18376, stack(0x000000be19400000,0x000000be19500000)]
  0x000001f9f5d72000 JavaThread "jar transforms Thread 9" [_thread_blocked, id=1624, stack(0x000000be19500000,0x000000be19600000)]
  0x000001f9f5d6e000 JavaThread "jar transforms Thread 10" [_thread_blocked, id=18620, stack(0x000000be19600000,0x000000be19700000)]
  0x000001f9f5d6d000 JavaThread "jar transforms Thread 11" [_thread_blocked, id=18372, stack(0x000000be19700000,0x000000be19800000)]
  0x000001f9f5d71000 JavaThread "jar transforms Thread 12" [_thread_blocked, id=18788, stack(0x000000be19800000,0x000000be19900000)]
  0x000001f9f5d6c000 JavaThread "jar transforms Thread 13" [_thread_blocked, id=23464, stack(0x000000be19900000,0x000000be19a00000)]
  0x000001f9f5d73800 JavaThread "jar transforms Thread 14" [_thread_blocked, id=5072, stack(0x000000be19a00000,0x000000be19b00000)]
  0x000001f9f5d76000 JavaThread "jar transforms Thread 15" [_thread_blocked, id=18984, stack(0x000000be19b00000,0x000000be19c00000)]
  0x000001f9f5d77800 JavaThread "jar transforms Thread 16" [_thread_blocked, id=22808, stack(0x000000be19c00000,0x000000be19d00000)]
  0x000001f9f5d78800 JavaThread "jar transforms Thread 17" [_thread_blocked, id=11848, stack(0x000000be19d00000,0x000000be19e00000)]
  0x000001f9f5d72800 JavaThread "jar transforms Thread 18" [_thread_blocked, id=18028, stack(0x000000be19e00000,0x000000be19f00000)]
  0x000001f9f5d76800 JavaThread "jar transforms Thread 19" [_thread_blocked, id=20292, stack(0x000000be19f00000,0x000000be1a000000)]
  0x000001f9f5d79000 JavaThread "jar transforms Thread 20" [_thread_blocked, id=20172, stack(0x000000be1a000000,0x000000be1a100000)]
  0x000001f9f5d7a000 JavaThread "jar transforms Thread 21" [_thread_blocked, id=20600, stack(0x000000be1a100000,0x000000be1a200000)]
  0x000001f9f5d74800 JavaThread "jar transforms Thread 22" [_thread_blocked, id=17984, stack(0x000000be1a200000,0x000000be1a300000)]
  0x000001f9f5d75000 JavaThread "jar transforms Thread 23" [_thread_blocked, id=24876, stack(0x000000be1a300000,0x000000be1a400000)]
  0x000001f9f5d7b000 JavaThread "jar transforms Thread 24" [_thread_blocked, id=15088, stack(0x000000be1a400000,0x000000be1a500000)]
  0x000001f9f1521800 JavaThread "jar transforms Thread 25" [_thread_blocked, id=13392, stack(0x000000be1a500000,0x000000be1a600000)]
  0x000001f9f151f800 JavaThread "jar transforms Thread 26" [_thread_blocked, id=5064, stack(0x000000be1a600000,0x000000be1a700000)]
  0x000001f9f1522000 JavaThread "jar transforms Thread 27" [_thread_blocked, id=3160, stack(0x000000be1a700000,0x000000be1a800000)]
  0x000001f9f1523000 JavaThread "jar transforms Thread 28" [_thread_blocked, id=10060, stack(0x000000be1a800000,0x000000be1a900000)]
  0x000001f9f1520800 JavaThread "jar transforms Thread 29" [_thread_blocked, id=17768, stack(0x000000be1a900000,0x000000be1aa00000)]
  0x000001f9f1524000 JavaThread "jar transforms Thread 30" [_thread_blocked, id=14312, stack(0x000000be1aa00000,0x000000be1ab00000)]
  0x000001f9f1524800 JavaThread "jar transforms Thread 31" [_thread_blocked, id=16448, stack(0x000000be1ab00000,0x000000be1ac00000)]
  0x000001f9f151f000 JavaThread "jar transforms Thread 32" [_thread_blocked, id=10424, stack(0x000000be1ac00000,0x000000be1ad00000)]
  0x000001f9f1529800 JavaThread "jar transforms Thread 33" [_thread_blocked, id=15860, stack(0x000000be1ad00000,0x000000be1ae00000)]
  0x000001f9f1525800 JavaThread "jar transforms Thread 34" [_thread_blocked, id=24124, stack(0x000000be1ae00000,0x000000be1af00000)]
  0x000001f9f152c000 JavaThread "jar transforms Thread 35" [_thread_blocked, id=6932, stack(0x000000be1af00000,0x000000be1b000000)]
  0x000001f9f152a800 JavaThread "jar transforms Thread 36" [_thread_blocked, id=10444, stack(0x000000be1b000000,0x000000be1b100000)]
  0x000001f9f1528800 JavaThread "jar transforms Thread 37" [_thread_blocked, id=24724, stack(0x000000be1b100000,0x000000be1b200000)]
  0x000001f9f1527000 JavaThread "jar transforms Thread 38" [_thread_blocked, id=24244, stack(0x000000be1b200000,0x000000be1b300000)]
  0x000001f9f1526800 JavaThread "jar transforms Thread 39" [_thread_blocked, id=13608, stack(0x000000be1b300000,0x000000be1b400000)]
  0x000001f9f1528000 JavaThread "jar transforms Thread 40" [_thread_blocked, id=21640, stack(0x000000be1b400000,0x000000be1b500000)]
  0x000001f9f152b000 JavaThread "jar transforms Thread 41" [_thread_blocked, id=2384, stack(0x000000be1b500000,0x000000be1b600000)]
  0x000001f9f152d000 JavaThread "jar transforms Thread 42" [_thread_blocked, id=3536, stack(0x000000be1b600000,0x000000be1b700000)]
  0x000001f9f152d800 JavaThread "jar transforms Thread 43" [_thread_blocked, id=25576, stack(0x000000be1b700000,0x000000be1b800000)]
  0x000001f9f3508000 JavaThread "jar transforms Thread 44" [_thread_blocked, id=20940, stack(0x000000be1b800000,0x000000be1b900000)]
  0x000001f9f3509000 JavaThread "jar transforms Thread 45" [_thread_blocked, id=19336, stack(0x000000be1b900000,0x000000be1ba00000)]
  0x000001f9f3509800 JavaThread "jar transforms Thread 46" [_thread_blocked, id=6868, stack(0x000000be1ba00000,0x000000be1bb00000)]
  0x000001f9f3506800 JavaThread "jar transforms Thread 47" [_thread_blocked, id=19900, stack(0x000000be1bb00000,0x000000be1bc00000)]
  0x000001f9f3507800 JavaThread "jar transforms Thread 48" [_thread_blocked, id=26324, stack(0x000000be1bc00000,0x000000be1bd00000)]
  0x000001f9f350a800 JavaThread "jar transforms Thread 49" [_thread_blocked, id=14092, stack(0x000000be1bd00000,0x000000be1be00000)]
  0x000001f9f3505000 JavaThread "jar transforms Thread 50" [_thread_blocked, id=17572, stack(0x000000be1be00000,0x000000be1bf00000)]
  0x000001f9f350b800 JavaThread "jar transforms Thread 51" [_thread_blocked, id=26164, stack(0x000000be1bf00000,0x000000be1c000000)]
  0x000001f9f3505800 JavaThread "jar transforms Thread 52" [_thread_blocked, id=14900, stack(0x000000be1c000000,0x000000be1c100000)]
  0x000001f9f3511000 JavaThread "jar transforms Thread 53" [_thread_blocked, id=25688, stack(0x000000be1c100000,0x000000be1c200000)]
  0x000001f9f350c000 JavaThread "jar transforms Thread 54" [_thread_blocked, id=21728, stack(0x000000be1c200000,0x000000be1c300000)]
  0x000001f9f350f800 JavaThread "jar transforms Thread 55" [_thread_blocked, id=17432, stack(0x000000be1c300000,0x000000be1c400000)]
  0x000001f9f350d000 JavaThread "jar transforms Thread 56" [_thread_blocked, id=21360, stack(0x000000be1c400000,0x000000be1c500000)]
  0x000001f9f3512000 JavaThread "jar transforms Thread 57" [_thread_blocked, id=4200, stack(0x000000be1c500000,0x000000be1c600000)]
  0x000001f9f3510800 JavaThread "jar transforms Thread 58" [_thread_blocked, id=14116, stack(0x000000be1c600000,0x000000be1c700000)]
  0x000001f9f350e800 JavaThread "jar transforms Thread 59" [_thread_blocked, id=2516, stack(0x000000be1c700000,0x000000be1c800000)]
  0x000001f9f350e000 JavaThread "jar transforms Thread 60" [_thread_blocked, id=16216, stack(0x000000be1c800000,0x000000be1c900000)]
  0x000001f9f3512800 JavaThread "jar transforms Thread 61" [_thread_blocked, id=25668, stack(0x000000be1c900000,0x000000be1ca00000)]
  0x000001f9f3513800 JavaThread "jar transforms Thread 62" [_thread_blocked, id=24764, stack(0x000000be1ca00000,0x000000be1cb00000)]
  0x000001f9f386b000 JavaThread "jar transforms Thread 63" [_thread_blocked, id=16508, stack(0x000000be1cb00000,0x000000be1cc00000)]
  0x000001f9f386a800 JavaThread "jar transforms Thread 64" [_thread_blocked, id=1184, stack(0x000000be1cc00000,0x000000be1cd00000)]
  0x000001f9f386e800 JavaThread "jar transforms Thread 65" [_thread_blocked, id=17672, stack(0x000000be1cd00000,0x000000be1ce00000)]
  0x000001f9f3869800 JavaThread "jar transforms Thread 66" [_thread_blocked, id=2868, stack(0x000000be1ce00000,0x000000be1cf00000)]
  0x000001f9f386c000 JavaThread "jar transforms Thread 67" [_thread_blocked, id=22896, stack(0x000000be1cf00000,0x000000be1d000000)]
  0x000001f9f386c800 JavaThread "jar transforms Thread 68" [_thread_blocked, id=25272, stack(0x000000be1d000000,0x000000be1d100000)]
  0x000001f9f386d800 JavaThread "jar transforms Thread 69" [_thread_blocked, id=13792, stack(0x000000be1d100000,0x000000be1d200000)]
  0x000001f9f3868800 JavaThread "jar transforms Thread 70" [_thread_blocked, id=3292, stack(0x000000be1d200000,0x000000be1d300000)]
  0x000001f9f3871800 JavaThread "jar transforms Thread 71" [_thread_blocked, id=1112, stack(0x000000be1d300000,0x000000be1d400000)]
  0x000001f9f386f000 JavaThread "jar transforms Thread 72" [_thread_blocked, id=3472, stack(0x000000be1d400000,0x000000be1d500000)]
  0x000001f9f3872800 JavaThread "jar transforms Thread 73" [_thread_blocked, id=1748, stack(0x000000be1d500000,0x000000be1d600000)]
  0x000001f9f3871000 JavaThread "jar transforms Thread 74" [_thread_blocked, id=1276, stack(0x000000be1d600000,0x000000be1d700000)]
  0x000001f9f3873000 JavaThread "jar transforms Thread 75" [_thread_blocked, id=25440, stack(0x000000be1d700000,0x000000be1d800000)]
  0x000001f9f3874000 JavaThread "jar transforms Thread 76" [_thread_blocked, id=17872, stack(0x000000be1d800000,0x000000be1d900000)]
  0x000001f9f3875000 JavaThread "jar transforms Thread 77" [_thread_blocked, id=16724, stack(0x000000be1d900000,0x000000be1da00000)]
  0x000001f9f3875800 JavaThread "jar transforms Thread 78" [_thread_blocked, id=23996, stack(0x000000be1da00000,0x000000be1db00000)]
  0x000001f9f3870000 JavaThread "jar transforms Thread 79" [_thread_blocked, id=17092, stack(0x000000be1db00000,0x000000be1dc00000)]
  0x000001f9f3876800 JavaThread "jar transforms Thread 80" [_thread_blocked, id=26396, stack(0x000000be1dc00000,0x000000be1dd00000)]
  0x000001f9f3877800 JavaThread "jar transforms Thread 81" [_thread_blocked, id=20984, stack(0x000000be1dd00000,0x000000be1de00000)]
  0x000001f9f3ea0800 JavaThread "jar transforms Thread 82" [_thread_blocked, id=21216, stack(0x000000be1de00000,0x000000be1df00000)]
  0x000001f9f3e9e000 JavaThread "jar transforms Thread 83" [_thread_blocked, id=15524, stack(0x000000be1df00000,0x000000be1e000000)]
  0x000001f9f3e9d000 JavaThread "jar transforms Thread 84" [_thread_blocked, id=15276, stack(0x000000be1e000000,0x000000be1e100000)]
  0x000001f9f3e9c800 JavaThread "jar transforms Thread 85" [_thread_blocked, id=17732, stack(0x000000be1e100000,0x000000be1e200000)]
  0x000001f9f3ea2000 JavaThread "jar transforms Thread 86" [_thread_blocked, id=17792, stack(0x000000be1e200000,0x000000be1e300000)]
  0x000001f9f3ea3000 JavaThread "jar transforms Thread 87" [_thread_blocked, id=18300, stack(0x000000be1e300000,0x000000be1e400000)]
  0x000001f9f3ea3800 JavaThread "jar transforms Thread 88" [_thread_blocked, id=10824, stack(0x000000be1e400000,0x000000be1e500000)]
  0x000001f9f3ea4800 JavaThread "jar transforms Thread 89" [_thread_blocked, id=18508, stack(0x000000be1e500000,0x000000be1e600000)]
  0x000001f9f3e9f000 JavaThread "jar transforms Thread 90" [_thread_blocked, id=21440, stack(0x000000be1e600000,0x000000be1e700000)]
  0x000001f9f3ea1800 JavaThread "jar transforms Thread 91" [_thread_blocked, id=3804, stack(0x000000be1e700000,0x000000be1e800000)]
  0x000001f9f3ea5800 JavaThread "jar transforms Thread 92" [_thread_blocked, id=24540, stack(0x000000be1e800000,0x000000be1e900000)]
  0x000001f9f3e9f800 JavaThread "jar transforms Thread 93" [_thread_blocked, id=25016, stack(0x000000be1e900000,0x000000be1ea00000)]
  0x000001f9f3ea8800 JavaThread "jar transforms Thread 94" [_thread_blocked, id=17536, stack(0x000000be1ea00000,0x000000be1eb00000)]
  0x000001f9f3ea9800 JavaThread "jar transforms Thread 95" [_thread_blocked, id=19956, stack(0x000000be1eb00000,0x000000be1ec00000)]
  0x000001f9f3ea6000 JavaThread "jar transforms Thread 96" [_thread_blocked, id=10096, stack(0x000000be1ec00000,0x000000be1ed00000)]
  0x000001f9f3ea7000 JavaThread "jar transforms Thread 97" [_thread_blocked, id=19264, stack(0x000000be1ed00000,0x000000be1ee00000)]
  0x000001f9f3eaa800 JavaThread "jar transforms Thread 98" [_thread_blocked, id=22752, stack(0x000000be1ee00000,0x000000be1ef00000)]
  0x000001f9f3eab000 JavaThread "jar transforms Thread 99" [_thread_blocked, id=19500, stack(0x000000be1ef00000,0x000000be1f000000)]
  0x000001f9f3ea8000 JavaThread "jar transforms Thread 100" [_thread_blocked, id=10492, stack(0x000000be1f000000,0x000000be1f100000)]
  0x000001f9f4a3a000 JavaThread "jar transforms Thread 101" [_thread_blocked, id=21536, stack(0x000000be1f100000,0x000000be1f200000)]
  0x000001f9f4a3d800 JavaThread "jar transforms Thread 102" [_thread_blocked, id=22060, stack(0x000000be1f200000,0x000000be1f300000)]
  0x000001f9f4a39000 JavaThread "jar transforms Thread 103" [_thread_blocked, id=1996, stack(0x000000be1f300000,0x000000be1f400000)]
  0x000001f9f4a38800 JavaThread "jar transforms Thread 104" [_thread_blocked, id=21356, stack(0x000000be1f400000,0x000000be1f500000)]
  0x000001f9f4a3c800 JavaThread "jar transforms Thread 105" [_thread_blocked, id=23984, stack(0x000000be1f500000,0x000000be1f600000)]
  0x000001f9f4a37800 JavaThread "jar transforms Thread 106" [_thread_blocked, id=14700, stack(0x000000be1f600000,0x000000be1f700000)]
  0x000001f9f4a3f800 JavaThread "jar transforms Thread 107" [_thread_blocked, id=11748, stack(0x000000be1f700000,0x000000be1f800000)]
  0x000001f9f4a3b800 JavaThread "jar transforms Thread 108" [_thread_blocked, id=8176, stack(0x000000be1f800000,0x000000be1f900000)]
  0x000001f9f4a40800 JavaThread "jar transforms Thread 109" [_thread_blocked, id=6808, stack(0x000000be1f900000,0x000000be1fa00000)]
  0x000001f9f4a3e000 JavaThread "jar transforms Thread 110" [_thread_blocked, id=7824, stack(0x000000be1fa00000,0x000000be1fb00000)]
  0x000001f9f4a3f000 JavaThread "jar transforms Thread 111" [_thread_blocked, id=12804, stack(0x000000be1fb00000,0x000000be1fc00000)]
  0x000001f9f4a3b000 JavaThread "jar transforms Thread 112" [_thread_blocked, id=25804, stack(0x000000be1fc00000,0x000000be1fd00000)]
  0x000001f9f4a44000 JavaThread "jar transforms Thread 113" [_thread_blocked, id=25280, stack(0x000000be1fd00000,0x000000be1fe00000)]
  0x000001f9f4a44800 JavaThread "jar transforms Thread 114" [_thread_blocked, id=13780, stack(0x000000be1fe00000,0x000000be1ff00000)]
  0x000001f9f4a41800 JavaThread "jar transforms Thread 115" [_thread_blocked, id=20512, stack(0x000000be1ff00000,0x000000be20000000)]
  0x000001f9f4a46800 JavaThread "jar transforms Thread 116" [_thread_blocked, id=25412, stack(0x000000be20000000,0x000000be20100000)]
  0x000001f9f4a42000 JavaThread "jar transforms Thread 117" [_thread_blocked, id=24720, stack(0x000000be20100000,0x000000be20200000)]
  0x000001f9f4a45800 JavaThread "jar transforms Thread 118" [_thread_blocked, id=2328, stack(0x000000be20200000,0x000000be20300000)]
  0x000001f9f4a43000 JavaThread "jar transforms Thread 119" [_thread_blocked, id=25252, stack(0x000000be20300000,0x000000be20400000)]
  0x000001f9f3a68000 JavaThread "jar transforms Thread 120" [_thread_blocked, id=11156, stack(0x000000be20400000,0x000000be20500000)]
  0x000001f9f3a67000 JavaThread "jar transforms Thread 121" [_thread_blocked, id=11208, stack(0x000000be20500000,0x000000be20600000)]
  0x000001f9f38a4800 JavaThread "C2 CompilerThread1" daemon [_thread_blocked, id=25236, stack(0x000000be17d00000,0x000000be17e00000)]
  0x000001f9f3a69000 JavaThread "Memory manager" [_thread_blocked, id=17060, stack(0x000000be20600000,0x000000be20700000)]
  0x000001f9f3a65800 JavaThread "build event listener" [_thread_blocked, id=23700, stack(0x000000be20700000,0x000000be20800000)]
  0x000001f9f3a69800 JavaThread "pool-3-thread-1" [_thread_blocked, id=14812, stack(0x000000be20800000,0x000000be20900000)]
  0x000001f9f3a64000 JavaThread "build event listener" [_thread_blocked, id=4232, stack(0x000000be20900000,0x000000be20a00000)]
  0x000001f9f3a66800 JavaThread "Execution worker for ':'" [_thread_blocked, id=13460, stack(0x000000be20a00000,0x000000be20b00000)]
  0x000001f9f3a64800 JavaThread "Execution worker for ':' Thread 2" [_thread_blocked, id=26548, stack(0x000000be20b00000,0x000000be20c00000)]
  0x000001f9f3a6a800 JavaThread "Execution worker for ':' Thread 3" [_thread_blocked, id=21788, stack(0x000000be20c00000,0x000000be20d00000)]
  0x000001f9f37ed800 JavaThread "Execution worker for ':' Thread 4" [_thread_blocked, id=16972, stack(0x000000be20d00000,0x000000be20e00000)]
  0x000001f9f37e9800 JavaThread "Execution worker for ':' Thread 5" [_thread_blocked, id=26380, stack(0x000000be20e00000,0x000000be20f00000)]
  0x000001f9f37ed000 JavaThread "Execution worker for ':' Thread 6" [_thread_blocked, id=4568, stack(0x000000be20f00000,0x000000be21000000)]
  0x000001f9f37f0000 JavaThread "Execution worker for ':' Thread 7" [_thread_blocked, id=25516, stack(0x000000be21000000,0x000000be21100000)]
  0x000001f9f37eb800 JavaThread "Cache worker for execution history cache (C:\Android Projects\MyShopPal\.gradle\6.7.1\executionHistory)" [_thread_blocked, id=3628, stack(0x000000be21100000,0x000000be21200000)]

Other Threads:
=>0x000001f9ee80b000 VMThread "VM Thread" [stack: 0x000000be15b00000,0x000000be15c00000] [id=15024]
  0x000001f9ef212000 WatcherThread [stack: 0x000000be16500000,0x000000be16600000] [id=23016]
  0x000001f9d2546000 GCTaskThread "GC Thread#0" [stack: 0x000000be15600000,0x000000be15700000] [id=19968]
  0x000001f9efd6c000 GCTaskThread "GC Thread#1" [stack: 0x000000be16700000,0x000000be16800000] [id=19628]
  0x000001f9efd14800 GCTaskThread "GC Thread#2" [stack: 0x000000be16800000,0x000000be16900000] [id=24760]
  0x000001f9f127e000 GCTaskThread "GC Thread#3" [stack: 0x000000be17500000,0x000000be17600000] [id=5436]
  0x000001f9f074b800 GCTaskThread "GC Thread#4" [stack: 0x000000be17600000,0x000000be17700000] [id=6368]
  0x000001f9f075a800 GCTaskThread "GC Thread#5" [stack: 0x000000be17700000,0x000000be17800000] [id=20680]
  0x000001f9f14fd000 GCTaskThread "GC Thread#6" [stack: 0x000000be17800000,0x000000be17900000] [id=12736]
  0x000001f9f1024000 GCTaskThread "GC Thread#7" [stack: 0x000000be17900000,0x000000be17a00000] [id=17272]
  0x000001f9d2575800 ConcurrentGCThread "G1 Main Marker" [stack: 0x000000be15700000,0x000000be15800000] [id=16436]
  0x000001f9d2578000 ConcurrentGCThread "G1 Conc#0" [stack: 0x000000be15800000,0x000000be15900000] [id=13184]
  0x000001f9f0fbd800 ConcurrentGCThread "G1 Conc#1" [stack: 0x000000be17100000,0x000000be17200000] [id=20780]
  0x000001f9ee654800 ConcurrentGCThread "G1 Refine#0" [stack: 0x000000be15900000,0x000000be15a00000] [id=8800]
  0x000001f9ee655000 ConcurrentGCThread "G1 Young RemSet Sampling" [stack: 0x000000be15a00000,0x000000be15b00000] [id=1204]

Threads with active compile tasks:
C2 CompilerThread0  17393 8734       4       org.gradle.internal.instantiation.generator.AbstractClassGenerator::inspectType (560 bytes)

VM state:at safepoint (normal execution)

VM Mutex/Monitor currently owned by a thread:  ([mutex/lock_event])
[0x000001f9d252e690] Threads_lock - owner thread: 0x000001f9ee80b000
[0x000001f9d252d5b0] Heap_lock - owner thread: 0x000001f9f3a64000

Heap address: 0x0000000080000000, size: 2048 MB, Compressed Oops mode: 32-bit
Narrow klass base: 0x0000000000000000, Narrow klass shift: 3
Compressed class space size: 1073741824 Address: 0x0000000100000000

Heap:
 garbage-first heap   total 189440K, used 76447K [0x0000000080000000, 0x0000000100000000)
  region size 1024K, 5 young (5120K), 5 survivors (5120K)
 Metaspace       used 80336K, capacity 82304K, committed 82560K, reserved 1120256K
  class space    used 10404K, capacity 11071K, committed 11136K, reserved 1048576K
Heap Regions: E=young(eden), S=young(survivor), O=old, HS=humongous(starts), HC=humongous(continues), CS=collection set, F=free, A=archive, TAMS=top-at-mark-start (previous, next)
|   0|0x0000000080000000, 0x0000000080100000, 0x0000000080100000|100%| O|  |TAMS 0x0000000080100000, 0x0000000080000000| Untracked 
|   1|0x0000000080100000, 0x0000000080200000, 0x0000000080200000|100%| O|  |TAMS 0x0000000080200000, 0x0000000080100000| Untracked 
|   2|0x0000000080200000, 0x0000000080300000, 0x0000000080300000|100%| O|  |TAMS 0x0000000080300000, 0x0000000080200000| Untracked 
|   3|0x0000000080300000, 0x0000000080400000, 0x0000000080400000|100%|HS|  |TAMS 0x0000000080400000, 0x0000000080300000| Complete 
|   4|0x0000000080400000, 0x0000000080500000, 0x0000000080500000|100%|HC|  |TAMS 0x0000000080500000, 0x0000000080400000| Complete 
|   5|0x0000000080500000, 0x0000000080600000, 0x0000000080600000|100%|HC|  |TAMS 0x0000000080600000, 0x0000000080500000| Complete 
|   6|0x0000000080600000, 0x0000000080700000, 0x0000000080700000|100%| O|  |TAMS 0x0000000080700000, 0x0000000080600000| Untracked 
|   7|0x0000000080700000, 0x0000000080800000, 0x0000000080800000|100%| O|  |TAMS 0x0000000080800000, 0x0000000080700000| Untracked 
|   8|0x0000000080800000, 0x0000000080900000, 0x0000000080900000|100%| O|  |TAMS 0x0000000080900000, 0x0000000080800000| Untracked 
|   9|0x0000000080900000, 0x0000000080a00000, 0x0000000080a00000|100%| O|  |TAMS 0x0000000080a00000, 0x0000000080900000| Untracked 
|  10|0x0000000080a00000, 0x0000000080b00000, 0x0000000080b00000|100%| O|  |TAMS 0x0000000080b00000, 0x0000000080a00000| Untracked 
|  11|0x0000000080b00000, 0x0000000080c00000, 0x0000000080c00000|100%| O|  |TAMS 0x0000000080c00000, 0x0000000080b00000| Untracked 
|  12|0x0000000080c00000, 0x0000000080d00000, 0x0000000080d00000|100%| O|  |TAMS 0x0000000080d00000, 0x0000000080c00000| Untracked 
|  13|0x0000000080d00000, 0x0000000080e00000, 0x0000000080e00000|100%| O|  |TAMS 0x0000000080e00000, 0x0000000080d00000| Untracked 
|  14|0x0000000080e00000, 0x0000000080f00000, 0x0000000080f00000|100%| O|  |TAMS 0x0000000080f00000, 0x0000000080e00000| Untracked 
|  15|0x0000000080f00000, 0x0000000081000000, 0x0000000081000000|100%| O|  |TAMS 0x0000000081000000, 0x0000000080f00000| Untracked 
|  16|0x0000000081000000, 0x0000000081100000, 0x0000000081100000|100%| O|  |TAMS 0x0000000081100000, 0x0000000081000000| Untracked 
|  17|0x0000000081100000, 0x0000000081200000, 0x0000000081200000|100%| O|  |TAMS 0x0000000081200000, 0x0000000081100000| Untracked 
|  18|0x0000000081200000, 0x0000000081300000, 0x0000000081300000|100%| O|  |TAMS 0x0000000081300000, 0x0000000081200000| Untracked 
|  19|0x0000000081300000, 0x0000000081400000, 0x0000000081400000|100%|HS|  |TAMS 0x0000000081400000, 0x0000000081300000| Complete 
|  20|0x0000000081400000, 0x0000000081500000, 0x0000000081500000|100%| O|  |TAMS 0x0000000081500000, 0x0000000081400000| Untracked 
|  21|0x0000000081500000, 0x0000000081600000, 0x0000000081600000|100%| O|  |TAMS 0x0000000081600000, 0x0000000081500000| Untracked 
|  22|0x0000000081600000, 0x0000000081700000, 0x0000000081700000|100%|HS|  |TAMS 0x0000000081700000, 0x0000000081600000| Complete 
|  23|0x0000000081700000, 0x0000000081800000, 0x0000000081800000|100%|HS|  |TAMS 0x0000000081800000, 0x0000000081700000| Complete 
|  24|0x0000000081800000, 0x0000000081900000, 0x0000000081900000|100%|HC|  |TAMS 0x0000000081900000, 0x0000000081800000| Complete 
|  25|0x0000000081900000, 0x0000000081a00000, 0x0000000081a00000|100%|HC|  |TAMS 0x0000000081a00000, 0x0000000081900000| Complete 
|  26|0x0000000081a00000, 0x0000000081b00000, 0x0000000081b00000|100%|HS|  |TAMS 0x0000000081b00000, 0x0000000081a00000| Complete 
|  27|0x0000000081b00000, 0x0000000081c00000, 0x0000000081c00000|100%|HC|  |TAMS 0x0000000081c00000, 0x0000000081b00000| Complete 
|  28|0x0000000081c00000, 0x0000000081d00000, 0x0000000081d00000|100%| O|  |TAMS 0x0000000081d00000, 0x0000000081c00000| Untracked 
|  29|0x0000000081d00000, 0x0000000081e00000, 0x0000000081e00000|100%| O|  |TAMS 0x0000000081e00000, 0x0000000081d00000| Untracked 
|  30|0x0000000081e00000, 0x0000000081f00000, 0x0000000081f00000|100%| O|  |TAMS 0x0000000081f00000, 0x0000000081e00000| Untracked 
|  31|0x0000000081f00000, 0x0000000082000000, 0x0000000082000000|100%| O|  |TAMS 0x0000000082000000, 0x0000000081f00000| Untracked 
|  32|0x0000000082000000, 0x0000000082100000, 0x0000000082100000|100%| O|  |TAMS 0x0000000082100000, 0x0000000082000000| Untracked 
|  33|0x0000000082100000, 0x0000000082200000, 0x0000000082200000|100%| O|  |TAMS 0x0000000082200000, 0x0000000082100000| Untracked 
|  34|0x0000000082200000, 0x0000000082300000, 0x0000000082300000|100%| O|  |TAMS 0x0000000082300000, 0x0000000082200000| Untracked 
|  35|0x0000000082300000, 0x0000000082400000, 0x0000000082400000|100%| O|  |TAMS 0x0000000082400000, 0x0000000082300000| Untracked 
|  36|0x0000000082400000, 0x0000000082500000, 0x0000000082500000|100%| O|  |TAMS 0x0000000082500000, 0x0000000082400000| Untracked 
|  37|0x0000000082500000, 0x0000000082600000, 0x0000000082600000|100%| O|  |TAMS 0x0000000082600000, 0x0000000082500000| Untracked 
|  38|0x0000000082600000, 0x0000000082700000, 0x0000000082700000|100%| O|  |TAMS 0x0000000082700000, 0x0000000082600000| Untracked 
|  39|0x0000000082700000, 0x0000000082800000, 0x0000000082800000|100%| O|  |TAMS 0x0000000082800000, 0x0000000082700000| Untracked 
|  40|0x0000000082800000, 0x0000000082900000, 0x0000000082900000|100%| O|  |TAMS 0x0000000082900000, 0x0000000082800000| Untracked 
|  41|0x0000000082900000, 0x0000000082a00000, 0x0000000082a00000|100%| O|  |TAMS 0x0000000082a00000, 0x0000000082900000| Untracked 
|  42|0x0000000082a00000, 0x0000000082b00000, 0x0000000082b00000|100%| O|  |TAMS 0x0000000082b00000, 0x0000000082a00000| Untracked 
|  43|0x0000000082b00000, 0x0000000082c00000, 0x0000000082c00000|100%| O|  |TAMS 0x0000000082c00000, 0x0000000082b00000| Untracked 
|  44|0x0000000082c00000, 0x0000000082d00000, 0x0000000082d00000|100%| O|  |TAMS 0x0000000082cdc600, 0x0000000082c00000| Untracked 
|  45|0x0000000082d00000, 0x0000000082e00000, 0x0000000082e00000|100%| O|  |TAMS 0x0000000082d00000, 0x0000000082d00000| Untracked 
|  46|0x0000000082e00000, 0x0000000082f00000, 0x0000000082f00000|100%| O|  |TAMS 0x0000000082e00000, 0x0000000082e00000| Untracked 
|  47|0x0000000082f00000, 0x0000000083000000, 0x0000000083000000|100%| O|  |TAMS 0x0000000082f00000, 0x0000000082f00000| Untracked 
|  48|0x0000000083000000, 0x0000000083100000, 0x0000000083100000|100%| O|  |TAMS 0x0000000083000000, 0x0000000083000000| Untracked 
|  49|0x0000000083100000, 0x0000000083200000, 0x0000000083200000|100%| O|  |TAMS 0x0000000083100000, 0x0000000083100000| Untracked 
|  50|0x0000000083200000, 0x0000000083300000, 0x0000000083300000|100%| O|  |TAMS 0x0000000083200000, 0x0000000083200000| Untracked 
|  51|0x0000000083300000, 0x0000000083400000, 0x0000000083400000|100%| O|  |TAMS 0x0000000083300000, 0x0000000083300000| Untracked 
|  52|0x0000000083400000, 0x0000000083500000, 0x0000000083500000|100%| O|  |TAMS 0x0000000083400000, 0x0000000083400000| Untracked 
|  53|0x0000000083500000, 0x0000000083600000, 0x0000000083600000|100%| O|  |TAMS 0x0000000083500000, 0x0000000083500000| Untracked 
|  54|0x0000000083600000, 0x0000000083700000, 0x0000000083700000|100%| O|  |TAMS 0x0000000083600000, 0x0000000083600000| Untracked 
|  55|0x0000000083700000, 0x0000000083800000, 0x0000000083800000|100%| O|  |TAMS 0x0000000083700000, 0x0000000083700000| Untracked 
|  56|0x0000000083800000, 0x0000000083900000, 0x0000000083900000|100%| O|  |TAMS 0x0000000083800000, 0x0000000083800000| Untracked 
|  57|0x0000000083900000, 0x0000000083a00000, 0x0000000083a00000|100%| O|  |TAMS 0x0000000083900000, 0x0000000083900000| Untracked 
|  58|0x0000000083a00000, 0x0000000083b00000, 0x0000000083b00000|100%| O|  |TAMS 0x0000000083a00000, 0x0000000083a00000| Untracked 
|  59|0x0000000083b00000, 0x0000000083c00000, 0x0000000083c00000|100%| O|  |TAMS 0x0000000083b00000, 0x0000000083b00000| Untracked 
|  60|0x0000000083c00000, 0x0000000083d00000, 0x0000000083d00000|100%| O|  |TAMS 0x0000000083c00000, 0x0000000083c00000| Untracked 
|  61|0x0000000083d00000, 0x0000000083e00000, 0x0000000083e00000|100%| O|  |TAMS 0x0000000083d00000, 0x0000000083d00000| Untracked 
|  62|0x0000000083e00000, 0x0000000083f00000, 0x0000000083f00000|100%| O|  |TAMS 0x0000000083e00000, 0x0000000083e00000| Untracked 
|  63|0x0000000083f00000, 0x0000000084000000, 0x0000000084000000|100%| O|  |TAMS 0x0000000083f00000, 0x0000000083f00000| Untracked 
|  64|0x0000000084000000, 0x0000000084100000, 0x0000000084100000|100%| O|  |TAMS 0x0000000084000000, 0x0000000084000000| Untracked 
|  65|0x0000000084100000, 0x0000000084200000, 0x0000000084200000|100%| O|  |TAMS 0x0000000084100000, 0x0000000084100000| Untracked 
|  66|0x0000000084200000, 0x0000000084300000, 0x0000000084300000|100%| O|  |TAMS 0x0000000084200000, 0x0000000084200000| Untracked 
|  67|0x0000000084300000, 0x0000000084400000, 0x0000000084400000|100%| O|  |TAMS 0x0000000084300000, 0x0000000084300000| Untracked 
|  68|0x0000000084400000, 0x0000000084500000, 0x0000000084500000|100%| O|  |TAMS 0x0000000084400000, 0x0000000084400000| Untracked 
|  69|0x0000000084500000, 0x00000000845e1400, 0x0000000084600000| 87%| O|  |TAMS 0x0000000084500000, 0x0000000084500000| Untracked 
|  70|0x0000000084600000, 0x0000000084600000, 0x0000000084700000|  0%| F|  |TAMS 0x0000000084600000, 0x0000000084600000| Untracked 
|  71|0x0000000084700000, 0x0000000084700000, 0x0000000084800000|  0%| F|  |TAMS 0x0000000084700000, 0x0000000084700000| Untracked 
|  72|0x0000000084800000, 0x0000000084800000, 0x0000000084900000|  0%| F|  |TAMS 0x0000000084800000, 0x0000000084800000| Untracked 
|  73|0x0000000084900000, 0x0000000084900000, 0x0000000084a00000|  0%| F|  |TAMS 0x0000000084900000, 0x0000000084900000| Untracked 
|  74|0x0000000084a00000, 0x0000000084a00000, 0x0000000084b00000|  0%| F|  |TAMS 0x0000000084a00000, 0x0000000084a00000| Untracked 
|  75|0x0000000084b00000, 0x0000000084b00000, 0x0000000084c00000|  0%| F|  |TAMS 0x0000000084b00000, 0x0000000084b00000| Untracked 
|  76|0x0000000084c00000, 0x0000000084c00000, 0x0000000084d00000|  0%| F|  |TAMS 0x0000000084c00000, 0x0000000084c00000| Untracked 
|  77|0x0000000084d00000, 0x0000000084d00000, 0x0000000084e00000|  0%| F|  |TAMS 0x0000000084d00000, 0x0000000084d00000| Untracked 
|  78|0x0000000084e00000, 0x0000000084e00000, 0x0000000084f00000|  0%| F|  |TAMS 0x0000000084e00000, 0x0000000084e00000| Untracked 
|  79|0x0000000084f00000, 0x0000000084f00000, 0x0000000085000000|  0%| F|  |TAMS 0x0000000084f00000, 0x0000000084f00000| Untracked 
|  80|0x0000000085000000, 0x0000000085000000, 0x0000000085100000|  0%| F|  |TAMS 0x0000000085000000, 0x0000000085000000| Untracked 
|  81|0x0000000085100000, 0x0000000085100000, 0x0000000085200000|  0%| F|  |TAMS 0x0000000085100000, 0x0000000085100000| Untracked 
|  82|0x0000000085200000, 0x0000000085200000, 0x0000000085300000|  0%| F|  |TAMS 0x0000000085200000, 0x0000000085200000| Untracked 
|  83|0x0000000085300000, 0x0000000085300000, 0x0000000085400000|  0%| F|  |TAMS 0x0000000085300000, 0x0000000085300000| Untracked 
|  84|0x0000000085400000, 0x0000000085400000, 0x0000000085500000|  0%| F|  |TAMS 0x0000000085400000, 0x0000000085400000| Untracked 
|  85|0x0000000085500000, 0x0000000085500000, 0x0000000085600000|  0%| F|  |TAMS 0x0000000085500000, 0x0000000085500000| Untracked 
|  86|0x0000000085600000, 0x0000000085600000, 0x0000000085700000|  0%| F|  |TAMS 0x0000000085600000, 0x0000000085600000| Untracked 
|  87|0x0000000085700000, 0x0000000085700000, 0x0000000085800000|  0%| F|  |TAMS 0x0000000085700000, 0x0000000085700000| Untracked 
|  88|0x0000000085800000, 0x0000000085800000, 0x0000000085900000|  0%| F|  |TAMS 0x0000000085800000, 0x0000000085800000| Untracked 
|  89|0x0000000085900000, 0x0000000085900000, 0x0000000085a00000|  0%| F|  |TAMS 0x0000000085900000, 0x0000000085900000| Untracked 
|  90|0x0000000085a00000, 0x0000000085a00000, 0x0000000085b00000|  0%| F|  |TAMS 0x0000000085a00000, 0x0000000085a00000| Untracked 
|  91|0x0000000085b00000, 0x0000000085b00000, 0x0000000085c00000|  0%| F|  |TAMS 0x0000000085b00000, 0x0000000085b00000| Untracked 
|  92|0x0000000085c00000, 0x0000000085c00000, 0x0000000085d00000|  0%| F|  |TAMS 0x0000000085c00000, 0x0000000085c00000| Untracked 
|  93|0x0000000085d00000, 0x0000000085d00000, 0x0000000085e00000|  0%| F|  |TAMS 0x0000000085d00000, 0x0000000085d00000| Untracked 
|  94|0x0000000085e00000, 0x0000000085e00000, 0x0000000085f00000|  0%| F|  |TAMS 0x0000000085e00000, 0x0000000085e00000| Untracked 
|  95|0x0000000085f00000, 0x0000000085fc6bc0, 0x0000000086000000| 77%| S|CS|TAMS 0x0000000085f00000, 0x0000000085f00000| Complete 
|  96|0x0000000086000000, 0x0000000086100000, 0x0000000086100000|100%| S|CS|TAMS 0x0000000086000000, 0x0000000086000000| Complete 
|  97|0x0000000086100000, 0x0000000086100000, 0x0000000086200000|  0%| F|  |TAMS 0x0000000086100000, 0x0000000086100000| Untracked 
|  98|0x0000000086200000, 0x0000000086200000, 0x0000000086300000|  0%| F|  |TAMS 0x0000000086200000, 0x0000000086200000| Untracked 
|  99|0x0000000086300000, 0x0000000086400000, 0x0000000086400000|100%| S|CS|TAMS 0x0000000086300000, 0x0000000086300000| Complete 
| 100|0x0000000086400000, 0x0000000086500000, 0x0000000086500000|100%| S|CS|TAMS 0x0000000086400000, 0x0000000086400000| Complete 
| 101|0x0000000086500000, 0x0000000086600000, 0x0000000086600000|100%| S|CS|TAMS 0x0000000086500000, 0x0000000086500000| Complete 
| 102|0x0000000086600000, 0x0000000086600000, 0x0000000086700000|  0%| F|  |TAMS 0x0000000086600000, 0x0000000086600000| Untracked 
| 103|0x0000000086700000, 0x0000000086700000, 0x0000000086800000|  0%| F|  |TAMS 0x0000000086700000, 0x0000000086700000| Untracked 
| 104|0x0000000086800000, 0x0000000086800000, 0x0000000086900000|  0%| F|  |TAMS 0x0000000086800000, 0x0000000086800000| Untracked 
| 105|0x0000000086900000, 0x0000000086900000, 0x0000000086a00000|  0%| F|  |TAMS 0x0000000086900000, 0x0000000086900000| Untracked 
| 106|0x0000000086a00000, 0x0000000086a00000, 0x0000000086b00000|  0%| F|  |TAMS 0x0000000086a00000, 0x0000000086a00000| Untracked 
| 107|0x0000000086b00000, 0x0000000086b00000, 0x0000000086c00000|  0%| F|  |TAMS 0x0000000086b00000, 0x0000000086b00000| Untracked 
| 108|0x0000000086c00000, 0x0000000086c00000, 0x0000000086d00000|  0%| F|  |TAMS 0x0000000086c00000, 0x0000000086c00000| Untracked 
| 109|0x0000000086d00000, 0x0000000086d00000, 0x0000000086e00000|  0%| F|  |TAMS 0x0000000086d00000, 0x0000000086d00000| Untracked 
| 110|0x0000000086e00000, 0x0000000086e00000, 0x0000000086f00000|  0%| F|  |TAMS 0x0000000086e00000, 0x0000000086e00000| Untracked 
| 111|0x0000000086f00000, 0x0000000086f00000, 0x0000000087000000|  0%| F|  |TAMS 0x0000000086f00000, 0x0000000086f00000| Untracked 
| 112|0x0000000087000000, 0x0000000087000000, 0x0000000087100000|  0%| F|  |TAMS 0x0000000087000000, 0x0000000087000000| Untracked 
| 113|0x0000000087100000, 0x0000000087100000, 0x0000000087200000|  0%| F|  |TAMS 0x0000000087100000, 0x0000000087100000| Untracked 
| 114|0x0000000087200000, 0x0000000087200000, 0x0000000087300000|  0%| F|  |TAMS 0x0000000087200000, 0x0000000087200000| Untracked 
| 115|0x0000000087300000, 0x0000000087300000, 0x0000000087400000|  0%| F|  |TAMS 0x0000000087300000, 0x0000000087300000| Untracked 
| 116|0x0000000087400000, 0x0000000087400000, 0x0000000087500000|  0%| F|  |TAMS 0x0000000087400000, 0x0000000087400000| Untracked 
| 117|0x0000000087500000, 0x0000000087500000, 0x0000000087600000|  0%| F|  |TAMS 0x0000000087500000, 0x0000000087500000| Untracked 
| 118|0x0000000087600000, 0x0000000087600000, 0x0000000087700000|  0%| F|  |TAMS 0x0000000087600000, 0x0000000087600000| Untracked 
| 119|0x0000000087700000, 0x0000000087700000, 0x0000000087800000|  0%| F|  |TAMS 0x0000000087700000, 0x0000000087700000| Untracked 
| 120|0x0000000087800000, 0x0000000087800000, 0x0000000087900000|  0%| F|  |TAMS 0x0000000087800000, 0x0000000087800000| Untracked 
| 121|0x0000000087900000, 0x0000000087900000, 0x0000000087a00000|  0%| F|  |TAMS 0x0000000087900000, 0x0000000087900000| Untracked 
| 122|0x0000000087a00000, 0x0000000087a00000, 0x0000000087b00000|  0%| F|  |TAMS 0x0000000087a00000, 0x0000000087a00000| Untracked 
| 123|0x0000000087b00000, 0x0000000087b00000, 0x0000000087c00000|  0%| F|  |TAMS 0x0000000087b00000, 0x0000000087b00000| Untracked 
| 124|0x0000000087c00000, 0x0000000087c00000, 0x0000000087d00000|  0%| F|  |TAMS 0x0000000087c00000, 0x0000000087c00000| Untracked 
| 125|0x0000000087d00000, 0x0000000087d00000, 0x0000000087e00000|  0%| F|  |TAMS 0x0000000087d00000, 0x0000000087d00000| Untracked 
| 126|0x0000000087e00000, 0x0000000087e00000, 0x0000000087f00000|  0%| F|  |TAMS 0x0000000087e00000, 0x0000000087e00000| Untracked 
| 127|0x0000000087f00000, 0x0000000087f00000, 0x0000000088000000|  0%| F|  |TAMS 0x0000000087f00000, 0x0000000087f00000| Untracked 
| 128|0x0000000088000000, 0x0000000088000000, 0x0000000088100000|  0%| F|  |TAMS 0x0000000088000000, 0x0000000088000000| Untracked 
| 129|0x0000000088100000, 0x0000000088100000, 0x0000000088200000|  0%| F|  |TAMS 0x0000000088100000, 0x0000000088100000| Untracked 
| 130|0x0000000088200000, 0x0000000088200000, 0x0000000088300000|  0%| F|  |TAMS 0x0000000088200000, 0x0000000088200000| Untracked 
| 131|0x0000000088300000, 0x0000000088300000, 0x0000000088400000|  0%| F|  |TAMS 0x0000000088300000, 0x0000000088300000| Untracked 
| 132|0x0000000088400000, 0x0000000088400000, 0x0000000088500000|  0%| F|  |TAMS 0x0000000088400000, 0x0000000088400000| Untracked 
| 133|0x0000000088500000, 0x0000000088500000, 0x0000000088600000|  0%| F|  |TAMS 0x0000000088500000, 0x0000000088500000| Untracked 
| 134|0x0000000088600000, 0x0000000088600000, 0x0000000088700000|  0%| F|  |TAMS 0x0000000088600000, 0x0000000088600000| Untracked 
| 135|0x0000000088700000, 0x0000000088700000, 0x0000000088800000|  0%| F|  |TAMS 0x0000000088700000, 0x0000000088700000| Untracked 
| 136|0x0000000088800000, 0x0000000088800000, 0x0000000088900000|  0%| F|  |TAMS 0x0000000088800000, 0x0000000088800000| Untracked 
| 137|0x0000000088900000, 0x0000000088900000, 0x0000000088a00000|  0%| F|  |TAMS 0x0000000088900000, 0x0000000088900000| Untracked 
| 138|0x0000000088a00000, 0x0000000088a00000, 0x0000000088b00000|  0%| F|  |TAMS 0x0000000088a00000, 0x0000000088a00000| Untracked 
| 139|0x0000000088b00000, 0x0000000088b00000, 0x0000000088c00000|  0%| F|  |TAMS 0x0000000088b00000, 0x0000000088b00000| Untracked 
| 140|0x0000000088c00000, 0x0000000088c00000, 0x0000000088d00000|  0%| F|  |TAMS 0x0000000088c00000, 0x0000000088c00000| Untracked 
| 141|0x0000000088d00000, 0x0000000088d00000, 0x0000000088e00000|  0%| F|  |TAMS 0x0000000088d00000, 0x0000000088d00000| Untracked 
| 142|0x0000000088e00000, 0x0000000088e00000, 0x0000000088f00000|  0%| F|  |TAMS 0x0000000088e00000, 0x0000000088e00000| Untracked 
| 143|0x0000000088f00000, 0x0000000088f00000, 0x0000000089000000|  0%| F|  |TAMS 0x0000000088f00000, 0x0000000088f00000| Untracked 
| 144|0x0000000089000000, 0x0000000089000000, 0x0000000089100000|  0%| F|  |TAMS 0x0000000089000000, 0x0000000089000000| Untracked 
| 145|0x0000000089100000, 0x0000000089100000, 0x0000000089200000|  0%| F|  |TAMS 0x0000000089100000, 0x0000000089100000| Untracked 
| 146|0x0000000089200000, 0x0000000089200000, 0x0000000089300000|  0%| F|  |TAMS 0x0000000089200000, 0x0000000089200000| Untracked 
| 147|0x0000000089300000, 0x0000000089300000, 0x0000000089400000|  0%| F|  |TAMS 0x0000000089300000, 0x0000000089300000| Untracked 
| 148|0x0000000089400000, 0x0000000089400000, 0x0000000089500000|  0%| F|  |TAMS 0x0000000089400000, 0x0000000089400000| Untracked 
| 149|0x0000000089500000, 0x0000000089500000, 0x0000000089600000|  0%| F|  |TAMS 0x0000000089500000, 0x0000000089500000| Untracked 
| 150|0x0000000089600000, 0x0000000089600000, 0x0000000089700000|  0%| F|  |TAMS 0x0000000089600000, 0x0000000089600000| Untracked 
| 151|0x0000000089700000, 0x0000000089700000, 0x0000000089800000|  0%| F|  |TAMS 0x0000000089700000, 0x0000000089700000| Untracked 
| 152|0x0000000089800000, 0x0000000089800000, 0x0000000089900000|  0%| F|  |TAMS 0x0000000089800000, 0x0000000089800000| Untracked 
| 153|0x0000000089900000, 0x0000000089900000, 0x0000000089a00000|  0%| F|  |TAMS 0x0000000089900000, 0x0000000089900000| Untracked 

Card table byte_map: [0x000001f9e74f0000,0x000001f9e78f0000] _byte_map_base: 0x000001f9e70f0000

Marking Bits (Prev, Next): (CMBitMap*) 0x000001f9d256cbd0, (CMBitMap*) 0x000001f9d256cb98
 Prev Bits: [0x000001f9e9cf0000, 0x000001f9ebcf0000)
 Next Bits: [0x000001f9e7cf0000, 0x000001f9e9cf0000)

Polling page: 0x000001f9d7660000

Metaspace:

Usage:
  Non-class:     69.56 MB capacity,    68.29 MB ( 98%) used,     1.07 MB (  2%) free+waste,   210.44 KB ( <1%) overhead. 
      Class:     10.81 MB capacity,    10.16 MB ( 94%) used,   569.81 KB (  5%) free+waste,    96.38 KB ( <1%) overhead. 
       Both:     80.38 MB capacity,    78.45 MB ( 98%) used,     1.62 MB (  2%) free+waste,   306.81 KB ( <1%) overhead. 

Virtual space:
  Non-class space:       70.00 MB reserved,      69.75 MB (>99%) committed 
      Class space:        1.00 GB reserved,      10.88 MB (  1%) committed 
             Both:        1.07 GB reserved,      80.63 MB (  7%) committed 

Chunk freelists:
   Non-Class:  63.00 KB
       Class:  1.00 KB
        Both:  64.00 KB

MaxMetaspaceSize: 17179869184.00 GB
CompressedClassSpaceSize: 1.00 GB

CodeHeap 'non-profiled nmethods': size=120000Kb used=4773Kb max_used=4773Kb free=115226Kb
 bounds [0x000001f9df150000, 0x000001f9df600000, 0x000001f9e6680000]
CodeHeap 'profiled nmethods': size=120000Kb used=18622Kb max_used=18622Kb free=101377Kb
 bounds [0x000001f9d7c20000, 0x000001f9d8e60000, 0x000001f9df150000]
CodeHeap 'non-nmethods': size=5760Kb used=2249Kb max_used=2291Kb free=3510Kb
 bounds [0x000001f9d7680000, 0x000001f9d78f0000, 0x000001f9d7c20000]
 total_blobs=9470 nmethods=8635 adapters=746
 compilation: enabled
              stopped_count=0, restarted_count=0
 full_count=0

Compilation events (20 events):
Event: 17.301 Thread 0x000001f9f38a4800 8925       4       jdk.internal.org.objectweb.asm.ByteVector::putInt (74 bytes)
Event: 17.302 Thread 0x000001f9f38a4800 nmethod 8925 0x000001f9df5f8a90 code [0x000001f9df5f8c20, 0x000001f9df5f8d58]
Event: 17.307 Thread 0x000001f9f38a4800 8927  s    4       java.io.DataOutputStream::write (16 bytes)
Event: 17.310 Thread 0x000001f9f38a4800 nmethod 8927 0x000001f9df5f8e90 code [0x000001f9df5f9020, 0x000001f9df5f9358]
Event: 17.319 Thread 0x000001f9ef072800 8928       3       java.io.ObjectStreamClass::forClass (52 bytes)
Event: 17.322 Thread 0x000001f9ef072800 nmethod 8928 0x000001f9d8e49310 code [0x000001f9d8e49680, 0x000001f9d8e4ae38]
Event: 17.328 Thread 0x000001f9ef072800 8929       3       sun.security.provider.DigestBase::implCompressMultiBlock0 (23 bytes)
Event: 17.328 Thread 0x000001f9ef072800 nmethod 8929 0x000001f9d8e4b510 code [0x000001f9d8e4b6e0, 0x000001f9d8e4b988]
Event: 17.328 Thread 0x000001f9ef072800 8932   !   3       java.io.ObjectOutputStream::writeObject0 (619 bytes)
Event: 17.334 Thread 0x000001f9ef072800 nmethod 8932 0x000001f9d8e4ba90 code [0x000001f9d8e4c0e0, 0x000001f9d8e4f798]
Event: 17.334 Thread 0x000001f9ef072800 8934       3       java.io.ObjectOutputStream::writeByte (9 bytes)
Event: 17.334 Thread 0x000001f9ef072800 nmethod 8934 0x000001f9d8e50d90 code [0x000001f9d8e50f60, 0x000001f9d8e511a8]
Event: 17.334 Thread 0x000001f9ef072800 8933       3       java.io.ObjectOutputStream$ReplaceTable::lookup (24 bytes)
Event: 17.334 Thread 0x000001f9ef072800 nmethod 8933 0x000001f9d8e51310 code [0x000001f9d8e514e0, 0x000001f9d8e516c8]
Event: 17.334 Thread 0x000001f9ef072800 8935       3       java.io.ObjectOutputStream::writeUTF (9 bytes)
Event: 17.335 Thread 0x000001f9ef072800 nmethod 8935 0x000001f9d8e51810 code [0x000001f9d8e519e0, 0x000001f9d8e51bf8]
Event: 17.335 Thread 0x000001f9ef072800 8930       3       java.io.ObjectStreamClass::getSerialVersionUID (33 bytes)
Event: 17.335 Thread 0x000001f9ef072800 nmethod 8930 0x000001f9d8e51d10 code [0x000001f9d8e51f00, 0x000001f9d8e52348]
Event: 17.336 Thread 0x000001f9ef072800 8931       3       java.util.ArrayDeque::remove (5 bytes)
Event: 17.338 Thread 0x000001f9ef072800 nmethod 8931 0x000001f9d8e52490 code [0x000001f9d8e52660, 0x000001f9d8e528f8]

GC Heap History (20 events):
Event: 8.267 GC heap after
{Heap after GC invocations=8 (full 0):
 garbage-first heap   total 131072K, used 24887K [0x0000000080000000, 0x0000000100000000)
  region size 1024K, 7 young (7168K), 7 survivors (7168K)
 Metaspace       used 40805K, capacity 41726K, committed 41984K, reserved 1085440K
  class space    used 5212K, capacity 5533K, committed 5632K, reserved 1048576K
}
Event: 9.721 GC heap before
{Heap before GC invocations=8 (full 0):
 garbage-first heap   total 131072K, used 87351K [0x0000000080000000, 0x0000000100000000)
  region size 1024K, 68 young (69632K), 7 survivors (7168K)
 Metaspace       used 44481K, capacity 45530K, committed 45824K, reserved 1089536K
  class space    used 5703K, capacity 6080K, committed 6144K, reserved 1048576K
}
Event: 9.745 GC heap after
{Heap after GC invocations=9 (full 0):
 garbage-first heap   total 131072K, used 29231K [0x0000000080000000, 0x0000000100000000)
  region size 1024K, 8 young (8192K), 8 survivors (8192K)
 Metaspace       used 44481K, capacity 45530K, committed 45824K, reserved 1089536K
  class space    used 5703K, capacity 6080K, committed 6144K, reserved 1048576K
}
Event: 11.153 GC heap before
{Heap before GC invocations=9 (full 0):
 garbage-first heap   total 131072K, used 97839K [0x0000000080000000, 0x0000000100000000)
  region size 1024K, 69 young (70656K), 8 survivors (8192K)
 Metaspace       used 50020K, capacity 51250K, committed 51328K, reserved 1093632K
  class space    used 6364K, capacity 6754K, committed 6784K, reserved 1048576K
}
Event: 11.165 GC heap after
{Heap after GC invocations=10 (full 0):
 garbage-first heap   total 157696K, used 44757K [0x0000000080000000, 0x0000000100000000)
  region size 1024K, 9 young (9216K), 9 survivors (9216K)
 Metaspace       used 50020K, capacity 51250K, committed 51328K, reserved 1093632K
  class space    used 6364K, capacity 6754K, committed 6784K, reserved 1048576K
}
Event: 12.251 GC heap before
{Heap before GC invocations=10 (full 0):
 garbage-first heap   total 157696K, used 109269K [0x0000000080000000, 0x0000000100000000)
  region size 1024K, 73 young (74752K), 9 survivors (9216K)
 Metaspace       used 58091K, capacity 59510K, committed 59776K, reserved 1101824K
  class space    used 7412K, capacity 7938K, committed 8064K, reserved 1048576K
}
Event: 12.261 GC heap after
{Heap after GC invocations=11 (full 0):
 garbage-first heap   total 157696K, used 50628K [0x0000000080000000, 0x0000000100000000)
  region size 1024K, 5 young (5120K), 5 survivors (5120K)
 Metaspace       used 58091K, capacity 59510K, committed 59776K, reserved 1101824K
  class space    used 7412K, capacity 7938K, committed 8064K, reserved 1048576K
}
Event: 12.328 GC heap before
{Heap before GC invocations=11 (full 0):
 garbage-first heap   total 157696K, used 54724K [0x0000000080000000, 0x0000000100000000)
  region size 1024K, 10 young (10240K), 5 survivors (5120K)
 Metaspace       used 58616K, capacity 60067K, committed 60160K, reserved 1101824K
  class space    used 7454K, capacity 7974K, committed 8064K, reserved 1048576K
}
Event: 12.334 GC heap after
{Heap after GC invocations=12 (full 0):
 garbage-first heap   total 157696K, used 51289K [0x0000000080000000, 0x0000000100000000)
  region size 1024K, 6 young (6144K), 6 survivors (6144K)
 Metaspace       used 58616K, capacity 60067K, committed 60160K, reserved 1101824K
  class space    used 7454K, capacity 7974K, committed 8064K, reserved 1048576K
}
Event: 13.180 GC heap before
{Heap before GC invocations=13 (full 0):
 garbage-first heap   total 157696K, used 113753K [0x0000000080000000, 0x0000000100000000)
  region size 1024K, 67 young (68608K), 6 survivors (6144K)
 Metaspace       used 62203K, capacity 63672K, committed 63744K, reserved 1103872K
  class space    used 7899K, capacity 8442K, committed 8448K, reserved 1048576K
}
Event: 13.190 GC heap after
{Heap after GC invocations=14 (full 0):
 garbage-first heap   total 157696K, used 55408K [0x0000000080000000, 0x0000000100000000)
  region size 1024K, 6 young (6144K), 6 survivors (6144K)
 Metaspace       used 62203K, capacity 63672K, committed 63744K, reserved 1103872K
  class space    used 7899K, capacity 8442K, committed 8448K, reserved 1048576K
}
Event: 13.981 GC heap before
{Heap before GC invocations=14 (full 0):
 garbage-first heap   total 157696K, used 116848K [0x0000000080000000, 0x0000000100000000)
  region size 1024K, 66 young (67584K), 6 survivors (6144K)
 Metaspace       used 67802K, capacity 69286K, committed 69504K, reserved 1110016K
  class space    used 8775K, capacity 9306K, committed 9344K, reserved 1048576K
}
Event: 13.991 GC heap after
{Heap after GC invocations=15 (full 0):
 garbage-first heap   total 157696K, used 60056K [0x0000000080000000, 0x0000000100000000)
  region size 1024K, 9 young (9216K), 9 survivors (9216K)
 Metaspace       used 67802K, capacity 69286K, committed 69504K, reserved 1110016K
  class space    used 8775K, capacity 9306K, committed 9344K, reserved 1048576K
}
Event: 14.774 GC heap before
{Heap before GC invocations=15 (full 0):
 garbage-first heap   total 157696K, used 120472K [0x0000000080000000, 0x0000000100000000)
  region size 1024K, 68 young (69632K), 9 survivors (9216K)
 Metaspace       used 73395K, capacity 74987K, committed 75264K, reserved 1114112K
  class space    used 9548K, capacity 10149K, committed 10240K, reserved 1048576K
}
Event: 14.787 GC heap after
{Heap after GC invocations=16 (full 0):
 garbage-first heap   total 157696K, used 64597K [0x0000000080000000, 0x0000000100000000)
  region size 1024K, 9 young (9216K), 9 survivors (9216K)
 Metaspace       used 73395K, capacity 74987K, committed 75264K, reserved 1114112K
  class space    used 9548K, capacity 10149K, committed 10240K, reserved 1048576K
}
Event: 15.669 GC heap before
{Heap before GC invocations=16 (full 0):
 garbage-first heap   total 157696K, used 122965K [0x0000000080000000, 0x0000000100000000)
  region size 1024K, 66 young (67584K), 9 survivors (9216K)
 Metaspace       used 77074K, capacity 78813K, committed 79104K, reserved 1118208K
  class space    used 10055K, capacity 10700K, committed 10752K, reserved 1048576K
}
Event: 15.682 GC heap after
{Heap after GC invocations=17 (full 0):
 garbage-first heap   total 157696K, used 68539K [0x0000000080000000, 0x0000000100000000)
  region size 1024K, 9 young (9216K), 9 survivors (9216K)
 Metaspace       used 77074K, capacity 78813K, committed 79104K, reserved 1118208K
  class space    used 10055K, capacity 10700K, committed 10752K, reserved 1048576K
}
Event: 16.751 GC heap before
{Heap before GC invocations=17 (full 0):
 garbage-first heap   total 157696K, used 123835K [0x0000000080000000, 0x0000000100000000)
  region size 1024K, 64 young (65536K), 9 survivors (9216K)
 Metaspace       used 77998K, capacity 79815K, committed 80000K, reserved 1118208K
  class space    used 10184K, capacity 10856K, committed 10880K, reserved 1048576K
}
Event: 16.769 GC heap after
{Heap after GC invocations=18 (full 0):
 garbage-first heap   total 157696K, used 73113K [0x0000000080000000, 0x0000000100000000)
  region size 1024K, 8 young (8192K), 8 survivors (8192K)
 Metaspace       used 77998K, capacity 79815K, committed 80000K, reserved 1118208K
  class space    used 10184K, capacity 10856K, committed 10880K, reserved 1048576K
}
Event: 17.339 GC heap before
{Heap before GC invocations=18 (full 0):
 garbage-first heap   total 157696K, used 125337K [0x0000000080000000, 0x0000000100000000)
  region size 1024K, 60 young (61440K), 8 survivors (8192K)
 Metaspace       used 80336K, capacity 82304K, committed 82560K, reserved 1120256K
  class space    used 10404K, capacity 11071K, committed 11136K, reserved 1048576K
}

Deoptimization events (20 events):
Event: 17.318 Thread 0x000001f9f148e000 Uncommon trap: trap_request=0xffffff6e fr.pc=0x000001f9df5847ec relative=0x000000000000078c
Event: 17.318 Thread 0x000001f9f148e000 Uncommon trap: reason=speculate_class_check action=maybe_recompile pc=0x000001f9df5847ec method=sun.security.provider.DigestBase.implCompressMultiBlock([BII)I @ 11 c2
Event: 17.318 Thread 0x000001f9f148e000 DEOPT PACKING pc=0x000001f9df5847ec sp=0x000000be174fcb10
Event: 17.318 Thread 0x000001f9f148e000 DEOPT UNPACKING pc=0x000001f9d76a74af sp=0x000000be174fca48 mode 2
Event: 17.319 Thread 0x000001f9f148e000 Uncommon trap: trap_request=0xffffff6e fr.pc=0x000001f9df5847ec relative=0x000000000000078c
Event: 17.319 Thread 0x000001f9f148e000 Uncommon trap: reason=speculate_class_check action=maybe_recompile pc=0x000001f9df5847ec method=sun.security.provider.DigestBase.implCompressMultiBlock([BII)I @ 11 c2
Event: 17.319 Thread 0x000001f9f148e000 DEOPT PACKING pc=0x000001f9df5847ec sp=0x000000be174fc8a0
Event: 17.319 Thread 0x000001f9f148e000 DEOPT UNPACKING pc=0x000001f9d76a74af sp=0x000000be174fc7d8 mode 2
Event: 17.327 Thread 0x000001f9f3a64800 Uncommon trap: trap_request=0xffffffc6 fr.pc=0x000001f9df2ad000 relative=0x0000000000000420
Event: 17.327 Thread 0x000001f9f3a64800 Uncommon trap: reason=bimorphic_or_optimized_type_check action=maybe_recompile pc=0x000001f9df2ad000 method=java.util.Collections$SetFromMap.remove(Ljava/lang/Object;)Z @ 5 c2
Event: 17.327 Thread 0x000001f9f3a64800 DEOPT PACKING pc=0x000001f9df2ad000 sp=0x000000be20bfed20
Event: 17.327 Thread 0x000001f9f3a64800 DEOPT UNPACKING pc=0x000001f9d76a74af sp=0x000000be20bfed18 mode 2
Event: 17.329 Thread 0x000001f9f3a64800 Uncommon trap: trap_request=0xffffffc6 fr.pc=0x000001f9df2ad000 relative=0x0000000000000420
Event: 17.330 Thread 0x000001f9f3a64800 Uncommon trap: reason=bimorphic_or_optimized_type_check action=maybe_recompile pc=0x000001f9df2ad000 method=java.util.Collections$SetFromMap.remove(Ljava/lang/Object;)Z @ 5 c2
Event: 17.330 Thread 0x000001f9f3a64800 DEOPT PACKING pc=0x000001f9df2ad000 sp=0x000000be20bfed20
Event: 17.330 Thread 0x000001f9f3a64800 DEOPT UNPACKING pc=0x000001f9d76a74af sp=0x000000be20bfed18 mode 2
Event: 17.330 Thread 0x000001f9f3a64800 Uncommon trap: trap_request=0xffffffc6 fr.pc=0x000001f9df2ad000 relative=0x0000000000000420
Event: 17.330 Thread 0x000001f9f3a64800 Uncommon trap: reason=bimorphic_or_optimized_type_check action=maybe_recompile pc=0x000001f9df2ad000 method=java.util.Collections$SetFromMap.remove(Ljava/lang/Object;)Z @ 5 c2
Event: 17.330 Thread 0x000001f9f3a64800 DEOPT PACKING pc=0x000001f9df2ad000 sp=0x000000be20bfebc0
Event: 17.330 Thread 0x000001f9f3a64800 DEOPT UNPACKING pc=0x000001f9d76a74af sp=0x000000be20bfebb8 mode 2

Classes redefined (0 events):
No events

Internal exceptions (20 events):
Event: 15.206 Thread 0x000001f9efe6f800 Exception <a 'java/lang/ClassNotFoundException'{0x0000000087675e80}: org/gradle/api/internal/file/CompositeFileCollectionBeanInfo> (0x0000000087675e80) thrown at [./src/hotspot/share/classfile/systemDictionary.cpp, line 231]
Event: 15.206 Thread 0x000001f9efe6f800 Exception <a 'java/lang/ClassNotFoundException'{0x0000000087688a40}: org/gradle/api/internal/file/CompositeFileCollectionCustomizer> (0x0000000087688a40) thrown at [./src/hotspot/share/classfile/systemDictionary.cpp, line 231]
Event: 15.207 Thread 0x000001f9efe6f800 Exception <a 'java/lang/ClassNotFoundException'{0x00000000876a5ee8}: org/gradle/api/internal/file/collections/DefaultConfigurableFileCollectionCustomizer> (0x00000000876a5ee8) thrown at [./src/hotspot/share/classfile/systemDictionary.cpp, line 231]
Event: 15.554 Thread 0x000001f9efe6f800 Exception <a 'java/lang/NoSuchMethodError'{0x0000000086cf8c28}: 'java.lang.Object java.lang.invoke.Invokers$Holder.linkToTargetMethod(java.lang.Object, java.lang.Object, java.lang.Object, java.lang.Object, java.lang.Object, java.lang.Object, java.lang.Object)'> (0x0000000086cf8c28) thrown at [./src/hotspot/share/interpreter/linkResolver.cpp, line 773]
Event: 15.587 Thread 0x000001f9f4a5e000 Exception <a 'java/lang/NoSuchMethodError'{0x000000008685f010}: 'java.lang.Object java.lang.invoke.DirectMethodHandle$Holder.invokeSpecialIFC(java.lang.Object, java.lang.Object, java.lang.Object)'> (0x000000008685f010) thrown at [./src/hotspot/share/interpreter/linkResolver.cpp, line 773]
Event: 15.587 Thread 0x000001f9f4a5b000 Exception <a 'java/lang/NoSuchMethodError'{0x0000000086816a78}: 'java.lang.Object java.lang.invoke.DirectMethodHandle$Holder.invokeSpecialIFC(java.lang.Object, java.lang.Object, java.lang.Object)'> (0x0000000086816a78) thrown at [./src/hotspot/share/interpreter/linkResolver.cpp, line 773]
Event: 15.587 Thread 0x000001f9f4a64000 Exception <a 'java/lang/NoSuchMethodError'{0x00000000869912c0}: 'java.lang.Object java.lang.invoke.DirectMethodHandle$Holder.invokeSpecialIFC(java.lang.Object, java.lang.Object, java.lang.Object)'> (0x00000000869912c0) thrown at [./src/hotspot/share/interpreter/linkResolver.cpp, line 773]
Event: 15.587 Thread 0x000001f9f4a63000 Exception <a 'java/lang/NoSuchMethodError'{0x00000000868731d8}: 'java.lang.Object java.lang.invoke.DirectMethodHandle$Holder.invokeSpecialIFC(java.lang.Object, java.lang.Object, java.lang.Object)'> (0x00000000868731d8) thrown at [./src/hotspot/share/interpreter/linkResolver.cpp, line 773]
Event: 15.587 Thread 0x000001f9f4a5f000 Exception <a 'java/lang/NoSuchMethodError'{0x0000000086970618}: 'java.lang.Object java.lang.invoke.DirectMethodHandle$Holder.invokeSpecialIFC(java.lang.Object, java.lang.Object, java.lang.Object)'> (0x0000000086970618) thrown at [./src/hotspot/share/interpreter/linkResolver.cpp, line 773]
Event: 15.587 Thread 0x000001f9f4a61800 Exception <a 'java/lang/NoSuchMethodError'{0x00000000868926d0}: 'java.lang.Object java.lang.invoke.DirectMethodHandle$Holder.invokeSpecialIFC(java.lang.Object, java.lang.Object, java.lang.Object)'> (0x00000000868926d0) thrown at [./src/hotspot/share/interpreter/linkResolver.cpp, line 773]
Event: 16.855 Thread 0x000001f9f3a69000 Exception <a 'java/lang/NoSuchMethodError'{0x0000000088ca4b30}: 'int java.lang.invoke.DirectMethodHandle$Holder.invokeVirtual(java.lang.Object, java.lang.Object)'> (0x0000000088ca4b30) thrown at [./src/hotspot/share/interpreter/linkResolver.cpp, line 773]
Event: 17.211 Thread 0x000001f9efe6f800 Exception <a 'java/lang/NoSuchMethodError'{0x0000000086dd8500}: <clinit>> (0x0000000086dd8500) thrown at [./src/hotspot/share/prims/jni.cpp, line 1362]
Event: 17.215 Thread 0x000001f9efe6f800 Exception <a 'java/lang/NoSuchMethodError'{0x0000000086c0ae58}: <clinit>> (0x0000000086c0ae58) thrown at [./src/hotspot/share/prims/jni.cpp, line 1362]
Event: 17.273 Thread 0x000001f9efe6f800 Exception <a 'sun/nio/fs/WindowsException'{0x000000008693c848}> (0x000000008693c848) thrown at [./src/hotspot/share/prims/jni.cpp, line 615]
Event: 17.318 Thread 0x000001f9f148e000 Exception <a 'java/lang/NoSuchMethodError'{0x00000000867a0098}: <clinit>> (0x00000000867a0098) thrown at [./src/hotspot/share/prims/jni.cpp, line 1362]
Event: 17.319 Thread 0x000001f9f148e000 Exception <a 'java/lang/NoSuchMethodError'{0x00000000867bd780}: <clinit>> (0x00000000867bd780) thrown at [./src/hotspot/share/prims/jni.cpp, line 1362]
Event: 17.328 Thread 0x000001f9f148e000 Exception <a 'java/lang/NoSuchMethodError'{0x0000000086601a50}: <clinit>> (0x0000000086601a50) thrown at [./src/hotspot/share/prims/jni.cpp, line 1362]
Event: 17.329 Thread 0x000001f9f148e000 Exception <a 'java/lang/NoSuchMethodError'{0x000000008666b170}: <clinit>> (0x000000008666b170) thrown at [./src/hotspot/share/prims/jni.cpp, line 1362]
Event: 17.330 Thread 0x000001f9f148e000 Exception <a 'java/lang/NoSuchMethodError'{0x000000008666c8e8}: <clinit>> (0x000000008666c8e8) thrown at [./src/hotspot/share/prims/jni.cpp, line 1362]
Event: 17.331 Thread 0x000001f9f37ed000 Exception <a 'java/lang/NoSuchMethodError'{0x0000000086864980}: 'java.lang.Object java.lang.invoke.Invokers$Holder.linkToTargetMethod(java.lang.Object, java.lang.Object, java.lang.Object, java.lang.Object, java.lang.Object, java.lang.Object, java.lang.Object, java.lang.Object)'> (0x0000000086864980) thrown at [./src/hotspot/share/interpreter/linkResolver.cpp, line 773]

Events (20 events):
Event: 17.337 Executing VM operation: RevokeBias done
Event: 17.337 Executing VM operation: RevokeBias
Event: 17.338 Executing VM operation: RevokeBias done
Event: 17.338 Executing VM operation: RevokeBias
Event: 17.338 Executing VM operation: RevokeBias done
Event: 17.338 loading class org/gradle/api/internal/tasks/properties/DefaultTaskProperties
Event: 17.338 loading class org/gradle/api/internal/tasks/properties/DefaultTaskProperties done
Event: 17.338 loading class org/gradle/tooling/events/work/WorkItemOperationDescriptor
Event: 17.338 loading class org/gradle/tooling/events/work/WorkItemOperationDescriptor done
Event: 17.338 loading class org/gradle/tooling/events/configuration/ProjectConfigurationFinishEvent
Event: 17.338 loading class org/gradle/tooling/events/configuration/ProjectConfigurationFinishEvent done
Event: 17.338 loading class org/gradle/api/internal/tasks/properties/TaskProperties
Event: 17.338 loading class org/gradle/api/internal/tasks/properties/TaskProperties done
Event: 17.339 loading class org/gradle/tooling/events/configuration/ProjectConfigurationProgressEvent
Event: 17.339 loading class org/gradle/tooling/events/configuration/ProjectConfigurationProgressEvent done
Event: 17.339 loading class org/gradle/tooling/events/configuration/ProjectConfigurationStartEvent
Event: 17.339 loading class org/gradle/tooling/events/configuration/ProjectConfigurationStartEvent done
Event: 17.339 loading class org/gradle/api/internal/tasks/properties/GetInputFilesVisitor
Event: 17.339 loading class org/gradle/api/internal/tasks/properties/GetInputFilesVisitor done
Event: 17.339 Executing VM operation: G1CollectForAllocation


Dynamic libraries:
0x00007ff7663d0000 - 0x00007ff7663da000 	C:\Users\Dark Knight\Desktop\Android Studio\jre\bin\java.exe
0x00007fff73400000 - 0x00007fff73609000 	C:\WINDOWS\SYSTEM32\ntdll.dll
0x00007fff729e0000 - 0x00007fff72a9d000 	C:\WINDOWS\System32\KERNEL32.DLL
0x00007fff70c20000 - 0x00007fff70f94000 	C:\WINDOWS\System32\KERNELBASE.dll
0x00007fff708f0000 - 0x00007fff70a01000 	C:\WINDOWS\System32\ucrtbase.dll
0x00007fff6c6c0000 - 0x00007fff6c6d9000 	C:\Users\Dark Knight\Desktop\Android Studio\jre\bin\jli.dll
0x00007fff5eca0000 - 0x00007fff5ecb7000 	C:\Users\Dark Knight\Desktop\Android Studio\jre\bin\VCRUNTIME140.dll
0x00007fff72830000 - 0x00007fff729dc000 	C:\WINDOWS\System32\USER32.dll
0x00007fff70b80000 - 0x00007fff70ba6000 	C:\WINDOWS\System32\win32u.dll
0x00007fff5dc90000 - 0x00007fff5df35000 	C:\WINDOWS\WinSxS\amd64_microsoft.windows.common-controls_6595b64144ccf1df_6.0.22000.120_none_9d947278b86cc467\COMCTL32.dll
0x00007fff72bf0000 - 0x00007fff72c19000 	C:\WINDOWS\System32\GDI32.dll
0x00007fff714a0000 - 0x00007fff71543000 	C:\WINDOWS\System32\msvcrt.dll
0x00007fff71060000 - 0x00007fff71172000 	C:\WINDOWS\System32\gdi32full.dll
0x00007fff71180000 - 0x00007fff7121d000 	C:\WINDOWS\System32\msvcp_win.dll
0x00007fff72aa0000 - 0x00007fff72ad1000 	C:\WINDOWS\System32\IMM32.DLL
0x00007fff35c70000 - 0x00007fff35d0d000 	C:\Users\Dark Knight\Desktop\Android Studio\jre\bin\msvcp140.dll
0x00007fff08830000 - 0x00007fff092ec000 	C:\Users\Dark Knight\Desktop\Android Studio\jre\bin\server\jvm.dll
0x00007fff71c70000 - 0x00007fff71d1e000 	C:\WINDOWS\System32\ADVAPI32.dll
0x00007fff71bd0000 - 0x00007fff71c6e000 	C:\WINDOWS\System32\sechost.dll
0x00007fff715e0000 - 0x00007fff71700000 	C:\WINDOWS\System32\RPCRT4.dll
0x00007fff731a0000 - 0x00007fff731a8000 	C:\WINDOWS\System32\PSAPI.DLL
0x00007fff51cb0000 - 0x00007fff51cb9000 	C:\WINDOWS\SYSTEM32\WSOCK32.dll
0x00007fff6a500000 - 0x00007fff6a533000 	C:\WINDOWS\SYSTEM32\WINMM.dll
0x00007fff73350000 - 0x00007fff733bf000 	C:\WINDOWS\System32\WS2_32.dll
0x00007fff66f70000 - 0x00007fff66f7a000 	C:\WINDOWS\SYSTEM32\VERSION.dll
0x00007fff6fae0000 - 0x00007fff6faf8000 	C:\WINDOWS\SYSTEM32\kernel.appcore.dll
0x00007fff3ca60000 - 0x00007fff3ca71000 	C:\Users\Dark Knight\Desktop\Android Studio\jre\bin\verify.dll
0x00007fff6e430000 - 0x00007fff6e651000 	C:\WINDOWS\SYSTEM32\DBGHELP.DLL
0x00007fff55b10000 - 0x00007fff55b41000 	C:\WINDOWS\SYSTEM32\dbgcore.DLL
0x00007fff71220000 - 0x00007fff7129f000 	C:\WINDOWS\System32\bcryptPrimitives.dll
0x00007fff3ca30000 - 0x00007fff3ca59000 	C:\Users\Dark Knight\Desktop\Android Studio\jre\bin\java.dll
0x00007fff6c6a0000 - 0x00007fff6c6ab000 	C:\Users\Dark Knight\Desktop\Android Studio\jre\bin\jimage.dll
0x00007fff3b1e0000 - 0x00007fff3b1f8000 	C:\Users\Dark Knight\Desktop\Android Studio\jre\bin\zip.dll
0x00007fff71f00000 - 0x00007fff726ae000 	C:\WINDOWS\System32\SHELL32.dll
0x00007fff6ea70000 - 0x00007fff6f2d7000 	C:\WINDOWS\SYSTEM32\windows.storage.dll
0x00007fff71760000 - 0x00007fff71ad8000 	C:\WINDOWS\System32\combase.dll
0x00007fff6e900000 - 0x00007fff6ea66000 	C:\WINDOWS\SYSTEM32\wintypes.dll
0x00007fff712b0000 - 0x00007fff7139a000 	C:\WINDOWS\System32\SHCORE.dll
0x00007fff71700000 - 0x00007fff7175d000 	C:\WINDOWS\System32\shlwapi.dll
0x00007fff70820000 - 0x00007fff70841000 	C:\WINDOWS\SYSTEM32\profapi.dll
0x00007fff37200000 - 0x00007fff3721a000 	C:\Users\Dark Knight\Desktop\Android Studio\jre\bin\net.dll
0x00007fff68360000 - 0x00007fff6846c000 	C:\WINDOWS\SYSTEM32\WINHTTP.dll
0x00007fff6ff10000 - 0x00007fff6ff77000 	C:\WINDOWS\system32\mswsock.dll
0x00007fff32b40000 - 0x00007fff32b54000 	C:\Users\Dark Knight\Desktop\Android Studio\jre\bin\nio.dll
0x00007fff3b9c0000 - 0x00007fff3b9e7000 	C:\Users\Dark Knight\.gradle\native\fdc75f09e3144964f2cf3f50f0aa648679c211496f362492102eb8c894070792\windows-amd64\native-platform.dll
0x00007fff25610000 - 0x00007fff257a6000 	C:\Users\Dark Knight\.gradle\native\12488b8bf47d2d4c9fbf2f6322a914ad602e24e48041cd04a747c6da556b65c4\windows-amd64\native-platform-file-events.dll
0x00007fff6c620000 - 0x00007fff6c62a000 	C:\Users\Dark Knight\Desktop\Android Studio\jre\bin\management.dll
0x00007fff6a910000 - 0x00007fff6a91c000 	C:\Users\Dark Knight\Desktop\Android Studio\jre\bin\management_ext.dll
0x00007fff70150000 - 0x00007fff70168000 	C:\WINDOWS\SYSTEM32\CRYPTSP.dll
0x00007fff6fa40000 - 0x00007fff6fa75000 	C:\WINDOWS\system32\rsaenh.dll
0x00007fff70000000 - 0x00007fff70029000 	C:\WINDOWS\SYSTEM32\USERENV.dll
0x00007fff702d0000 - 0x00007fff702f7000 	C:\WINDOWS\SYSTEM32\bcrypt.dll
0x00007fff70170000 - 0x00007fff7017c000 	C:\WINDOWS\SYSTEM32\CRYPTBASE.dll
0x00007fff6f610000 - 0x00007fff6f63d000 	C:\WINDOWS\SYSTEM32\IPHLPAPI.DLL
0x00007fff71d30000 - 0x00007fff71d39000 	C:\WINDOWS\System32\NSI.dll
0x00007fff68dd0000 - 0x00007fff68de9000 	C:\WINDOWS\SYSTEM32\dhcpcsvc6.DLL
0x00007fff6a350000 - 0x00007fff6a36e000 	C:\WINDOWS\SYSTEM32\dhcpcsvc.DLL
0x00007fff6f680000 - 0x00007fff6f767000 	C:\WINDOWS\SYSTEM32\DNSAPI.dll
0x00007fff68dc0000 - 0x00007fff68dcc000 	C:\WINDOWS\SYSTEM32\WINNSI.DLL

dbghelp: loaded successfully - version: 4.0.5 - missing functions: none
symbol engine: initialized successfully - sym options: 0x614 - pdb path: .;C:\Users\Dark Knight\Desktop\Android Studio\jre\bin;C:\WINDOWS\SYSTEM32;C:\WINDOWS\WinSxS\amd64_microsoft.windows.common-controls_6595b64144ccf1df_6.0.22000.120_none_9d947278b86cc467;C:\Users\Dark Knight\Desktop\Android Studio\jre\bin\server;C:\Users\Dark Knight\.gradle\native\fdc75f09e3144964f2cf3f50f0aa648679c211496f362492102eb8c894070792\windows-amd64;C:\Users\Dark Knight\.gradle\native\12488b8bf47d2d4c9fbf2f6322a914ad602e24e48041cd04a747c6da556b65c4\windows-amd64

VM Arguments:
jvm_args: --add-opens=java.base/java.util=ALL-UNNAMED --add-opens=java.base/java.lang=ALL-UNNAMED --add-opens=java.base/java.lang.invoke=ALL-UNNAMED --add-opens=java.prefs/java.util.prefs=ALL-UNNAMED -Xmx2048m -Dfile.encoding=UTF-8 -Duser.country=IN -Duser.language=en -Duser.variant 
java_command: org.gradle.launcher.daemon.bootstrap.GradleDaemon 6.7.1
java_class_path (initial): C:\Users\Dark Knight\.gradle\wrapper\dists\gradle-6.7.1-bin\bwlcbys1h7rz3272sye1xwiv6\gradle-6.7.1\lib\gradle-launcher-6.7.1.jar
Launcher Type: SUN_STANDARD

[Global flags]
     intx CICompilerCount                          = 4                                         {product} {ergonomic}
     uint ConcGCThreads                            = 2                                         {product} {ergonomic}
     uint G1ConcRefinementThreads                  = 8                                         {product} {ergonomic}
   size_t G1HeapRegionSize                         = 1048576                                   {product} {ergonomic}
    uintx GCDrainStackTargetSize                   = 64                                        {product} {ergonomic}
   size_t InitialHeapSize                          = 134217728                                 {product} {ergonomic}
   size_t MarkStackSize                            = 4194304                                   {product} {ergonomic}
   size_t MaxHeapSize                              = 2147483648                                {product} {command line}
   size_t MaxNewSize                               = 1287651328                                {product} {ergonomic}
   size_t MinHeapDeltaBytes                        = 1048576                                   {product} {ergonomic}
    uintx NonNMethodCodeHeapSize                   = 5836300                                {pd product} {ergonomic}
    uintx NonProfiledCodeHeapSize                  = 122910970                              {pd product} {ergonomic}
    uintx ProfiledCodeHeapSize                     = 122910970                              {pd product} {ergonomic}
    uintx ReservedCodeCacheSize                    = 251658240                              {pd product} {ergonomic}
     bool SegmentedCodeCache                       = true                                      {product} {ergonomic}
     bool UseCompressedClassPointers               = true                                 {lp64_product} {ergonomic}
     bool UseCompressedOops                        = true                                 {lp64_product} {ergonomic}
     bool UseG1GC                                  = true                                      {product} {ergonomic}
     bool UseLargePagesIndividualAllocation        = false                                  {pd product} {ergonomic}

Logging:
Log output configuration:
 #0: stdout all=warning uptime,level,tags
 #1: stderr all=off uptime,level,tags

Environment Variables:
PATH=C:\Windows\system32;C:\Windows;C:\Windows\System32\Wbem;C:\Windows\System32\WindowsPowerShell\v1.0\;C:\Windows\System32\OpenSSH\;C:\Program Files (x86)\NVIDIA Corporation\PhysX\Common;C:\Program Files\NVIDIA Corporation\NVIDIA NvDLISR;C:\WINDOWS\system32;C:\WINDOWS;C:\WINDOWS\System32\Wbem;C:\WINDOWS\System32\WindowsPowerShell\v1.0\;C:\WINDOWS\System32\OpenSSH\;C:\MinGW\bin;C:\Program Files\MEGA-X;C:\WINDOWS\system32;C:\WINDOWS;C:\WINDOWS\System32\Wbem;C:\WINDOWS\System32\WindowsPowerShell\v1.0\;C:\WINDOWS\System32\OpenSSH\;C:\Program Files\Git\cmd;C:\Users\Dark Knight\AppData\Local\Microsoft\WindowsApps;C:\Users\Dark Knight\AppData\Local\atom\bin;C:\MinGW\bin;C:\Program Files (x86)\Microsoft Visual Studio\2019\BuildTools\MSBuild\Current\Bin;C:\Users\Dark Knight\AppData\Local\Microsoft\WindowsApps;
USERNAME=Dark Knight
OS=Windows_NT
PROCESSOR_IDENTIFIER=Intel64 Family 6 Model 158 Stepping 10, GenuineIntel



---------------  S Y S T E M  ---------------

OS: Windows 10 , 64 bit Build 22000 (10.0.22000.434)
OS uptime: 4 days 2:34 hours

CPU:total 8 (initial active 8) (4 cores per cpu, 2 threads per core) family 6 model 158 stepping 10, cmov, cx8, fxsr, mmx, sse, sse2, sse3, ssse3, sse4.1, sse4.2, popcnt, avx, avx2, aes, clmul, erms, 3dnowpref, lzcnt, ht, tsc, tscinvbit, bmi1, bmi2, adx, fma

Memory: 4k page, system-wide physical 8072M (497M free)
TotalPageFile size 12168M (AvailPageFile size 18M)
current process WorkingSet (physical memory assigned to process): 396M, peak: 398M
current process commit charge ("private bytes"): 437M, peak: 466M

vm_info: OpenJDK 64-Bit Server VM (11.0.8+10-b944.6842174) for windows-amd64 JRE (11.0.8+10-b944.6842174), built on Sep 19 2020 01:11:42 by "builder" with MS VC++ 14.0 (VS2015)

END.
