#
# There is insufficient memory for the Java Runtime Environment to continue.
# Native memory allocation (mmap) failed to map 27262976 bytes for Failed to commit area from 0x0000000088000000 to 0x0000000089a00000 of length 27262976.
# Possible reasons:
#   The system is out of physical RAM or swap space
#   The process is running with CompressedOops enabled, and the Java Heap may be blocking the growth of the native heap
# Possible solutions:
#   Reduce memory load on the system
#   Increase physical memory or swap space
#   Check if swap backing store is full
#   Decrease Java heap size (-Xmx/-Xms)
#   Decrease number of Java threads
#   Decrease Java thread stack sizes (-Xss)
#   Set larger code cache with -XX:ReservedCodeCacheSize=
#   JVM is running with Unscaled Compressed Oops mode in which the Java heap is
#     placed in the first 4GB address space. The Java Heap base address is the
#     maximum limit for the native heap growth. Please use -XX:HeapBaseMinAddress
#     to set the Java Heap base and to place the Java Heap above 4GB virtual address.
# This output file may be truncated or incomplete.
#
#  Out of Memory Error (./src/hotspot/os/windows/os_windows.cpp:3303), pid=26692, tid=29024
#
# JRE version: OpenJDK Runtime Environment (11.0.8+10) (build 11.0.8+10-b944.6842174)
# Java VM: OpenJDK 64-Bit Server VM (11.0.8+10-b944.6842174, mixed mode, tiered, compressed oops, g1 gc, windows-amd64)
# No core dump will be written. Minidumps are not enabled by default on client versions of Windows
#

---------------  S U M M A R Y ------------

Command Line: --add-opens=java.base/java.util=ALL-UNNAMED --add-opens=java.base/java.lang=ALL-UNNAMED --add-opens=java.base/java.lang.invoke=ALL-UNNAMED --add-opens=java.prefs/java.util.prefs=ALL-UNNAMED -Xmx2048m -Dfile.encoding=UTF-8 -Duser.country=IN -Duser.language=en -Duser.variant org.gradle.launcher.daemon.bootstrap.GradleDaemon 6.7.1

Host: Intel(R) Core(TM) i5-9300H CPU @ 2.40GHz, 8 cores, 7G,  Windows 10 , 64 bit Build 22000 (10.0.22000.434)
Time: Tue Mar  1 11:12:58 2022 India Standard Time elapsed time: 4 seconds (0d 0h 0m 4s)

---------------  T H R E A D  ---------------

Current thread (0x0000023e7981d000):  VMThread "VM Thread" [stack: 0x0000006db4000000,0x0000006db4100000] [id=29024]

Stack: [0x0000006db4000000,0x0000006db4100000]
[error occurred during error reporting (printing stack bounds), id 0xc0000005, EXCEPTION_ACCESS_VIOLATION (0xc0000005) at pc=0x0000023e00000dad]

Native frames: (J=compiled Java code, j=interpreted, Vv=VM code, C=native code)
V  [jvm.dll+0x5de50a]
V  [jvm.dll+0x7122f5]
V  [jvm.dll+0x71384d]
V  [jvm.dll+0x713e65]
V  [jvm.dll+0x713e1b]
V  [jvm.dll+0x5dd958]
V  [jvm.dll+0x5de0f8]
C  [ntdll.dll+0xa86ef]
C  [ntdll.dll+0x35aea]
C  [ntdll.dll+0xa76fe]
C  0x0000023e00000dad

VM_Operation (0x0000006dba2ff270): G1CollectForAllocation, mode: safepoint, requested by thread 0x0000023e7e817800


---------------  P R O C E S S  ---------------

Threads class SMR info:
_java_thread_list=0x0000023e7ed4a4b0, length=88, elements={
0x0000023e6e51c800, 0x0000023e7981f800, 0x0000023e79829000, 0x0000023e7a1a6800,
0x0000023e7a1a7800, 0x0000023e7a1a9000, 0x0000023e7a1ae800, 0x0000023e79838800,
0x0000023e7a2e6000, 0x0000023e7a31a800, 0x0000023e7b7e7000, 0x0000023e7b27e800,
0x0000023e7bbbf000, 0x0000023e7bdfd800, 0x0000023e7ac6f000, 0x0000023e7b1c6000,
0x0000023e7b6aa800, 0x0000023e7b2e2000, 0x0000023e7b27c800, 0x0000023e7ac96800,
0x0000023e7c22b800, 0x0000023e7c231000, 0x0000023e7c22c800, 0x0000023e7c22f000,
0x0000023e7c22f800, 0x0000023e7c22d000, 0x0000023e7c22e000, 0x0000023e7c232000,
0x0000023e7c230800, 0x0000023e7e6f8800, 0x0000023e7e6f6000, 0x0000023e7e6fa000,
0x0000023e7e6fb000, 0x0000023e7e6fb800, 0x0000023e7e6f7800, 0x0000023e7e6f6800,
0x0000023e7e6ff800, 0x0000023e7e700800, 0x0000023e7e701800, 0x0000023e7e702000,
0x0000023e7e6fe000, 0x0000023e7e6fc800, 0x0000023e7e6ff000, 0x0000023e7e703000,
0x0000023e7e6fd000, 0x0000023e7e704000, 0x0000023e7e704800, 0x0000023e7ee73800,
0x0000023e7ee75800, 0x0000023e7ee72000, 0x0000023e7ee76000, 0x0000023e7ee77000,
0x0000023e7ee78000, 0x0000023e7ee74800, 0x0000023e7ee78800, 0x0000023e7ee73000,
0x0000023e7ee7b000, 0x0000023e7ee7a000, 0x0000023e7ee7c000, 0x0000023e7ee7d800,
0x0000023e7ee7c800, 0x0000023e7ee7e800, 0x0000023e7ee7f000, 0x0000023e7ee79800,
0x0000023e7ee81000, 0x0000023e7ee80000, 0x0000023e7ed2f000, 0x0000023e7ed2f800,
0x0000023e7ed30800, 0x0000023e7ed2d800, 0x0000023e7ed33000, 0x0000023e7ed31800,
0x0000023e7ed32000, 0x0000023e7ed34000, 0x0000023e7ed2e000, 0x0000023e7ed36800,
0x0000023e7ed37000, 0x0000023e7ed38800, 0x0000023e7ed34800, 0x0000023e7ed39800,
0x0000023e7ed35800, 0x0000023e7ed3b000, 0x0000023e7ed3a800, 0x0000023e7ed3c000,
0x0000023e7ed38000, 0x0000023e7e816800, 0x0000023e7e816000, 0x0000023e7e817800
}

Java Threads: ( => current thread )
  0x0000023e6e51c800 JavaThread "main" [_thread_blocked, id=17424, stack(0x0000006db3a00000,0x0000006db3b00000)]
  0x0000023e7981f800 JavaThread "Reference Handler" daemon [_thread_blocked, id=9384, stack(0x0000006db4100000,0x0000006db4200000)]
  0x0000023e79829000 JavaThread "Finalizer" daemon [_thread_blocked, id=27532, stack(0x0000006db4200000,0x0000006db4300000)]
  0x0000023e7a1a6800 JavaThread "Signal Dispatcher" daemon [_thread_blocked, id=2836, stack(0x0000006db4300000,0x0000006db4400000)]
  0x0000023e7a1a7800 JavaThread "Attach Listener" daemon [_thread_blocked, id=19228, stack(0x0000006db4400000,0x0000006db4500000)]
  0x0000023e7a1a9000 JavaThread "C2 CompilerThread0" daemon [_thread_blocked, id=21600, stack(0x0000006db4500000,0x0000006db4600000)]
  0x0000023e7a1ae800 JavaThread "C1 CompilerThread0" daemon [_thread_blocked, id=20984, stack(0x0000006db4600000,0x0000006db4700000)]
  0x0000023e79838800 JavaThread "Sweeper thread" daemon [_thread_blocked, id=29348, stack(0x0000006db4700000,0x0000006db4800000)]
  0x0000023e7a2e6000 JavaThread "Common-Cleaner" daemon [_thread_blocked, id=18672, stack(0x0000006db4800000,0x0000006db4900000)]
  0x0000023e7a31a800 JavaThread "Service Thread" daemon [_thread_blocked, id=18564, stack(0x0000006db4900000,0x0000006db4a00000)]
  0x0000023e7b7e7000 JavaThread "Daemon health stats" [_thread_blocked, id=12256, stack(0x0000006db4d00000,0x0000006db4e00000)]
  0x0000023e7b27e800 JavaThread "Incoming local TCP Connector on port 58875" [_thread_in_native, id=28728, stack(0x0000006db5000000,0x0000006db5100000)]
  0x0000023e7bbbf000 JavaThread "Daemon periodic checks" [_thread_blocked, id=23156, stack(0x0000006db5100000,0x0000006db5200000)]
  0x0000023e7bdfd800 JavaThread "Daemon" [_thread_blocked, id=19288, stack(0x0000006db5200000,0x0000006db5300000)]
  0x0000023e7ac6f000 JavaThread "Handler for socket connection from /127.0.0.1:58875 to /127.0.0.1:58876" [_thread_in_native, id=27636, stack(0x0000006db5300000,0x0000006db5400000)]
  0x0000023e7b1c6000 JavaThread "Cancel handler" [_thread_blocked, id=4760, stack(0x0000006db5400000,0x0000006db5500000)]
  0x0000023e7b6aa800 JavaThread "Daemon worker" [_thread_blocked, id=5328, stack(0x0000006db5500000,0x0000006db5600000)]
  0x0000023e7b2e2000 JavaThread "Asynchronous log dispatcher for DefaultDaemonConnection: socket connection from /127.0.0.1:58875 to /127.0.0.1:58876" [_thread_blocked, id=2532, stack(0x0000006db5600000,0x0000006db5700000)]
  0x0000023e7b27c800 JavaThread "Stdin handler" [_thread_blocked, id=27380, stack(0x0000006db5700000,0x0000006db5800000)]
  0x0000023e7ac96800 JavaThread "Thread-8" [_thread_blocked, id=29204, stack(0x0000006db5800000,0x0000006db5900000)]
  0x0000023e7c22b800 JavaThread "Cache worker for file hash cache (C:\Users\Dark Knight\.gradle\caches\6.7.1\fileHashes)" [_thread_blocked, id=25324, stack(0x0000006db5e00000,0x0000006db5f00000)]
  0x0000023e7c231000 JavaThread "File lock request listener" [_thread_in_native, id=14472, stack(0x0000006db5f00000,0x0000006db6000000)]
  0x0000023e7c22c800 JavaThread "Cache worker for journal cache (C:\Users\Dark Knight\.gradle\caches\journal-1)" [_thread_blocked, id=28824, stack(0x0000006db6100000,0x0000006db6200000)]
  0x0000023e7c22f000 JavaThread "Cache worker for file hash cache (C:\Android Projects\MyShopPal\.gradle\6.7.1\fileHashes)" [_thread_blocked, id=29172, stack(0x0000006db6200000,0x0000006db6300000)]
  0x0000023e7c22f800 JavaThread "Cache worker for checksums cache (C:\Android Projects\MyShopPal\.gradle\checksums)" [_thread_blocked, id=10156, stack(0x0000006db6300000,0x0000006db6400000)]
  0x0000023e7c22d000 JavaThread "Cache worker for cache directory md-supplier (C:\Users\Dark Knight\.gradle\caches\6.7.1\md-supplier)" [_thread_blocked, id=10540, stack(0x0000006db6400000,0x0000006db6500000)]
  0x0000023e7c22e000 JavaThread "Cache worker for cache directory md-rule (C:\Users\Dark Knight\.gradle\caches\6.7.1\md-rule)" [_thread_blocked, id=2924, stack(0x0000006db6500000,0x0000006db6600000)]
  0x0000023e7c232000 JavaThread "Cache worker for execution history cache (C:\Users\Dark Knight\.gradle\caches\6.7.1\executionHistory)" [_thread_blocked, id=15664, stack(0x0000006db6600000,0x0000006db6700000)]
  0x0000023e7c230800 JavaThread "jar transforms" [_thread_blocked, id=23972, stack(0x0000006db6700000,0x0000006db6800000)]
  0x0000023e7e6f8800 JavaThread "Cache worker for file content cache (C:\Users\Dark Knight\.gradle\caches\6.7.1\fileContent)" [_thread_blocked, id=29368, stack(0x0000006db6800000,0x0000006db6900000)]
  0x0000023e7e6f6000 JavaThread "Cache worker for Build Output Cleanup Cache (C:\Android Projects\MyShopPal\.gradle\buildOutputCleanup)" [_thread_blocked, id=20328, stack(0x0000006db6900000,0x0000006db6a00000)]
  0x0000023e7e6fa000 JavaThread "Build operations" [_thread_blocked, id=29144, stack(0x0000006db6a00000,0x0000006db6b00000)]
  0x0000023e7e6fb000 JavaThread "Build operations Thread 2" [_thread_blocked, id=1060, stack(0x0000006db6b00000,0x0000006db6c00000)]
  0x0000023e7e6fb800 JavaThread "Build operations Thread 3" [_thread_blocked, id=15444, stack(0x0000006db6c00000,0x0000006db6d00000)]
  0x0000023e7e6f7800 JavaThread "Build operations Thread 4" [_thread_blocked, id=22272, stack(0x0000006db6d00000,0x0000006db6e00000)]
  0x0000023e7e6f6800 JavaThread "Build operations Thread 5" [_thread_blocked, id=11724, stack(0x0000006db6e00000,0x0000006db6f00000)]
  0x0000023e7e6ff800 JavaThread "Build operations Thread 6" [_thread_blocked, id=22784, stack(0x0000006db6f00000,0x0000006db7000000)]
  0x0000023e7e700800 JavaThread "Build operations Thread 7" [_thread_blocked, id=20664, stack(0x0000006db7000000,0x0000006db7100000)]
  0x0000023e7e701800 JavaThread "Build operations Thread 8" [_thread_blocked, id=18196, stack(0x0000006db7100000,0x0000006db7200000)]
  0x0000023e7e702000 JavaThread "jar transforms Thread 2" [_thread_blocked, id=29336, stack(0x0000006db7200000,0x0000006db7300000)]
  0x0000023e7e6fe000 JavaThread "jar transforms Thread 3" [_thread_blocked, id=1068, stack(0x0000006db7300000,0x0000006db7400000)]
  0x0000023e7e6fc800 JavaThread "jar transforms Thread 4" [_thread_blocked, id=27512, stack(0x0000006db7400000,0x0000006db7500000)]
  0x0000023e7e6ff000 JavaThread "jar transforms Thread 5" [_thread_blocked, id=24484, stack(0x0000006db7500000,0x0000006db7600000)]
  0x0000023e7e703000 JavaThread "jar transforms Thread 6" [_thread_blocked, id=19372, stack(0x0000006db7600000,0x0000006db7700000)]
  0x0000023e7e6fd000 JavaThread "jar transforms Thread 7" [_thread_blocked, id=29404, stack(0x0000006db7700000,0x0000006db7800000)]
  0x0000023e7e704000 JavaThread "jar transforms Thread 8" [_thread_blocked, id=21220, stack(0x0000006db7800000,0x0000006db7900000)]
  0x0000023e7e704800 JavaThread "jar transforms Thread 9" [_thread_blocked, id=16812, stack(0x0000006db7900000,0x0000006db7a00000)]
  0x0000023e7ee73800 JavaThread "jar transforms Thread 10" [_thread_blocked, id=9248, stack(0x0000006db7a00000,0x0000006db7b00000)]
  0x0000023e7ee75800 JavaThread "jar transforms Thread 11" [_thread_blocked, id=12376, stack(0x0000006db7b00000,0x0000006db7c00000)]
  0x0000023e7ee72000 JavaThread "jar transforms Thread 12" [_thread_blocked, id=28432, stack(0x0000006db7c00000,0x0000006db7d00000)]
  0x0000023e7ee76000 JavaThread "jar transforms Thread 13" [_thread_blocked, id=29184, stack(0x0000006db7d00000,0x0000006db7e00000)]
  0x0000023e7ee77000 JavaThread "jar transforms Thread 14" [_thread_blocked, id=5916, stack(0x0000006db7e00000,0x0000006db7f00000)]
  0x0000023e7ee78000 JavaThread "jar transforms Thread 15" [_thread_blocked, id=15928, stack(0x0000006db7f00000,0x0000006db8000000)]
  0x0000023e7ee74800 JavaThread "jar transforms Thread 16" [_thread_blocked, id=480, stack(0x0000006db8000000,0x0000006db8100000)]
  0x0000023e7ee78800 JavaThread "jar transforms Thread 17" [_thread_blocked, id=4748, stack(0x0000006db8100000,0x0000006db8200000)]
  0x0000023e7ee73000 JavaThread "jar transforms Thread 18" [_thread_blocked, id=1280, stack(0x0000006db8200000,0x0000006db8300000)]
  0x0000023e7ee7b000 JavaThread "jar transforms Thread 19" [_thread_blocked, id=17832, stack(0x0000006db8300000,0x0000006db8400000)]
  0x0000023e7ee7a000 JavaThread "jar transforms Thread 20" [_thread_blocked, id=7504, stack(0x0000006db8400000,0x0000006db8500000)]
  0x0000023e7ee7c000 JavaThread "jar transforms Thread 21" [_thread_blocked, id=14948, stack(0x0000006db8500000,0x0000006db8600000)]
  0x0000023e7ee7d800 JavaThread "jar transforms Thread 22" [_thread_blocked, id=28068, stack(0x0000006db8600000,0x0000006db8700000)]
  0x0000023e7ee7c800 JavaThread "jar transforms Thread 23" [_thread_blocked, id=23296, stack(0x0000006db8700000,0x0000006db8800000)]
  0x0000023e7ee7e800 JavaThread "jar transforms Thread 24" [_thread_blocked, id=14344, stack(0x0000006db8800000,0x0000006db8900000)]
  0x0000023e7ee7f000 JavaThread "jar transforms Thread 25" [_thread_blocked, id=11360, stack(0x0000006db8900000,0x0000006db8a00000)]
  0x0000023e7ee79800 JavaThread "jar transforms Thread 26" [_thread_blocked, id=24456, stack(0x0000006db8a00000,0x0000006db8b00000)]
  0x0000023e7ee81000 JavaThread "jar transforms Thread 27" [_thread_blocked, id=29692, stack(0x0000006db8b00000,0x0000006db8c00000)]
  0x0000023e7ee80000 JavaThread "jar transforms Thread 28" [_thread_blocked, id=21000, stack(0x0000006db8c00000,0x0000006db8d00000)]
  0x0000023e7ed2f000 JavaThread "jar transforms Thread 29" [_thread_blocked, id=14756, stack(0x0000006db8d00000,0x0000006db8e00000)]
  0x0000023e7ed2f800 JavaThread "jar transforms Thread 30" [_thread_blocked, id=4408, stack(0x0000006db8e00000,0x0000006db8f00000)]
  0x0000023e7ed30800 JavaThread "jar transforms Thread 31" [_thread_blocked, id=24880, stack(0x0000006db8f00000,0x0000006db9000000)]
  0x0000023e7ed2d800 JavaThread "jar transforms Thread 32" [_thread_blocked, id=24228, stack(0x0000006db9000000,0x0000006db9100000)]
  0x0000023e7ed33000 JavaThread "jar transforms Thread 33" [_thread_blocked, id=26780, stack(0x0000006db9100000,0x0000006db9200000)]
  0x0000023e7ed31800 JavaThread "jar transforms Thread 34" [_thread_blocked, id=21652, stack(0x0000006db9200000,0x0000006db9300000)]
  0x0000023e7ed32000 JavaThread "jar transforms Thread 35" [_thread_blocked, id=25428, stack(0x0000006db9300000,0x0000006db9400000)]
  0x0000023e7ed34000 JavaThread "jar transforms Thread 36" [_thread_blocked, id=12152, stack(0x0000006db9400000,0x0000006db9500000)]
  0x0000023e7ed2e000 JavaThread "jar transforms Thread 37" [_thread_blocked, id=17744, stack(0x0000006db9500000,0x0000006db9600000)]
  0x0000023e7ed36800 JavaThread "jar transforms Thread 38" [_thread_blocked, id=27788, stack(0x0000006db9600000,0x0000006db9700000)]
  0x0000023e7ed37000 JavaThread "jar transforms Thread 39" [_thread_blocked, id=15248, stack(0x0000006db9700000,0x0000006db9800000)]
  0x0000023e7ed38800 JavaThread "jar transforms Thread 40" [_thread_blocked, id=28564, stack(0x0000006db9800000,0x0000006db9900000)]
  0x0000023e7ed34800 JavaThread "jar transforms Thread 41" [_thread_blocked, id=23728, stack(0x0000006db9900000,0x0000006db9a00000)]
  0x0000023e7ed39800 JavaThread "jar transforms Thread 42" [_thread_blocked, id=3832, stack(0x0000006db9a00000,0x0000006db9b00000)]
  0x0000023e7ed35800 JavaThread "jar transforms Thread 43" [_thread_blocked, id=28064, stack(0x0000006db9b00000,0x0000006db9c00000)]
  0x0000023e7ed3b000 JavaThread "jar transforms Thread 44" [_thread_blocked, id=7164, stack(0x0000006db9c00000,0x0000006db9d00000)]
  0x0000023e7ed3a800 JavaThread "jar transforms Thread 45" [_thread_blocked, id=29192, stack(0x0000006db9d00000,0x0000006db9e00000)]
  0x0000023e7ed3c000 JavaThread "jar transforms Thread 46" [_thread_blocked, id=29168, stack(0x0000006db9e00000,0x0000006db9f00000)]
  0x0000023e7ed38000 JavaThread "jar transforms Thread 47" [_thread_blocked, id=2548, stack(0x0000006db9f00000,0x0000006dba000000)]
  0x0000023e7e816800 JavaThread "jar transforms Thread 48" [_thread_blocked, id=5636, stack(0x0000006dba000000,0x0000006dba100000)]
  0x0000023e7e816000 JavaThread "jar transforms Thread 49" [_thread_blocked, id=1460, stack(0x0000006dba100000,0x0000006dba200000)]
  0x0000023e7e817800 JavaThread "jar transforms Thread 50" [_thread_blocked, id=24820, stack(0x0000006dba200000,0x0000006dba300000)]

Other Threads:
=>0x0000023e7981d000 VMThread "VM Thread" [stack: 0x0000006db4000000,0x0000006db4100000] [id=29024]
  0x0000023e7a31b800 WatcherThread [stack: 0x0000006db4a00000,0x0000006db4b00000] [id=14864]
  0x0000023e6e534800 GCTaskThread "GC Thread#0" [stack: 0x0000006db3b00000,0x0000006db3c00000] [id=16356]
  0x0000023e7ac2f000 GCTaskThread "GC Thread#1" [stack: 0x0000006db4b00000,0x0000006db4c00000] [id=11736]
  0x0000023e7b010800 GCTaskThread "GC Thread#2" [stack: 0x0000006db4c00000,0x0000006db4d00000] [id=20948]
  0x0000023e7a668800 GCTaskThread "GC Thread#3" [stack: 0x0000006db5900000,0x0000006db5a00000] [id=8716]
  0x0000023e7bcbc800 GCTaskThread "GC Thread#4" [stack: 0x0000006db5a00000,0x0000006db5b00000] [id=28412]
  0x0000023e7bef2800 GCTaskThread "GC Thread#5" [stack: 0x0000006db5b00000,0x0000006db5c00000] [id=18996]
  0x0000023e7c1ff800 GCTaskThread "GC Thread#6" [stack: 0x0000006db5c00000,0x0000006db5d00000] [id=27936]
  0x0000023e7bca9800 GCTaskThread "GC Thread#7" [stack: 0x0000006db5d00000,0x0000006db5e00000] [id=28556]
  0x0000023e6e565000 ConcurrentGCThread "G1 Main Marker" [stack: 0x0000006db3c00000,0x0000006db3d00000] [id=8888]
  0x0000023e6e569000 ConcurrentGCThread "G1 Conc#0" [stack: 0x0000006db3d00000,0x0000006db3e00000] [id=3324]
  0x0000023e7be8f800 ConcurrentGCThread "G1 Conc#1" [stack: 0x0000006db6000000,0x0000006db6100000] [id=28896]
  0x0000023e6e5f7000 ConcurrentGCThread "G1 Refine#0" [stack: 0x0000006db3e00000,0x0000006db3f00000] [id=9544]
  0x0000023e79670800 ConcurrentGCThread "G1 Young RemSet Sampling" [stack: 0x0000006db3f00000,0x0000006db4000000] [id=27628]

Threads with active compile tasks:
C1 CompilerThread0   4430 4201       3       org.gradle.internal.snapshot.VfsRelativePath::lengthOfCommonPrefix (173 bytes)

VM state:at safepoint (normal execution)

VM Mutex/Monitor currently owned by a thread:  ([mutex/lock_event])
[0x0000023e6e5184f0] Threads_lock - owner thread: 0x0000023e7981d000
[0x0000023e6e5188e0] Heap_lock - owner thread: 0x0000023e7e817800

Heap address: 0x0000000080000000, size: 2048 MB, Compressed Oops mode: 32-bit
Narrow klass base: 0x0000000000000000, Narrow klass shift: 3
Compressed class space size: 1073741824 Address: 0x0000000100000000

Heap:
 garbage-first heap   total 157696K, used 29800K [0x0000000080000000, 0x0000000100000000)
  region size 1024K, 8 young (8192K), 8 survivors (8192K)
 Metaspace       used 44493K, capacity 45518K, committed 45824K, reserved 1089536K
  class space    used 5698K, capacity 6077K, committed 6144K, reserved 1048576K
Heap Regions: E=young(eden), S=young(survivor), O=old, HS=humongous(starts), HC=humongous(continues), CS=collection set, F=free, A=archive, TAMS=top-at-mark-start (previous, next)
|   0|0x0000000080000000, 0x0000000080100000, 0x0000000080100000|100%| O|  |TAMS 0x0000000080100000, 0x0000000080000000| Untracked 
|   1|0x0000000080100000, 0x0000000080200000, 0x0000000080200000|100%| O|  |TAMS 0x0000000080200000, 0x0000000080100000| Untracked 
|   2|0x0000000080200000, 0x0000000080300000, 0x0000000080300000|100%| O|  |TAMS 0x0000000080300000, 0x0000000080200000| Untracked 
|   3|0x0000000080300000, 0x0000000080400000, 0x0000000080400000|100%|HS|  |TAMS 0x0000000080400000, 0x0000000080300000| Complete 
|   4|0x0000000080400000, 0x0000000080500000, 0x0000000080500000|100%|HC|  |TAMS 0x0000000080500000, 0x0000000080400000| Complete 
|   5|0x0000000080500000, 0x0000000080600000, 0x0000000080600000|100%|HC|  |TAMS 0x0000000080600000, 0x0000000080500000| Complete 
|   6|0x0000000080600000, 0x0000000080700000, 0x0000000080700000|100%| O|  |TAMS 0x0000000080700000, 0x0000000080600000| Untracked 
|   7|0x0000000080700000, 0x0000000080800000, 0x0000000080800000|100%| O|  |TAMS 0x0000000080800000, 0x0000000080700000| Untracked 
|   8|0x0000000080800000, 0x0000000080900000, 0x0000000080900000|100%| O|  |TAMS 0x0000000080900000, 0x0000000080800000| Untracked 
|   9|0x0000000080900000, 0x0000000080a00000, 0x0000000080a00000|100%| O|  |TAMS 0x0000000080a00000, 0x0000000080900000| Untracked 
|  10|0x0000000080a00000, 0x0000000080b00000, 0x0000000080b00000|100%| O|  |TAMS 0x0000000080b00000, 0x0000000080a00000| Untracked 
|  11|0x0000000080b00000, 0x0000000080c00000, 0x0000000080c00000|100%| O|  |TAMS 0x0000000080c00000, 0x0000000080b00000| Untracked 
|  12|0x0000000080c00000, 0x0000000080d00000, 0x0000000080d00000|100%| O|  |TAMS 0x0000000080d00000, 0x0000000080c00000| Untracked 
|  13|0x0000000080d00000, 0x0000000080e00000, 0x0000000080e00000|100%| O|  |TAMS 0x0000000080e00000, 0x0000000080d00000| Untracked 
|  14|0x0000000080e00000, 0x0000000080f00000, 0x0000000080f00000|100%| O|  |TAMS 0x0000000080f00000, 0x0000000080e00000| Untracked 
|  15|0x0000000080f00000, 0x0000000081000000, 0x0000000081000000|100%| O|  |TAMS 0x0000000080f92400, 0x0000000080f00000| Untracked 
|  16|0x0000000081000000, 0x0000000081100000, 0x0000000081100000|100%| O|  |TAMS 0x0000000081000000, 0x0000000081000000| Untracked 
|  17|0x0000000081100000, 0x0000000081200000, 0x0000000081200000|100%| O|  |TAMS 0x0000000081100000, 0x0000000081100000| Untracked 
|  18|0x0000000081200000, 0x0000000081300000, 0x0000000081300000|100%| O|  |TAMS 0x0000000081200000, 0x0000000081200000| Untracked 
|  19|0x0000000081300000, 0x0000000081333c00, 0x0000000081400000| 20%| O|  |TAMS 0x0000000081300000, 0x0000000081300000| Untracked 
|  20|0x0000000081400000, 0x0000000081500000, 0x0000000081500000|100%| O|  |TAMS 0x0000000081400000, 0x0000000081400000| Untracked 
|  21|0x0000000081500000, 0x0000000081600000, 0x0000000081600000|100%| O|  |TAMS 0x0000000081500000, 0x0000000081500000| Untracked 
|  22|0x0000000081600000, 0x0000000081600000, 0x0000000081700000|  0%| F|  |TAMS 0x0000000081600000, 0x0000000081600000| Untracked 
|  23|0x0000000081700000, 0x0000000081700000, 0x0000000081800000|  0%| F|  |TAMS 0x0000000081700000, 0x0000000081700000| Untracked 
|  24|0x0000000081800000, 0x0000000081800000, 0x0000000081900000|  0%| F|  |TAMS 0x0000000081800000, 0x0000000081800000| Untracked 
|  25|0x0000000081900000, 0x0000000081900000, 0x0000000081a00000|  0%| F|  |TAMS 0x0000000081900000, 0x0000000081900000| Untracked 
|  26|0x0000000081a00000, 0x0000000081a00000, 0x0000000081b00000|  0%| F|  |TAMS 0x0000000081a00000, 0x0000000081a00000| Untracked 
|  27|0x0000000081b00000, 0x0000000081b00000, 0x0000000081c00000|  0%| F|  |TAMS 0x0000000081b00000, 0x0000000081b00000| Untracked 
|  28|0x0000000081c00000, 0x0000000081c00000, 0x0000000081d00000|  0%| F|  |TAMS 0x0000000081c00000, 0x0000000081c00000| Untracked 
|  29|0x0000000081d00000, 0x0000000081d00000, 0x0000000081e00000|  0%| F|  |TAMS 0x0000000081d00000, 0x0000000081d00000| Untracked 
|  30|0x0000000081e00000, 0x0000000081e00000, 0x0000000081f00000|  0%| F|  |TAMS 0x0000000081e00000, 0x0000000081e00000| Untracked 
|  31|0x0000000081f00000, 0x0000000081f00000, 0x0000000082000000|  0%| F|  |TAMS 0x0000000081f00000, 0x0000000081f00000| Untracked 
|  32|0x0000000082000000, 0x0000000082000000, 0x0000000082100000|  0%| F|  |TAMS 0x0000000082000000, 0x0000000082000000| Untracked 
|  33|0x0000000082100000, 0x0000000082100000, 0x0000000082200000|  0%| F|  |TAMS 0x0000000082100000, 0x0000000082100000| Untracked 
|  34|0x0000000082200000, 0x0000000082200000, 0x0000000082300000|  0%| F|  |TAMS 0x0000000082200000, 0x0000000082200000| Untracked 
|  35|0x0000000082300000, 0x0000000082300000, 0x0000000082400000|  0%| F|  |TAMS 0x0000000082300000, 0x0000000082300000| Untracked 
|  36|0x0000000082400000, 0x0000000082400000, 0x0000000082500000|  0%| F|  |TAMS 0x0000000082400000, 0x0000000082400000| Untracked 
|  37|0x0000000082500000, 0x0000000082500000, 0x0000000082600000|  0%| F|  |TAMS 0x0000000082500000, 0x0000000082500000| Untracked 
|  38|0x0000000082600000, 0x0000000082600000, 0x0000000082700000|  0%| F|  |TAMS 0x0000000082600000, 0x0000000082600000| Untracked 
|  39|0x0000000082700000, 0x0000000082700000, 0x0000000082800000|  0%| F|  |TAMS 0x0000000082700000, 0x0000000082700000| Untracked 
|  40|0x0000000082800000, 0x0000000082800000, 0x0000000082900000|  0%| F|  |TAMS 0x0000000082800000, 0x0000000082800000| Untracked 
|  41|0x0000000082900000, 0x0000000082900000, 0x0000000082a00000|  0%| F|  |TAMS 0x0000000082900000, 0x0000000082900000| Untracked 
|  42|0x0000000082a00000, 0x0000000082a00000, 0x0000000082b00000|  0%| F|  |TAMS 0x0000000082a00000, 0x0000000082a00000| Untracked 
|  43|0x0000000082b00000, 0x0000000082b00000, 0x0000000082c00000|  0%| F|  |TAMS 0x0000000082b00000, 0x0000000082b00000| Untracked 
|  44|0x0000000082c00000, 0x0000000082c00000, 0x0000000082d00000|  0%| F|  |TAMS 0x0000000082c00000, 0x0000000082c00000| Untracked 
|  45|0x0000000082d00000, 0x0000000082d00000, 0x0000000082e00000|  0%| F|  |TAMS 0x0000000082d00000, 0x0000000082d00000| Untracked 
|  46|0x0000000082e00000, 0x0000000082e00000, 0x0000000082f00000|  0%| F|  |TAMS 0x0000000082e00000, 0x0000000082e00000| Untracked 
|  47|0x0000000082f00000, 0x0000000082f00000, 0x0000000083000000|  0%| F|  |TAMS 0x0000000082f00000, 0x0000000082f00000| Untracked 
|  48|0x0000000083000000, 0x0000000083000000, 0x0000000083100000|  0%| F|  |TAMS 0x0000000083000000, 0x0000000083000000| Untracked 
|  49|0x0000000083100000, 0x0000000083100000, 0x0000000083200000|  0%| F|  |TAMS 0x0000000083100000, 0x0000000083100000| Untracked 
|  50|0x0000000083200000, 0x0000000083200000, 0x0000000083300000|  0%| F|  |TAMS 0x0000000083200000, 0x0000000083200000| Untracked 
|  51|0x0000000083300000, 0x0000000083300000, 0x0000000083400000|  0%| F|  |TAMS 0x0000000083300000, 0x0000000083300000| Untracked 
|  52|0x0000000083400000, 0x0000000083400000, 0x0000000083500000|  0%| F|  |TAMS 0x0000000083400000, 0x0000000083400000| Untracked 
|  53|0x0000000083500000, 0x0000000083500000, 0x0000000083600000|  0%| F|  |TAMS 0x0000000083500000, 0x0000000083500000| Untracked 
|  54|0x0000000083600000, 0x0000000083600000, 0x0000000083700000|  0%| F|  |TAMS 0x0000000083600000, 0x0000000083600000| Untracked 
|  55|0x0000000083700000, 0x0000000083700000, 0x0000000083800000|  0%| F|  |TAMS 0x0000000083700000, 0x0000000083700000| Untracked 
|  56|0x0000000083800000, 0x00000000838e6760, 0x0000000083900000| 90%| S|CS|TAMS 0x0000000083800000, 0x0000000083800000| Complete 
|  57|0x0000000083900000, 0x0000000083a00000, 0x0000000083a00000|100%| S|CS|TAMS 0x0000000083900000, 0x0000000083900000| Complete 
|  58|0x0000000083a00000, 0x0000000083b00000, 0x0000000083b00000|100%| S|CS|TAMS 0x0000000083a00000, 0x0000000083a00000| Complete 
|  59|0x0000000083b00000, 0x0000000083c00000, 0x0000000083c00000|100%| S|CS|TAMS 0x0000000083b00000, 0x0000000083b00000| Complete 
|  60|0x0000000083c00000, 0x0000000083c00000, 0x0000000083d00000|  0%| F|  |TAMS 0x0000000083c00000, 0x0000000083c00000| Untracked 
|  61|0x0000000083d00000, 0x0000000083d00000, 0x0000000083e00000|  0%| F|  |TAMS 0x0000000083d00000, 0x0000000083d00000| Untracked 
|  62|0x0000000083e00000, 0x0000000083e00000, 0x0000000083f00000|  0%| F|  |TAMS 0x0000000083e00000, 0x0000000083e00000| Untracked 
|  63|0x0000000083f00000, 0x0000000083f00000, 0x0000000084000000|  0%| F|  |TAMS 0x0000000083f00000, 0x0000000083f00000| Untracked 
|  64|0x0000000084000000, 0x0000000084000000, 0x0000000084100000|  0%| F|  |TAMS 0x0000000084000000, 0x0000000084000000| Untracked 
|  65|0x0000000084100000, 0x0000000084100000, 0x0000000084200000|  0%| F|  |TAMS 0x0000000084100000, 0x0000000084100000| Untracked 
|  66|0x0000000084200000, 0x0000000084200000, 0x0000000084300000|  0%| F|  |TAMS 0x0000000084200000, 0x0000000084200000| Untracked 
|  67|0x0000000084300000, 0x0000000084400000, 0x0000000084400000|100%| S|CS|TAMS 0x0000000084300000, 0x0000000084300000| Complete 
|  68|0x0000000084400000, 0x0000000084500000, 0x0000000084500000|100%| S|CS|TAMS 0x0000000084400000, 0x0000000084400000| Complete 
|  69|0x0000000084500000, 0x0000000084600000, 0x0000000084600000|100%| S|CS|TAMS 0x0000000084500000, 0x0000000084500000| Complete 
|  70|0x0000000084600000, 0x0000000084700000, 0x0000000084700000|100%| S|CS|TAMS 0x0000000084600000, 0x0000000084600000| Complete 
|  71|0x0000000084700000, 0x0000000084700000, 0x0000000084800000|  0%| F|  |TAMS 0x0000000084700000, 0x0000000084700000| Untracked 
|  72|0x0000000084800000, 0x0000000084800000, 0x0000000084900000|  0%| F|  |TAMS 0x0000000084800000, 0x0000000084800000| Untracked 
|  73|0x0000000084900000, 0x0000000084900000, 0x0000000084a00000|  0%| F|  |TAMS 0x0000000084900000, 0x0000000084900000| Untracked 
|  74|0x0000000084a00000, 0x0000000084a00000, 0x0000000084b00000|  0%| F|  |TAMS 0x0000000084a00000, 0x0000000084a00000| Untracked 
|  75|0x0000000084b00000, 0x0000000084b00000, 0x0000000084c00000|  0%| F|  |TAMS 0x0000000084b00000, 0x0000000084b00000| Untracked 
|  76|0x0000000084c00000, 0x0000000084c00000, 0x0000000084d00000|  0%| F|  |TAMS 0x0000000084c00000, 0x0000000084c00000| Untracked 
|  77|0x0000000084d00000, 0x0000000084d00000, 0x0000000084e00000|  0%| F|  |TAMS 0x0000000084d00000, 0x0000000084d00000| Untracked 
|  78|0x0000000084e00000, 0x0000000084e00000, 0x0000000084f00000|  0%| F|  |TAMS 0x0000000084e00000, 0x0000000084e00000| Untracked 
|  79|0x0000000084f00000, 0x0000000084f00000, 0x0000000085000000|  0%| F|  |TAMS 0x0000000084f00000, 0x0000000084f00000| Untracked 
|  80|0x0000000085000000, 0x0000000085000000, 0x0000000085100000|  0%| F|  |TAMS 0x0000000085000000, 0x0000000085000000| Untracked 
|  81|0x0000000085100000, 0x0000000085100000, 0x0000000085200000|  0%| F|  |TAMS 0x0000000085100000, 0x0000000085100000| Untracked 
|  82|0x0000000085200000, 0x0000000085200000, 0x0000000085300000|  0%| F|  |TAMS 0x0000000085200000, 0x0000000085200000| Untracked 
|  83|0x0000000085300000, 0x0000000085300000, 0x0000000085400000|  0%| F|  |TAMS 0x0000000085300000, 0x0000000085300000| Untracked 
|  84|0x0000000085400000, 0x0000000085400000, 0x0000000085500000|  0%| F|  |TAMS 0x0000000085400000, 0x0000000085400000| Untracked 
|  85|0x0000000085500000, 0x0000000085500000, 0x0000000085600000|  0%| F|  |TAMS 0x0000000085500000, 0x0000000085500000| Untracked 
|  86|0x0000000085600000, 0x0000000085600000, 0x0000000085700000|  0%| F|  |TAMS 0x0000000085600000, 0x0000000085600000| Untracked 
|  87|0x0000000085700000, 0x0000000085700000, 0x0000000085800000|  0%| F|  |TAMS 0x0000000085700000, 0x0000000085700000| Untracked 
|  88|0x0000000085800000, 0x0000000085800000, 0x0000000085900000|  0%| F|  |TAMS 0x0000000085800000, 0x0000000085800000| Untracked 
|  89|0x0000000085900000, 0x0000000085900000, 0x0000000085a00000|  0%| F|  |TAMS 0x0000000085900000, 0x0000000085900000| Untracked 
|  90|0x0000000085a00000, 0x0000000085a00000, 0x0000000085b00000|  0%| F|  |TAMS 0x0000000085a00000, 0x0000000085a00000| Untracked 
|  91|0x0000000085b00000, 0x0000000085b00000, 0x0000000085c00000|  0%| F|  |TAMS 0x0000000085b00000, 0x0000000085b00000| Untracked 
|  92|0x0000000085c00000, 0x0000000085c00000, 0x0000000085d00000|  0%| F|  |TAMS 0x0000000085c00000, 0x0000000085c00000| Untracked 
|  93|0x0000000085d00000, 0x0000000085d00000, 0x0000000085e00000|  0%| F|  |TAMS 0x0000000085d00000, 0x0000000085d00000| Untracked 
|  94|0x0000000085e00000, 0x0000000085e00000, 0x0000000085f00000|  0%| F|  |TAMS 0x0000000085e00000, 0x0000000085e00000| Untracked 
|  95|0x0000000085f00000, 0x0000000085f00000, 0x0000000086000000|  0%| F|  |TAMS 0x0000000085f00000, 0x0000000085f00000| Untracked 
|  96|0x0000000086000000, 0x0000000086000000, 0x0000000086100000|  0%| F|  |TAMS 0x0000000086000000, 0x0000000086000000| Untracked 
|  97|0x0000000086100000, 0x0000000086100000, 0x0000000086200000|  0%| F|  |TAMS 0x0000000086100000, 0x0000000086100000| Untracked 
|  98|0x0000000086200000, 0x0000000086200000, 0x0000000086300000|  0%| F|  |TAMS 0x0000000086200000, 0x0000000086200000| Untracked 
|  99|0x0000000086300000, 0x0000000086300000, 0x0000000086400000|  0%| F|  |TAMS 0x0000000086300000, 0x0000000086300000| Untracked 
| 100|0x0000000086400000, 0x0000000086400000, 0x0000000086500000|  0%| F|  |TAMS 0x0000000086400000, 0x0000000086400000| Untracked 
| 101|0x0000000086500000, 0x0000000086500000, 0x0000000086600000|  0%| F|  |TAMS 0x0000000086500000, 0x0000000086500000| Untracked 
| 102|0x0000000086600000, 0x0000000086600000, 0x0000000086700000|  0%| F|  |TAMS 0x0000000086600000, 0x0000000086600000| Untracked 
| 103|0x0000000086700000, 0x0000000086700000, 0x0000000086800000|  0%| F|  |TAMS 0x0000000086700000, 0x0000000086700000| Untracked 
| 104|0x0000000086800000, 0x0000000086800000, 0x0000000086900000|  0%| F|  |TAMS 0x0000000086800000, 0x0000000086800000| Untracked 
| 105|0x0000000086900000, 0x0000000086900000, 0x0000000086a00000|  0%| F|  |TAMS 0x0000000086900000, 0x0000000086900000| Untracked 
| 106|0x0000000086a00000, 0x0000000086a00000, 0x0000000086b00000|  0%| F|  |TAMS 0x0000000086a00000, 0x0000000086a00000| Untracked 
| 107|0x0000000086b00000, 0x0000000086b00000, 0x0000000086c00000|  0%| F|  |TAMS 0x0000000086b00000, 0x0000000086b00000| Untracked 
| 108|0x0000000086c00000, 0x0000000086c00000, 0x0000000086d00000|  0%| F|  |TAMS 0x0000000086c00000, 0x0000000086c00000| Untracked 
| 109|0x0000000086d00000, 0x0000000086d00000, 0x0000000086e00000|  0%| F|  |TAMS 0x0000000086d00000, 0x0000000086d00000| Untracked 
| 110|0x0000000086e00000, 0x0000000086e00000, 0x0000000086f00000|  0%| F|  |TAMS 0x0000000086e00000, 0x0000000086e00000| Untracked 
| 111|0x0000000086f00000, 0x0000000086f00000, 0x0000000087000000|  0%| F|  |TAMS 0x0000000086f00000, 0x0000000086f00000| Untracked 
| 112|0x0000000087000000, 0x0000000087000000, 0x0000000087100000|  0%| F|  |TAMS 0x0000000087000000, 0x0000000087000000| Untracked 
| 113|0x0000000087100000, 0x0000000087100000, 0x0000000087200000|  0%| F|  |TAMS 0x0000000087100000, 0x0000000087100000| Untracked 
| 114|0x0000000087200000, 0x0000000087200000, 0x0000000087300000|  0%| F|  |TAMS 0x0000000087200000, 0x0000000087200000| Untracked 
| 115|0x0000000087300000, 0x0000000087300000, 0x0000000087400000|  0%| F|  |TAMS 0x0000000087300000, 0x0000000087300000| Untracked 
| 116|0x0000000087400000, 0x0000000087400000, 0x0000000087500000|  0%| F|  |TAMS 0x0000000087400000, 0x0000000087400000| Untracked 
| 117|0x0000000087500000, 0x0000000087500000, 0x0000000087600000|  0%| F|  |TAMS 0x0000000087500000, 0x0000000087500000| Untracked 
| 118|0x0000000087600000, 0x0000000087600000, 0x0000000087700000|  0%| F|  |TAMS 0x0000000087600000, 0x0000000087600000| Untracked 
| 119|0x0000000087700000, 0x0000000087700000, 0x0000000087800000|  0%| F|  |TAMS 0x0000000087700000, 0x0000000087700000| Untracked 
| 120|0x0000000087800000, 0x0000000087800000, 0x0000000087900000|  0%| F|  |TAMS 0x0000000087800000, 0x0000000087800000| Untracked 
| 121|0x0000000087900000, 0x0000000087900000, 0x0000000087a00000|  0%| F|  |TAMS 0x0000000087900000, 0x0000000087900000| Untracked 
| 122|0x0000000087a00000, 0x0000000087a00000, 0x0000000087b00000|  0%| F|  |TAMS 0x0000000087a00000, 0x0000000087a00000| Untracked 
| 123|0x0000000087b00000, 0x0000000087b00000, 0x0000000087c00000|  0%| F|  |TAMS 0x0000000087b00000, 0x0000000087b00000| Untracked 
| 124|0x0000000087c00000, 0x0000000087c00000, 0x0000000087d00000|  0%| F|  |TAMS 0x0000000087c00000, 0x0000000087c00000| Untracked 
| 125|0x0000000087d00000, 0x0000000087d00000, 0x0000000087e00000|  0%| F|  |TAMS 0x0000000087d00000, 0x0000000087d00000| Untracked 
| 126|0x0000000087e00000, 0x0000000087e00000, 0x0000000087f00000|  0%| F|  |TAMS 0x0000000087e00000, 0x0000000087e00000| Untracked 
| 127|0x0000000087f00000, 0x0000000087f00000, 0x0000000088000000|  0%| F|  |TAMS 0x0000000087f00000, 0x0000000087f00000| Untracked 

Card table byte_map: [0x0000023e725e0000,0x0000023e729e0000] _byte_map_base: 0x0000023e721e0000

Marking Bits (Prev, Next): (CMBitMap*) 0x0000023e6e55c6d8, (CMBitMap*) 0x0000023e6e55c710
 Prev Bits: [0x0000023e72de0000, 0x0000023e74de0000)
 Next Bits: [0x0000023e74de0000, 0x0000023e76de0000)

Polling page: 0x0000023e6c3a0000

Metaspace:

Usage:
  Non-class:     38.52 MB capacity,    37.89 MB ( 98%) used,   546.10 KB (  1%) free+waste,    99.75 KB ( <1%) overhead. 
      Class:      5.93 MB capacity,     5.56 MB ( 94%) used,   330.63 KB (  5%) free+waste,    47.88 KB ( <1%) overhead. 
       Both:     44.45 MB capacity,    43.45 MB ( 98%) used,   876.73 KB (  2%) free+waste,   147.63 KB ( <1%) overhead. 

Virtual space:
  Non-class space:       40.00 MB reserved,      38.75 MB ( 97%) committed 
      Class space:        1.00 GB reserved,       6.00 MB ( <1%) committed 
             Both:        1.04 GB reserved,      44.75 MB (  4%) committed 

Chunk freelists:
   Non-Class:  47.00 KB
       Class:  0 bytes
        Both:  47.00 KB

MaxMetaspaceSize: 17179869184.00 GB
CompressedClassSpaceSize: 1.00 GB

CodeHeap 'non-profiled nmethods': size=120000Kb used=1675Kb max_used=1675Kb free=118324Kb
 bounds [0x0000023e07ad0000, 0x0000023e07d40000, 0x0000023e0f000000]
CodeHeap 'profiled nmethods': size=120000Kb used=8148Kb max_used=8148Kb free=111851Kb
 bounds [0x0000023e005a0000, 0x0000023e00da0000, 0x0000023e07ad0000]
CodeHeap 'non-nmethods': size=5760Kb used=2197Kb max_used=2243Kb free=3562Kb
 bounds [0x0000023e00000000, 0x0000023e00270000, 0x0000023e005a0000]
 total_blobs=4776 nmethods=4017 adapters=670
 compilation: enabled
              stopped_count=0, restarted_count=0
 full_count=0

Compilation events (20 events):
Event: 4.397 Thread 0x0000023e7a1ae800 nmethod 4191 0x0000023e00d91d90 code [0x0000023e00d92000, 0x0000023e00d928b8]
Event: 4.397 Thread 0x0000023e7a1ae800 4192       3       com.google.common.cache.LocalCache$Segment::expireEntries (113 bytes)
Event: 4.398 Thread 0x0000023e7a1ae800 nmethod 4192 0x0000023e00d92c10 code [0x0000023e00d92ee0, 0x0000023e00d93be8]
Event: 4.398 Thread 0x0000023e7a1ae800 4193       3       org.gradle.cache.internal.DefaultCacheAccess$UnitOfWorkFileAccess::readFile (14 bytes)
Event: 4.398 Thread 0x0000023e7a1ae800 nmethod 4193 0x0000023e00d94010 code [0x0000023e00d941e0, 0x0000023e00d94438]
Event: 4.398 Thread 0x0000023e7a1ae800 4194       3       org.gradle.cache.internal.DefaultFileLockManager$DefaultFileLock::readFile (11 bytes)
Event: 4.398 Thread 0x0000023e7a1ae800 nmethod 4194 0x0000023e00d94590 code [0x0000023e00d94760, 0x0000023e00d94958]
Event: 4.398 Thread 0x0000023e7a1ae800 4195       3       org.gradle.cache.internal.DefaultMultiProcessSafePersistentIndexedCache$1::create (12 bytes)
Event: 4.398 Thread 0x0000023e7a1ae800 nmethod 4195 0x0000023e00d94a90 code [0x0000023e00d94c40, 0x0000023e00d94d88]
Event: 4.398 Thread 0x0000023e7a1ae800 4196       3       org.gradle.cache.internal.btree.BTreePersistentIndexedCache$IndexBlock::get (38 bytes)
Event: 4.398 Thread 0x0000023e7a1ae800 nmethod 4196 0x0000023e00d94e90 code [0x0000023e00d950e0, 0x0000023e00d95788]
Event: 4.398 Thread 0x0000023e7a1ae800 4197       3       org.gradle.cache.internal.btree.BTreePersistentIndexedCache$IndexBlock::find (18 bytes)
Event: 4.399 Thread 0x0000023e7a1ae800 nmethod 4197 0x0000023e00d95b90 code [0x0000023e00d95da0, 0x0000023e00d96118]
Event: 4.400 Thread 0x0000023e7a1ae800 4198       3       org.gradle.internal.hash.HashCode::hashCode (76 bytes)
Event: 4.400 Thread 0x0000023e7a1ae800 nmethod 4198 0x0000023e00d96390 code [0x0000023e00d96540, 0x0000023e00d96758]
Event: 4.400 Thread 0x0000023e7a1ae800 4199       3       java.io.DataInputStream::read (11 bytes)
Event: 4.400 Thread 0x0000023e7a1ae800 nmethod 4199 0x0000023e00d96890 code [0x0000023e00d96a40, 0x0000023e00d96c08]
Event: 4.401 Thread 0x0000023e7a1a9000 4200       4       java.util.concurrent.locks.AbstractQueuedSynchronizer::compareAndSetState (10 bytes)
Event: 4.401 Thread 0x0000023e7a1ae800 4201       3       org.gradle.internal.snapshot.VfsRelativePath::lengthOfCommonPrefix (173 bytes)
Event: 4.401 Thread 0x0000023e7a1a9000 nmethod 4200 0x0000023e07c72b10 code [0x0000023e07c72ca0, 0x0000023e07c72d18]

GC Heap History (15 events):
Event: 0.619 GC heap before
{Heap before GC invocations=0 (full 0):
 garbage-first heap   total 131072K, used 29696K [0x0000000080000000, 0x0000000100000000)
  region size 1024K, 24 young (24576K), 0 survivors (0K)
 Metaspace       used 10458K, capacity 10677K, committed 11008K, reserved 1058816K
  class space    used 1097K, capacity 1195K, committed 1280K, reserved 1048576K
}
Event: 0.624 GC heap after
{Heap after GC invocations=1 (full 0):
 garbage-first heap   total 131072K, used 8470K [0x0000000080000000, 0x0000000100000000)
  region size 1024K, 3 young (3072K), 3 survivors (3072K)
 Metaspace       used 10458K, capacity 10677K, committed 11008K, reserved 1058816K
  class space    used 1097K, capacity 1195K, committed 1280K, reserved 1048576K
}
Event: 0.943 GC heap before
{Heap before GC invocations=1 (full 0):
 garbage-first heap   total 131072K, used 40214K [0x0000000080000000, 0x0000000100000000)
  region size 1024K, 35 young (35840K), 3 survivors (3072K)
 Metaspace       used 11038K, capacity 11214K, committed 11520K, reserved 1058816K
  class space    used 1147K, capacity 1203K, committed 1280K, reserved 1048576K
}
Event: 0.947 GC heap after
{Heap after GC invocations=2 (full 0):
 garbage-first heap   total 131072K, used 13429K [0x0000000080000000, 0x0000000100000000)
  region size 1024K, 5 young (5120K), 5 survivors (5120K)
 Metaspace       used 11038K, capacity 11214K, committed 11520K, reserved 1058816K
  class space    used 1147K, capacity 1203K, committed 1280K, reserved 1048576K
}
Event: 2.137 GC heap before
{Heap before GC invocations=2 (full 0):
 garbage-first heap   total 131072K, used 58485K [0x0000000080000000, 0x0000000100000000)
  region size 1024K, 50 young (51200K), 5 survivors (5120K)
 Metaspace       used 19274K, capacity 19706K, committed 19968K, reserved 1067008K
  class space    used 2354K, capacity 2493K, committed 2560K, reserved 1048576K
}
Event: 2.142 GC heap after
{Heap after GC invocations=3 (full 0):
 garbage-first heap   total 131072K, used 16171K [0x0000000080000000, 0x0000000100000000)
  region size 1024K, 3 young (3072K), 3 survivors (3072K)
 Metaspace       used 19274K, capacity 19706K, committed 19968K, reserved 1067008K
  class space    used 2354K, capacity 2493K, committed 2560K, reserved 1048576K
}
Event: 2.242 GC heap before
{Heap before GC invocations=3 (full 0):
 garbage-first heap   total 131072K, used 24363K [0x0000000080000000, 0x0000000100000000)
  region size 1024K, 12 young (12288K), 3 survivors (3072K)
 Metaspace       used 20670K, capacity 21115K, committed 21248K, reserved 1067008K
  class space    used 2538K, capacity 2712K, committed 2816K, reserved 1048576K
}
Event: 2.245 GC heap after
{Heap after GC invocations=4 (full 0):
 garbage-first heap   total 131072K, used 16619K [0x0000000080000000, 0x0000000100000000)
  region size 1024K, 4 young (4096K), 4 survivors (4096K)
 Metaspace       used 20670K, capacity 21115K, committed 21248K, reserved 1067008K
  class space    used 2538K, capacity 2712K, committed 2816K, reserved 1048576K
}
Event: 2.670 GC heap before
{Heap before GC invocations=5 (full 0):
 garbage-first heap   total 131072K, used 65771K [0x0000000080000000, 0x0000000100000000)
  region size 1024K, 52 young (53248K), 4 survivors (4096K)
 Metaspace       used 26319K, capacity 26905K, committed 27008K, reserved 1073152K
  class space    used 3450K, capacity 3666K, committed 3712K, reserved 1048576K
}
Event: 2.673 GC heap after
{Heap after GC invocations=6 (full 0):
 garbage-first heap   total 131072K, used 18364K [0x0000000080000000, 0x0000000100000000)
  region size 1024K, 5 young (5120K), 5 survivors (5120K)
 Metaspace       used 26319K, capacity 26905K, committed 27008K, reserved 1073152K
  class space    used 3450K, capacity 3666K, committed 3712K, reserved 1048576K
}
Event: 3.222 GC heap before
{Heap before GC invocations=6 (full 0):
 garbage-first heap   total 131072K, used 63420K [0x0000000080000000, 0x0000000100000000)
  region size 1024K, 51 young (52224K), 5 survivors (5120K)
 Metaspace       used 35057K, capacity 35737K, committed 35840K, reserved 1081344K
  class space    used 4560K, capacity 4824K, committed 4864K, reserved 1048576K
}
Event: 3.230 GC heap after
{Heap after GC invocations=7 (full 0):
 garbage-first heap   total 131072K, used 21850K [0x0000000080000000, 0x0000000100000000)
  region size 1024K, 6 young (6144K), 6 survivors (6144K)
 Metaspace       used 35057K, capacity 35737K, committed 35840K, reserved 1081344K
  class space    used 4560K, capacity 4824K, committed 4864K, reserved 1048576K
}
Event: 3.701 GC heap before
{Heap before GC invocations=8 (full 0):
 garbage-first heap   total 131072K, used 81242K [0x0000000080000000, 0x0000000100000000)
  region size 1024K, 61 young (62464K), 6 survivors (6144K)
 Metaspace       used 40692K, capacity 41566K, committed 41600K, reserved 1085440K
  class space    used 5192K, capacity 5501K, committed 5504K, reserved 1048576K
}
Event: 3.708 GC heap after
{Heap after GC invocations=9 (full 0):
 garbage-first heap   total 131072K, used 25399K [0x0000000080000000, 0x0000000100000000)
  region size 1024K, 7 young (7168K), 7 survivors (7168K)
 Metaspace       used 40692K, capacity 41566K, committed 41600K, reserved 1085440K
  class space    used 5192K, capacity 5501K, committed 5504K, reserved 1048576K
}
Event: 4.402 GC heap before
{Heap before GC invocations=9 (full 0):
 garbage-first heap   total 131072K, used 83767K [0x0000000080000000, 0x0000000100000000)
  region size 1024K, 64 young (65536K), 7 survivors (7168K)
 Metaspace       used 44493K, capacity 45518K, committed 45824K, reserved 1089536K
  class space    used 5698K, capacity 6077K, committed 6144K, reserved 1048576K
}

Deoptimization events (20 events):
Event: 4.232 Thread 0x0000023e7e6ff800 Uncommon trap: reason=unstable_if action=reinterpret pc=0x0000023e07b736e0 method=java.util.concurrent.ConcurrentHashMap.addCount(JI)V @ 34 c2
Event: 4.232 Thread 0x0000023e7e701800 Uncommon trap: reason=unstable_if action=reinterpret pc=0x0000023e07b736e0 method=java.util.concurrent.ConcurrentHashMap.addCount(JI)V @ 34 c2
Event: 4.233 Thread 0x0000023e7e701800 DEOPT PACKING pc=0x0000023e07b736e0 sp=0x0000006db71fe830
Event: 4.233 Thread 0x0000023e7e6ff800 DEOPT PACKING pc=0x0000023e07b736e0 sp=0x0000006db6ffe790
Event: 4.233 Thread 0x0000023e7e6f7800 DEOPT PACKING pc=0x0000023e07b736e0 sp=0x0000006db6dfe3d0
Event: 4.233 Thread 0x0000023e7e701800 DEOPT UNPACKING pc=0x0000023e000274af sp=0x0000006db71fe700 mode 2
Event: 4.233 Thread 0x0000023e7e6ff800 DEOPT UNPACKING pc=0x0000023e000274af sp=0x0000006db6ffe660 mode 2
Event: 4.233 Thread 0x0000023e7e6f7800 DEOPT UNPACKING pc=0x0000023e000274af sp=0x0000006db6dfe2a0 mode 2
Event: 4.233 Thread 0x0000023e7e6f7800 Uncommon trap: trap_request=0xffffff4d fr.pc=0x0000023e07b70e28 relative=0x0000000000000148
Event: 4.233 Thread 0x0000023e7e6f7800 Uncommon trap: reason=unstable_if action=reinterpret pc=0x0000023e07b70e28 method=java.util.concurrent.ConcurrentHashMap.addCount(JI)V @ 7 c2
Event: 4.233 Thread 0x0000023e7e6f7800 DEOPT PACKING pc=0x0000023e07b70e28 sp=0x0000006db6dfe330
Event: 4.233 Thread 0x0000023e7e6f7800 DEOPT UNPACKING pc=0x0000023e000274af sp=0x0000006db6dfe290 mode 2
Event: 4.294 Thread 0x0000023e7e6f6800 Uncommon trap: trap_request=0xffffffcc fr.pc=0x0000023e07c5fa30 relative=0x00000000000010f0
Event: 4.294 Thread 0x0000023e7e6f6800 Uncommon trap: reason=intrinsic_or_type_checked_inlining action=make_not_entrant pc=0x0000023e07c5fa30 method=java.util.ArrayList.toArray([Ljava/lang/Object;)[Ljava/lang/Object; @ 36 c2
Event: 4.294 Thread 0x0000023e7e6f6800 DEOPT PACKING pc=0x0000023e07c5fa30 sp=0x0000006db6efddd0
Event: 4.294 Thread 0x0000023e7e6f6800 DEOPT UNPACKING pc=0x0000023e000274af sp=0x0000006db6efdd30 mode 2
Event: 4.362 Thread 0x0000023e7b6aa800 Uncommon trap: trap_request=0xffffffcc fr.pc=0x0000023e07c67804 relative=0x00000000000002c4
Event: 4.362 Thread 0x0000023e7b6aa800 Uncommon trap: reason=intrinsic_or_type_checked_inlining action=make_not_entrant pc=0x0000023e07c67804 method=java.util.Arrays.copyOf([Ljava/lang/Object;ILjava/lang/Class;)[Ljava/lang/Object; @ 35 c2
Event: 4.362 Thread 0x0000023e7b6aa800 DEOPT PACKING pc=0x0000023e07c67804 sp=0x0000006db55fa230
Event: 4.362 Thread 0x0000023e7b6aa800 DEOPT UNPACKING pc=0x0000023e000274af sp=0x0000006db55fa1c0 mode 2

Classes redefined (0 events):
No events

Internal exceptions (20 events):
Event: 3.719 Thread 0x0000023e7b6aa800 Exception <a 'java/lang/ClassNotFoundException'{0x0000000087ebf688}: org/gradle/api/internal/artifacts/dsl/dependencies/DefaultDependencyHandler_DecoratedCustomizer> (0x0000000087ebf688) thrown at [./src/hotspot/share/classfile/systemDictionary.cpp, line 231]
Event: 3.734 Thread 0x0000023e7b6aa800 Exception <a 'java/lang/ClassNotFoundException'{0x0000000087c42c20}: groovy/lang/GString$1BeanInfo> (0x0000000087c42c20) thrown at [./src/hotspot/share/classfile/systemDictionary.cpp, line 231]
Event: 3.735 Thread 0x0000023e7b6aa800 Exception <a 'java/lang/ClassNotFoundException'{0x0000000087c5d140}: groovy/lang/GStringBeanInfo> (0x0000000087c5d140) thrown at [./src/hotspot/share/classfile/systemDictionary.cpp, line 231]
Event: 3.735 Thread 0x0000023e7b6aa800 Exception <a 'java/lang/ClassNotFoundException'{0x0000000087c77118}: groovy/lang/GStringCustomizer> (0x0000000087c77118) thrown at [./src/hotspot/share/classfile/systemDictionary.cpp, line 231]
Event: 3.737 Thread 0x0000023e7b6aa800 Exception <a 'java/lang/ClassNotFoundException'{0x0000000087c9a838}: groovy/lang/GString$1Customizer> (0x0000000087c9a838) thrown at [./src/hotspot/share/classfile/systemDictionary.cpp, line 231]
Event: 3.741 Thread 0x0000023e7b6aa800 Exception <a 'java/lang/ClassNotFoundException'{0x0000000087b31010}: org/codehaus/groovy/runtime/GStringImplBeanInfo> (0x0000000087b31010) thrown at [./src/hotspot/share/classfile/systemDictionary.cpp, line 231]
Event: 3.741 Thread 0x0000023e7b6aa800 Exception <a 'java/lang/ClassNotFoundException'{0x0000000087b4d9f8}: org/codehaus/groovy/runtime/GStringImplCustomizer> (0x0000000087b4d9f8) thrown at [./src/hotspot/share/classfile/systemDictionary.cpp, line 231]
Event: 3.861 Thread 0x0000023e7b6aa800 Exception <a 'java/lang/NoSuchMethodError'{0x0000000086d10ea8}: 'java.lang.Object java.lang.invoke.DelegatingMethodHandle$Holder.reinvoke_L(java.lang.Object, java.lang.Object, java.lang.Object, java.lang.Object, java.lang.Object, java.lang.Object, java.lang.Object, java.lang.Object, java.lang.Object, java.lang.Object, java.lang.Object, java.lang.Object, java.lang.Object, java.lang.Object, java.lang.Object, java.lang.Object, java.lang.Object)'> (0x0000000086d10ea8) thrown at [./src/hotspot/share/interpreter
Event: 3.862 Thread 0x0000023e7b6aa800 Exception <a 'java/lang/NoSuchMethodError'{0x0000000086d1b7f8}: 'java.lang.Object java.lang.invoke.Invokers$Holder.invoker(java.lang.Object, java.lang.Object, java.lang.Object, java.lang.Object, java.lang.Object, java.lang.Object, java.lang.Object, java.lang.Object, java.lang.Object, java.lang.Object, java.lang.Object, java.lang.Object, java.lang.Object, java.lang.Object, java.lang.Object, java.lang.Object, java.lang.Object)'> (0x0000000086d1b7f8) thrown at [./src/hotspot/share/interpreter/linkResolver.cpp
Event: 3.862 Thread 0x0000023e7b6aa800 Exception <a 'java/lang/NoSuchMethodError'{0x0000000086d22100}: 'java.lang.Object java.lang.invoke.DelegatingMethodHandle$Holder.delegate(java.lang.Object, java.lang.Object, java.lang.Object, java.lang.Object, java.lang.Object, java.lang.Object, java.lang.Object, java.lang.Object, java.lang.Object, java.lang.Object, java.lang.Object, java.lang.Object, java.lang.Object, java.lang.Object, java.lang.Object, java.lang.Object, java.lang.Object)'> (0x0000000086d22100) thrown at [./src/hotspot/share/interpreter/l
Event: 3.865 Thread 0x0000023e7b6aa800 Exception <a 'java/lang/NoSuchMethodError'{0x0000000086d65978}: 'java.lang.Object java.lang.invoke.DirectMethodHandle$Holder.invokeStatic(java.lang.Object, java.lang.Object, java.lang.Object, java.lang.Object, java.lang.Object, java.lang.Object, java.lang.Object, java.lang.Object, java.lang.Object, java.lang.Object, java.lang.Object, java.lang.Object, java.lang.Object, java.lang.Object, java.lang.Object)'> (0x0000000086d65978) thrown at [./src/hotspot/share/interpreter/linkResolver.cpp, line 773]
Event: 3.866 Thread 0x0000023e7b6aa800 Exception <a 'java/lang/NoSuchMethodError'{0x0000000086d74e28}: 'java.lang.Object java.lang.invoke.DirectMethodHandle$Holder.invokeStatic(java.lang.Object, java.lang.Object, java.lang.Object, java.lang.Object, java.lang.Object, java.lang.Object, java.lang.Object, java.lang.Object, java.lang.Object, java.lang.Object, java.lang.Object, java.lang.Object, java.lang.Object, java.lang.Object, java.lang.Object, java.lang.Object)'> (0x0000000086d74e28) thrown at [./src/hotspot/share/interpreter/linkResolver.cpp, l
Event: 3.867 Thread 0x0000023e7b6aa800 Exception <a 'java/lang/NoSuchMethodError'{0x0000000086da89f0}: 'java.lang.Object java.lang.invoke.DelegatingMethodHandle$Holder.reinvoke_L(java.lang.Object, java.lang.Object, java.lang.Object, java.lang.Object, java.lang.Object, java.lang.Object, java.lang.Object, java.lang.Object, java.lang.Object, java.lang.Object, java.lang.Object, java.lang.Object, java.lang.Object, java.lang.Object, java.lang.Object, java.lang.Object)'> (0x0000000086da89f0) thrown at [./src/hotspot/share/interpreter/linkResolver.cpp,
Event: 3.889 Thread 0x0000023e7b6aa800 Exception <a 'java/lang/NoSuchMethodError'{0x0000000086a75f78}: 'java.lang.Object java.lang.invoke.DirectMethodHandle$Holder.invokeStatic(java.lang.Object, java.lang.Object, java.lang.Object, int)'> (0x0000000086a75f78) thrown at [./src/hotspot/share/interpreter/linkResolver.cpp, line 773]
Event: 3.889 Thread 0x0000023e7b6aa800 Exception <a 'java/lang/NoSuchMethodError'{0x0000000086a7a838}: 'java.lang.Object java.lang.invoke.DirectMethodHandle$Holder.invokeSpecial(java.lang.Object, java.lang.Object, java.lang.Object, java.lang.Object, int)'> (0x0000000086a7a838) thrown at [./src/hotspot/share/interpreter/linkResolver.cpp, line 773]
Event: 3.890 Thread 0x0000023e7b6aa800 Exception <a 'java/lang/NoSuchMethodError'{0x0000000086a7ea18}: 'java.lang.Object java.lang.invoke.Invokers$Holder.linkToTargetMethod(java.lang.Object, java.lang.Object, int, java.lang.Object)'> (0x0000000086a7ea18) thrown at [./src/hotspot/share/interpreter/linkResolver.cpp, line 773]
Event: 3.892 Thread 0x0000023e7b6aa800 Exception <a 'java/lang/NoSuchMethodError'{0x0000000086abfdf8}: 'int java.lang.invoke.DirectMethodHandle$Holder.invokeInterface(java.lang.Object, java.lang.Object)'> (0x0000000086abfdf8) thrown at [./src/hotspot/share/interpreter/linkResolver.cpp, line 773]
Event: 3.892 Thread 0x0000023e7b6aa800 Exception <a 'java/lang/IncompatibleClassChangeError'{0x0000000086ac38d8}: Found class java.lang.Object, but interface was expected> (0x0000000086ac38d8) thrown at [./src/hotspot/share/interpreter/linkResolver.cpp, line 839]
Event: 3.964 Thread 0x0000023e7b6aa800 Exception <a 'java/lang/NoSuchMethodError'{0x000000008638a9b8}: 'int java.lang.invoke.DirectMethodHandle$Holder.invokeStaticInit(java.lang.Object)'> (0x000000008638a9b8) thrown at [./src/hotspot/share/interpreter/linkResolver.cpp, line 773]
Event: 4.207 Thread 0x0000023e7b6aa800 Exception <a 'java/lang/NoSuchMethodError'{0x0000000085833e40}: 'void java.lang.invoke.DirectMethodHandle$Holder.invokeStatic(java.lang.Object, java.lang.Object, java.lang.Object, int, java.lang.Object)'> (0x0000000085833e40) thrown at [./src/hotspot/share/interpreter/linkResolver.cpp, line 773]

Events (20 events):
Event: 4.390 Thread 0x0000023e7ed2d800 Thread added: 0x0000023e7ed2d800
Event: 4.391 Thread 0x0000023e7ed33000 Thread added: 0x0000023e7ed33000
Event: 4.392 Thread 0x0000023e7ed31800 Thread added: 0x0000023e7ed31800
Event: 4.392 Thread 0x0000023e7ed32000 Thread added: 0x0000023e7ed32000
Event: 4.393 Thread 0x0000023e7ed34000 Thread added: 0x0000023e7ed34000
Event: 4.394 Thread 0x0000023e7ed2e000 Thread added: 0x0000023e7ed2e000
Event: 4.394 Thread 0x0000023e7ed36800 Thread added: 0x0000023e7ed36800
Event: 4.395 Thread 0x0000023e7ed37000 Thread added: 0x0000023e7ed37000
Event: 4.395 Thread 0x0000023e7ed38800 Thread added: 0x0000023e7ed38800
Event: 4.396 Thread 0x0000023e7ed34800 Thread added: 0x0000023e7ed34800
Event: 4.396 Thread 0x0000023e7ed39800 Thread added: 0x0000023e7ed39800
Event: 4.397 Thread 0x0000023e7ed35800 Thread added: 0x0000023e7ed35800
Event: 4.398 Thread 0x0000023e7ed3b000 Thread added: 0x0000023e7ed3b000
Event: 4.398 Thread 0x0000023e7ed3a800 Thread added: 0x0000023e7ed3a800
Event: 4.399 Thread 0x0000023e7ed3c000 Thread added: 0x0000023e7ed3c000
Event: 4.400 Thread 0x0000023e7ed38000 Thread added: 0x0000023e7ed38000
Event: 4.400 Thread 0x0000023e7e816800 Thread added: 0x0000023e7e816800
Event: 4.401 Thread 0x0000023e7e816000 Thread added: 0x0000023e7e816000
Event: 4.401 Thread 0x0000023e7e817800 Thread added: 0x0000023e7e817800
Event: 4.401 Executing VM operation: G1CollectForAllocation


Dynamic libraries:
0x00007ff7f2e60000 - 0x00007ff7f2e6a000 	C:\Users\Dark Knight\Desktop\Android Studio\jre\bin\java.exe
0x00007ffa2a7c0000 - 0x00007ffa2a9c9000 	C:\WINDOWS\SYSTEM32\ntdll.dll
0x00007ffa28890000 - 0x00007ffa2894d000 	C:\WINDOWS\System32\KERNEL32.DLL
0x00007ffa27df0000 - 0x00007ffa28164000 	C:\WINDOWS\System32\KERNELBASE.dll
0x00007ffa283d0000 - 0x00007ffa284e1000 	C:\WINDOWS\System32\ucrtbase.dll
0x00007ffa063d0000 - 0x00007ffa063e9000 	C:\Users\Dark Knight\Desktop\Android Studio\jre\bin\jli.dll
0x00007ff9f94e0000 - 0x00007ff9f94f7000 	C:\Users\Dark Knight\Desktop\Android Studio\jre\bin\VCRUNTIME140.dll
0x00007ffa29e10000 - 0x00007ffa29fbc000 	C:\WINDOWS\System32\USER32.dll
0x00007ffa27d20000 - 0x00007ffa27d46000 	C:\WINDOWS\System32\win32u.dll
0x00007ffa15020000 - 0x00007ffa152c5000 	C:\WINDOWS\WinSxS\amd64_microsoft.windows.common-controls_6595b64144ccf1df_6.0.22000.120_none_9d947278b86cc467\COMCTL32.dll
0x00007ffa29ca0000 - 0x00007ffa29cc9000 	C:\WINDOWS\System32\GDI32.dll
0x00007ffa2a440000 - 0x00007ffa2a4e3000 	C:\WINDOWS\System32\msvcrt.dll
0x00007ffa282b0000 - 0x00007ffa283c2000 	C:\WINDOWS\System32\gdi32full.dll
0x00007ffa27d50000 - 0x00007ffa27ded000 	C:\WINDOWS\System32\msvcp_win.dll
0x00007ffa28750000 - 0x00007ffa28781000 	C:\WINDOWS\System32\IMM32.DLL
0x00007ff9e9600000 - 0x00007ff9e969d000 	C:\Users\Dark Knight\Desktop\Android Studio\jre\bin\msvcp140.dll
0x00007ff9c2990000 - 0x00007ff9c344c000 	C:\Users\Dark Knight\Desktop\Android Studio\jre\bin\server\jvm.dll
0x00007ffa2a390000 - 0x00007ffa2a43e000 	C:\WINDOWS\System32\ADVAPI32.dll
0x00007ffa29c00000 - 0x00007ffa29c9e000 	C:\WINDOWS\System32\sechost.dll
0x00007ffa2a020000 - 0x00007ffa2a140000 	C:\WINDOWS\System32\RPCRT4.dll
0x00007ffa2a140000 - 0x00007ffa2a148000 	C:\WINDOWS\System32\PSAPI.DLL
0x00007ffa212d0000 - 0x00007ffa21303000 	C:\WINDOWS\SYSTEM32\WINMM.dll
0x00007ffa1cab0000 - 0x00007ffa1caba000 	C:\WINDOWS\SYSTEM32\VERSION.dll
0x00007ffa17e40000 - 0x00007ffa17e49000 	C:\WINDOWS\SYSTEM32\WSOCK32.dll
0x00007ffa2a710000 - 0x00007ffa2a77f000 	C:\WINDOWS\System32\WS2_32.dll
0x00007ffa26ea0000 - 0x00007ffa26eb8000 	C:\WINDOWS\SYSTEM32\kernel.appcore.dll
0x00007ffa181f0000 - 0x00007ffa18201000 	C:\Users\Dark Knight\Desktop\Android Studio\jre\bin\verify.dll
0x00007ffa257f0000 - 0x00007ffa25a11000 	C:\WINDOWS\SYSTEM32\DBGHELP.DLL
0x00007ffa069a0000 - 0x00007ffa069d1000 	C:\WINDOWS\SYSTEM32\dbgcore.DLL
0x00007ffa28170000 - 0x00007ffa281ef000 	C:\WINDOWS\System32\bcryptPrimitives.dll
0x00007ffa17f10000 - 0x00007ffa17f39000 	C:\Users\Dark Knight\Desktop\Android Studio\jre\bin\java.dll
0x00007ffa242d0000 - 0x00007ffa242db000 	C:\Users\Dark Knight\Desktop\Android Studio\jre\bin\jimage.dll
0x00007ffa17ef0000 - 0x00007ffa17f08000 	C:\Users\Dark Knight\Desktop\Android Studio\jre\bin\zip.dll
0x00007ffa28c60000 - 0x00007ffa2940e000 	C:\WINDOWS\System32\SHELL32.dll
0x00007ffa25e30000 - 0x00007ffa26697000 	C:\WINDOWS\SYSTEM32\windows.storage.dll
0x00007ffa29410000 - 0x00007ffa29788000 	C:\WINDOWS\System32\combase.dll
0x00007ffa25cc0000 - 0x00007ffa25e26000 	C:\WINDOWS\SYSTEM32\wintypes.dll
0x00007ffa2a4f0000 - 0x00007ffa2a5da000 	C:\WINDOWS\System32\SHCORE.dll
0x00007ffa29fc0000 - 0x00007ffa2a01d000 	C:\WINDOWS\System32\shlwapi.dll
0x00007ffa27be0000 - 0x00007ffa27c01000 	C:\WINDOWS\SYSTEM32\profapi.dll
0x00007ffa16420000 - 0x00007ffa1643a000 	C:\Users\Dark Knight\Desktop\Android Studio\jre\bin\net.dll
0x00007ffa20bc0000 - 0x00007ffa20ccc000 	C:\WINDOWS\SYSTEM32\WINHTTP.dll
0x00007ffa272d0000 - 0x00007ffa27337000 	C:\WINDOWS\system32\mswsock.dll
0x00007ffa16400000 - 0x00007ffa16414000 	C:\Users\Dark Knight\Desktop\Android Studio\jre\bin\nio.dll
0x00007ff9f9500000 - 0x00007ff9f9527000 	C:\Users\Dark Knight\.gradle\native\fdc75f09e3144964f2cf3f50f0aa648679c211496f362492102eb8c894070792\windows-amd64\native-platform.dll
0x00007ff9e7450000 - 0x00007ff9e75e6000 	C:\Users\Dark Knight\.gradle\native\12488b8bf47d2d4c9fbf2f6322a914ad602e24e48041cd04a747c6da556b65c4\windows-amd64\native-platform-file-events.dll
0x00007ffa242a0000 - 0x00007ffa242aa000 	C:\Users\Dark Knight\Desktop\Android Studio\jre\bin\management.dll
0x00007ffa1eff0000 - 0x00007ffa1effc000 	C:\Users\Dark Knight\Desktop\Android Studio\jre\bin\management_ext.dll
0x00007ffa27510000 - 0x00007ffa27528000 	C:\WINDOWS\SYSTEM32\CRYPTSP.dll
0x00007ffa26e00000 - 0x00007ffa26e35000 	C:\WINDOWS\system32\rsaenh.dll
0x00007ffa273c0000 - 0x00007ffa273e9000 	C:\WINDOWS\SYSTEM32\USERENV.dll
0x00007ffa27690000 - 0x00007ffa276b7000 	C:\WINDOWS\SYSTEM32\bcrypt.dll
0x00007ffa27530000 - 0x00007ffa2753c000 	C:\WINDOWS\SYSTEM32\CRYPTBASE.dll
0x00007ffa26a10000 - 0x00007ffa26a3d000 	C:\WINDOWS\SYSTEM32\IPHLPAPI.DLL
0x00007ffa28c50000 - 0x00007ffa28c59000 	C:\WINDOWS\System32\NSI.dll
0x00007ffa21330000 - 0x00007ffa21349000 	C:\WINDOWS\SYSTEM32\dhcpcsvc6.DLL
0x00007ffa21960000 - 0x00007ffa2197e000 	C:\WINDOWS\SYSTEM32\dhcpcsvc.DLL
0x00007ffa26a40000 - 0x00007ffa26b27000 	C:\WINDOWS\SYSTEM32\DNSAPI.dll
0x00007ffa21310000 - 0x00007ffa2131c000 	C:\WINDOWS\SYSTEM32\WINNSI.DLL

dbghelp: loaded successfully - version: 4.0.5 - missing functions: none
symbol engine: initialized successfully - sym options: 0x614 - pdb path: .;C:\Users\Dark Knight\Desktop\Android Studio\jre\bin;C:\WINDOWS\SYSTEM32;C:\WINDOWS\WinSxS\amd64_microsoft.windows.common-controls_6595b64144ccf1df_6.0.22000.120_none_9d947278b86cc467;C:\Users\Dark Knight\Desktop\Android Studio\jre\bin\server;C:\Users\Dark Knight\.gradle\native\fdc75f09e3144964f2cf3f50f0aa648679c211496f362492102eb8c894070792\windows-amd64;C:\Users\Dark Knight\.gradle\native\12488b8bf47d2d4c9fbf2f6322a914ad602e24e48041cd04a747c6da556b65c4\windows-amd64

VM Arguments:
jvm_args: --add-opens=java.base/java.util=ALL-UNNAMED --add-opens=java.base/java.lang=ALL-UNNAMED --add-opens=java.base/java.lang.invoke=ALL-UNNAMED --add-opens=java.prefs/java.util.prefs=ALL-UNNAMED -Xmx2048m -Dfile.encoding=UTF-8 -Duser.country=IN -Duser.language=en -Duser.variant 
java_command: org.gradle.launcher.daemon.bootstrap.GradleDaemon 6.7.1
java_class_path (initial): C:\Users\Dark Knight\.gradle\wrapper\dists\gradle-6.7.1-bin\bwlcbys1h7rz3272sye1xwiv6\gradle-6.7.1\lib\gradle-launcher-6.7.1.jar
Launcher Type: SUN_STANDARD

[Global flags]
     intx CICompilerCount                          = 4                                         {product} {ergonomic}
     uint ConcGCThreads                            = 2                                         {product} {ergonomic}
     uint G1ConcRefinementThreads                  = 8                                         {product} {ergonomic}
   size_t G1HeapRegionSize                         = 1048576                                   {product} {ergonomic}
    uintx GCDrainStackTargetSize                   = 64                                        {product} {ergonomic}
   size_t InitialHeapSize                          = 134217728                                 {product} {ergonomic}
   size_t MarkStackSize                            = 4194304                                   {product} {ergonomic}
   size_t MaxHeapSize                              = 2147483648                                {product} {command line}
   size_t MaxNewSize                               = 1287651328                                {product} {ergonomic}
   size_t MinHeapDeltaBytes                        = 1048576                                   {product} {ergonomic}
    uintx NonNMethodCodeHeapSize                   = 5836300                                {pd product} {ergonomic}
    uintx NonProfiledCodeHeapSize                  = 122910970                              {pd product} {ergonomic}
    uintx ProfiledCodeHeapSize                     = 122910970                              {pd product} {ergonomic}
    uintx ReservedCodeCacheSize                    = 251658240                              {pd product} {ergonomic}
     bool SegmentedCodeCache                       = true                                      {product} {ergonomic}
     bool UseCompressedClassPointers               = true                                 {lp64_product} {ergonomic}
     bool UseCompressedOops                        = true                                 {lp64_product} {ergonomic}
     bool UseG1GC                                  = true                                      {product} {ergonomic}
     bool UseLargePagesIndividualAllocation        = false                                  {pd product} {ergonomic}

Logging:
Log output configuration:
 #0: stdout all=warning uptime,level,tags
 #1: stderr all=off uptime,level,tags

Environment Variables:
PATH=C:\Windows\system32;C:\Windows;C:\Windows\System32\Wbem;C:\Windows\System32\WindowsPowerShell\v1.0\;C:\Windows\System32\OpenSSH\;C:\Program Files (x86)\NVIDIA Corporation\PhysX\Common;C:\Program Files\NVIDIA Corporation\NVIDIA NvDLISR;C:\WINDOWS\system32;C:\WINDOWS;C:\WINDOWS\System32\Wbem;C:\WINDOWS\System32\WindowsPowerShell\v1.0\;C:\WINDOWS\System32\OpenSSH\;C:\MinGW\bin;C:\Program Files\MEGA-X;C:\WINDOWS\system32;C:\WINDOWS;C:\WINDOWS\System32\Wbem;C:\WINDOWS\System32\WindowsPowerShell\v1.0\;C:\WINDOWS\System32\OpenSSH\;C:\Program Files\Git\cmd;C:\Users\Dark Knight\AppData\Local\Microsoft\WindowsApps;C:\Users\Dark Knight\AppData\Local\atom\bin;C:\MinGW\bin;C:\Program Files (x86)\Microsoft Visual Studio\2019\BuildTools\MSBuild\Current\Bin;C:\Users\Dark Knight\AppData\Local\Microsoft\WindowsApps;
USERNAME=Dark Knight
OS=Windows_NT
PROCESSOR_IDENTIFIER=Intel64 Family 6 Model 158 Stepping 10, GenuineIntel



---------------  S Y S T E M  ---------------

OS: Windows 10 , 64 bit Build 22000 (10.0.22000.434)
OS uptime: 6 days 20:55 hours

CPU:total 8 (initial active 8) (4 cores per cpu, 2 threads per core) family 6 model 158 stepping 10, cmov, cx8, fxsr, mmx, sse, sse2, sse3, ssse3, sse4.1, sse4.2, popcnt, avx, avx2, aes, clmul, erms, 3dnowpref, lzcnt, ht, tsc, tscinvbit, bmi1, bmi2, adx, fma

Memory: 4k page, system-wide physical 8072M (164M free)
TotalPageFile size 12168M (AvailPageFile size 14M)
current process WorkingSet (physical memory assigned to process): 239M, peak: 239M
current process commit charge ("private bytes"): 313M, peak: 339M

vm_info: OpenJDK 64-Bit Server VM (11.0.8+10-b944.6842174) for windows-amd64 JRE (11.0.8+10-b944.6842174), built on Sep 19 2020 01:11:42 by "builder" with MS VC++ 14.0 (VS2015)

END.
