#
# There is insufficient memory for the Java Runtime Environment to continue.
# Native memory allocation (malloc) failed to allocate 32744 bytes for ChunkPool::allocate
# Possible reasons:
#   The system is out of physical RAM or swap space
#   The process is running with CompressedOops enabled, and the Java Heap may be blocking the growth of the native heap
# Possible solutions:
#   Reduce memory load on the system
#   Increase physical memory or swap space
#   Check if swap backing store is full
#   Decrease Java heap size (-Xmx/-Xms)
#   Decrease number of Java threads
#   Decrease Java thread stack sizes (-Xss)
#   Set larger code cache with -XX:ReservedCodeCacheSize=
#   JVM is running with Unscaled Compressed Oops mode in which the Java heap is
#     placed in the first 4GB address space. The Java Heap base address is the
#     maximum limit for the native heap growth. Please use -XX:HeapBaseMinAddress
#     to set the Java Heap base and to place the Java Heap above 4GB virtual address.
# This output file may be truncated or incomplete.
#
#  Out of Memory Error (./src/hotspot/share/memory/arena.cpp:81), pid=20988, tid=22924
#
# JRE version: OpenJDK Runtime Environment (11.0.8+10) (build 11.0.8+10-b944.6842174)
# Java VM: OpenJDK 64-Bit Server VM (11.0.8+10-b944.6842174, mixed mode, tiered, compressed oops, g1 gc, windows-amd64)
# No core dump will be written. Minidumps are not enabled by default on client versions of Windows
#

---------------  S U M M A R Y ------------

Command Line: org.jetbrains.kotlin.cli.jvm.K2JVMCompiler @C:\Android Projects\MyShopPal\app\build\20220305_8262158092600972005.compiler.options

Host: Intel(R) Core(TM) i5-9300H CPU @ 2.40GHz, 8 cores, 7G,  Windows 10 , 64 bit Build 22000 (10.0.22000.434)
Time: Sat Mar  5 20:18:15 2022 India Standard Time elapsed time: 3 seconds (0d 0h 0m 3s)

---------------  T H R E A D  ---------------

Current thread (0x000001dec5cfb800):  JavaThread "C2 CompilerThread0" daemon [_thread_in_native, id=22924, stack(0x0000007dcd900000,0x0000007dcda00000)]


Current CompileTask:
C2:   3769 1920   !   4       jdk.internal.loader.BuiltinClassLoader::loadClassOrNull (143 bytes)

Stack: [0x0000007dcd900000,0x0000007dcda00000]
Native frames: (J=compiled Java code, j=interpreted, Vv=VM code, C=native code)
V  [jvm.dll+0x5de50a]
V  [jvm.dll+0x7122f5]
V  [jvm.dll+0x71384d]
V  [jvm.dll+0x713f03]
V  [jvm.dll+0x23e728]
V  [jvm.dll+0xb8beb]
V  [jvm.dll+0xb8e9c]
V  [jvm.dll+0xb8a98]
V  [jvm.dll+0x5be3b0]
V  [jvm.dll+0x60eabe]
V  [jvm.dll+0x193f88]
V  [jvm.dll+0x1f780e]
V  [jvm.dll+0x1f68d4]
V  [jvm.dll+0x17f32c]
V  [jvm.dll+0x205047]
V  [jvm.dll+0x203891]
V  [jvm.dll+0x6dad3f]
V  [jvm.dll+0x6d3895]
V  [jvm.dll+0x5dd4a6]
C  [ucrtbase.dll+0x26c0c]
C  [KERNEL32.DLL+0x154e0]
C  [ntdll.dll+0x485b]


---------------  P R O C E S S  ---------------

Threads class SMR info:
_java_thread_list=0x000001dec7508c10, length=11, elements={
0x000001deab10f800, 0x000001dec534b000, 0x000001dec5356000, 0x000001dec5cf9800,
0x000001dec5cfa800, 0x000001dec5cfb800, 0x000001dec5cff000, 0x000001dec5d03000,
0x000001dec5e54000, 0x000001dec5e5a800, 0x000001dec7466800
}

Java Threads: ( => current thread )
  0x000001deab10f800 JavaThread "main" [_thread_in_Java, id=15140, stack(0x0000007dcce00000,0x0000007dccf00000)]
  0x000001dec534b000 JavaThread "Reference Handler" daemon [_thread_blocked, id=22920, stack(0x0000007dcd500000,0x0000007dcd600000)]
  0x000001dec5356000 JavaThread "Finalizer" daemon [_thread_blocked, id=10368, stack(0x0000007dcd600000,0x0000007dcd700000)]
  0x000001dec5cf9800 JavaThread "Signal Dispatcher" daemon [_thread_blocked, id=1672, stack(0x0000007dcd700000,0x0000007dcd800000)]
  0x000001dec5cfa800 JavaThread "Attach Listener" daemon [_thread_blocked, id=24828, stack(0x0000007dcd800000,0x0000007dcd900000)]
=>0x000001dec5cfb800 JavaThread "C2 CompilerThread0" daemon [_thread_in_native, id=22924, stack(0x0000007dcd900000,0x0000007dcda00000)]
  0x000001dec5cff000 JavaThread "C1 CompilerThread0" daemon [_thread_in_native, id=22292, stack(0x0000007dcda00000,0x0000007dcdb00000)]
  0x000001dec5d03000 JavaThread "Sweeper thread" daemon [_thread_blocked, id=18508, stack(0x0000007dcdb00000,0x0000007dcdc00000)]
  0x000001dec5e54000 JavaThread "Service Thread" daemon [_thread_blocked, id=9396, stack(0x0000007dcdc00000,0x0000007dcdd00000)]
  0x000001dec5e5a800 JavaThread "Common-Cleaner" daemon [_thread_blocked, id=10764, stack(0x0000007dcde00000,0x0000007dcdf00000)]
  0x000001dec7466800 JavaThread "C2 CompilerThread1" daemon [_thread_in_native, id=22544, stack(0x0000007dce200000,0x0000007dce300000)]

Other Threads:
  0x000001dec5348800 VMThread "VM Thread" [stack: 0x0000007dcd400000,0x0000007dcd500000] [id=25380]
  0x000001dec5e4c000 WatcherThread [stack: 0x0000007dcdd00000,0x0000007dcde00000] [id=24568]
  0x000001deab127000 GCTaskThread "GC Thread#0" [stack: 0x0000007dccf00000,0x0000007dcd000000] [id=26236]
  0x000001dec6459000 GCTaskThread "GC Thread#1" [stack: 0x0000007dcdf00000,0x0000007dce000000] [id=5064]
  0x000001dec642b000 GCTaskThread "GC Thread#2" [stack: 0x0000007dce000000,0x0000007dce100000] [id=26496]
  0x000001deab156800 ConcurrentGCThread "G1 Main Marker" [stack: 0x0000007dcd000000,0x0000007dcd100000] [id=9864]
  0x000001deab159800 ConcurrentGCThread "G1 Conc#0" [stack: 0x0000007dcd100000,0x0000007dcd200000] [id=17012]
  0x000001dec737e000 ConcurrentGCThread "G1 Conc#1" [stack: 0x0000007dce100000,0x0000007dce200000] [id=22260]
  0x000001dec5190800 ConcurrentGCThread "G1 Refine#0" [stack: 0x0000007dcd200000,0x0000007dcd300000] [id=22316]
  0x000001dec5191800 ConcurrentGCThread "G1 Young RemSet Sampling" [stack: 0x0000007dcd300000,0x0000007dcd400000] [id=9960]

Threads with active compile tasks:
C2 CompilerThread0   3805 1920   !   4       jdk.internal.loader.BuiltinClassLoader::loadClassOrNull (143 bytes)
C1 CompilerThread0   3805 2263       2       sun.nio.fs.WindowsFileAttributes::isReadOnly (15 bytes)
C2 CompilerThread1   3805 2230       4       org.jetbrains.kotlin.com.intellij.openapi.vfs.impl.ZipHandlerBase::getOrCreate (235 bytes)

VM state:not at safepoint (normal execution)

VM Mutex/Monitor currently owned by a thread: None

Heap address: 0x0000000081c00000, size: 2020 MB, Compressed Oops mode: 32-bit
Narrow klass base: 0x0000000000000000, Narrow klass shift: 3
Compressed class space size: 1073741824 Address: 0x0000000100000000

Heap:
 garbage-first heap   total 131072K, used 25377K [0x0000000081c00000, 0x0000000100000000)
  region size 1024K, 9 young (9216K), 7 survivors (7168K)
 Metaspace       used 30867K, capacity 31322K, committed 31488K, reserved 1077248K
  class space    used 3630K, capacity 3809K, committed 3840K, reserved 1048576K
Heap Regions: E=young(eden), S=young(survivor), O=old, HS=humongous(starts), HC=humongous(continues), CS=collection set, F=free, A=archive, TAMS=top-at-mark-start (previous, next)
|   0|0x0000000081c00000, 0x0000000081d00000, 0x0000000081d00000|100%|HS|  |TAMS 0x0000000081d00000, 0x0000000081c00000| Complete 
|   1|0x0000000081d00000, 0x0000000081e00000, 0x0000000081e00000|100%|HC|  |TAMS 0x0000000081e00000, 0x0000000081d00000| Complete 
|   2|0x0000000081e00000, 0x0000000081f00000, 0x0000000081f00000|100%|HC|  |TAMS 0x0000000081f00000, 0x0000000081e00000| Complete 
|   3|0x0000000081f00000, 0x0000000082000000, 0x0000000082000000|100%|HS|  |TAMS 0x0000000081f00000, 0x0000000081f00000| Complete 
|   4|0x0000000082000000, 0x0000000082100000, 0x0000000082100000|100%|HC|  |TAMS 0x0000000082000000, 0x0000000082000000| Complete 
|   5|0x0000000082100000, 0x0000000082200000, 0x0000000082200000|100%|HC|  |TAMS 0x0000000082100000, 0x0000000082100000| Complete 
|   6|0x0000000082200000, 0x0000000082300000, 0x0000000082300000|100%|HS|  |TAMS 0x0000000082200000, 0x0000000082200000| Complete 
|   7|0x0000000082300000, 0x0000000082400000, 0x0000000082400000|100%|HC|  |TAMS 0x0000000082300000, 0x0000000082300000| Complete 
|   8|0x0000000082400000, 0x0000000082500000, 0x0000000082500000|100%|HC|  |TAMS 0x0000000082400000, 0x0000000082400000| Complete 
|   9|0x0000000082500000, 0x0000000082600000, 0x0000000082600000|100%|HS|  |TAMS 0x0000000082500000, 0x0000000082500000| Complete 
|  10|0x0000000082600000, 0x0000000082700000, 0x0000000082700000|100%|HC|  |TAMS 0x0000000082600000, 0x0000000082600000| Complete 
|  11|0x0000000082700000, 0x0000000082800000, 0x0000000082800000|100%| O|  |TAMS 0x0000000082700000, 0x0000000082700000| Untracked 
|  12|0x0000000082800000, 0x0000000082900000, 0x0000000082900000|100%| O|  |TAMS 0x0000000082800000, 0x0000000082800000| Untracked 
|  13|0x0000000082900000, 0x0000000082a00000, 0x0000000082a00000|100%| O|  |TAMS 0x0000000082900000, 0x0000000082900000| Untracked 
|  14|0x0000000082a00000, 0x0000000082b00000, 0x0000000082b00000|100%| O|  |TAMS 0x0000000082a00000, 0x0000000082a00000| Untracked 
|  15|0x0000000082b00000, 0x0000000082c00000, 0x0000000082c00000|100%| O|  |TAMS 0x0000000082b00000, 0x0000000082b00000| Untracked 
|  16|0x0000000082c00000, 0x0000000082d00000, 0x0000000082d00000|100%| O|  |TAMS 0x0000000082c00000, 0x0000000082c00000| Untracked 
|  17|0x0000000082d00000, 0x0000000082d2ea00, 0x0000000082e00000| 18%| O|  |TAMS 0x0000000082d00000, 0x0000000082d00000| Untracked 
|  18|0x0000000082e00000, 0x0000000082e00000, 0x0000000082f00000|  0%| F|  |TAMS 0x0000000082e00000, 0x0000000082e00000| Untracked 
|  19|0x0000000082f00000, 0x0000000082f00000, 0x0000000083000000|  0%| F|  |TAMS 0x0000000082f00000, 0x0000000082f00000| Untracked 
|  20|0x0000000083000000, 0x0000000083000000, 0x0000000083100000|  0%| F|  |TAMS 0x0000000083000000, 0x0000000083000000| Untracked 
|  21|0x0000000083100000, 0x0000000083100000, 0x0000000083200000|  0%| F|  |TAMS 0x0000000083100000, 0x0000000083100000| Untracked 
|  22|0x0000000083200000, 0x0000000083200000, 0x0000000083300000|  0%| F|  |TAMS 0x0000000083200000, 0x0000000083200000| Untracked 
|  23|0x0000000083300000, 0x0000000083300000, 0x0000000083400000|  0%| F|  |TAMS 0x0000000083300000, 0x0000000083300000| Untracked 
|  24|0x0000000083400000, 0x0000000083400000, 0x0000000083500000|  0%| F|  |TAMS 0x0000000083400000, 0x0000000083400000| Untracked 
|  25|0x0000000083500000, 0x0000000083500000, 0x0000000083600000|  0%| F|  |TAMS 0x0000000083500000, 0x0000000083500000| Untracked 
|  26|0x0000000083600000, 0x0000000083600000, 0x0000000083700000|  0%| F|  |TAMS 0x0000000083600000, 0x0000000083600000| Untracked 
|  27|0x0000000083700000, 0x0000000083700000, 0x0000000083800000|  0%| F|  |TAMS 0x0000000083700000, 0x0000000083700000| Untracked 
|  28|0x0000000083800000, 0x0000000083800000, 0x0000000083900000|  0%| F|  |TAMS 0x0000000083800000, 0x0000000083800000| Untracked 
|  29|0x0000000083900000, 0x0000000083900000, 0x0000000083a00000|  0%| F|  |TAMS 0x0000000083900000, 0x0000000083900000| Untracked 
|  30|0x0000000083a00000, 0x0000000083a00000, 0x0000000083b00000|  0%| F|  |TAMS 0x0000000083a00000, 0x0000000083a00000| Untracked 
|  31|0x0000000083b00000, 0x0000000083b00000, 0x0000000083c00000|  0%| F|  |TAMS 0x0000000083b00000, 0x0000000083b00000| Untracked 
|  32|0x0000000083c00000, 0x0000000083c00000, 0x0000000083d00000|  0%| F|  |TAMS 0x0000000083c00000, 0x0000000083c00000| Untracked 
|  33|0x0000000083d00000, 0x0000000083d00000, 0x0000000083e00000|  0%| F|  |TAMS 0x0000000083d00000, 0x0000000083d00000| Untracked 
|  34|0x0000000083e00000, 0x0000000083e00000, 0x0000000083f00000|  0%| F|  |TAMS 0x0000000083e00000, 0x0000000083e00000| Untracked 
|  35|0x0000000083f00000, 0x0000000083f00000, 0x0000000084000000|  0%| F|  |TAMS 0x0000000083f00000, 0x0000000083f00000| Untracked 
|  36|0x0000000084000000, 0x0000000084000000, 0x0000000084100000|  0%| F|  |TAMS 0x0000000084000000, 0x0000000084000000| Untracked 
|  37|0x0000000084100000, 0x0000000084100000, 0x0000000084200000|  0%| F|  |TAMS 0x0000000084100000, 0x0000000084100000| Untracked 
|  38|0x0000000084200000, 0x0000000084200000, 0x0000000084300000|  0%| F|  |TAMS 0x0000000084200000, 0x0000000084200000| Untracked 
|  39|0x0000000084300000, 0x0000000084300000, 0x0000000084400000|  0%| F|  |TAMS 0x0000000084300000, 0x0000000084300000| Untracked 
|  40|0x0000000084400000, 0x0000000084400000, 0x0000000084500000|  0%| F|  |TAMS 0x0000000084400000, 0x0000000084400000| Untracked 
|  41|0x0000000084500000, 0x0000000084500000, 0x0000000084600000|  0%| F|  |TAMS 0x0000000084500000, 0x0000000084500000| Untracked 
|  42|0x0000000084600000, 0x0000000084600000, 0x0000000084700000|  0%| F|  |TAMS 0x0000000084600000, 0x0000000084600000| Untracked 
|  43|0x0000000084700000, 0x0000000084700000, 0x0000000084800000|  0%| F|  |TAMS 0x0000000084700000, 0x0000000084700000| Untracked 
|  44|0x0000000084800000, 0x0000000084800000, 0x0000000084900000|  0%| F|  |TAMS 0x0000000084800000, 0x0000000084800000| Untracked 
|  45|0x0000000084900000, 0x0000000084900000, 0x0000000084a00000|  0%| F|  |TAMS 0x0000000084900000, 0x0000000084900000| Untracked 
|  46|0x0000000084a00000, 0x0000000084a00000, 0x0000000084b00000|  0%| F|  |TAMS 0x0000000084a00000, 0x0000000084a00000| Untracked 
|  47|0x0000000084b00000, 0x0000000084b00000, 0x0000000084c00000|  0%| F|  |TAMS 0x0000000084b00000, 0x0000000084b00000| Untracked 
|  48|0x0000000084c00000, 0x0000000084c00000, 0x0000000084d00000|  0%| F|  |TAMS 0x0000000084c00000, 0x0000000084c00000| Untracked 
|  49|0x0000000084d00000, 0x0000000084d00000, 0x0000000084e00000|  0%| F|  |TAMS 0x0000000084d00000, 0x0000000084d00000| Untracked 
|  50|0x0000000084e00000, 0x0000000084e00000, 0x0000000084f00000|  0%| F|  |TAMS 0x0000000084e00000, 0x0000000084e00000| Untracked 
|  51|0x0000000084f00000, 0x0000000084f00000, 0x0000000085000000|  0%| F|  |TAMS 0x0000000084f00000, 0x0000000084f00000| Untracked 
|  52|0x0000000085000000, 0x0000000085000000, 0x0000000085100000|  0%| F|  |TAMS 0x0000000085000000, 0x0000000085000000| Untracked 
|  53|0x0000000085100000, 0x0000000085100000, 0x0000000085200000|  0%| F|  |TAMS 0x0000000085100000, 0x0000000085100000| Untracked 
|  54|0x0000000085200000, 0x0000000085200000, 0x0000000085300000|  0%| F|  |TAMS 0x0000000085200000, 0x0000000085200000| Untracked 
|  55|0x0000000085300000, 0x0000000085300000, 0x0000000085400000|  0%| F|  |TAMS 0x0000000085300000, 0x0000000085300000| Untracked 
|  56|0x0000000085400000, 0x0000000085400000, 0x0000000085500000|  0%| F|  |TAMS 0x0000000085400000, 0x0000000085400000| Untracked 
|  57|0x0000000085500000, 0x0000000085500000, 0x0000000085600000|  0%| F|  |TAMS 0x0000000085500000, 0x0000000085500000| Untracked 
|  58|0x0000000085600000, 0x0000000085600000, 0x0000000085700000|  0%| F|  |TAMS 0x0000000085600000, 0x0000000085600000| Untracked 
|  59|0x0000000085700000, 0x0000000085700000, 0x0000000085800000|  0%| F|  |TAMS 0x0000000085700000, 0x0000000085700000| Untracked 
|  60|0x0000000085800000, 0x0000000085800000, 0x0000000085900000|  0%| F|  |TAMS 0x0000000085800000, 0x0000000085800000| Untracked 
|  61|0x0000000085900000, 0x0000000085900000, 0x0000000085a00000|  0%| F|  |TAMS 0x0000000085900000, 0x0000000085900000| Untracked 
|  62|0x0000000085a00000, 0x0000000085a00000, 0x0000000085b00000|  0%| F|  |TAMS 0x0000000085a00000, 0x0000000085a00000| Untracked 
|  63|0x0000000085b00000, 0x0000000085b00000, 0x0000000085c00000|  0%| F|  |TAMS 0x0000000085b00000, 0x0000000085b00000| Untracked 
|  64|0x0000000085c00000, 0x0000000085c00000, 0x0000000085d00000|  0%| F|  |TAMS 0x0000000085c00000, 0x0000000085c00000| Untracked 
|  65|0x0000000085d00000, 0x0000000085d00000, 0x0000000085e00000|  0%| F|  |TAMS 0x0000000085d00000, 0x0000000085d00000| Untracked 
|  66|0x0000000085e00000, 0x0000000085e99a70, 0x0000000085f00000| 60%| S|CS|TAMS 0x0000000085e00000, 0x0000000085e00000| Complete 
|  67|0x0000000085f00000, 0x0000000086000000, 0x0000000086000000|100%| S|CS|TAMS 0x0000000085f00000, 0x0000000085f00000| Complete 
|  68|0x0000000086000000, 0x0000000086100000, 0x0000000086100000|100%| S|CS|TAMS 0x0000000086000000, 0x0000000086000000| Complete 
|  69|0x0000000086100000, 0x0000000086200000, 0x0000000086200000|100%| S|CS|TAMS 0x0000000086100000, 0x0000000086100000| Complete 
|  70|0x0000000086200000, 0x0000000086300000, 0x0000000086300000|100%| S|CS|TAMS 0x0000000086200000, 0x0000000086200000| Complete 
|  71|0x0000000086300000, 0x0000000086400000, 0x0000000086400000|100%| S|CS|TAMS 0x0000000086300000, 0x0000000086300000| Complete 
|  72|0x0000000086400000, 0x0000000086500000, 0x0000000086500000|100%| S|CS|TAMS 0x0000000086400000, 0x0000000086400000| Complete 
|  73|0x0000000086500000, 0x0000000086500000, 0x0000000086600000|  0%| F|  |TAMS 0x0000000086500000, 0x0000000086500000| Untracked 
|  74|0x0000000086600000, 0x0000000086600000, 0x0000000086700000|  0%| F|  |TAMS 0x0000000086600000, 0x0000000086600000| Untracked 
|  75|0x0000000086700000, 0x0000000086700000, 0x0000000086800000|  0%| F|  |TAMS 0x0000000086700000, 0x0000000086700000| Untracked 
|  76|0x0000000086800000, 0x0000000086800000, 0x0000000086900000|  0%| F|  |TAMS 0x0000000086800000, 0x0000000086800000| Untracked 
|  77|0x0000000086900000, 0x0000000086900000, 0x0000000086a00000|  0%| F|  |TAMS 0x0000000086900000, 0x0000000086900000| Untracked 
|  78|0x0000000086a00000, 0x0000000086a00000, 0x0000000086b00000|  0%| F|  |TAMS 0x0000000086a00000, 0x0000000086a00000| Untracked 
|  79|0x0000000086b00000, 0x0000000086b00000, 0x0000000086c00000|  0%| F|  |TAMS 0x0000000086b00000, 0x0000000086b00000| Untracked 
|  80|0x0000000086c00000, 0x0000000086c00000, 0x0000000086d00000|  0%| F|  |TAMS 0x0000000086c00000, 0x0000000086c00000| Untracked 
|  81|0x0000000086d00000, 0x0000000086d00000, 0x0000000086e00000|  0%| F|  |TAMS 0x0000000086d00000, 0x0000000086d00000| Untracked 
|  82|0x0000000086e00000, 0x0000000086e00000, 0x0000000086f00000|  0%| F|  |TAMS 0x0000000086e00000, 0x0000000086e00000| Untracked 
|  83|0x0000000086f00000, 0x0000000086f00000, 0x0000000087000000|  0%| F|  |TAMS 0x0000000086f00000, 0x0000000086f00000| Untracked 
|  84|0x0000000087000000, 0x0000000087000000, 0x0000000087100000|  0%| F|  |TAMS 0x0000000087000000, 0x0000000087000000| Untracked 
|  85|0x0000000087100000, 0x0000000087100000, 0x0000000087200000|  0%| F|  |TAMS 0x0000000087100000, 0x0000000087100000| Untracked 
|  86|0x0000000087200000, 0x0000000087200000, 0x0000000087300000|  0%| F|  |TAMS 0x0000000087200000, 0x0000000087200000| Untracked 
|  87|0x0000000087300000, 0x0000000087300000, 0x0000000087400000|  0%| F|  |TAMS 0x0000000087300000, 0x0000000087300000| Untracked 
|  88|0x0000000087400000, 0x0000000087400000, 0x0000000087500000|  0%| F|  |TAMS 0x0000000087400000, 0x0000000087400000| Untracked 
|  89|0x0000000087500000, 0x0000000087500000, 0x0000000087600000|  0%| F|  |TAMS 0x0000000087500000, 0x0000000087500000| Untracked 
|  90|0x0000000087600000, 0x0000000087600000, 0x0000000087700000|  0%| F|  |TAMS 0x0000000087600000, 0x0000000087600000| Untracked 
|  91|0x0000000087700000, 0x0000000087700000, 0x0000000087800000|  0%| F|  |TAMS 0x0000000087700000, 0x0000000087700000| Untracked 
|  92|0x0000000087800000, 0x0000000087800000, 0x0000000087900000|  0%| F|  |TAMS 0x0000000087800000, 0x0000000087800000| Untracked 
|  93|0x0000000087900000, 0x0000000087900000, 0x0000000087a00000|  0%| F|  |TAMS 0x0000000087900000, 0x0000000087900000| Untracked 
|  94|0x0000000087a00000, 0x0000000087a00000, 0x0000000087b00000|  0%| F|  |TAMS 0x0000000087a00000, 0x0000000087a00000| Untracked 
|  95|0x0000000087b00000, 0x0000000087b00000, 0x0000000087c00000|  0%| F|  |TAMS 0x0000000087b00000, 0x0000000087b00000| Untracked 
|  96|0x0000000087c00000, 0x0000000087c00000, 0x0000000087d00000|  0%| F|  |TAMS 0x0000000087c00000, 0x0000000087c00000| Untracked 
|  97|0x0000000087d00000, 0x0000000087d00000, 0x0000000087e00000|  0%| F|  |TAMS 0x0000000087d00000, 0x0000000087d00000| Untracked 
|  98|0x0000000087e00000, 0x0000000087e00000, 0x0000000087f00000|  0%| F|  |TAMS 0x0000000087e00000, 0x0000000087e00000| Untracked 
|  99|0x0000000087f00000, 0x0000000087f00000, 0x0000000088000000|  0%| F|  |TAMS 0x0000000087f00000, 0x0000000087f00000| Untracked 
| 100|0x0000000088000000, 0x0000000088000000, 0x0000000088100000|  0%| F|  |TAMS 0x0000000088000000, 0x0000000088000000| Untracked 
| 101|0x0000000088100000, 0x0000000088100000, 0x0000000088200000|  0%| F|  |TAMS 0x0000000088100000, 0x0000000088100000| Untracked 
| 102|0x0000000088200000, 0x0000000088200000, 0x0000000088300000|  0%| F|  |TAMS 0x0000000088200000, 0x0000000088200000| Untracked 
| 103|0x0000000088300000, 0x0000000088300000, 0x0000000088400000|  0%| F|  |TAMS 0x0000000088300000, 0x0000000088300000| Untracked 
| 104|0x0000000088400000, 0x0000000088400000, 0x0000000088500000|  0%| F|  |TAMS 0x0000000088400000, 0x0000000088400000| Untracked 
| 105|0x0000000088500000, 0x0000000088500000, 0x0000000088600000|  0%| F|  |TAMS 0x0000000088500000, 0x0000000088500000| Untracked 
| 106|0x0000000088600000, 0x0000000088600000, 0x0000000088700000|  0%| F|  |TAMS 0x0000000088600000, 0x0000000088600000| Untracked 
| 107|0x0000000088700000, 0x0000000088700000, 0x0000000088800000|  0%| F|  |TAMS 0x0000000088700000, 0x0000000088700000| Untracked 
| 108|0x0000000088800000, 0x0000000088800000, 0x0000000088900000|  0%| F|  |TAMS 0x0000000088800000, 0x0000000088800000| Untracked 
| 109|0x0000000088900000, 0x0000000088900000, 0x0000000088a00000|  0%| F|  |TAMS 0x0000000088900000, 0x0000000088900000| Untracked 
| 110|0x0000000088a00000, 0x0000000088a00000, 0x0000000088b00000|  0%| F|  |TAMS 0x0000000088a00000, 0x0000000088a00000| Untracked 
| 111|0x0000000088b00000, 0x0000000088b00000, 0x0000000088c00000|  0%| F|  |TAMS 0x0000000088b00000, 0x0000000088b00000| Untracked 
| 112|0x0000000088c00000, 0x0000000088c00000, 0x0000000088d00000|  0%| F|  |TAMS 0x0000000088c00000, 0x0000000088c00000| Untracked 
| 113|0x0000000088d00000, 0x0000000088d00000, 0x0000000088e00000|  0%| F|  |TAMS 0x0000000088d00000, 0x0000000088d00000| Untracked 
| 114|0x0000000088e00000, 0x0000000088e00000, 0x0000000088f00000|  0%| F|  |TAMS 0x0000000088e00000, 0x0000000088e00000| Untracked 
| 115|0x0000000088f00000, 0x0000000088f00000, 0x0000000089000000|  0%| F|  |TAMS 0x0000000088f00000, 0x0000000088f00000| Untracked 
| 116|0x0000000089000000, 0x0000000089000000, 0x0000000089100000|  0%| F|  |TAMS 0x0000000089000000, 0x0000000089000000| Untracked 
| 117|0x0000000089100000, 0x0000000089100000, 0x0000000089200000|  0%| F|  |TAMS 0x0000000089100000, 0x0000000089100000| Untracked 
| 118|0x0000000089200000, 0x0000000089200000, 0x0000000089300000|  0%| F|  |TAMS 0x0000000089200000, 0x0000000089200000| Untracked 
| 119|0x0000000089300000, 0x0000000089300000, 0x0000000089400000|  0%| F|  |TAMS 0x0000000089300000, 0x0000000089300000| Untracked 
| 120|0x0000000089400000, 0x0000000089400000, 0x0000000089500000|  0%| F|  |TAMS 0x0000000089400000, 0x0000000089400000| Untracked 
| 121|0x0000000089500000, 0x0000000089500000, 0x0000000089600000|  0%| F|  |TAMS 0x0000000089500000, 0x0000000089500000| Untracked 
| 122|0x0000000089600000, 0x0000000089600000, 0x0000000089700000|  0%| F|  |TAMS 0x0000000089600000, 0x0000000089600000| Untracked 
| 123|0x0000000089700000, 0x0000000089700000, 0x0000000089800000|  0%| F|  |TAMS 0x0000000089700000, 0x0000000089700000| Untracked 
| 124|0x0000000089800000, 0x0000000089800000, 0x0000000089900000|  0%| F|  |TAMS 0x0000000089800000, 0x0000000089800000| Untracked 
| 125|0x0000000089900000, 0x0000000089a00000, 0x0000000089a00000|100%| E|  |TAMS 0x0000000089900000, 0x0000000089900000| Complete 
| 126|0x0000000089a00000, 0x0000000089b00000, 0x0000000089b00000|100%| E|CS|TAMS 0x0000000089a00000, 0x0000000089a00000| Complete 
| 127|0x0000000089b00000, 0x0000000089c00000, 0x0000000089c00000|100%| E|CS|TAMS 0x0000000089b00000, 0x0000000089b00000| Complete 

Card table byte_map: [0x000001debe1c0000,0x000001debe5c0000] _byte_map_base: 0x000001debddb2000

Marking Bits (Prev, Next): (CMBitMap*) 0x000001deab14d9c0, (CMBitMap*) 0x000001deab14d988
 Prev Bits: [0x000001dec0950000, 0x000001dec28e0000)
 Next Bits: [0x000001debe9c0000, 0x000001dec0950000)

Polling page: 0x000001deaa8f0000

Metaspace:

Usage:
  Non-class:     26.87 MB capacity,    26.60 MB ( 99%) used,   229.51 KB ( <1%) free+waste,    46.44 KB ( <1%) overhead. 
      Class:      3.72 MB capacity,     3.55 MB ( 95%) used,   157.05 KB (  4%) free+waste,    21.31 KB ( <1%) overhead. 
       Both:     30.59 MB capacity,    30.14 MB ( 99%) used,   386.56 KB (  1%) free+waste,    67.75 KB ( <1%) overhead. 

Virtual space:
  Non-class space:       28.00 MB reserved,      27.00 MB ( 96%) committed 
      Class space:        1.00 GB reserved,       3.75 MB ( <1%) committed 
             Both:        1.03 GB reserved,      30.75 MB (  3%) committed 

Chunk freelists:
   Non-Class:  11.00 KB
       Class:  0 bytes
        Both:  11.00 KB

MaxMetaspaceSize: 17179869184.00 GB
CompressedClassSpaceSize: 1.00 GB

CodeHeap 'non-profiled nmethods': size=120000Kb used=759Kb max_used=759Kb free=119240Kb
 bounds [0x000001deb6560000, 0x000001deb67d0000, 0x000001debda90000]
CodeHeap 'profiled nmethods': size=120000Kb used=4261Kb max_used=4261Kb free=115738Kb
 bounds [0x000001deaf030000, 0x000001deaf460000, 0x000001deb6560000]
CodeHeap 'non-nmethods': size=5760Kb used=1161Kb max_used=1178Kb free=4598Kb
 bounds [0x000001deaea90000, 0x000001deaed00000, 0x000001deaf030000]
 total_blobs=2753 nmethods=2242 adapters=422
 compilation: enabled
              stopped_count=0, restarted_count=0
 full_count=0

Compilation events (20 events):
Event: 3.706 Thread 0x000001dec5cff000 nmethod 2244 0x000001deaf453490 code [0x000001deaf453680, 0x000001deaf453998]
Event: 3.708 Thread 0x000001dec5cff000 2247       3       java.lang.invoke.VarHandleGuards::guard_LII_Z (70 bytes)
Event: 3.709 Thread 0x000001dec5cff000 nmethod 2247 0x000001deaf453b10 code [0x000001deaf453dc0, 0x000001deaf454c88]
Event: 3.709 Thread 0x000001dec5cff000 2248       3       java.lang.invoke.VarHandleInts$FieldInstanceReadWrite::compareAndSet (24 bytes)
Event: 3.710 Thread 0x000001dec5cff000 nmethod 2248 0x000001deaf455210 code [0x000001deaf455420, 0x000001deaf4558c8]
Event: 3.710 Thread 0x000001dec5cff000 2249       3       gnu.trove.TObjectHash::setUp (27 bytes)
Event: 3.710 Thread 0x000001dec5cff000 nmethod 2249 0x000001deaf455b10 code [0x000001deaf455d00, 0x000001deaf4561f8]
Event: 3.712 Thread 0x000001dec5cff000 2251       3       gnu.trove.THashMap::setUp (30 bytes)
Event: 3.712 Thread 0x000001dec5cff000 nmethod 2251 0x000001deaf456410 code [0x000001deaf456620, 0x000001deaf456db8]
Event: 3.714 Thread 0x000001dec5cff000 2252       3       java.util.concurrent.atomic.AtomicInteger::incrementAndGet (14 bytes)
Event: 3.715 Thread 0x000001dec5cff000 nmethod 2252 0x000001deaf457010 code [0x000001deaf4571c0, 0x000001deaf4572d8]
Event: 3.721 Thread 0x000001dec5cff000 2256       2       sun.nio.fs.WindowsFileAttributes::fromFileAttributeData (104 bytes)
Event: 3.721 Thread 0x000001dec5cff000 nmethod 2256 0x000001deaf457390 code [0x000001deaf457560, 0x000001deaf4577c8]
Event: 3.725 Thread 0x000001dec5cff000 2257  s    2       java.io.ExpiringCache::get (39 bytes)
Event: 3.725 Thread 0x000001dec5cff000 nmethod 2257 0x000001deaf457910 code [0x000001deaf457ae0, 0x000001deaf457df8]
Event: 3.740 Thread 0x000001dec5cff000 2258  s    2       java.io.ExpiringCache::put (70 bytes)
Event: 3.740 Thread 0x000001dec5cff000 nmethod 2258 0x000001deaf457f10 code [0x000001deaf458100, 0x000001deaf458588]
Event: 3.740 Thread 0x000001dec5cff000 2259       2       java.io.ExpiringCache$Entry::<init> (15 bytes)
Event: 3.741 Thread 0x000001dec5cff000 nmethod 2259 0x000001deaf458710 code [0x000001deaf4588c0, 0x000001deaf458a18]
Event: 3.749 Thread 0x000001dec5cff000 2260       2       java.nio.file.Paths::get (6 bytes)

GC Heap History (4 events):
Event: 1.200 GC heap before
{Heap before GC invocations=0 (full 0):
 garbage-first heap   total 131072K, used 27648K [0x0000000081c00000, 0x0000000100000000)
  region size 1024K, 24 young (24576K), 0 survivors (0K)
 Metaspace       used 12316K, capacity 12405K, committed 12544K, reserved 1060864K
  class space    used 1156K, capacity 1174K, committed 1280K, reserved 1048576K
}
Event: 1.205 GC heap after
{Heap after GC invocations=1 (full 0):
 garbage-first heap   total 131072K, used 5686K [0x0000000081c00000, 0x0000000100000000)
  region size 1024K, 3 young (3072K), 3 survivors (3072K)
 Metaspace       used 12316K, capacity 12405K, committed 12544K, reserved 1060864K
  class space    used 1156K, capacity 1174K, committed 1280K, reserved 1048576K
}
Event: 2.270 GC heap before
{Heap before GC invocations=1 (full 0):
 garbage-first heap   total 131072K, used 42550K [0x0000000081c00000, 0x0000000100000000)
  region size 1024K, 40 young (40960K), 3 survivors (3072K)
 Metaspace       used 20928K, capacity 21150K, committed 21248K, reserved 1069056K
  class space    used 2200K, capacity 2257K, committed 2304K, reserved 1048576K
}
Event: 2.293 GC heap after
{Heap after GC invocations=2 (full 0):
 garbage-first heap   total 131072K, used 9544K [0x0000000081c00000, 0x0000000100000000)
  region size 1024K, 7 young (7168K), 7 survivors (7168K)
 Metaspace       used 20928K, capacity 21150K, committed 21248K, reserved 1069056K
  class space    used 2200K, capacity 2257K, committed 2304K, reserved 1048576K
}

Deoptimization events (20 events):
Event: 3.467 Thread 0x000001deab10f800 Uncommon trap: trap_request=0xffffff4d fr.pc=0x000001deb657bb54 relative=0x0000000000000974
Event: 3.467 Thread 0x000001deab10f800 Uncommon trap: reason=unstable_if action=reinterpret pc=0x000001deb657bb54 method=java.util.zip.ZipFile$Source.getEntryPos([BZ)I @ 156 c2
Event: 3.467 Thread 0x000001deab10f800 DEOPT PACKING pc=0x000001deb657bb54 sp=0x0000007dccefe360
Event: 3.467 Thread 0x000001deab10f800 DEOPT UNPACKING pc=0x000001deaeab74af sp=0x0000007dccefe300 mode 2
Event: 3.478 Thread 0x000001deab10f800 Uncommon trap: trap_request=0xffffffde fr.pc=0x000001deb65e9484 relative=0x0000000000000064
Event: 3.478 Thread 0x000001deab10f800 Uncommon trap: reason=class_check action=maybe_recompile pc=0x000001deb65e9484 method=java.util.LinkedHashMap.afterNodeInsertion(Z)V @ 15 c2
Event: 3.478 Thread 0x000001deab10f800 DEOPT PACKING pc=0x000001deb65e9484 sp=0x0000007dccefe0c0
Event: 3.478 Thread 0x000001deab10f800 DEOPT UNPACKING pc=0x000001deaeab74af sp=0x0000007dccefe038 mode 2
Event: 3.478 Thread 0x000001deab10f800 Uncommon trap: trap_request=0xffffffde fr.pc=0x000001deb65e9484 relative=0x0000000000000064
Event: 3.478 Thread 0x000001deab10f800 Uncommon trap: reason=class_check action=maybe_recompile pc=0x000001deb65e9484 method=java.util.LinkedHashMap.afterNodeInsertion(Z)V @ 15 c2
Event: 3.478 Thread 0x000001deab10f800 DEOPT PACKING pc=0x000001deb65e9484 sp=0x0000007dccefe0c0
Event: 3.478 Thread 0x000001deab10f800 DEOPT UNPACKING pc=0x000001deaeab74af sp=0x0000007dccefe038 mode 2
Event: 3.645 Thread 0x000001deab10f800 Uncommon trap: trap_request=0xffffff4d fr.pc=0x000001deb660f3a4 relative=0x0000000000000764
Event: 3.645 Thread 0x000001deab10f800 Uncommon trap: reason=unstable_if action=reinterpret pc=0x000001deb660f3a4 method=org.jetbrains.kotlin.com.intellij.openapi.vfs.impl.ZipEntryMap.isTheOne(Lorg/jetbrains/kotlin/com/intellij/openapi/vfs/impl/ArchiveHandler$EntryInfo;Ljava/lang/CharSequence;
Event: 3.645 Thread 0x000001deab10f800 DEOPT PACKING pc=0x000001deb660f3a4 sp=0x0000007dccefe430
Event: 3.645 Thread 0x000001deab10f800 DEOPT UNPACKING pc=0x000001deaeab74af sp=0x0000007dccefe378 mode 2
Event: 3.645 Thread 0x000001deab10f800 Uncommon trap: trap_request=0xffffff4d fr.pc=0x000001deb660d6c4 relative=0x00000000000004a4
Event: 3.645 Thread 0x000001deab10f800 Uncommon trap: reason=unstable_if action=reinterpret pc=0x000001deb660d6c4 method=org.jetbrains.kotlin.com.intellij.openapi.vfs.impl.ZipEntryMap.isTheOne(Lorg/jetbrains/kotlin/com/intellij/openapi/vfs/impl/ArchiveHandler$EntryInfo;Ljava/lang/CharSequence;
Event: 3.645 Thread 0x000001deab10f800 DEOPT PACKING pc=0x000001deb660d6c4 sp=0x0000007dccefe2c0
Event: 3.645 Thread 0x000001deab10f800 DEOPT UNPACKING pc=0x000001deaeab74af sp=0x0000007dccefe270 mode 2

Classes redefined (0 events):
No events

Internal exceptions (18 events):
Event: 1.932 Thread 0x000001deab10f800 Exception <a 'java/lang/NoSuchMethodError'{0x0000000088001680}: 'int java.lang.invoke.DirectMethodHandle$Holder.invokeSpecialIFC(java.lang.Object, java.lang.Object, int)'> (0x0000000088001680) thrown at [./src/hotspot/share/interpreter/linkResolver.cpp, line 773]
Event: 2.201 Thread 0x000001deab10f800 Exception <a 'java/lang/NoSuchMethodError'{0x00000000877765a8}: 'java.lang.Object java.lang.invoke.DirectMethodHandle$Holder.invokeStaticInit(java.lang.Object, int)'> (0x00000000877765a8) thrown at [./src/hotspot/share/interpreter/linkResolver.cpp, line 773]
Event: 2.242 Thread 0x000001deab10f800 Exception <a 'java/lang/NoSuchMethodError'{0x0000000087502c70}: 'long java.lang.invoke.DirectMethodHandle$Holder.invokeStatic(java.lang.Object)'> (0x0000000087502c70) thrown at [./src/hotspot/share/interpreter/linkResolver.cpp, line 773]
Event: 2.242 Thread 0x000001deab10f800 Exception <a 'java/lang/NoSuchMethodError'{0x0000000087505ac8}: 'long java.lang.invoke.DirectMethodHandle$Holder.invokeStaticInit(java.lang.Object)'> (0x0000000087505ac8) thrown at [./src/hotspot/share/interpreter/linkResolver.cpp, line 773]
Event: 2.359 Thread 0x000001deab10f800 Exception <a 'java/lang/NoSuchMethodError'{0x00000000899bd6f8}: 'int java.lang.invoke.DirectMethodHandle$Holder.invokeStaticInit(java.lang.Object, java.lang.Object, java.lang.Object)'> (0x00000000899bd6f8) thrown at [./src/hotspot/share/interpreter/linkResolver.cpp, line 773]
Event: 2.366 Thread 0x000001deab10f800 Exception <a 'java/lang/NoSuchMethodError'{0x00000000899e93f0}: 'int java.lang.invoke.DirectMethodHandle$Holder.invokeStaticInit(java.lang.Object, java.lang.Object)'> (0x00000000899e93f0) thrown at [./src/hotspot/share/interpreter/linkResolver.cpp, line 773]
Event: 2.724 Thread 0x000001deab10f800 Exception <a 'java/lang/NoSuchMethodError'{0x0000000088f99650}: 'java.lang.Object java.lang.invoke.DirectMethodHandle$Holder.invokeStatic(java.lang.Object, java.lang.Object, java.lang.Object, java.lang.Object, java.lang.Object, java.lang.Object, java.lang.Object, java.lang.Object, java.lang.Object, java.lang.Object, java.lang.Object, java.lang.Object, java.lang.Object, java.lang.Object, java.lang.Object)'> (0x0000000088f99650) thrown at [./src/hotspot/share/interpreter/linkResolver.cpp, line 773]
Event: 2.728 Thread 0x000001deab10f800 Exception <a 'java/lang/NoSuchMethodError'{0x0000000088fa7a28}: 'java.lang.Object java.lang.invoke.DirectMethodHandle$Holder.invokeStatic(java.lang.Object, java.lang.Object, java.lang.Object, java.lang.Object, java.lang.Object, java.lang.Object, java.lang.Object, java.lang.Object, java.lang.Object, java.lang.Object, java.lang.Object, java.lang.Object, java.lang.Object, java.lang.Object, java.lang.Object, java.lang.Object)'> (0x0000000088fa7a28) thrown at [./src/hotspot/share/interpreter/linkResolver.cpp, l
Event: 2.732 Thread 0x000001deab10f800 Exception <a 'java/lang/NoSuchMethodError'{0x0000000088fb5940}: 'java.lang.Object java.lang.invoke.DirectMethodHandle$Holder.invokeSpecial(java.lang.Object, java.lang.Object, int, int, java.lang.Object, java.lang.Object, java.lang.Object)'> (0x0000000088fb5940) thrown at [./src/hotspot/share/interpreter/linkResolver.cpp, line 773]
Event: 2.733 Thread 0x000001deab10f800 Exception <a 'java/lang/NoSuchMethodError'{0x0000000088fb9178}: 'java.lang.Object java.lang.invoke.DelegatingMethodHandle$Holder.reinvoke_L(java.lang.Object, int, int, java.lang.Object, java.lang.Object, java.lang.Object)'> (0x0000000088fb9178) thrown at [./src/hotspot/share/interpreter/linkResolver.cpp, line 773]
Event: 2.734 Thread 0x000001deab10f800 Exception <a 'java/lang/NoSuchMethodError'{0x0000000088fbd500}: 'java.lang.Object java.lang.invoke.DirectMethodHandle$Holder.invokeStatic(java.lang.Object, java.lang.Object, java.lang.Object, java.lang.Object, int)'> (0x0000000088fbd500) thrown at [./src/hotspot/share/interpreter/linkResolver.cpp, line 773]
Event: 2.856 Thread 0x000001deab10f800 Implicit null exception at 0x000001deb65e8fac to 0x000001deb65e915a
Event: 2.940 Thread 0x000001deab10f800 Exception <a 'java/lang/NoSuchMethodError'{0x000000008893a540}: 'void java.lang.invoke.DirectMethodHandle$Holder.invokeStatic(java.lang.Object, java.lang.Object, java.lang.Object, java.lang.Object)'> (0x000000008893a540) thrown at [./src/hotspot/share/interpreter/linkResolver.cpp, line 773]
Event: 3.010 Thread 0x000001deab10f800 Exception <a 'java/lang/NoSuchMethodError'{0x000000008888bd18}: 'void java.lang.invoke.DirectMethodHandle$Holder.invokeSpecial(java.lang.Object, java.lang.Object)'> (0x000000008888bd18) thrown at [./src/hotspot/share/interpreter/linkResolver.cpp, line 773]
Event: 3.163 Thread 0x000001deab10f800 Exception <a 'java/lang/NoSuchMethodError'{0x00000000885360e8}: 'void java.lang.invoke.DirectMethodHandle$Holder.invokeStaticInit(java.lang.Object, java.lang.Object)'> (0x00000000885360e8) thrown at [./src/hotspot/share/interpreter/linkResolver.cpp, line 773]
Event: 3.177 Thread 0x000001deab10f800 Exception <a 'java/lang/NoSuchMethodError'{0x0000000088574880}: 'void java.lang.invoke.DirectMethodHandle$Holder.invokeInterface(java.lang.Object, java.lang.Object)'> (0x0000000088574880) thrown at [./src/hotspot/share/interpreter/linkResolver.cpp, line 773]
Event: 3.303 Thread 0x000001deab10f800 Exception <a 'java/lang/NoSuchMethodError'{0x0000000088085c80}: 'void java.lang.invoke.DirectMethodHandle$Holder.invokeVirtual(java.lang.Object, java.lang.Object)'> (0x0000000088085c80) thrown at [./src/hotspot/share/interpreter/linkResolver.cpp, line 773]
Event: 3.313 Thread 0x000001deab10f800 Exception <a 'java/lang/NoSuchMethodError'{0x00000000880fd588}: 'int java.lang.invoke.DirectMethodHandle$Holder.invokeVirtual(java.lang.Object, java.lang.Object)'> (0x00000000880fd588) thrown at [./src/hotspot/share/interpreter/linkResolver.cpp, line 773]

Events (20 events):
Event: 3.472 loading class org/jetbrains/kotlin/com/intellij/util/containers/FactoryMap done
Event: 3.473 loading class org/jetbrains/kotlin/com/intellij/util/containers/FactoryMap$1
Event: 3.473 loading class org/jetbrains/kotlin/com/intellij/util/containers/FactoryMap$1 done
Event: 3.473 loading class org/jetbrains/kotlin/com/intellij/openapi/util/io/BufferExposingByteArrayInputStream
Event: 3.473 loading class org/jetbrains/kotlin/com/intellij/openapi/util/io/BufferExposingByteArrayInputStream done
Event: 3.473 loading class org/jetbrains/kotlin/com/intellij/util/io/UnsyncByteArrayInputStream
Event: 3.473 loading class org/jetbrains/kotlin/com/intellij/util/io/UnsyncByteArrayInputStream done
Event: 3.476 loading class gnu/trove/THashMap$EntryView
Event: 3.476 loading class gnu/trove/THashMap$EntryView done
Event: 3.476 loading class org/jetbrains/kotlin/com/intellij/util/Function
Event: 3.476 loading class org/jetbrains/kotlin/com/intellij/util/Function done
Event: 3.476 loading class gnu/trove/THashMap$EntryView$EntryIterator
Event: 3.476 loading class gnu/trove/THashMap$EntryView$EntryIterator done
Event: 3.477 loading class gnu/trove/THashMap$Entry
Event: 3.477 loading class gnu/trove/THashMap$Entry done
Event: 3.477 loading class java/util/AbstractMap$SimpleEntry
Event: 3.477 loading class java/util/AbstractMap$SimpleEntry done
Event: 3.482 Thread 0x000001dec7466800 Thread added: 0x000001dec7466800
Event: 3.629 Loaded shared library C:\Users\Dark Knight\Desktop\Android Studio\jre\bin\nio.dll
Event: 3.720 Loaded shared library C:\Users\Dark Knight\Desktop\Android Studio\jre\bin\java.dll


Dynamic libraries:
0x00007ff7663d0000 - 0x00007ff7663da000 	C:\Users\Dark Knight\Desktop\Android Studio\jre\bin\java.exe
0x00007fff73400000 - 0x00007fff73609000 	C:\WINDOWS\SYSTEM32\ntdll.dll
0x00007fff729e0000 - 0x00007fff72a9d000 	C:\WINDOWS\System32\KERNEL32.DLL
0x00007fff70c20000 - 0x00007fff70f94000 	C:\WINDOWS\System32\KERNELBASE.dll
0x00007fff708f0000 - 0x00007fff70a01000 	C:\WINDOWS\System32\ucrtbase.dll
0x00007fff5eca0000 - 0x00007fff5ecb7000 	C:\Users\Dark Knight\Desktop\Android Studio\jre\bin\VCRUNTIME140.dll
0x00007fff6c6c0000 - 0x00007fff6c6d9000 	C:\Users\Dark Knight\Desktop\Android Studio\jre\bin\jli.dll
0x00007fff72830000 - 0x00007fff729dc000 	C:\WINDOWS\System32\USER32.dll
0x00007fff70b80000 - 0x00007fff70ba6000 	C:\WINDOWS\System32\win32u.dll
0x00007fff5dc90000 - 0x00007fff5df35000 	C:\WINDOWS\WinSxS\amd64_microsoft.windows.common-controls_6595b64144ccf1df_6.0.22000.120_none_9d947278b86cc467\COMCTL32.dll
0x00007fff72bf0000 - 0x00007fff72c19000 	C:\WINDOWS\System32\GDI32.dll
0x00007fff714a0000 - 0x00007fff71543000 	C:\WINDOWS\System32\msvcrt.dll
0x00007fff71060000 - 0x00007fff71172000 	C:\WINDOWS\System32\gdi32full.dll
0x00007fff71180000 - 0x00007fff7121d000 	C:\WINDOWS\System32\msvcp_win.dll
0x00007fff72aa0000 - 0x00007fff72ad1000 	C:\WINDOWS\System32\IMM32.DLL
0x00007fff35c70000 - 0x00007fff35d0d000 	C:\Users\Dark Knight\Desktop\Android Studio\jre\bin\msvcp140.dll
0x00007fff08830000 - 0x00007fff092ec000 	C:\Users\Dark Knight\Desktop\Android Studio\jre\bin\server\jvm.dll
0x00007fff71c70000 - 0x00007fff71d1e000 	C:\WINDOWS\System32\ADVAPI32.dll
0x00007fff71bd0000 - 0x00007fff71c6e000 	C:\WINDOWS\System32\sechost.dll
0x00007fff715e0000 - 0x00007fff71700000 	C:\WINDOWS\System32\RPCRT4.dll
0x00007fff731a0000 - 0x00007fff731a8000 	C:\WINDOWS\System32\PSAPI.DLL
0x00007fff51cb0000 - 0x00007fff51cb9000 	C:\WINDOWS\SYSTEM32\WSOCK32.dll
0x00007fff6a500000 - 0x00007fff6a533000 	C:\WINDOWS\SYSTEM32\WINMM.dll
0x00007fff73350000 - 0x00007fff733bf000 	C:\WINDOWS\System32\WS2_32.dll
0x00007fff66f70000 - 0x00007fff66f7a000 	C:\WINDOWS\SYSTEM32\VERSION.dll
0x00007fff6fae0000 - 0x00007fff6faf8000 	C:\WINDOWS\SYSTEM32\kernel.appcore.dll
0x00007fff3ca60000 - 0x00007fff3ca71000 	C:\Users\Dark Knight\Desktop\Android Studio\jre\bin\verify.dll
0x00007fff6e430000 - 0x00007fff6e651000 	C:\WINDOWS\SYSTEM32\DBGHELP.DLL
0x00007fff55b10000 - 0x00007fff55b41000 	C:\WINDOWS\SYSTEM32\dbgcore.DLL
0x00007fff71220000 - 0x00007fff7129f000 	C:\WINDOWS\System32\bcryptPrimitives.dll
0x00007fff3ca30000 - 0x00007fff3ca59000 	C:\Users\Dark Knight\Desktop\Android Studio\jre\bin\java.dll
0x00007fff6c6a0000 - 0x00007fff6c6ab000 	C:\Users\Dark Knight\Desktop\Android Studio\jre\bin\jimage.dll
0x00007fff3b1e0000 - 0x00007fff3b1f8000 	C:\Users\Dark Knight\Desktop\Android Studio\jre\bin\zip.dll
0x00007fff71f00000 - 0x00007fff726ae000 	C:\WINDOWS\System32\SHELL32.dll
0x00007fff6ea70000 - 0x00007fff6f2d7000 	C:\WINDOWS\SYSTEM32\windows.storage.dll
0x00007fff71760000 - 0x00007fff71ad8000 	C:\WINDOWS\System32\combase.dll
0x00007fff6e900000 - 0x00007fff6ea66000 	C:\WINDOWS\SYSTEM32\wintypes.dll
0x00007fff712b0000 - 0x00007fff7139a000 	C:\WINDOWS\System32\SHCORE.dll
0x00007fff71700000 - 0x00007fff7175d000 	C:\WINDOWS\System32\shlwapi.dll
0x00007fff70820000 - 0x00007fff70841000 	C:\WINDOWS\SYSTEM32\profapi.dll
0x00007fff37200000 - 0x00007fff3721a000 	C:\Users\Dark Knight\Desktop\Android Studio\jre\bin\net.dll
0x00007fff68360000 - 0x00007fff6846c000 	C:\WINDOWS\SYSTEM32\WINHTTP.dll
0x00007fff6ff10000 - 0x00007fff6ff77000 	C:\WINDOWS\system32\mswsock.dll
0x00007fff32b40000 - 0x00007fff32b54000 	C:\Users\Dark Knight\Desktop\Android Studio\jre\bin\nio.dll

dbghelp: loaded successfully - version: 4.0.5 - missing functions: none
symbol engine: initialized successfully - sym options: 0x614 - pdb path: .;C:\Users\Dark Knight\Desktop\Android Studio\jre\bin;C:\WINDOWS\SYSTEM32;C:\WINDOWS\WinSxS\amd64_microsoft.windows.common-controls_6595b64144ccf1df_6.0.22000.120_none_9d947278b86cc467;C:\Users\Dark Knight\Desktop\Android Studio\jre\bin\server

VM Arguments:
java_command: org.jetbrains.kotlin.cli.jvm.K2JVMCompiler @C:\Android Projects\MyShopPal\app\build\20220305_8262158092600972005.compiler.options
java_class_path (initial): C:\Users\Dark Knight\.gradle\caches\modules-2\files-2.1\org.jetbrains.kotlin\kotlin-compiler-embeddable\1.5.31\cc18c29253541dc57c25c3ef514d63c7953ae1a6\kotlin-compiler-embeddable-1.5.31.jar;C:\Users\Dark Knight\.gradle\caches\modules-2\files-2.1\org.jetbrains.kotlin\kotlin-reflect\1.5.31\1523fcd842a47da0820cea772b19c51056fec8a9\kotlin-reflect-1.5.31.jar;C:\Users\Dark Knight\.gradle\caches\modules-2\files-2.1\org.jetbrains.kotlin\kotlin-stdlib\1.5.31\6628d61d0f5603568e72d2d5915d2c034b4f1c55\kotlin-stdlib-1.5.31.jar;C:\Users\Dark Knight\.gradle\caches\modules-2\files-2.1\org.jetbrains.kotlin\kotlin-script-runtime\1.5.31\aaea854be2cfc06373dfc11be5a6ba9ca5ca84a6\kotlin-script-runtime-1.5.31.jar;C:\Users\Dark Knight\.gradle\caches\modules-2\files-2.1\org.jetbrains.kotlin\kotlin-daemon-embeddable\1.5.31\d19b549661e28c62781683dc7c7e34bf416974f1\kotlin-daemon-embeddable-1.5.31.jar;C:\Users\Dark Knight\.gradle\caches\modules-2\files-2.1\org.jetbrains.intellij.deps\trove4j\1.0.20181211\216c2e14b070f334479d800987affe4054cd563f\trove4j-1.0.20181211.jar;C:\Users\Dark Knight\.gradle\caches\modules-2\files-2.1\org.jetbrains\annotations\13.0\919f0dfe192fb4e063e7dacadee7f8bb9a2672a9\annotations-13.0.jar;C:\Users\Dark Knight\.gradle\caches\modules-2\files-2.1\org.jetbrains.kotlin\kotlin-stdlib-common\1.5.31\43331609c7de811fed085e0dfd150874b157c32\kotlin-stdlib-common-1.5.31.jar
Launcher Type: SUN_STANDARD

[Global flags]
     intx CICompilerCount                          = 4                                         {product} {ergonomic}
     uint ConcGCThreads                            = 2                                         {product} {ergonomic}
     uint G1ConcRefinementThreads                  = 8                                         {product} {ergonomic}
   size_t G1HeapRegionSize                         = 1048576                                   {product} {ergonomic}
    uintx GCDrainStackTargetSize                   = 64                                        {product} {ergonomic}
   size_t InitialHeapSize                          = 134217728                                 {product} {ergonomic}
   size_t MarkStackSize                            = 4194304                                   {product} {ergonomic}
   size_t MaxHeapSize                              = 2118123520                                {product} {ergonomic}
   size_t MaxNewSize                               = 1270874112                                {product} {ergonomic}
   size_t MinHeapDeltaBytes                        = 1048576                                   {product} {ergonomic}
    uintx NonNMethodCodeHeapSize                   = 5836300                                {pd product} {ergonomic}
    uintx NonProfiledCodeHeapSize                  = 122910970                              {pd product} {ergonomic}
    uintx ProfiledCodeHeapSize                     = 122910970                              {pd product} {ergonomic}
    uintx ReservedCodeCacheSize                    = 251658240                              {pd product} {ergonomic}
     bool SegmentedCodeCache                       = true                                      {product} {ergonomic}
     bool UseCompressedClassPointers               = true                                 {lp64_product} {ergonomic}
     bool UseCompressedOops                        = true                                 {lp64_product} {ergonomic}
     bool UseG1GC                                  = true                                      {product} {ergonomic}
     bool UseLargePagesIndividualAllocation        = false                                  {pd product} {ergonomic}

Logging:
Log output configuration:
 #0: stdout all=warning uptime,level,tags
 #1: stderr all=off uptime,level,tags

Environment Variables:
PATH=C:\Windows\system32;C:\Windows;C:\Windows\System32\Wbem;C:\Windows\System32\WindowsPowerShell\v1.0\;C:\Windows\System32\OpenSSH\;C:\Program Files (x86)\NVIDIA Corporation\PhysX\Common;C:\Program Files\NVIDIA Corporation\NVIDIA NvDLISR;C:\WINDOWS\system32;C:\WINDOWS;C:\WINDOWS\System32\Wbem;C:\WINDOWS\System32\WindowsPowerShell\v1.0\;C:\WINDOWS\System32\OpenSSH\;C:\MinGW\bin;C:\Program Files\MEGA-X;C:\WINDOWS\system32;C:\WINDOWS;C:\WINDOWS\System32\Wbem;C:\WINDOWS\System32\WindowsPowerShell\v1.0\;C:\WINDOWS\System32\OpenSSH\;C:\Program Files\Git\cmd;C:\Users\Dark Knight\AppData\Local\Microsoft\WindowsApps;C:\Users\Dark Knight\AppData\Local\atom\bin;C:\MinGW\bin;C:\Program Files (x86)\Microsoft Visual Studio\2019\BuildTools\MSBuild\Current\Bin;C:\Users\Dark Knight\AppData\Local\Microsoft\WindowsApps;
USERNAME=Dark Knight
OS=Windows_NT
PROCESSOR_IDENTIFIER=Intel64 Family 6 Model 158 Stepping 10, GenuineIntel



---------------  S Y S T E M  ---------------

OS: Windows 10 , 64 bit Build 22000 (10.0.22000.434)
OS uptime: 4 days 1:39 hours

CPU:total 8 (initial active 8) (4 cores per cpu, 2 threads per core) family 6 model 158 stepping 10, cmov, cx8, fxsr, mmx, sse, sse2, sse3, ssse3, sse4.1, sse4.2, popcnt, avx, avx2, aes, clmul, erms, 3dnowpref, lzcnt, ht, tsc, tscinvbit, bmi1, bmi2, adx, fma

Memory: 4k page, system-wide physical 8072M (395M free)
TotalPageFile size 12168M (AvailPageFile size 14M)
current process WorkingSet (physical memory assigned to process): 206M, peak: 206M
current process commit charge ("private bytes"): 295M, peak: 296M

vm_info: OpenJDK 64-Bit Server VM (11.0.8+10-b944.6842174) for windows-amd64 JRE (11.0.8+10-b944.6842174), built on Sep 19 2020 01:11:42 by "builder" with MS VC++ 14.0 (VS2015)

END.
