#
# There is insufficient memory for the Java Runtime Environment to continue.
# Native memory allocation (malloc) failed to allocate 635376 bytes for Chunk::new
# Possible reasons:
#   The system is out of physical RAM or swap space
#   The process is running with CompressedOops enabled, and the Java Heap may be blocking the growth of the native heap
# Possible solutions:
#   Reduce memory load on the system
#   Increase physical memory or swap space
#   Check if swap backing store is full
#   Decrease Java heap size (-Xmx/-Xms)
#   Decrease number of Java threads
#   Decrease Java thread stack sizes (-Xss)
#   Set larger code cache with -XX:ReservedCodeCacheSize=
#   JVM is running with Unscaled Compressed Oops mode in which the Java heap is
#     placed in the first 4GB address space. The Java Heap base address is the
#     maximum limit for the native heap growth. Please use -XX:HeapBaseMinAddress
#     to set the Java Heap base and to place the Java Heap above 4GB virtual address.
# This output file may be truncated or incomplete.
#
#  Out of Memory Error (./src/hotspot/share/memory/arena.cpp:197), pid=24856, tid=24296
#
# JRE version: OpenJDK Runtime Environment (11.0.8+10) (build 11.0.8+10-b944.6842174)
# Java VM: OpenJDK 64-Bit Server VM (11.0.8+10-b944.6842174, mixed mode, tiered, compressed oops, g1 gc, windows-amd64)
# No core dump will be written. Minidumps are not enabled by default on client versions of Windows
#

---------------  S U M M A R Y ------------

Command Line: --add-opens=java.base/java.util=ALL-UNNAMED --add-opens=java.base/java.lang=ALL-UNNAMED --add-opens=java.base/java.lang.invoke=ALL-UNNAMED --add-opens=java.prefs/java.util.prefs=ALL-UNNAMED -Xmx2048m -Dfile.encoding=UTF-8 -Duser.country=IN -Duser.language=en -Duser.variant org.gradle.launcher.daemon.bootstrap.GradleDaemon 6.7.1

Host: Intel(R) Core(TM) i5-9300H CPU @ 2.40GHz, 8 cores, 7G,  Windows 10 , 64 bit Build 22000 (10.0.22000.434)
Time: Tue Mar  1 11:13:09 2022 India Standard Time elapsed time: 4 seconds (0d 0h 0m 4s)

---------------  T H R E A D  ---------------

Current thread (0x0000025fc4b0e000):  JavaThread "C2 CompilerThread0" daemon [_thread_in_native, id=24296, stack(0x000000b3e6b00000,0x000000b3e6c00000)]


Current CompileTask:
C2:   4534 4584  s    4       java.util.jar.JarFile::getInputStream (72 bytes)

Stack: [0x000000b3e6b00000,0x000000b3e6c00000]
Native frames: (J=compiled Java code, j=interpreted, Vv=VM code, C=native code)
V  [jvm.dll+0x5de50a]
V  [jvm.dll+0x7122f5]
V  [jvm.dll+0x71384d]
V  [jvm.dll+0x713f03]
V  [jvm.dll+0x23e728]
V  [jvm.dll+0xb899c]
V  [jvm.dll+0xb8e9c]
V  [jvm.dll+0x35020b]
V  [jvm.dll+0x31dea3]
V  [jvm.dll+0x31d39a]
V  [jvm.dll+0x1f7702]
V  [jvm.dll+0x1f68d4]
V  [jvm.dll+0x17f32c]
V  [jvm.dll+0x205047]
V  [jvm.dll+0x203891]
V  [jvm.dll+0x6dad3f]
V  [jvm.dll+0x6d3895]
V  [jvm.dll+0x5dd4a6]
C  [ucrtbase.dll+0x26c0c]
C  [KERNEL32.DLL+0x154e0]
C  [ntdll.dll+0x485b]


---------------  P R O C E S S  ---------------

Threads class SMR info:
_java_thread_list=0x0000025fc9facf40, length=159, elements={
0x0000025faa7fd800, 0x0000025fc4af3800, 0x0000025fc4afd000, 0x0000025fc5472800,
0x0000025fc4b0d800, 0x0000025fc4b0e000, 0x0000025fc4b1b000, 0x0000025fc4b1f800,
0x0000025fc55c5000, 0x0000025fc55db000, 0x0000025fc736c000, 0x0000025fc6a68800,
0x0000025fc6ec0800, 0x0000025fc729f800, 0x0000025fc725f800, 0x0000025fc784d000,
0x0000025fc6fe6800, 0x0000025fc6fe4000, 0x0000025fc7853800, 0x0000025fc6fd6000,
0x0000025fc6f8d800, 0x0000025fc6f93000, 0x0000025fc6f8f800, 0x0000025fc6f94000,
0x0000025fc6f8e000, 0x0000025fc6f8f000, 0x0000025fc6f90800, 0x0000025fc6f91800,
0x0000025fc6f92000, 0x0000025fc98a5000, 0x0000025fc98a9800, 0x0000025fc98a8800,
0x0000025fc98a7800, 0x0000025fc98aa000, 0x0000025fc98a4800, 0x0000025fc98ac000,
0x0000025fc98ab000, 0x0000025fc98b1800, 0x0000025fc98ad800, 0x0000025fc98ac800,
0x0000025fc98b2800, 0x0000025fc98b0800, 0x0000025fc98b3000, 0x0000025fc98ae000,
0x0000025fc98af000, 0x0000025fc98b0000, 0x0000025fca28f000, 0x0000025fca28f800,
0x0000025fca293000, 0x0000025fca290800, 0x0000025fca28d000, 0x0000025fca291000,
0x0000025fca292000, 0x0000025fca293800, 0x0000025fca28e000, 0x0000025fca294800,
0x0000025fca298800, 0x0000025fca295800, 0x0000025fca29c000, 0x0000025fca297000,
0x0000025fca29b000, 0x0000025fca29a000, 0x0000025fca296000, 0x0000025fca299800,
0x0000025fca298000, 0x0000025fca0b5800, 0x0000025fca0ba800, 0x0000025fca0b9000,
0x0000025fca0b6800, 0x0000025fca0b8000, 0x0000025fca0b7800, 0x0000025fca0ba000,
0x0000025fca0b5000, 0x0000025fca0be000, 0x0000025fca0bb800, 0x0000025fca0c2000,
0x0000025fca0be800, 0x0000025fca0bc800, 0x0000025fca0bf800, 0x0000025fca0c3000,
0x0000025fca0bd000, 0x0000025fca0c0800, 0x0000025fca0c1000, 0x0000025fca0c3800,
0x0000025fc9a25800, 0x0000025fc9a26000, 0x0000025fc9a23800, 0x0000025fc9a24800,
0x0000025fc9a27000, 0x0000025fc9a22000, 0x0000025fc9a23000, 0x0000025fc9a21800,
0x0000025fc9a2c000, 0x0000025fc9a2d800, 0x0000025fc9a2a800, 0x0000025fc9a28000,
0x0000025fc9a2e800, 0x0000025fc9a28800, 0x0000025fc9a2c800, 0x0000025fc9a2f000,
0x0000025fc9a29800, 0x0000025fc9a2b000, 0x0000025fc9a30000, 0x0000025fca04b800,
0x0000025fca049800, 0x0000025fca04b000, 0x0000025fca04e000, 0x0000025fca048800,
0x0000025fca050000, 0x0000025fca04c800, 0x0000025fca04d800, 0x0000025fca04f000,
0x0000025fca04a000, 0x0000025fca056800, 0x0000025fca050800, 0x0000025fca054800,
0x0000025fca057000, 0x0000025fca053000, 0x0000025fca051800, 0x0000025fca052800,
0x0000025fca055800, 0x0000025fca054000, 0x0000025fcb4c8000, 0x0000025fcb4c6800,
0x0000025fcb4c7800, 0x0000025fcb4c9000, 0x0000025fcb4c5800, 0x0000025fcb4c9800,
0x0000025fcb4c4000, 0x0000025fcb4ca800, 0x0000025fcb4c5000, 0x0000025fcb4cf800,
0x0000025fcb4cc000, 0x0000025fcb4d0800, 0x0000025fcb4ce800, 0x0000025fcb4d1000,
0x0000025fcb4cb800, 0x0000025fcb4ce000, 0x0000025fcb4d2000, 0x0000025fcb4d2800,
0x0000025fcb4cd000, 0x0000025fca09e000, 0x0000025fca09b800, 0x0000025fca09c000,
0x0000025fca09d000, 0x0000025fca09e800, 0x0000025fca099800, 0x0000025fca09f800,
0x0000025fca0a0000, 0x0000025fca09a800, 0x0000025fca0a5000, 0x0000025fca0a7000,
0x0000025fca0a6000, 0x0000025fca0a2800, 0x0000025fca0a1000, 0x0000025fca0a7800,
0x0000025fca0a3800, 0x0000025fca0a4800, 0x0000025fca0a2000
}

Java Threads: ( => current thread )
  0x0000025faa7fd800 JavaThread "main" [_thread_blocked, id=7052, stack(0x000000b3e6000000,0x000000b3e6100000)]
  0x0000025fc4af3800 JavaThread "Reference Handler" daemon [_thread_blocked, id=23824, stack(0x000000b3e6700000,0x000000b3e6800000)]
  0x0000025fc4afd000 JavaThread "Finalizer" daemon [_thread_blocked, id=12504, stack(0x000000b3e6800000,0x000000b3e6900000)]
  0x0000025fc5472800 JavaThread "Signal Dispatcher" daemon [_thread_blocked, id=16132, stack(0x000000b3e6900000,0x000000b3e6a00000)]
  0x0000025fc4b0d800 JavaThread "Attach Listener" daemon [_thread_blocked, id=11460, stack(0x000000b3e6a00000,0x000000b3e6b00000)]
=>0x0000025fc4b0e000 JavaThread "C2 CompilerThread0" daemon [_thread_in_native, id=24296, stack(0x000000b3e6b00000,0x000000b3e6c00000)]
  0x0000025fc4b1b000 JavaThread "C1 CompilerThread0" daemon [_thread_blocked, id=24556, stack(0x000000b3e6c00000,0x000000b3e6d00000)]
  0x0000025fc4b1f800 JavaThread "Sweeper thread" daemon [_thread_blocked, id=27640, stack(0x000000b3e6d00000,0x000000b3e6e00000)]
  0x0000025fc55c5000 JavaThread "Common-Cleaner" daemon [_thread_blocked, id=21496, stack(0x000000b3e6e00000,0x000000b3e6f00000)]
  0x0000025fc55db000 JavaThread "Service Thread" daemon [_thread_blocked, id=22156, stack(0x000000b3e6f00000,0x000000b3e7000000)]
  0x0000025fc736c000 JavaThread "Daemon health stats" [_thread_blocked, id=22712, stack(0x000000b3e7300000,0x000000b3e7400000)]
  0x0000025fc6a68800 JavaThread "Incoming local TCP Connector on port 58894" [_thread_in_native, id=28592, stack(0x000000b3e7600000,0x000000b3e7700000)]
  0x0000025fc6ec0800 JavaThread "Daemon periodic checks" [_thread_blocked, id=25972, stack(0x000000b3e7700000,0x000000b3e7800000)]
  0x0000025fc729f800 JavaThread "Daemon" [_thread_blocked, id=23764, stack(0x000000b3e7800000,0x000000b3e7900000)]
  0x0000025fc725f800 JavaThread "Handler for socket connection from /127.0.0.1:58894 to /127.0.0.1:58895" [_thread_in_native, id=17944, stack(0x000000b3e7900000,0x000000b3e7a00000)]
  0x0000025fc784d000 JavaThread "Cancel handler" [_thread_blocked, id=14716, stack(0x000000b3e7a00000,0x000000b3e7b00000)]
  0x0000025fc6fe6800 JavaThread "Daemon worker" [_thread_in_vm, id=28440, stack(0x000000b3e7b00000,0x000000b3e7c00000)]
  0x0000025fc6fe4000 JavaThread "Asynchronous log dispatcher for DefaultDaemonConnection: socket connection from /127.0.0.1:58894 to /127.0.0.1:58895" [_thread_blocked, id=26584, stack(0x000000b3e7c00000,0x000000b3e7d00000)]
  0x0000025fc7853800 JavaThread "Stdin handler" [_thread_blocked, id=22888, stack(0x000000b3e7d00000,0x000000b3e7e00000)]
  0x0000025fc6fd6000 JavaThread "Thread-8" [_thread_blocked, id=17204, stack(0x000000b3e7e00000,0x000000b3e7f00000)]
  0x0000025fc6f8d800 JavaThread "Cache worker for file hash cache (C:\Users\Dark Knight\.gradle\caches\6.7.1\fileHashes)" [_thread_blocked, id=26116, stack(0x000000b3e7f00000,0x000000b3e8000000)]
  0x0000025fc6f93000 JavaThread "File lock request listener" [_thread_in_native, id=24452, stack(0x000000b3e8000000,0x000000b3e8100000)]
  0x0000025fc6f8f800 JavaThread "Cache worker for journal cache (C:\Users\Dark Knight\.gradle\caches\journal-1)" [_thread_blocked, id=16496, stack(0x000000b3e8700000,0x000000b3e8800000)]
  0x0000025fc6f94000 JavaThread "Cache worker for file hash cache (C:\Android Projects\MyShopPal\.gradle\6.7.1\fileHashes)" [_thread_blocked, id=5788, stack(0x000000b3e8800000,0x000000b3e8900000)]
  0x0000025fc6f8e000 JavaThread "Cache worker for checksums cache (C:\Android Projects\MyShopPal\.gradle\checksums)" [_thread_blocked, id=2760, stack(0x000000b3e8900000,0x000000b3e8a00000)]
  0x0000025fc6f8f000 JavaThread "Cache worker for cache directory md-supplier (C:\Users\Dark Knight\.gradle\caches\6.7.1\md-supplier)" [_thread_blocked, id=29072, stack(0x000000b3e8a00000,0x000000b3e8b00000)]
  0x0000025fc6f90800 JavaThread "Cache worker for cache directory md-rule (C:\Users\Dark Knight\.gradle\caches\6.7.1\md-rule)" [_thread_blocked, id=9336, stack(0x000000b3e8b00000,0x000000b3e8c00000)]
  0x0000025fc6f91800 JavaThread "Cache worker for execution history cache (C:\Users\Dark Knight\.gradle\caches\6.7.1\executionHistory)" [_thread_blocked, id=19584, stack(0x000000b3e8c00000,0x000000b3e8d00000)]
  0x0000025fc6f92000 JavaThread "jar transforms" [_thread_blocked, id=6072, stack(0x000000b3e8d00000,0x000000b3e8e00000)]
  0x0000025fc98a5000 JavaThread "Cache worker for file content cache (C:\Users\Dark Knight\.gradle\caches\6.7.1\fileContent)" [_thread_blocked, id=10720, stack(0x000000b3e8e00000,0x000000b3e8f00000)]
  0x0000025fc98a9800 JavaThread "Cache worker for Build Output Cleanup Cache (C:\Android Projects\MyShopPal\.gradle\buildOutputCleanup)" [_thread_blocked, id=15328, stack(0x000000b3e8f00000,0x000000b3e9000000)]
  0x0000025fc98a8800 JavaThread "Build operations" [_thread_blocked, id=28472, stack(0x000000b3e9000000,0x000000b3e9100000)]
  0x0000025fc98a7800 JavaThread "Build operations Thread 2" [_thread_blocked, id=18152, stack(0x000000b3e9100000,0x000000b3e9200000)]
  0x0000025fc98aa000 JavaThread "Build operations Thread 3" [_thread_blocked, id=29316, stack(0x000000b3e9200000,0x000000b3e9300000)]
  0x0000025fc98a4800 JavaThread "Build operations Thread 4" [_thread_blocked, id=18820, stack(0x000000b3e9300000,0x000000b3e9400000)]
  0x0000025fc98ac000 JavaThread "Build operations Thread 5" [_thread_blocked, id=2308, stack(0x000000b3e9400000,0x000000b3e9500000)]
  0x0000025fc98ab000 JavaThread "Build operations Thread 6" [_thread_blocked, id=25528, stack(0x000000b3e9500000,0x000000b3e9600000)]
  0x0000025fc98b1800 JavaThread "Build operations Thread 7" [_thread_blocked, id=24692, stack(0x000000b3e9600000,0x000000b3e9700000)]
  0x0000025fc98ad800 JavaThread "Build operations Thread 8" [_thread_blocked, id=25624, stack(0x000000b3e9700000,0x000000b3e9800000)]
  0x0000025fc98ac800 JavaThread "jar transforms Thread 2" [_thread_blocked, id=26868, stack(0x000000b3e9800000,0x000000b3e9900000)]
  0x0000025fc98b2800 JavaThread "jar transforms Thread 3" [_thread_blocked, id=9472, stack(0x000000b3e9900000,0x000000b3e9a00000)]
  0x0000025fc98b0800 JavaThread "jar transforms Thread 4" [_thread_blocked, id=21332, stack(0x000000b3e9a00000,0x000000b3e9b00000)]
  0x0000025fc98b3000 JavaThread "jar transforms Thread 5" [_thread_blocked, id=2856, stack(0x000000b3e9b00000,0x000000b3e9c00000)]
  0x0000025fc98ae000 JavaThread "jar transforms Thread 6" [_thread_blocked, id=20280, stack(0x000000b3e9c00000,0x000000b3e9d00000)]
  0x0000025fc98af000 JavaThread "jar transforms Thread 7" [_thread_blocked, id=20584, stack(0x000000b3e9d00000,0x000000b3e9e00000)]
  0x0000025fc98b0000 JavaThread "jar transforms Thread 8" [_thread_blocked, id=27308, stack(0x000000b3e9e00000,0x000000b3e9f00000)]
  0x0000025fca28f000 JavaThread "jar transforms Thread 9" [_thread_blocked, id=10280, stack(0x000000b3e9f00000,0x000000b3ea000000)]
  0x0000025fca28f800 JavaThread "jar transforms Thread 10" [_thread_blocked, id=11508, stack(0x000000b3ea000000,0x000000b3ea100000)]
  0x0000025fca293000 JavaThread "jar transforms Thread 11" [_thread_blocked, id=13164, stack(0x000000b3ea100000,0x000000b3ea200000)]
  0x0000025fca290800 JavaThread "jar transforms Thread 12" [_thread_blocked, id=7340, stack(0x000000b3ea200000,0x000000b3ea300000)]
  0x0000025fca28d000 JavaThread "jar transforms Thread 13" [_thread_blocked, id=21848, stack(0x000000b3ea300000,0x000000b3ea400000)]
  0x0000025fca291000 JavaThread "jar transforms Thread 14" [_thread_blocked, id=14512, stack(0x000000b3ea400000,0x000000b3ea500000)]
  0x0000025fca292000 JavaThread "jar transforms Thread 15" [_thread_blocked, id=24808, stack(0x000000b3ea500000,0x000000b3ea600000)]
  0x0000025fca293800 JavaThread "jar transforms Thread 16" [_thread_blocked, id=10924, stack(0x000000b3ea600000,0x000000b3ea700000)]
  0x0000025fca28e000 JavaThread "jar transforms Thread 17" [_thread_blocked, id=21832, stack(0x000000b3ea700000,0x000000b3ea800000)]
  0x0000025fca294800 JavaThread "jar transforms Thread 18" [_thread_blocked, id=22868, stack(0x000000b3ea800000,0x000000b3ea900000)]
  0x0000025fca298800 JavaThread "jar transforms Thread 19" [_thread_blocked, id=25976, stack(0x000000b3ea900000,0x000000b3eaa00000)]
  0x0000025fca295800 JavaThread "jar transforms Thread 20" [_thread_blocked, id=28792, stack(0x000000b3eaa00000,0x000000b3eab00000)]
  0x0000025fca29c000 JavaThread "jar transforms Thread 21" [_thread_blocked, id=4888, stack(0x000000b3eab00000,0x000000b3eac00000)]
  0x0000025fca297000 JavaThread "jar transforms Thread 22" [_thread_blocked, id=24176, stack(0x000000b3eac00000,0x000000b3ead00000)]
  0x0000025fca29b000 JavaThread "jar transforms Thread 23" [_thread_blocked, id=10204, stack(0x000000b3ead00000,0x000000b3eae00000)]
  0x0000025fca29a000 JavaThread "jar transforms Thread 24" [_thread_blocked, id=26276, stack(0x000000b3eae00000,0x000000b3eaf00000)]
  0x0000025fca296000 JavaThread "jar transforms Thread 25" [_thread_blocked, id=8448, stack(0x000000b3eaf00000,0x000000b3eb000000)]
  0x0000025fca299800 JavaThread "jar transforms Thread 26" [_thread_blocked, id=6224, stack(0x000000b3eb000000,0x000000b3eb100000)]
  0x0000025fca298000 JavaThread "jar transforms Thread 27" [_thread_blocked, id=24028, stack(0x000000b3eb100000,0x000000b3eb200000)]
  0x0000025fca0b5800 JavaThread "jar transforms Thread 28" [_thread_blocked, id=26760, stack(0x000000b3eb200000,0x000000b3eb300000)]
  0x0000025fca0ba800 JavaThread "jar transforms Thread 29" [_thread_blocked, id=9080, stack(0x000000b3eb300000,0x000000b3eb400000)]
  0x0000025fca0b9000 JavaThread "jar transforms Thread 30" [_thread_blocked, id=8512, stack(0x000000b3eb400000,0x000000b3eb500000)]
  0x0000025fca0b6800 JavaThread "jar transforms Thread 31" [_thread_blocked, id=26884, stack(0x000000b3eb500000,0x000000b3eb600000)]
  0x0000025fca0b8000 JavaThread "jar transforms Thread 32" [_thread_blocked, id=28492, stack(0x000000b3eb600000,0x000000b3eb700000)]
  0x0000025fca0b7800 JavaThread "jar transforms Thread 33" [_thread_blocked, id=32, stack(0x000000b3eb700000,0x000000b3eb800000)]
  0x0000025fca0ba000 JavaThread "jar transforms Thread 34" [_thread_blocked, id=11856, stack(0x000000b3eb800000,0x000000b3eb900000)]
  0x0000025fca0b5000 JavaThread "jar transforms Thread 35" [_thread_blocked, id=17276, stack(0x000000b3eb900000,0x000000b3eba00000)]
  0x0000025fca0be000 JavaThread "jar transforms Thread 36" [_thread_blocked, id=1896, stack(0x000000b3eba00000,0x000000b3ebb00000)]
  0x0000025fca0bb800 JavaThread "jar transforms Thread 37" [_thread_blocked, id=28140, stack(0x000000b3ebb00000,0x000000b3ebc00000)]
  0x0000025fca0c2000 JavaThread "jar transforms Thread 38" [_thread_blocked, id=21484, stack(0x000000b3ebc00000,0x000000b3ebd00000)]
  0x0000025fca0be800 JavaThread "jar transforms Thread 39" [_thread_blocked, id=20840, stack(0x000000b3ebd00000,0x000000b3ebe00000)]
  0x0000025fca0bc800 JavaThread "jar transforms Thread 40" [_thread_blocked, id=3844, stack(0x000000b3ebe00000,0x000000b3ebf00000)]
  0x0000025fca0bf800 JavaThread "jar transforms Thread 41" [_thread_blocked, id=3524, stack(0x000000b3ebf00000,0x000000b3ec000000)]
  0x0000025fca0c3000 JavaThread "jar transforms Thread 42" [_thread_blocked, id=12116, stack(0x000000b3ec000000,0x000000b3ec100000)]
  0x0000025fca0bd000 JavaThread "jar transforms Thread 43" [_thread_blocked, id=22276, stack(0x000000b3ec100000,0x000000b3ec200000)]
  0x0000025fca0c0800 JavaThread "jar transforms Thread 44" [_thread_blocked, id=18980, stack(0x000000b3ec200000,0x000000b3ec300000)]
  0x0000025fca0c1000 JavaThread "jar transforms Thread 45" [_thread_blocked, id=13532, stack(0x000000b3ec300000,0x000000b3ec400000)]
  0x0000025fca0c3800 JavaThread "jar transforms Thread 46" [_thread_blocked, id=20292, stack(0x000000b3ec400000,0x000000b3ec500000)]
  0x0000025fc9a25800 JavaThread "jar transforms Thread 47" [_thread_blocked, id=23232, stack(0x000000b3ec500000,0x000000b3ec600000)]
  0x0000025fc9a26000 JavaThread "jar transforms Thread 48" [_thread_blocked, id=29664, stack(0x000000b3ec600000,0x000000b3ec700000)]
  0x0000025fc9a23800 JavaThread "jar transforms Thread 49" [_thread_blocked, id=29220, stack(0x000000b3ec700000,0x000000b3ec800000)]
  0x0000025fc9a24800 JavaThread "jar transforms Thread 50" [_thread_blocked, id=26540, stack(0x000000b3ec800000,0x000000b3ec900000)]
  0x0000025fc9a27000 JavaThread "jar transforms Thread 51" [_thread_blocked, id=16804, stack(0x000000b3ec900000,0x000000b3eca00000)]
  0x0000025fc9a22000 JavaThread "jar transforms Thread 52" [_thread_blocked, id=27876, stack(0x000000b3eca00000,0x000000b3ecb00000)]
  0x0000025fc9a23000 JavaThread "jar transforms Thread 53" [_thread_blocked, id=10316, stack(0x000000b3ecb00000,0x000000b3ecc00000)]
  0x0000025fc9a21800 JavaThread "jar transforms Thread 54" [_thread_blocked, id=26944, stack(0x000000b3ecc00000,0x000000b3ecd00000)]
  0x0000025fc9a2c000 JavaThread "jar transforms Thread 55" [_thread_blocked, id=2192, stack(0x000000b3ecd00000,0x000000b3ece00000)]
  0x0000025fc9a2d800 JavaThread "jar transforms Thread 56" [_thread_blocked, id=22760, stack(0x000000b3ece00000,0x000000b3ecf00000)]
  0x0000025fc9a2a800 JavaThread "jar transforms Thread 57" [_thread_blocked, id=16564, stack(0x000000b3ecf00000,0x000000b3ed000000)]
  0x0000025fc9a28000 JavaThread "jar transforms Thread 58" [_thread_blocked, id=14904, stack(0x000000b3ed000000,0x000000b3ed100000)]
  0x0000025fc9a2e800 JavaThread "jar transforms Thread 59" [_thread_blocked, id=23612, stack(0x000000b3ed100000,0x000000b3ed200000)]
  0x0000025fc9a28800 JavaThread "jar transforms Thread 60" [_thread_blocked, id=10300, stack(0x000000b3ed200000,0x000000b3ed300000)]
  0x0000025fc9a2c800 JavaThread "jar transforms Thread 61" [_thread_blocked, id=23164, stack(0x000000b3ed300000,0x000000b3ed400000)]
  0x0000025fc9a2f000 JavaThread "jar transforms Thread 62" [_thread_blocked, id=26136, stack(0x000000b3ed400000,0x000000b3ed500000)]
  0x0000025fc9a29800 JavaThread "jar transforms Thread 63" [_thread_blocked, id=26036, stack(0x000000b3ed500000,0x000000b3ed600000)]
  0x0000025fc9a2b000 JavaThread "jar transforms Thread 64" [_thread_blocked, id=23036, stack(0x000000b3ed600000,0x000000b3ed700000)]
  0x0000025fc9a30000 JavaThread "jar transforms Thread 65" [_thread_blocked, id=26088, stack(0x000000b3ed700000,0x000000b3ed800000)]
  0x0000025fca04b800 JavaThread "jar transforms Thread 66" [_thread_blocked, id=25020, stack(0x000000b3ed800000,0x000000b3ed900000)]
  0x0000025fca049800 JavaThread "jar transforms Thread 67" [_thread_blocked, id=8264, stack(0x000000b3ed900000,0x000000b3eda00000)]
  0x0000025fca04b000 JavaThread "jar transforms Thread 68" [_thread_blocked, id=13484, stack(0x000000b3eda00000,0x000000b3edb00000)]
  0x0000025fca04e000 JavaThread "jar transforms Thread 69" [_thread_blocked, id=18508, stack(0x000000b3edb00000,0x000000b3edc00000)]
  0x0000025fca048800 JavaThread "jar transforms Thread 70" [_thread_blocked, id=21432, stack(0x000000b3edc00000,0x000000b3edd00000)]
  0x0000025fca050000 JavaThread "jar transforms Thread 71" [_thread_blocked, id=26688, stack(0x000000b3edd00000,0x000000b3ede00000)]
  0x0000025fca04c800 JavaThread "jar transforms Thread 72" [_thread_blocked, id=12632, stack(0x000000b3ede00000,0x000000b3edf00000)]
  0x0000025fca04d800 JavaThread "jar transforms Thread 73" [_thread_blocked, id=14748, stack(0x000000b3edf00000,0x000000b3ee000000)]
  0x0000025fca04f000 JavaThread "jar transforms Thread 74" [_thread_blocked, id=23364, stack(0x000000b3ee000000,0x000000b3ee100000)]
  0x0000025fca04a000 JavaThread "jar transforms Thread 75" [_thread_blocked, id=14136, stack(0x000000b3ee100000,0x000000b3ee200000)]
  0x0000025fca056800 JavaThread "jar transforms Thread 76" [_thread_blocked, id=19016, stack(0x000000b3ee200000,0x000000b3ee300000)]
  0x0000025fca050800 JavaThread "jar transforms Thread 77" [_thread_blocked, id=19120, stack(0x000000b3ee300000,0x000000b3ee400000)]
  0x0000025fca054800 JavaThread "jar transforms Thread 78" [_thread_blocked, id=27256, stack(0x000000b3ee400000,0x000000b3ee500000)]
  0x0000025fca057000 JavaThread "jar transforms Thread 79" [_thread_blocked, id=9440, stack(0x000000b3ee500000,0x000000b3ee600000)]
  0x0000025fca053000 JavaThread "jar transforms Thread 80" [_thread_blocked, id=28576, stack(0x000000b3ee600000,0x000000b3ee700000)]
  0x0000025fca051800 JavaThread "jar transforms Thread 81" [_thread_blocked, id=21132, stack(0x000000b3ee700000,0x000000b3ee800000)]
  0x0000025fca052800 JavaThread "jar transforms Thread 82" [_thread_blocked, id=23980, stack(0x000000b3ee800000,0x000000b3ee900000)]
  0x0000025fca055800 JavaThread "jar transforms Thread 83" [_thread_blocked, id=17552, stack(0x000000b3ee900000,0x000000b3eea00000)]
  0x0000025fca054000 JavaThread "jar transforms Thread 84" [_thread_blocked, id=22864, stack(0x000000b3eea00000,0x000000b3eeb00000)]
  0x0000025fcb4c8000 JavaThread "jar transforms Thread 85" [_thread_blocked, id=23508, stack(0x000000b3eeb00000,0x000000b3eec00000)]
  0x0000025fcb4c6800 JavaThread "jar transforms Thread 86" [_thread_blocked, id=16512, stack(0x000000b3eec00000,0x000000b3eed00000)]
  0x0000025fcb4c7800 JavaThread "jar transforms Thread 87" [_thread_blocked, id=23692, stack(0x000000b3eed00000,0x000000b3eee00000)]
  0x0000025fcb4c9000 JavaThread "jar transforms Thread 88" [_thread_blocked, id=26700, stack(0x000000b3eee00000,0x000000b3eef00000)]
  0x0000025fcb4c5800 JavaThread "jar transforms Thread 89" [_thread_blocked, id=9548, stack(0x000000b3eef00000,0x000000b3ef000000)]
  0x0000025fcb4c9800 JavaThread "jar transforms Thread 90" [_thread_blocked, id=27244, stack(0x000000b3ef000000,0x000000b3ef100000)]
  0x0000025fcb4c4000 JavaThread "jar transforms Thread 91" [_thread_blocked, id=25284, stack(0x000000b3ef100000,0x000000b3ef200000)]
  0x0000025fcb4ca800 JavaThread "jar transforms Thread 92" [_thread_blocked, id=1248, stack(0x000000b3ef200000,0x000000b3ef300000)]
  0x0000025fcb4c5000 JavaThread "jar transforms Thread 93" [_thread_blocked, id=21852, stack(0x000000b3ef300000,0x000000b3ef400000)]
  0x0000025fcb4cf800 JavaThread "jar transforms Thread 94" [_thread_blocked, id=10144, stack(0x000000b3ef400000,0x000000b3ef500000)]
  0x0000025fcb4cc000 JavaThread "jar transforms Thread 95" [_thread_blocked, id=19884, stack(0x000000b3ef500000,0x000000b3ef600000)]
  0x0000025fcb4d0800 JavaThread "jar transforms Thread 96" [_thread_blocked, id=24280, stack(0x000000b3ef600000,0x000000b3ef700000)]
  0x0000025fcb4ce800 JavaThread "jar transforms Thread 97" [_thread_blocked, id=16260, stack(0x000000b3ef700000,0x000000b3ef800000)]
  0x0000025fcb4d1000 JavaThread "jar transforms Thread 98" [_thread_blocked, id=9860, stack(0x000000b3ef800000,0x000000b3ef900000)]
  0x0000025fcb4cb800 JavaThread "jar transforms Thread 99" [_thread_blocked, id=28948, stack(0x000000b3ef900000,0x000000b3efa00000)]
  0x0000025fcb4ce000 JavaThread "jar transforms Thread 100" [_thread_blocked, id=16504, stack(0x000000b3efa00000,0x000000b3efb00000)]
  0x0000025fcb4d2000 JavaThread "jar transforms Thread 101" [_thread_blocked, id=15784, stack(0x000000b3efb00000,0x000000b3efc00000)]
  0x0000025fcb4d2800 JavaThread "jar transforms Thread 102" [_thread_blocked, id=29524, stack(0x000000b3efc00000,0x000000b3efd00000)]
  0x0000025fcb4cd000 JavaThread "jar transforms Thread 103" [_thread_blocked, id=29224, stack(0x000000b3efd00000,0x000000b3efe00000)]
  0x0000025fca09e000 JavaThread "jar transforms Thread 104" [_thread_blocked, id=29480, stack(0x000000b3efe00000,0x000000b3eff00000)]
  0x0000025fca09b800 JavaThread "jar transforms Thread 105" [_thread_blocked, id=20812, stack(0x000000b3eff00000,0x000000b3f0000000)]
  0x0000025fca09c000 JavaThread "jar transforms Thread 106" [_thread_blocked, id=14384, stack(0x000000b3f0000000,0x000000b3f0100000)]
  0x0000025fca09d000 JavaThread "jar transforms Thread 107" [_thread_blocked, id=19668, stack(0x000000b3f0100000,0x000000b3f0200000)]
  0x0000025fca09e800 JavaThread "jar transforms Thread 108" [_thread_blocked, id=14372, stack(0x000000b3f0200000,0x000000b3f0300000)]
  0x0000025fca099800 JavaThread "jar transforms Thread 109" [_thread_blocked, id=11000, stack(0x000000b3f0300000,0x000000b3f0400000)]
  0x0000025fca09f800 JavaThread "jar transforms Thread 110" [_thread_blocked, id=19904, stack(0x000000b3f0400000,0x000000b3f0500000)]
  0x0000025fca0a0000 JavaThread "jar transforms Thread 111" [_thread_blocked, id=16120, stack(0x000000b3f0500000,0x000000b3f0600000)]
  0x0000025fca09a800 JavaThread "jar transforms Thread 112" [_thread_blocked, id=11436, stack(0x000000b3f0600000,0x000000b3f0700000)]
  0x0000025fca0a5000 JavaThread "jar transforms Thread 113" [_thread_blocked, id=21012, stack(0x000000b3f0700000,0x000000b3f0800000)]
  0x0000025fca0a7000 JavaThread "jar transforms Thread 114" [_thread_blocked, id=19624, stack(0x000000b3f0800000,0x000000b3f0900000)]
  0x0000025fca0a6000 JavaThread "jar transforms Thread 115" [_thread_blocked, id=23588, stack(0x000000b3f0900000,0x000000b3f0a00000)]
  0x0000025fca0a2800 JavaThread "jar transforms Thread 116" [_thread_blocked, id=23068, stack(0x000000b3f0a00000,0x000000b3f0b00000)]
  0x0000025fca0a1000 JavaThread "jar transforms Thread 117" [_thread_blocked, id=6204, stack(0x000000b3f0b00000,0x000000b3f0c00000)]
  0x0000025fca0a7800 JavaThread "jar transforms Thread 118" [_thread_blocked, id=3280, stack(0x000000b3f0c00000,0x000000b3f0d00000)]
  0x0000025fca0a3800 JavaThread "jar transforms Thread 119" [_thread_blocked, id=536, stack(0x000000b3f0d00000,0x000000b3f0e00000)]
  0x0000025fca0a4800 JavaThread "jar transforms Thread 120" [_thread_blocked, id=27892, stack(0x000000b3f0e00000,0x000000b3f0f00000)]
  0x0000025fca0a2000 JavaThread "jar transforms Thread 121" [_thread_blocked, id=19512, stack(0x000000b3f0f00000,0x000000b3f1000000)]

Other Threads:
  0x0000025fc4aee000 VMThread "VM Thread" [stack: 0x000000b3e6600000,0x000000b3e6700000] [id=21452]
  0x0000025fc55db800 WatcherThread [stack: 0x000000b3e7000000,0x000000b3e7100000] [id=27428]
  0x0000025faa815000 GCTaskThread "GC Thread#0" [stack: 0x000000b3e6100000,0x000000b3e6200000] [id=21836]
  0x0000025fc603b800 GCTaskThread "GC Thread#1" [stack: 0x000000b3e7100000,0x000000b3e7200000] [id=6740]
  0x0000025fc5ece800 GCTaskThread "GC Thread#2" [stack: 0x000000b3e7200000,0x000000b3e7300000] [id=13736]
  0x0000025fc74c6000 GCTaskThread "GC Thread#3" [stack: 0x000000b3e8100000,0x000000b3e8200000] [id=22808]
  0x0000025fc76d8800 GCTaskThread "GC Thread#4" [stack: 0x000000b3e8200000,0x000000b3e8300000] [id=26808]
  0x0000025fc722f800 GCTaskThread "GC Thread#5" [stack: 0x000000b3e8300000,0x000000b3e8400000] [id=28892]
  0x0000025fc7236800 GCTaskThread "GC Thread#6" [stack: 0x000000b3e8400000,0x000000b3e8500000] [id=27536]
  0x0000025fc7700000 GCTaskThread "GC Thread#7" [stack: 0x000000b3e8500000,0x000000b3e8600000] [id=9552]
  0x0000025faa846000 ConcurrentGCThread "G1 Main Marker" [stack: 0x000000b3e6200000,0x000000b3e6300000] [id=26708]
  0x0000025faa848800 ConcurrentGCThread "G1 Conc#0" [stack: 0x000000b3e6300000,0x000000b3e6400000] [id=19092]
  0x0000025fc774e000 ConcurrentGCThread "G1 Conc#1" [stack: 0x000000b3e8600000,0x000000b3e8700000] [id=14588]
  0x0000025fc4940800 ConcurrentGCThread "G1 Refine#0" [stack: 0x000000b3e6400000,0x000000b3e6500000] [id=23976]
  0x0000025fc4941800 ConcurrentGCThread "G1 Young RemSet Sampling" [stack: 0x000000b3e6500000,0x000000b3e6600000] [id=22860]

Threads with active compile tasks:
C2 CompilerThread0   4564 4584  s    4       java.util.jar.JarFile::getInputStream (72 bytes)
C1 CompilerThread0   4564 4593       3       jdk.internal.reflect.Reflection::verifyMemberAccess (190 bytes)

VM state:not at safepoint (normal execution)

VM Mutex/Monitor currently owned by a thread:  ([mutex/lock_event])
[0x0000025faa7f95a0] CodeCache_lock - owner thread: 0x0000025fc4b1b000
[0x0000025faa7fa3b0] Compile_lock - owner thread: 0x0000025fc4b1b000
[0x0000025faa7fad40] MethodCompileQueue_lock - owner thread: 0x0000025fc4b1b000

Heap address: 0x0000000080000000, size: 2048 MB, Compressed Oops mode: 32-bit
Narrow klass base: 0x0000000000000000, Narrow klass shift: 3
Compressed class space size: 1073741824 Address: 0x0000000100000000

Heap:
 garbage-first heap   total 157696K, used 92618K [0x0000000080000000, 0x0000000100000000)
  region size 1024K, 65 young (66560K), 9 survivors (9216K)
 Metaspace       used 48537K, capacity 49681K, committed 49920K, reserved 1095680K
  class space    used 6174K, capacity 6594K, committed 6656K, reserved 1048576K
Heap Regions: E=young(eden), S=young(survivor), O=old, HS=humongous(starts), HC=humongous(continues), CS=collection set, F=free, A=archive, TAMS=top-at-mark-start (previous, next)
|   0|0x0000000080000000, 0x0000000080100000, 0x0000000080100000|100%| O|  |TAMS 0x0000000080100000, 0x0000000080000000| Untracked 
|   1|0x0000000080100000, 0x0000000080200000, 0x0000000080200000|100%| O|  |TAMS 0x0000000080200000, 0x0000000080100000| Untracked 
|   2|0x0000000080200000, 0x0000000080300000, 0x0000000080300000|100%| O|  |TAMS 0x0000000080300000, 0x0000000080200000| Untracked 
|   3|0x0000000080300000, 0x0000000080400000, 0x0000000080400000|100%|HS|  |TAMS 0x0000000080400000, 0x0000000080300000| Complete 
|   4|0x0000000080400000, 0x0000000080500000, 0x0000000080500000|100%|HC|  |TAMS 0x0000000080500000, 0x0000000080400000| Complete 
|   5|0x0000000080500000, 0x0000000080600000, 0x0000000080600000|100%|HC|  |TAMS 0x0000000080600000, 0x0000000080500000| Complete 
|   6|0x0000000080600000, 0x0000000080700000, 0x0000000080700000|100%| O|  |TAMS 0x0000000080700000, 0x0000000080600000| Untracked 
|   7|0x0000000080700000, 0x0000000080800000, 0x0000000080800000|100%| O|  |TAMS 0x0000000080800000, 0x0000000080700000| Untracked 
|   8|0x0000000080800000, 0x0000000080900000, 0x0000000080900000|100%| O|  |TAMS 0x0000000080900000, 0x0000000080800000| Untracked 
|   9|0x0000000080900000, 0x0000000080a00000, 0x0000000080a00000|100%| O|  |TAMS 0x0000000080a00000, 0x0000000080900000| Untracked 
|  10|0x0000000080a00000, 0x0000000080b00000, 0x0000000080b00000|100%| O|  |TAMS 0x0000000080b00000, 0x0000000080a00000| Untracked 
|  11|0x0000000080b00000, 0x0000000080c00000, 0x0000000080c00000|100%| O|  |TAMS 0x0000000080c00000, 0x0000000080b00000| Untracked 
|  12|0x0000000080c00000, 0x0000000080d00000, 0x0000000080d00000|100%| O|  |TAMS 0x0000000080d00000, 0x0000000080c00000| Untracked 
|  13|0x0000000080d00000, 0x0000000080e00000, 0x0000000080e00000|100%| O|  |TAMS 0x0000000080e00000, 0x0000000080d00000| Untracked 
|  14|0x0000000080e00000, 0x0000000080f00000, 0x0000000080f00000|100%| O|  |TAMS 0x0000000080f00000, 0x0000000080e00000| Untracked 
|  15|0x0000000080f00000, 0x0000000081000000, 0x0000000081000000|100%| O|  |TAMS 0x0000000080fcf600, 0x0000000080f00000| Untracked 
|  16|0x0000000081000000, 0x0000000081100000, 0x0000000081100000|100%| O|  |TAMS 0x0000000081000000, 0x0000000081000000| Untracked 
|  17|0x0000000081100000, 0x0000000081200000, 0x0000000081200000|100%| O|  |TAMS 0x0000000081100000, 0x0000000081100000| Untracked 
|  18|0x0000000081200000, 0x000000008124d400, 0x0000000081300000| 30%| O|  |TAMS 0x0000000081200000, 0x0000000081200000| Untracked 
|  19|0x0000000081300000, 0x0000000081400000, 0x0000000081400000|100%|HS|  |TAMS 0x0000000081300000, 0x0000000081300000| Complete 
|  20|0x0000000081400000, 0x0000000081500000, 0x0000000081500000|100%| O|  |TAMS 0x0000000081400000, 0x0000000081400000| Untracked 
|  21|0x0000000081500000, 0x0000000081600000, 0x0000000081600000|100%| O|  |TAMS 0x0000000081500000, 0x0000000081500000| Untracked 
|  22|0x0000000081600000, 0x0000000081700000, 0x0000000081700000|100%| O|  |TAMS 0x0000000081600000, 0x0000000081600000| Untracked 
|  23|0x0000000081700000, 0x0000000081800000, 0x0000000081800000|100%|HS|  |TAMS 0x0000000081700000, 0x0000000081700000| Complete 
|  24|0x0000000081800000, 0x0000000081900000, 0x0000000081900000|100%|HS|  |TAMS 0x0000000081800000, 0x0000000081800000| Complete 
|  25|0x0000000081900000, 0x0000000081a00000, 0x0000000081a00000|100%|HC|  |TAMS 0x0000000081900000, 0x0000000081900000| Complete 
|  26|0x0000000081a00000, 0x0000000081b00000, 0x0000000081b00000|100%|HC|  |TAMS 0x0000000081a00000, 0x0000000081a00000| Complete 
|  27|0x0000000081b00000, 0x0000000081c00000, 0x0000000081c00000|100%|HS|  |TAMS 0x0000000081b00000, 0x0000000081b00000| Complete 
|  28|0x0000000081c00000, 0x0000000081d00000, 0x0000000081d00000|100%|HC|  |TAMS 0x0000000081c00000, 0x0000000081c00000| Complete 
|  29|0x0000000081d00000, 0x0000000081d00000, 0x0000000081e00000|  0%| F|  |TAMS 0x0000000081d00000, 0x0000000081d00000| Untracked 
|  30|0x0000000081e00000, 0x0000000081e00000, 0x0000000081f00000|  0%| F|  |TAMS 0x0000000081e00000, 0x0000000081e00000| Untracked 
|  31|0x0000000081f00000, 0x0000000081f00000, 0x0000000082000000|  0%| F|  |TAMS 0x0000000081f00000, 0x0000000081f00000| Untracked 
|  32|0x0000000082000000, 0x0000000082000000, 0x0000000082100000|  0%| F|  |TAMS 0x0000000082000000, 0x0000000082000000| Untracked 
|  33|0x0000000082100000, 0x0000000082100000, 0x0000000082200000|  0%| F|  |TAMS 0x0000000082100000, 0x0000000082100000| Untracked 
|  34|0x0000000082200000, 0x0000000082200000, 0x0000000082300000|  0%| F|  |TAMS 0x0000000082200000, 0x0000000082200000| Untracked 
|  35|0x0000000082300000, 0x0000000082300000, 0x0000000082400000|  0%| F|  |TAMS 0x0000000082300000, 0x0000000082300000| Untracked 
|  36|0x0000000082400000, 0x0000000082400000, 0x0000000082500000|  0%| F|  |TAMS 0x0000000082400000, 0x0000000082400000| Untracked 
|  37|0x0000000082500000, 0x0000000082500000, 0x0000000082600000|  0%| F|  |TAMS 0x0000000082500000, 0x0000000082500000| Untracked 
|  38|0x0000000082600000, 0x0000000082600000, 0x0000000082700000|  0%| F|  |TAMS 0x0000000082600000, 0x0000000082600000| Untracked 
|  39|0x0000000082700000, 0x0000000082700000, 0x0000000082800000|  0%| F|  |TAMS 0x0000000082700000, 0x0000000082700000| Untracked 
|  40|0x0000000082800000, 0x0000000082800000, 0x0000000082900000|  0%| F|  |TAMS 0x0000000082800000, 0x0000000082800000| Untracked 
|  41|0x0000000082900000, 0x0000000082900000, 0x0000000082a00000|  0%| F|  |TAMS 0x0000000082900000, 0x0000000082900000| Untracked 
|  42|0x0000000082a00000, 0x0000000082a00000, 0x0000000082b00000|  0%| F|  |TAMS 0x0000000082a00000, 0x0000000082a00000| Untracked 
|  43|0x0000000082b00000, 0x0000000082b00000, 0x0000000082c00000|  0%| F|  |TAMS 0x0000000082b00000, 0x0000000082b00000| Untracked 
|  44|0x0000000082c00000, 0x0000000082c00000, 0x0000000082d00000|  0%| F|  |TAMS 0x0000000082c00000, 0x0000000082c00000| Untracked 
|  45|0x0000000082d00000, 0x0000000082d00000, 0x0000000082e00000|  0%| F|  |TAMS 0x0000000082d00000, 0x0000000082d00000| Untracked 
|  46|0x0000000082e00000, 0x0000000082e00000, 0x0000000082f00000|  0%| F|  |TAMS 0x0000000082e00000, 0x0000000082e00000| Untracked 
|  47|0x0000000082f00000, 0x0000000082f254e8, 0x0000000083000000| 14%| S|CS|TAMS 0x0000000082f00000, 0x0000000082f00000| Complete 
|  48|0x0000000083000000, 0x0000000083100000, 0x0000000083100000|100%| S|CS|TAMS 0x0000000083000000, 0x0000000083000000| Complete 
|  49|0x0000000083100000, 0x0000000083200000, 0x0000000083200000|100%| S|CS|TAMS 0x0000000083100000, 0x0000000083100000| Complete 
|  50|0x0000000083200000, 0x0000000083200000, 0x0000000083300000|  0%| F|  |TAMS 0x0000000083200000, 0x0000000083200000| Untracked 
|  51|0x0000000083300000, 0x0000000083300000, 0x0000000083400000|  0%| F|  |TAMS 0x0000000083300000, 0x0000000083300000| Untracked 
|  52|0x0000000083400000, 0x0000000083400000, 0x0000000083500000|  0%| F|  |TAMS 0x0000000083400000, 0x0000000083400000| Untracked 
|  53|0x0000000083500000, 0x0000000083500000, 0x0000000083600000|  0%| F|  |TAMS 0x0000000083500000, 0x0000000083500000| Untracked 
|  54|0x0000000083600000, 0x0000000083600000, 0x0000000083700000|  0%| F|  |TAMS 0x0000000083600000, 0x0000000083600000| Untracked 
|  55|0x0000000083700000, 0x0000000083700000, 0x0000000083800000|  0%| F|  |TAMS 0x0000000083700000, 0x0000000083700000| Untracked 
|  56|0x0000000083800000, 0x0000000083800000, 0x0000000083900000|  0%| F|  |TAMS 0x0000000083800000, 0x0000000083800000| Untracked 
|  57|0x0000000083900000, 0x0000000083a00000, 0x0000000083a00000|100%| S|CS|TAMS 0x0000000083900000, 0x0000000083900000| Complete 
|  58|0x0000000083a00000, 0x0000000083b00000, 0x0000000083b00000|100%| S|CS|TAMS 0x0000000083a00000, 0x0000000083a00000| Complete 
|  59|0x0000000083b00000, 0x0000000083c00000, 0x0000000083c00000|100%| S|CS|TAMS 0x0000000083b00000, 0x0000000083b00000| Complete 
|  60|0x0000000083c00000, 0x0000000083d00000, 0x0000000083d00000|100%| S|CS|TAMS 0x0000000083c00000, 0x0000000083c00000| Complete 
|  61|0x0000000083d00000, 0x0000000083e00000, 0x0000000083e00000|100%| S|CS|TAMS 0x0000000083d00000, 0x0000000083d00000| Complete 
|  62|0x0000000083e00000, 0x0000000083f00000, 0x0000000083f00000|100%| S|CS|TAMS 0x0000000083e00000, 0x0000000083e00000| Complete 
|  63|0x0000000083f00000, 0x0000000083f00000, 0x0000000084000000|  0%| F|  |TAMS 0x0000000083f00000, 0x0000000083f00000| Untracked 
|  64|0x0000000084000000, 0x0000000084000000, 0x0000000084100000|  0%| F|  |TAMS 0x0000000084000000, 0x0000000084000000| Untracked 
|  65|0x0000000084100000, 0x0000000084100000, 0x0000000084200000|  0%| F|  |TAMS 0x0000000084100000, 0x0000000084100000| Untracked 
|  66|0x0000000084200000, 0x0000000084200000, 0x0000000084300000|  0%| F|  |TAMS 0x0000000084200000, 0x0000000084200000| Untracked 
|  67|0x0000000084300000, 0x0000000084300000, 0x0000000084400000|  0%| F|  |TAMS 0x0000000084300000, 0x0000000084300000| Untracked 
|  68|0x0000000084400000, 0x0000000084400000, 0x0000000084500000|  0%| F|  |TAMS 0x0000000084400000, 0x0000000084400000| Untracked 
|  69|0x0000000084500000, 0x0000000084500000, 0x0000000084600000|  0%| F|  |TAMS 0x0000000084500000, 0x0000000084500000| Untracked 
|  70|0x0000000084600000, 0x0000000084600000, 0x0000000084700000|  0%| F|  |TAMS 0x0000000084600000, 0x0000000084600000| Untracked 
|  71|0x0000000084700000, 0x0000000084700000, 0x0000000084800000|  0%| F|  |TAMS 0x0000000084700000, 0x0000000084700000| Untracked 
|  72|0x0000000084800000, 0x0000000084800000, 0x0000000084900000|  0%| F|  |TAMS 0x0000000084800000, 0x0000000084800000| Untracked 
|  73|0x0000000084900000, 0x0000000084900000, 0x0000000084a00000|  0%| F|  |TAMS 0x0000000084900000, 0x0000000084900000| Untracked 
|  74|0x0000000084a00000, 0x0000000084a00000, 0x0000000084b00000|  0%| F|  |TAMS 0x0000000084a00000, 0x0000000084a00000| Untracked 
|  75|0x0000000084b00000, 0x0000000084b00000, 0x0000000084c00000|  0%| F|  |TAMS 0x0000000084b00000, 0x0000000084b00000| Untracked 
|  76|0x0000000084c00000, 0x0000000084c00000, 0x0000000084d00000|  0%| F|  |TAMS 0x0000000084c00000, 0x0000000084c00000| Untracked 
|  77|0x0000000084d00000, 0x0000000084d00000, 0x0000000084e00000|  0%| F|  |TAMS 0x0000000084d00000, 0x0000000084d00000| Untracked 
|  78|0x0000000084e00000, 0x0000000084e00000, 0x0000000084f00000|  0%| F|  |TAMS 0x0000000084e00000, 0x0000000084e00000| Untracked 
|  79|0x0000000084f00000, 0x0000000084f00000, 0x0000000085000000|  0%| F|  |TAMS 0x0000000084f00000, 0x0000000084f00000| Untracked 
|  80|0x0000000085000000, 0x0000000085000000, 0x0000000085100000|  0%| F|  |TAMS 0x0000000085000000, 0x0000000085000000| Untracked 
|  81|0x0000000085100000, 0x0000000085100000, 0x0000000085200000|  0%| F|  |TAMS 0x0000000085100000, 0x0000000085100000| Untracked 
|  82|0x0000000085200000, 0x0000000085200000, 0x0000000085300000|  0%| F|  |TAMS 0x0000000085200000, 0x0000000085200000| Untracked 
|  83|0x0000000085300000, 0x0000000085300000, 0x0000000085400000|  0%| F|  |TAMS 0x0000000085300000, 0x0000000085300000| Untracked 
|  84|0x0000000085400000, 0x0000000085400000, 0x0000000085500000|  0%| F|  |TAMS 0x0000000085400000, 0x0000000085400000| Untracked 
|  85|0x0000000085500000, 0x0000000085500000, 0x0000000085600000|  0%| F|  |TAMS 0x0000000085500000, 0x0000000085500000| Untracked 
|  86|0x0000000085600000, 0x0000000085600000, 0x0000000085700000|  0%| F|  |TAMS 0x0000000085600000, 0x0000000085600000| Untracked 
|  87|0x0000000085700000, 0x0000000085700000, 0x0000000085800000|  0%| F|  |TAMS 0x0000000085700000, 0x0000000085700000| Untracked 
|  88|0x0000000085800000, 0x0000000085800000, 0x0000000085900000|  0%| F|  |TAMS 0x0000000085800000, 0x0000000085800000| Untracked 
|  89|0x0000000085900000, 0x0000000085900000, 0x0000000085a00000|  0%| F|  |TAMS 0x0000000085900000, 0x0000000085900000| Untracked 
|  90|0x0000000085a00000, 0x0000000085a00000, 0x0000000085b00000|  0%| F|  |TAMS 0x0000000085a00000, 0x0000000085a00000| Untracked 
|  91|0x0000000085b00000, 0x0000000085b00000, 0x0000000085c00000|  0%| F|  |TAMS 0x0000000085b00000, 0x0000000085b00000| Untracked 
|  92|0x0000000085c00000, 0x0000000085c00000, 0x0000000085d00000|  0%| F|  |TAMS 0x0000000085c00000, 0x0000000085c00000| Untracked 
|  93|0x0000000085d00000, 0x0000000085d00000, 0x0000000085e00000|  0%| F|  |TAMS 0x0000000085d00000, 0x0000000085d00000| Untracked 
|  94|0x0000000085e00000, 0x0000000085e00000, 0x0000000085f00000|  0%| F|  |TAMS 0x0000000085e00000, 0x0000000085e00000| Untracked 
|  95|0x0000000085f00000, 0x0000000085f00000, 0x0000000086000000|  0%| F|  |TAMS 0x0000000085f00000, 0x0000000085f00000| Untracked 
|  96|0x0000000086000000, 0x0000000086000000, 0x0000000086100000|  0%| F|  |TAMS 0x0000000086000000, 0x0000000086000000| Untracked 
|  97|0x0000000086100000, 0x0000000086180e80, 0x0000000086200000| 50%| E|  |TAMS 0x0000000086100000, 0x0000000086100000| Complete 
|  98|0x0000000086200000, 0x0000000086300000, 0x0000000086300000|100%| E|CS|TAMS 0x0000000086200000, 0x0000000086200000| Complete 
|  99|0x0000000086300000, 0x0000000086400000, 0x0000000086400000|100%| E|CS|TAMS 0x0000000086300000, 0x0000000086300000| Complete 
| 100|0x0000000086400000, 0x0000000086500000, 0x0000000086500000|100%| E|CS|TAMS 0x0000000086400000, 0x0000000086400000| Complete 
| 101|0x0000000086500000, 0x0000000086600000, 0x0000000086600000|100%| E|CS|TAMS 0x0000000086500000, 0x0000000086500000| Complete 
| 102|0x0000000086600000, 0x0000000086700000, 0x0000000086700000|100%| E|CS|TAMS 0x0000000086600000, 0x0000000086600000| Complete 
| 103|0x0000000086700000, 0x0000000086800000, 0x0000000086800000|100%| E|CS|TAMS 0x0000000086700000, 0x0000000086700000| Complete 
| 104|0x0000000086800000, 0x0000000086900000, 0x0000000086900000|100%| E|CS|TAMS 0x0000000086800000, 0x0000000086800000| Complete 
| 105|0x0000000086900000, 0x0000000086a00000, 0x0000000086a00000|100%| E|CS|TAMS 0x0000000086900000, 0x0000000086900000| Complete 
| 106|0x0000000086a00000, 0x0000000086b00000, 0x0000000086b00000|100%| E|CS|TAMS 0x0000000086a00000, 0x0000000086a00000| Complete 
| 107|0x0000000086b00000, 0x0000000086c00000, 0x0000000086c00000|100%| E|CS|TAMS 0x0000000086b00000, 0x0000000086b00000| Complete 
| 108|0x0000000086c00000, 0x0000000086d00000, 0x0000000086d00000|100%| E|CS|TAMS 0x0000000086c00000, 0x0000000086c00000| Complete 
| 109|0x0000000086d00000, 0x0000000086e00000, 0x0000000086e00000|100%| E|CS|TAMS 0x0000000086d00000, 0x0000000086d00000| Complete 
| 110|0x0000000086e00000, 0x0000000086f00000, 0x0000000086f00000|100%| E|CS|TAMS 0x0000000086e00000, 0x0000000086e00000| Complete 
| 111|0x0000000086f00000, 0x0000000087000000, 0x0000000087000000|100%| E|CS|TAMS 0x0000000086f00000, 0x0000000086f00000| Complete 
| 112|0x0000000087000000, 0x0000000087100000, 0x0000000087100000|100%| E|CS|TAMS 0x0000000087000000, 0x0000000087000000| Complete 
| 113|0x0000000087100000, 0x0000000087200000, 0x0000000087200000|100%| E|CS|TAMS 0x0000000087100000, 0x0000000087100000| Complete 
| 114|0x0000000087200000, 0x0000000087300000, 0x0000000087300000|100%| E|CS|TAMS 0x0000000087200000, 0x0000000087200000| Complete 
| 115|0x0000000087300000, 0x0000000087400000, 0x0000000087400000|100%| E|CS|TAMS 0x0000000087300000, 0x0000000087300000| Complete 
| 116|0x0000000087400000, 0x0000000087500000, 0x0000000087500000|100%| E|CS|TAMS 0x0000000087400000, 0x0000000087400000| Complete 
| 117|0x0000000087500000, 0x0000000087600000, 0x0000000087600000|100%| E|CS|TAMS 0x0000000087500000, 0x0000000087500000| Complete 
| 118|0x0000000087600000, 0x0000000087700000, 0x0000000087700000|100%| E|CS|TAMS 0x0000000087600000, 0x0000000087600000| Complete 
| 119|0x0000000087700000, 0x0000000087800000, 0x0000000087800000|100%| E|CS|TAMS 0x0000000087700000, 0x0000000087700000| Complete 
| 120|0x0000000087800000, 0x0000000087900000, 0x0000000087900000|100%| E|CS|TAMS 0x0000000087800000, 0x0000000087800000| Complete 
| 121|0x0000000087900000, 0x0000000087a00000, 0x0000000087a00000|100%| E|CS|TAMS 0x0000000087900000, 0x0000000087900000| Complete 
| 122|0x0000000087a00000, 0x0000000087b00000, 0x0000000087b00000|100%| E|CS|TAMS 0x0000000087a00000, 0x0000000087a00000| Complete 
| 123|0x0000000087b00000, 0x0000000087c00000, 0x0000000087c00000|100%| E|CS|TAMS 0x0000000087b00000, 0x0000000087b00000| Complete 
| 124|0x0000000087c00000, 0x0000000087d00000, 0x0000000087d00000|100%| E|CS|TAMS 0x0000000087c00000, 0x0000000087c00000| Complete 
| 125|0x0000000087d00000, 0x0000000087e00000, 0x0000000087e00000|100%| E|CS|TAMS 0x0000000087d00000, 0x0000000087d00000| Complete 
| 126|0x0000000087e00000, 0x0000000087f00000, 0x0000000087f00000|100%| E|  |TAMS 0x0000000087e00000, 0x0000000087e00000| Complete 
| 127|0x0000000087f00000, 0x0000000088000000, 0x0000000088000000|100%| E|CS|TAMS 0x0000000087f00000, 0x0000000087f00000| Complete 
| 128|0x0000000088000000, 0x0000000088100000, 0x0000000088100000|100%| E|CS|TAMS 0x0000000088000000, 0x0000000088000000| Complete 
| 129|0x0000000088100000, 0x0000000088200000, 0x0000000088200000|100%| E|CS|TAMS 0x0000000088100000, 0x0000000088100000| Complete 
| 130|0x0000000088200000, 0x0000000088300000, 0x0000000088300000|100%| E|CS|TAMS 0x0000000088200000, 0x0000000088200000| Complete 
| 131|0x0000000088300000, 0x0000000088400000, 0x0000000088400000|100%| E|CS|TAMS 0x0000000088300000, 0x0000000088300000| Complete 
| 132|0x0000000088400000, 0x0000000088500000, 0x0000000088500000|100%| E|CS|TAMS 0x0000000088400000, 0x0000000088400000| Complete 
| 133|0x0000000088500000, 0x0000000088600000, 0x0000000088600000|100%| E|CS|TAMS 0x0000000088500000, 0x0000000088500000| Complete 
| 134|0x0000000088600000, 0x0000000088700000, 0x0000000088700000|100%| E|CS|TAMS 0x0000000088600000, 0x0000000088600000| Complete 
| 135|0x0000000088700000, 0x0000000088800000, 0x0000000088800000|100%| E|CS|TAMS 0x0000000088700000, 0x0000000088700000| Complete 
| 136|0x0000000088800000, 0x0000000088900000, 0x0000000088900000|100%| E|CS|TAMS 0x0000000088800000, 0x0000000088800000| Complete 
| 137|0x0000000088900000, 0x0000000088a00000, 0x0000000088a00000|100%| E|CS|TAMS 0x0000000088900000, 0x0000000088900000| Complete 
| 138|0x0000000088a00000, 0x0000000088b00000, 0x0000000088b00000|100%| E|CS|TAMS 0x0000000088a00000, 0x0000000088a00000| Complete 
| 139|0x0000000088b00000, 0x0000000088c00000, 0x0000000088c00000|100%| E|CS|TAMS 0x0000000088b00000, 0x0000000088b00000| Complete 
| 140|0x0000000088c00000, 0x0000000088d00000, 0x0000000088d00000|100%| E|CS|TAMS 0x0000000088c00000, 0x0000000088c00000| Complete 
| 141|0x0000000088d00000, 0x0000000088e00000, 0x0000000088e00000|100%| E|CS|TAMS 0x0000000088d00000, 0x0000000088d00000| Complete 
| 142|0x0000000088e00000, 0x0000000088f00000, 0x0000000088f00000|100%| E|CS|TAMS 0x0000000088e00000, 0x0000000088e00000| Complete 
| 143|0x0000000088f00000, 0x0000000089000000, 0x0000000089000000|100%| E|CS|TAMS 0x0000000088f00000, 0x0000000088f00000| Complete 
| 144|0x0000000089000000, 0x0000000089100000, 0x0000000089100000|100%| E|CS|TAMS 0x0000000089000000, 0x0000000089000000| Complete 
| 145|0x0000000089100000, 0x0000000089200000, 0x0000000089200000|100%| E|CS|TAMS 0x0000000089100000, 0x0000000089100000| Complete 
| 146|0x0000000089200000, 0x0000000089300000, 0x0000000089300000|100%| E|CS|TAMS 0x0000000089200000, 0x0000000089200000| Complete 
| 147|0x0000000089300000, 0x0000000089400000, 0x0000000089400000|100%| E|CS|TAMS 0x0000000089300000, 0x0000000089300000| Complete 
| 148|0x0000000089400000, 0x0000000089500000, 0x0000000089500000|100%| E|CS|TAMS 0x0000000089400000, 0x0000000089400000| Complete 
| 149|0x0000000089500000, 0x0000000089600000, 0x0000000089600000|100%| E|CS|TAMS 0x0000000089500000, 0x0000000089500000| Complete 
| 150|0x0000000089600000, 0x0000000089700000, 0x0000000089700000|100%| E|CS|TAMS 0x0000000089600000, 0x0000000089600000| Complete 
| 151|0x0000000089700000, 0x0000000089800000, 0x0000000089800000|100%| E|CS|TAMS 0x0000000089700000, 0x0000000089700000| Complete 
| 152|0x0000000089800000, 0x0000000089900000, 0x0000000089900000|100%| E|CS|TAMS 0x0000000089800000, 0x0000000089800000| Complete 
| 153|0x0000000089900000, 0x0000000089a00000, 0x0000000089a00000|100%| E|CS|TAMS 0x0000000089900000, 0x0000000089900000| Complete 

Card table byte_map: [0x0000025fbd8b0000,0x0000025fbdcb0000] _byte_map_base: 0x0000025fbd4b0000

Marking Bits (Prev, Next): (CMBitMap*) 0x0000025faa83d428, (CMBitMap*) 0x0000025faa83d460
 Prev Bits: [0x0000025fbe0b0000, 0x0000025fc00b0000)
 Next Bits: [0x0000025fc00b0000, 0x0000025fc20b0000)

Polling page: 0x0000025fa8770000

Metaspace:

Usage:
  Non-class:     42.20 MB capacity,    41.42 MB ( 98%) used,   695.23 KB (  2%) free+waste,   109.50 KB ( <1%) overhead. 
      Class:      6.44 MB capacity,     6.04 MB ( 94%) used,   359.05 KB (  5%) free+waste,    52.38 KB ( <1%) overhead. 
       Both:     48.64 MB capacity,    47.45 MB ( 98%) used,     1.03 MB (  2%) free+waste,   161.88 KB ( <1%) overhead. 

Virtual space:
  Non-class space:       46.00 MB reserved,      42.25 MB ( 92%) committed 
      Class space:        1.00 GB reserved,       6.50 MB ( <1%) committed 
             Both:        1.04 GB reserved,      48.75 MB (  5%) committed 

Chunk freelists:
   Non-Class:  49.00 KB
       Class:  0 bytes
        Both:  49.00 KB

MaxMetaspaceSize: 17179869184.00 GB
CompressedClassSpaceSize: 1.00 GB

CodeHeap 'non-profiled nmethods': size=120000Kb used=1820Kb max_used=1820Kb free=118180Kb
 bounds [0x0000025fb5c50000, 0x0000025fb5ec0000, 0x0000025fbd180000]
CodeHeap 'profiled nmethods': size=120000Kb used=8674Kb max_used=8674Kb free=111325Kb
 bounds [0x0000025fae720000, 0x0000025faefa0000, 0x0000025fb5c50000]
CodeHeap 'non-nmethods': size=5760Kb used=2201Kb max_used=2240Kb free=3558Kb
 bounds [0x0000025fae180000, 0x0000025fae3f0000, 0x0000025fae720000]
 total_blobs=5158 nmethods=4392 adapters=676
 compilation: enabled
              stopped_count=0, restarted_count=0
 full_count=0

Compilation events (20 events):
Event: 4.492 Thread 0x0000025fc4b0e000 nmethod 4573 0x0000025fb5e16a90 code [0x0000025fb5e16c20, 0x0000025fb5e16c78]
Event: 4.493 Thread 0x0000025fc4b1b000 4576       3       sun.reflect.generics.parser.SignatureParser::parseFormalParameters (47 bytes)
Event: 4.493 Thread 0x0000025fc4b1b000 nmethod 4576 0x0000025faef8f090 code [0x0000025faef8f2a0, 0x0000025faef8f5c8]
Event: 4.493 Thread 0x0000025fc4b1b000 4577       3       sun.reflect.generics.parser.SignatureParser::parseZeroOrMoreThrowsSignatures (51 bytes)
Event: 4.493 Thread 0x0000025fc4b1b000 nmethod 4577 0x0000025faef8f790 code [0x0000025faef8fa00, 0x0000025faef903b8]
Event: 4.493 Thread 0x0000025fc4b1b000 4581       3       org.objectweb.asm.ByteVector::putUTF8 (144 bytes)
Event: 4.494 Thread 0x0000025fc4b1b000 nmethod 4581 0x0000025faef90790 code [0x0000025faef90a20, 0x0000025faef91548]
Event: 4.494 Thread 0x0000025fc4b1b000 4578       3       sun.reflect.annotation.AnnotationParser$1::run (5 bytes)
Event: 4.494 Thread 0x0000025fc4b1b000 nmethod 4578 0x0000025faef91a90 code [0x0000025faef91c40, 0x0000025faef91d88]
Event: 4.494 Thread 0x0000025fc4b1b000 4579       3       sun.reflect.annotation.AnnotationParser$1::run (40 bytes)
Event: 4.494 Thread 0x0000025fc4b1b000 nmethod 4579 0x0000025faef91e10 code [0x0000025faef920c0, 0x0000025faef92f98]
Event: 4.494 Thread 0x0000025fc4b1b000 4580       3       sun.reflect.annotation.AnnotationInvocationHandler::<init> (51 bytes)
Event: 4.495 Thread 0x0000025fc4b1b000 nmethod 4580 0x0000025faef93410 code [0x0000025faef93620, 0x0000025faef93b48]
Event: 4.497 Thread 0x0000025fc4b0e000 4582       4       java.lang.ClassLoader::checkPackageAccess (102 bytes)
Event: 4.498 Thread 0x0000025fc4b0e000 nmethod 4582 0x0000025fb5e16d10 code [0x0000025fb5e16ea0, 0x0000025fb5e16f38]
Event: 4.499 Thread 0x0000025fc4b1b000 4583       3       org.gradle.internal.classloader.FilteringClassLoader::classAllowed (80 bytes)
Event: 4.499 Thread 0x0000025fc4b1b000 nmethod 4583 0x0000025faef93d90 code [0x0000025faef94000, 0x0000025faef94938]
Event: 4.505 Thread 0x0000025fc4b0e000 4584  s    4       java.util.jar.JarFile::getInputStream (72 bytes)
Event: 4.529 Thread 0x0000025fc4b1b000 4589       3       com.google.common.collect.MapMakerInternalMap$1::clear (1 bytes)
Event: 4.529 Thread 0x0000025fc4b1b000 nmethod 4589 0x0000025faef94c90 code [0x0000025faef94e40, 0x0000025faef94f38]

GC Heap History (16 events):
Event: 0.635 GC heap before
{Heap before GC invocations=0 (full 0):
 garbage-first heap   total 131072K, used 29696K [0x0000000080000000, 0x0000000100000000)
  region size 1024K, 24 young (24576K), 0 survivors (0K)
 Metaspace       used 10454K, capacity 10645K, committed 11008K, reserved 1058816K
  class space    used 1094K, capacity 1163K, committed 1280K, reserved 1048576K
}
Event: 0.639 GC heap after
{Heap after GC invocations=1 (full 0):
 garbage-first heap   total 131072K, used 8544K [0x0000000080000000, 0x0000000100000000)
  region size 1024K, 3 young (3072K), 3 survivors (3072K)
 Metaspace       used 10454K, capacity 10645K, committed 11008K, reserved 1058816K
  class space    used 1094K, capacity 1163K, committed 1280K, reserved 1048576K
}
Event: 0.903 GC heap before
{Heap before GC invocations=1 (full 0):
 garbage-first heap   total 131072K, used 42336K [0x0000000080000000, 0x0000000100000000)
  region size 1024K, 37 young (37888K), 3 survivors (3072K)
 Metaspace       used 11111K, capacity 11386K, committed 11520K, reserved 1058816K
  class space    used 1157K, capacity 1239K, committed 1280K, reserved 1048576K
}
Event: 0.906 GC heap after
{Heap after GC invocations=2 (full 0):
 garbage-first heap   total 131072K, used 13172K [0x0000000080000000, 0x0000000100000000)
  region size 1024K, 5 young (5120K), 5 survivors (5120K)
 Metaspace       used 11111K, capacity 11386K, committed 11520K, reserved 1058816K
  class space    used 1157K, capacity 1239K, committed 1280K, reserved 1048576K
}
Event: 2.032 GC heap before
{Heap before GC invocations=2 (full 0):
 garbage-first heap   total 131072K, used 62324K [0x0000000080000000, 0x0000000100000000)
  region size 1024K, 53 young (54272K), 5 survivors (5120K)
 Metaspace       used 20011K, capacity 20397K, committed 20608K, reserved 1067008K
  class space    used 2445K, capacity 2596K, committed 2688K, reserved 1048576K
}
Event: 2.038 GC heap after
{Heap after GC invocations=3 (full 0):
 garbage-first heap   total 131072K, used 16549K [0x0000000080000000, 0x0000000100000000)
  region size 1024K, 4 young (4096K), 4 survivors (4096K)
 Metaspace       used 20011K, capacity 20397K, committed 20608K, reserved 1067008K
  class space    used 2445K, capacity 2596K, committed 2688K, reserved 1048576K
}
Event: 2.083 GC heap before
{Heap before GC invocations=3 (full 0):
 garbage-first heap   total 131072K, used 20645K [0x0000000080000000, 0x0000000100000000)
  region size 1024K, 9 young (9216K), 4 survivors (4096K)
 Metaspace       used 20674K, capacity 21115K, committed 21248K, reserved 1067008K
  class space    used 2540K, capacity 2712K, committed 2816K, reserved 1048576K
}
Event: 2.087 GC heap after
{Heap after GC invocations=4 (full 0):
 garbage-first heap   total 131072K, used 16698K [0x0000000080000000, 0x0000000100000000)
  region size 1024K, 4 young (4096K), 4 survivors (4096K)
 Metaspace       used 20674K, capacity 21115K, committed 21248K, reserved 1067008K
  class space    used 2540K, capacity 2712K, committed 2816K, reserved 1048576K
}
Event: 2.715 GC heap before
{Heap before GC invocations=5 (full 0):
 garbage-first heap   total 131072K, used 88378K [0x0000000080000000, 0x0000000100000000)
  region size 1024K, 74 young (75776K), 4 survivors (4096K)
 Metaspace       used 28447K, capacity 29104K, committed 29440K, reserved 1075200K
  class space    used 3784K, capacity 3995K, committed 4096K, reserved 1048576K
}
Event: 2.719 GC heap after
{Heap after GC invocations=6 (full 0):
 garbage-first heap   total 131072K, used 19206K [0x0000000080000000, 0x0000000100000000)
  region size 1024K, 6 young (6144K), 6 survivors (6144K)
 Metaspace       used 28447K, capacity 29104K, committed 29440K, reserved 1075200K
  class space    used 3784K, capacity 3995K, committed 4096K, reserved 1048576K
}
Event: 3.033 GC heap before
{Heap before GC invocations=6 (full 0):
 garbage-first heap   total 131072K, used 44806K [0x0000000080000000, 0x0000000100000000)
  region size 1024K, 33 young (33792K), 6 survivors (6144K)
 Metaspace       used 35069K, capacity 35769K, committed 35840K, reserved 1081344K
  class space    used 4563K, capacity 4856K, committed 4864K, reserved 1048576K
}
Event: 3.042 GC heap after
{Heap after GC invocations=7 (full 0):
 garbage-first heap   total 131072K, used 21907K [0x0000000080000000, 0x0000000100000000)
  region size 1024K, 6 young (6144K), 6 survivors (6144K)
 Metaspace       used 35069K, capacity 35769K, committed 35840K, reserved 1081344K
  class space    used 4563K, capacity 4856K, committed 4864K, reserved 1048576K
}
Event: 3.581 GC heap before
{Heap before GC invocations=8 (full 0):
 garbage-first heap   total 131072K, used 91539K [0x0000000080000000, 0x0000000100000000)
  region size 1024K, 71 young (72704K), 6 survivors (6144K)
 Metaspace       used 41101K, capacity 41926K, committed 42240K, reserved 1085440K
  class space    used 5251K, capacity 5536K, committed 5632K, reserved 1048576K
}
Event: 3.586 GC heap after
{Heap after GC invocations=9 (full 0):
 garbage-first heap   total 131072K, used 25916K [0x0000000080000000, 0x0000000100000000)
  region size 1024K, 7 young (7168K), 7 survivors (7168K)
 Metaspace       used 41101K, capacity 41926K, committed 42240K, reserved 1085440K
  class space    used 5251K, capacity 5536K, committed 5632K, reserved 1048576K
}
Event: 4.046 GC heap before
{Heap before GC invocations=9 (full 0):
 garbage-first heap   total 131072K, used 91452K [0x0000000080000000, 0x0000000100000000)
  region size 1024K, 72 young (73728K), 7 survivors (7168K)
 Metaspace       used 44463K, capacity 45514K, committed 45824K, reserved 1089536K
  class space    used 5699K, capacity 6075K, committed 6144K, reserved 1048576K
}
Event: 4.055 GC heap after
{Heap after GC invocations=10 (full 0):
 garbage-first heap   total 157696K, used 30154K [0x0000000080000000, 0x0000000100000000)
  region size 1024K, 9 young (9216K), 9 survivors (9216K)
 Metaspace       used 44463K, capacity 45514K, committed 45824K, reserved 1089536K
  class space    used 5699K, capacity 6075K, committed 6144K, reserved 1048576K
}

Deoptimization events (20 events):
Event: 4.369 Thread 0x0000025fc6fe6800 Uncommon trap: trap_request=0xffffff4d fr.pc=0x0000025fb5d39ba0 relative=0x0000000000000640
Event: 4.369 Thread 0x0000025fc6fe6800 Uncommon trap: reason=unstable_if action=reinterpret pc=0x0000025fb5d39ba0 method=java.util.jar.Manifest$FastInputStream.readLine([BII)I @ 130 c2
Event: 4.369 Thread 0x0000025fc6fe6800 DEOPT PACKING pc=0x0000025fb5d39ba0 sp=0x000000b3e7bf80d0
Event: 4.369 Thread 0x0000025fc6fe6800 DEOPT UNPACKING pc=0x0000025fae1a74af sp=0x000000b3e7bf8060 mode 2
Event: 4.465 Thread 0x0000025fc6fe6800 Uncommon trap: trap_request=0xffffff4d fr.pc=0x0000025fb5d6c620 relative=0x0000000000000920
Event: 4.465 Thread 0x0000025fc6fe6800 Uncommon trap: reason=unstable_if action=reinterpret pc=0x0000025fb5d6c620 method=java.io.BufferedInputStream.read([BII)I @ 56 c2
Event: 4.465 Thread 0x0000025fc6fe6800 DEOPT PACKING pc=0x0000025fb5d6c620 sp=0x000000b3e7bf7710
Event: 4.465 Thread 0x0000025fc6fe6800 DEOPT UNPACKING pc=0x0000025fae1a74af sp=0x000000b3e7bf76c8 mode 2
Event: 4.476 Thread 0x0000025fc6fe6800 Uncommon trap: trap_request=0xffffff45 fr.pc=0x0000025fb5d81990 relative=0x0000000000000d50
Event: 4.476 Thread 0x0000025fc6fe6800 Uncommon trap: reason=unstable_fused_if action=reinterpret pc=0x0000025fb5d81990 method=org.objectweb.asm.ByteVector.putUTF8(Ljava/lang/String;)Lorg/objectweb/asm/ByteVector; @ 93 c2
Event: 4.476 Thread 0x0000025fc6fe6800 DEOPT PACKING pc=0x0000025fb5d81990 sp=0x000000b3e7bf82b0
Event: 4.476 Thread 0x0000025fc6fe6800 DEOPT UNPACKING pc=0x0000025fae1a74af sp=0x000000b3e7bf8208 mode 2
Event: 4.478 Thread 0x0000025fc6fe6800 Uncommon trap: trap_request=0xffffff4d fr.pc=0x0000025fb5db5a28 relative=0x0000000000002b28
Event: 4.478 Thread 0x0000025fc6fe6800 Uncommon trap: reason=unstable_if action=reinterpret pc=0x0000025fb5db5a28 method=org.objectweb.asm.Frame.execute(IILorg/objectweb/asm/Symbol;Lorg/objectweb/asm/SymbolTable;)V @ 1 c2
Event: 4.478 Thread 0x0000025fc6fe6800 DEOPT PACKING pc=0x0000025fb5db5a28 sp=0x000000b3e7bf8490
Event: 4.478 Thread 0x0000025fc6fe6800 DEOPT UNPACKING pc=0x0000025fae1a74af sp=0x000000b3e7bf8438 mode 2
Event: 4.493 Thread 0x0000025fc6fe6800 Uncommon trap: trap_request=0xffffff45 fr.pc=0x0000025fb5d5f9ec relative=0x000000000000020c
Event: 4.493 Thread 0x0000025fc6fe6800 Uncommon trap: reason=unstable_fused_if action=reinterpret pc=0x0000025fb5d5f9ec method=org.objectweb.asm.ByteVector.putUTF8(Ljava/lang/String;)Lorg/objectweb/asm/ByteVector; @ 93 c2
Event: 4.493 Thread 0x0000025fc6fe6800 DEOPT PACKING pc=0x0000025fb5d5f9ec sp=0x000000b3e7bf8200
Event: 4.493 Thread 0x0000025fc6fe6800 DEOPT UNPACKING pc=0x0000025fae1a74af sp=0x000000b3e7bf8180 mode 2

Classes redefined (0 events):
No events

Internal exceptions (20 events):
Event: 4.327 Thread 0x0000025fc6fe6800 Exception <a 'java/lang/ClassNotFoundException'{0x0000000087ab0a00}: org/gradle/api/tasks/Delete_DecoratedCustomizer> (0x0000000087ab0a00) thrown at [./src/hotspot/share/classfile/systemDictionary.cpp, line 231]
Event: 4.333 Thread 0x0000025fc6fe6800 Exception <a 'java/lang/NoSuchMethodError'{0x000000008794cf48}: 'long java.lang.invoke.DirectMethodHandle$Holder.invokeVirtual(java.lang.Object, java.lang.Object)'> (0x000000008794cf48) thrown at [./src/hotspot/share/interpreter/linkResolver.cpp, line 773]
Event: 4.336 Thread 0x0000025fc6fd6000 Exception <a 'java/lang/NoSuchMethodError'{0x00000000899087a8}: <clinit>> (0x00000000899087a8) thrown at [./src/hotspot/share/prims/jni.cpp, line 1362]
Event: 4.338 Thread 0x0000025fc6fd6000 Exception <a 'java/lang/NoSuchMethodError'{0x000000008798c008}: <clinit>> (0x000000008798c008) thrown at [./src/hotspot/share/prims/jni.cpp, line 1362]
Event: 4.338 Thread 0x0000025fc6fd6000 Exception <a 'java/lang/NoSuchMethodError'{0x000000008798d118}: <clinit>> (0x000000008798d118) thrown at [./src/hotspot/share/prims/jni.cpp, line 1362]
Event: 4.338 Thread 0x0000025fc6fd6000 Exception <a 'java/lang/NoSuchMethodError'{0x000000008798e420}: <clinit>> (0x000000008798e420) thrown at [./src/hotspot/share/prims/jni.cpp, line 1362]
Event: 4.338 Thread 0x0000025fc6fd6000 Exception <a 'java/lang/NoSuchMethodError'{0x000000008798f440}: <clinit>> (0x000000008798f440) thrown at [./src/hotspot/share/prims/jni.cpp, line 1362]
Event: 4.338 Thread 0x0000025fc6fd6000 Exception <a 'java/lang/NoSuchMethodError'{0x0000000087998fe8}: <clinit>> (0x0000000087998fe8) thrown at [./src/hotspot/share/prims/jni.cpp, line 1362]
Event: 4.338 Thread 0x0000025fc6fd6000 Exception <a 'java/lang/NoSuchMethodError'{0x0000000087806fb0}: <clinit>> (0x0000000087806fb0) thrown at [./src/hotspot/share/prims/jni.cpp, line 1362]
Event: 4.339 Thread 0x0000025fc6fd6000 Exception <a 'java/lang/NoSuchMethodError'{0x000000008781a820}: <clinit>> (0x000000008781a820) thrown at [./src/hotspot/share/prims/jni.cpp, line 1362]
Event: 4.350 Thread 0x0000025fc6fe6800 Exception <a 'java/lang/ClassNotFoundException'{0x00000000878d0b90}: build_3b8ol9ut8bc495p3gkxwsr7pjBeanInfo> (0x00000000878d0b90) thrown at [./src/hotspot/share/classfile/systemDictionary.cpp, line 231]
Event: 4.350 Thread 0x0000025fc6fe6800 Exception <a 'java/lang/ClassNotFoundException'{0x00000000878d9998}: build_3b8ol9ut8bc495p3gkxwsr7pjCustomizer> (0x00000000878d9998) thrown at [./src/hotspot/share/classfile/systemDictionary.cpp, line 231]
Event: 4.356 Thread 0x0000025fc6fe6800 Exception <a 'java/lang/ClassNotFoundException'{0x000000008774a250}: org/gradle/plugin/use/internal/PluginRequestCollector$PluginDependenciesSpecImplBeanInfo> (0x000000008774a250) thrown at [./src/hotspot/share/classfile/systemDictionary.cpp, line 231]
Event: 4.357 Thread 0x0000025fc6fe6800 Exception <a 'java/lang/ClassNotFoundException'{0x000000008776ffc0}: org/gradle/plugin/use/internal/PluginRequestCollector$PluginDependenciesSpecImplCustomizer> (0x000000008776ffc0) thrown at [./src/hotspot/share/classfile/systemDictionary.cpp, line 231]
Event: 4.363 Thread 0x0000025fc6fe6800 Exception <a 'java/lang/NoSuchMethodError'{0x00000000877e8e50}: 'void java.lang.invoke.DirectMethodHandle$Holder.invokeInterface(java.lang.Object, java.lang.Object)'> (0x00000000877e8e50) thrown at [./src/hotspot/share/interpreter/linkResolver.cpp, line 773]
Event: 4.390 Thread 0x0000025fc6fe6800 Exception <a 'java/lang/ClassNotFoundException'{0x000000008749c830}: org/gradle/api/internal/plugins/DefaultObjectConfigurationActionBeanInfo> (0x000000008749c830) thrown at [./src/hotspot/share/classfile/systemDictionary.cpp, line 231]
Event: 4.391 Thread 0x0000025fc6fe6800 Exception <a 'java/lang/ClassNotFoundException'{0x00000000874c9d40}: org/gradle/api/internal/plugins/DefaultObjectConfigurationActionCustomizer> (0x00000000874c9d40) thrown at [./src/hotspot/share/classfile/systemDictionary.cpp, line 231]
Event: 4.477 Thread 0x0000025fc6fe6800 Exception <a 'java/lang/NoSuchMethodError'{0x0000000086be2ac0}: 'java.lang.Object java.lang.invoke.DirectMethodHandle$Holder.invokeStatic(java.lang.Object, java.lang.Object, java.lang.Object, java.lang.Object, int)'> (0x0000000086be2ac0) thrown at [./src/hotspot/share/interpreter/linkResolver.cpp, line 773]
Event: 4.477 Thread 0x0000025fc6fe6800 Exception <a 'java/lang/NoSuchMethodError'{0x0000000086be74b8}: 'java.lang.Object java.lang.invoke.DirectMethodHandle$Holder.invokeSpecial(java.lang.Object, java.lang.Object, java.lang.Object, java.lang.Object, java.lang.Object, int)'> (0x0000000086be74b8) thrown at [./src/hotspot/share/interpreter/linkResolver.cpp, line 773]
Event: 4.477 Thread 0x0000025fc6fe6800 Exception <a 'java/lang/NoSuchMethodError'{0x0000000086bebaf8}: 'java.lang.Object java.lang.invoke.Invokers$Holder.linkToTargetMethod(java.lang.Object, java.lang.Object, java.lang.Object, int, java.lang.Object)'> (0x0000000086bebaf8) thrown at [./src/hotspot/share/interpreter/linkResolver.cpp, line 773]

Events (20 events):
Event: 4.530 loading class com/google/common/cache/LocalCache$EntryFactory
Event: 4.530 loading class com/google/common/cache/LocalCache$EntryFactory done
Event: 4.530 loading class com/google/common/cache/LocalCache$EntryFactory$1
Event: 4.530 loading class com/google/common/cache/LocalCache$EntryFactory$1 done
Event: 4.530 loading class com/google/common/cache/LocalCache$EntryFactory$2
Event: 4.530 loading class com/google/common/cache/LocalCache$EntryFactory$2 done
Event: 4.530 loading class com/google/common/cache/LocalCache$EntryFactory$3
Event: 4.530 loading class com/google/common/cache/LocalCache$EntryFactory$3 done
Event: 4.530 loading class com/google/common/cache/LocalCache$EntryFactory$4
Event: 4.530 loading class com/google/common/cache/LocalCache$EntryFactory$4 done
Event: 4.531 loading class com/google/common/cache/LocalCache$EntryFactory$5
Event: 4.531 loading class com/google/common/cache/LocalCache$EntryFactory$5 done
Event: 4.531 loading class com/google/common/cache/LocalCache$EntryFactory$6
Event: 4.531 loading class com/google/common/cache/LocalCache$EntryFactory$6 done
Event: 4.531 loading class com/google/common/cache/LocalCache$EntryFactory$7
Event: 4.531 loading class com/google/common/cache/LocalCache$EntryFactory$7 done
Event: 4.531 loading class com/google/common/cache/LocalCache$EntryFactory$8
Event: 4.531 loading class com/google/common/cache/LocalCache$EntryFactory$8 done
Event: 4.531 loading class com/google/common/cache/LocalCache$Segment
Event: 4.531 loading class com/google/common/cache/LocalCache$Segment done


Dynamic libraries:
0x00007ff7f2e60000 - 0x00007ff7f2e6a000 	C:\Users\Dark Knight\Desktop\Android Studio\jre\bin\java.exe
0x00007ffa2a7c0000 - 0x00007ffa2a9c9000 	C:\WINDOWS\SYSTEM32\ntdll.dll
0x00007ffa28890000 - 0x00007ffa2894d000 	C:\WINDOWS\System32\KERNEL32.DLL
0x00007ffa27df0000 - 0x00007ffa28164000 	C:\WINDOWS\System32\KERNELBASE.dll
0x00007ffa283d0000 - 0x00007ffa284e1000 	C:\WINDOWS\System32\ucrtbase.dll
0x00007ffa063d0000 - 0x00007ffa063e9000 	C:\Users\Dark Knight\Desktop\Android Studio\jre\bin\jli.dll
0x00007ff9f94e0000 - 0x00007ff9f94f7000 	C:\Users\Dark Knight\Desktop\Android Studio\jre\bin\VCRUNTIME140.dll
0x00007ffa29e10000 - 0x00007ffa29fbc000 	C:\WINDOWS\System32\USER32.dll
0x00007ffa27d20000 - 0x00007ffa27d46000 	C:\WINDOWS\System32\win32u.dll
0x00007ffa15020000 - 0x00007ffa152c5000 	C:\WINDOWS\WinSxS\amd64_microsoft.windows.common-controls_6595b64144ccf1df_6.0.22000.120_none_9d947278b86cc467\COMCTL32.dll
0x00007ffa29ca0000 - 0x00007ffa29cc9000 	C:\WINDOWS\System32\GDI32.dll
0x00007ffa2a440000 - 0x00007ffa2a4e3000 	C:\WINDOWS\System32\msvcrt.dll
0x00007ffa282b0000 - 0x00007ffa283c2000 	C:\WINDOWS\System32\gdi32full.dll
0x00007ffa27d50000 - 0x00007ffa27ded000 	C:\WINDOWS\System32\msvcp_win.dll
0x00007ffa28750000 - 0x00007ffa28781000 	C:\WINDOWS\System32\IMM32.DLL
0x00007ff9e9600000 - 0x00007ff9e969d000 	C:\Users\Dark Knight\Desktop\Android Studio\jre\bin\msvcp140.dll
0x00007ff9c2990000 - 0x00007ff9c344c000 	C:\Users\Dark Knight\Desktop\Android Studio\jre\bin\server\jvm.dll
0x00007ffa2a390000 - 0x00007ffa2a43e000 	C:\WINDOWS\System32\ADVAPI32.dll
0x00007ffa29c00000 - 0x00007ffa29c9e000 	C:\WINDOWS\System32\sechost.dll
0x00007ffa2a020000 - 0x00007ffa2a140000 	C:\WINDOWS\System32\RPCRT4.dll
0x00007ffa2a140000 - 0x00007ffa2a148000 	C:\WINDOWS\System32\PSAPI.DLL
0x00007ffa17e40000 - 0x00007ffa17e49000 	C:\WINDOWS\SYSTEM32\WSOCK32.dll
0x00007ffa212d0000 - 0x00007ffa21303000 	C:\WINDOWS\SYSTEM32\WINMM.dll
0x00007ffa1cab0000 - 0x00007ffa1caba000 	C:\WINDOWS\SYSTEM32\VERSION.dll
0x00007ffa2a710000 - 0x00007ffa2a77f000 	C:\WINDOWS\System32\WS2_32.dll
0x00007ffa26ea0000 - 0x00007ffa26eb8000 	C:\WINDOWS\SYSTEM32\kernel.appcore.dll
0x00007ffa181f0000 - 0x00007ffa18201000 	C:\Users\Dark Knight\Desktop\Android Studio\jre\bin\verify.dll
0x00007ffa257f0000 - 0x00007ffa25a11000 	C:\WINDOWS\SYSTEM32\DBGHELP.DLL
0x00007ffa069a0000 - 0x00007ffa069d1000 	C:\WINDOWS\SYSTEM32\dbgcore.DLL
0x00007ffa28170000 - 0x00007ffa281ef000 	C:\WINDOWS\System32\bcryptPrimitives.dll
0x00007ffa17f10000 - 0x00007ffa17f39000 	C:\Users\Dark Knight\Desktop\Android Studio\jre\bin\java.dll
0x00007ffa242d0000 - 0x00007ffa242db000 	C:\Users\Dark Knight\Desktop\Android Studio\jre\bin\jimage.dll
0x00007ffa17ef0000 - 0x00007ffa17f08000 	C:\Users\Dark Knight\Desktop\Android Studio\jre\bin\zip.dll
0x00007ffa28c60000 - 0x00007ffa2940e000 	C:\WINDOWS\System32\SHELL32.dll
0x00007ffa25e30000 - 0x00007ffa26697000 	C:\WINDOWS\SYSTEM32\windows.storage.dll
0x00007ffa29410000 - 0x00007ffa29788000 	C:\WINDOWS\System32\combase.dll
0x00007ffa25cc0000 - 0x00007ffa25e26000 	C:\WINDOWS\SYSTEM32\wintypes.dll
0x00007ffa2a4f0000 - 0x00007ffa2a5da000 	C:\WINDOWS\System32\SHCORE.dll
0x00007ffa29fc0000 - 0x00007ffa2a01d000 	C:\WINDOWS\System32\shlwapi.dll
0x00007ffa27be0000 - 0x00007ffa27c01000 	C:\WINDOWS\SYSTEM32\profapi.dll
0x00007ffa16420000 - 0x00007ffa1643a000 	C:\Users\Dark Knight\Desktop\Android Studio\jre\bin\net.dll
0x00007ffa20bc0000 - 0x00007ffa20ccc000 	C:\WINDOWS\SYSTEM32\WINHTTP.dll
0x00007ffa272d0000 - 0x00007ffa27337000 	C:\WINDOWS\system32\mswsock.dll
0x00007ffa16400000 - 0x00007ffa16414000 	C:\Users\Dark Knight\Desktop\Android Studio\jre\bin\nio.dll
0x00007ff9f9500000 - 0x00007ff9f9527000 	C:\Users\Dark Knight\.gradle\native\fdc75f09e3144964f2cf3f50f0aa648679c211496f362492102eb8c894070792\windows-amd64\native-platform.dll
0x00007ff9e7450000 - 0x00007ff9e75e6000 	C:\Users\Dark Knight\.gradle\native\12488b8bf47d2d4c9fbf2f6322a914ad602e24e48041cd04a747c6da556b65c4\windows-amd64\native-platform-file-events.dll
0x00007ffa242a0000 - 0x00007ffa242aa000 	C:\Users\Dark Knight\Desktop\Android Studio\jre\bin\management.dll
0x00007ffa1eff0000 - 0x00007ffa1effc000 	C:\Users\Dark Knight\Desktop\Android Studio\jre\bin\management_ext.dll
0x00007ffa27510000 - 0x00007ffa27528000 	C:\WINDOWS\SYSTEM32\CRYPTSP.dll
0x00007ffa26e00000 - 0x00007ffa26e35000 	C:\WINDOWS\system32\rsaenh.dll
0x00007ffa273c0000 - 0x00007ffa273e9000 	C:\WINDOWS\SYSTEM32\USERENV.dll
0x00007ffa27690000 - 0x00007ffa276b7000 	C:\WINDOWS\SYSTEM32\bcrypt.dll
0x00007ffa27530000 - 0x00007ffa2753c000 	C:\WINDOWS\SYSTEM32\CRYPTBASE.dll
0x00007ffa26a10000 - 0x00007ffa26a3d000 	C:\WINDOWS\SYSTEM32\IPHLPAPI.DLL
0x00007ffa28c50000 - 0x00007ffa28c59000 	C:\WINDOWS\System32\NSI.dll
0x00007ffa21330000 - 0x00007ffa21349000 	C:\WINDOWS\SYSTEM32\dhcpcsvc6.DLL
0x00007ffa21960000 - 0x00007ffa2197e000 	C:\WINDOWS\SYSTEM32\dhcpcsvc.DLL
0x00007ffa26a40000 - 0x00007ffa26b27000 	C:\WINDOWS\SYSTEM32\DNSAPI.dll
0x00007ffa21310000 - 0x00007ffa2131c000 	C:\WINDOWS\SYSTEM32\WINNSI.DLL

dbghelp: loaded successfully - version: 4.0.5 - missing functions: none
symbol engine: initialized successfully - sym options: 0x614 - pdb path: .;C:\Users\Dark Knight\Desktop\Android Studio\jre\bin;C:\WINDOWS\SYSTEM32;C:\WINDOWS\WinSxS\amd64_microsoft.windows.common-controls_6595b64144ccf1df_6.0.22000.120_none_9d947278b86cc467;C:\Users\Dark Knight\Desktop\Android Studio\jre\bin\server;C:\Users\Dark Knight\.gradle\native\fdc75f09e3144964f2cf3f50f0aa648679c211496f362492102eb8c894070792\windows-amd64;C:\Users\Dark Knight\.gradle\native\12488b8bf47d2d4c9fbf2f6322a914ad602e24e48041cd04a747c6da556b65c4\windows-amd64

VM Arguments:
jvm_args: --add-opens=java.base/java.util=ALL-UNNAMED --add-opens=java.base/java.lang=ALL-UNNAMED --add-opens=java.base/java.lang.invoke=ALL-UNNAMED --add-opens=java.prefs/java.util.prefs=ALL-UNNAMED -Xmx2048m -Dfile.encoding=UTF-8 -Duser.country=IN -Duser.language=en -Duser.variant 
java_command: org.gradle.launcher.daemon.bootstrap.GradleDaemon 6.7.1
java_class_path (initial): C:\Users\Dark Knight\.gradle\wrapper\dists\gradle-6.7.1-bin\bwlcbys1h7rz3272sye1xwiv6\gradle-6.7.1\lib\gradle-launcher-6.7.1.jar
Launcher Type: SUN_STANDARD

[Global flags]
     intx CICompilerCount                          = 4                                         {product} {ergonomic}
     uint ConcGCThreads                            = 2                                         {product} {ergonomic}
     uint G1ConcRefinementThreads                  = 8                                         {product} {ergonomic}
   size_t G1HeapRegionSize                         = 1048576                                   {product} {ergonomic}
    uintx GCDrainStackTargetSize                   = 64                                        {product} {ergonomic}
   size_t InitialHeapSize                          = 134217728                                 {product} {ergonomic}
   size_t MarkStackSize                            = 4194304                                   {product} {ergonomic}
   size_t MaxHeapSize                              = 2147483648                                {product} {command line}
   size_t MaxNewSize                               = 1287651328                                {product} {ergonomic}
   size_t MinHeapDeltaBytes                        = 1048576                                   {product} {ergonomic}
    uintx NonNMethodCodeHeapSize                   = 5836300                                {pd product} {ergonomic}
    uintx NonProfiledCodeHeapSize                  = 122910970                              {pd product} {ergonomic}
    uintx ProfiledCodeHeapSize                     = 122910970                              {pd product} {ergonomic}
    uintx ReservedCodeCacheSize                    = 251658240                              {pd product} {ergonomic}
     bool SegmentedCodeCache                       = true                                      {product} {ergonomic}
     bool UseCompressedClassPointers               = true                                 {lp64_product} {ergonomic}
     bool UseCompressedOops                        = true                                 {lp64_product} {ergonomic}
     bool UseG1GC                                  = true                                      {product} {ergonomic}
     bool UseLargePagesIndividualAllocation        = false                                  {pd product} {ergonomic}

Logging:
Log output configuration:
 #0: stdout all=warning uptime,level,tags
 #1: stderr all=off uptime,level,tags

Environment Variables:
PATH=C:\Windows\system32;C:\Windows;C:\Windows\System32\Wbem;C:\Windows\System32\WindowsPowerShell\v1.0\;C:\Windows\System32\OpenSSH\;C:\Program Files (x86)\NVIDIA Corporation\PhysX\Common;C:\Program Files\NVIDIA Corporation\NVIDIA NvDLISR;C:\WINDOWS\system32;C:\WINDOWS;C:\WINDOWS\System32\Wbem;C:\WINDOWS\System32\WindowsPowerShell\v1.0\;C:\WINDOWS\System32\OpenSSH\;C:\MinGW\bin;C:\Program Files\MEGA-X;C:\WINDOWS\system32;C:\WINDOWS;C:\WINDOWS\System32\Wbem;C:\WINDOWS\System32\WindowsPowerShell\v1.0\;C:\WINDOWS\System32\OpenSSH\;C:\Program Files\Git\cmd;C:\Users\Dark Knight\AppData\Local\Microsoft\WindowsApps;C:\Users\Dark Knight\AppData\Local\atom\bin;C:\MinGW\bin;C:\Program Files (x86)\Microsoft Visual Studio\2019\BuildTools\MSBuild\Current\Bin;C:\Users\Dark Knight\AppData\Local\Microsoft\WindowsApps;
USERNAME=Dark Knight
OS=Windows_NT
PROCESSOR_IDENTIFIER=Intel64 Family 6 Model 158 Stepping 10, GenuineIntel



---------------  S Y S T E M  ---------------

OS: Windows 10 , 64 bit Build 22000 (10.0.22000.434)
OS uptime: 6 days 20:56 hours

CPU:total 8 (initial active 8) (4 cores per cpu, 2 threads per core) family 6 model 158 stepping 10, cmov, cx8, fxsr, mmx, sse, sse2, sse3, ssse3, sse4.1, sse4.2, popcnt, avx, avx2, aes, clmul, erms, 3dnowpref, lzcnt, ht, tsc, tscinvbit, bmi1, bmi2, adx, fma

Memory: 4k page, system-wide physical 8072M (223M free)
TotalPageFile size 12168M (AvailPageFile size 2M)
current process WorkingSet (physical memory assigned to process): 283M, peak: 283M
current process commit charge ("private bytes"): 355M, peak: 355M

vm_info: OpenJDK 64-Bit Server VM (11.0.8+10-b944.6842174) for windows-amd64 JRE (11.0.8+10-b944.6842174), built on Sep 19 2020 01:11:42 by "builder" with MS VC++ 14.0 (VS2015)

END.
