#
# There is insufficient memory for the Java Runtime Environment to continue.
# Native memory allocation (mmap) failed to map 42991616 bytes for Failed to commit area from 0x0000000089c00000 to 0x000000008c500000 of length 42991616.
# Possible reasons:
#   The system is out of physical RAM or swap space
#   The process is running with CompressedOops enabled, and the Java Heap may be blocking the growth of the native heap
# Possible solutions:
#   Reduce memory load on the system
#   Increase physical memory or swap space
#   Check if swap backing store is full
#   Decrease Java heap size (-Xmx/-Xms)
#   Decrease number of Java threads
#   Decrease Java thread stack sizes (-Xss)
#   Set larger code cache with -XX:ReservedCodeCacheSize=
#   JVM is running with Unscaled Compressed Oops mode in which the Java heap is
#     placed in the first 4GB address space. The Java Heap base address is the
#     maximum limit for the native heap growth. Please use -XX:HeapBaseMinAddress
#     to set the Java Heap base and to place the Java Heap above 4GB virtual address.
# This output file may be truncated or incomplete.
#
#  Out of Memory Error (./src/hotspot/os/windows/os_windows.cpp:3303), pid=12672, tid=19336
#
# JRE version: OpenJDK Runtime Environment (11.0.8+10) (build 11.0.8+10-b944.6842174)
# Java VM: OpenJDK 64-Bit Server VM (11.0.8+10-b944.6842174, mixed mode, tiered, compressed oops, g1 gc, windows-amd64)
# No core dump will be written. Minidumps are not enabled by default on client versions of Windows
#

---------------  S U M M A R Y ------------

Command Line: org.jetbrains.kotlin.cli.jvm.K2JVMCompiler @C:\Android Projects\MyShopPal\app\build\20220303_17023620476837423425.compiler.options

Host: Intel(R) Core(TM) i5-9300H CPU @ 2.40GHz, 8 cores, 7G,  Windows 10 , 64 bit Build 22000 (10.0.22000.434)
Time: Thu Mar  3 13:29:38 2022 India Standard Time elapsed time: 2 seconds (0d 0h 0m 2s)

---------------  T H R E A D  ---------------

Current thread (0x00000207ff07a800):  VMThread "VM Thread" [stack: 0x00000030eea00000,0x00000030eeb00000] [id=19336]

Stack: [0x00000030eea00000,0x00000030eeb00000]
[error occurred during error reporting (printing stack bounds), id 0xc0000005, EXCEPTION_ACCESS_VIOLATION (0xc0000005) at pc=0x00000207e8800dad]

Native frames: (J=compiled Java code, j=interpreted, Vv=VM code, C=native code)
V  [jvm.dll+0x5de50a]
V  [jvm.dll+0x7122f5]
V  [jvm.dll+0x71384d]
V  [jvm.dll+0x713e65]
V  [jvm.dll+0x713e1b]
V  [jvm.dll+0x5dd958]
V  [jvm.dll+0x5de0f8]
C  [ntdll.dll+0xa86ef]
C  [ntdll.dll+0x35aea]
C  [ntdll.dll+0xa76fe]
C  0x00000207e8800dad

VM_Operation (0x00000030ee4fa6e0): G1CollectForAllocation, mode: safepoint, requested by thread 0x00000207e4e80800


---------------  P R O C E S S  ---------------

Threads class SMR info:
_java_thread_list=0x0000020783cf33b0, length=11, elements={
0x00000207e4e80800, 0x00000207ff07c000, 0x00000207ff07d000, 0x00000207ff09c800,
0x00000207ff09d800, 0x00000207ff09e800, 0x00000207ff0a1800, 0x00000207ff0a2800,
0x00000207ffa4e800, 0x00000207ffa93000, 0x0000020785559800
}

Java Threads: ( => current thread )
  0x00000207e4e80800 JavaThread "main" [_thread_blocked, id=19372, stack(0x00000030ee400000,0x00000030ee500000)]
  0x00000207ff07c000 JavaThread "Reference Handler" daemon [_thread_blocked, id=17864, stack(0x00000030eeb00000,0x00000030eec00000)]
  0x00000207ff07d000 JavaThread "Finalizer" daemon [_thread_blocked, id=22952, stack(0x00000030eec00000,0x00000030eed00000)]
  0x00000207ff09c800 JavaThread "Signal Dispatcher" daemon [_thread_blocked, id=22880, stack(0x00000030eed00000,0x00000030eee00000)]
  0x00000207ff09d800 JavaThread "Attach Listener" daemon [_thread_blocked, id=11656, stack(0x00000030eee00000,0x00000030eef00000)]
  0x00000207ff09e800 JavaThread "C2 CompilerThread0" daemon [_thread_in_native, id=13868, stack(0x00000030eef00000,0x00000030ef000000)]
  0x00000207ff0a1800 JavaThread "C1 CompilerThread0" daemon [_thread_blocked, id=12576, stack(0x00000030ef000000,0x00000030ef100000)]
  0x00000207ff0a2800 JavaThread "Sweeper thread" daemon [_thread_blocked, id=22168, stack(0x00000030ef100000,0x00000030ef200000)]
  0x00000207ffa4e800 JavaThread "Service Thread" daemon [_thread_blocked, id=22276, stack(0x00000030ef200000,0x00000030ef300000)]
  0x00000207ffa93000 JavaThread "Common-Cleaner" daemon [_thread_blocked, id=6868, stack(0x00000030ef400000,0x00000030ef500000)]
  0x0000020785559800 JavaThread "C2 CompilerThread1" daemon [_thread_in_native, id=13492, stack(0x00000030ef500000,0x00000030ef600000)]

Other Threads:
=>0x00000207ff07a800 VMThread "VM Thread" [stack: 0x00000030eea00000,0x00000030eeb00000] [id=19336]
  0x00000207ffa4f800 WatcherThread [stack: 0x00000030ef300000,0x00000030ef400000] [id=21060]
  0x00000207e4e97000 GCTaskThread "GC Thread#0" [stack: 0x00000030ee500000,0x00000030ee600000] [id=18824]
  0x00000207803c4000 GCTaskThread "GC Thread#1" [stack: 0x00000030ef700000,0x00000030ef800000] [id=13356]
  0x00000207803c5000 GCTaskThread "GC Thread#2" [stack: 0x00000030ef800000,0x00000030ef900000] [id=10936]
  0x00000207e4ec6800 ConcurrentGCThread "G1 Main Marker" [stack: 0x00000030ee600000,0x00000030ee700000] [id=17576]
  0x00000207e4ec9800 ConcurrentGCThread "G1 Conc#0" [stack: 0x00000030ee700000,0x00000030ee800000] [id=10344]
  0x000002078056f800 ConcurrentGCThread "G1 Conc#1" [stack: 0x00000030ef900000,0x00000030efa00000] [id=4212]
  0x00000207feee0800 ConcurrentGCThread "G1 Refine#0" [stack: 0x00000030ee800000,0x00000030ee900000] [id=1408]
  0x00000207feee1800 ConcurrentGCThread "G1 Young RemSet Sampling" [stack: 0x00000030ee900000,0x00000030eea00000] [id=18736]

Threads with active compile tasks:
C2 CompilerThread0   2556 3093       4       java.lang.ClassLoader::loadClass (7 bytes)
C1 CompilerThread0   2556 3354   !   3       org.jetbrains.kotlin.metadata.ProtoBuf$Class::<init> (2097 bytes)
C2 CompilerThread1   2556 3288       4       jdk.internal.loader.ClassLoaders$AppClassLoader::loadClass (40 bytes)

VM state:at safepoint (normal execution)

VM Mutex/Monitor currently owned by a thread:  ([mutex/lock_event])
[0x00000207e4e7b610] Threads_lock - owner thread: 0x00000207ff07a800
[0x00000207e4e7bdf0] Heap_lock - owner thread: 0x00000207e4e80800

Heap address: 0x0000000081c00000, size: 2020 MB, Compressed Oops mode: 32-bit
Narrow klass base: 0x0000000000000000, Narrow klass shift: 3
Compressed class space size: 1073741824 Address: 0x0000000100000000

Heap:
 garbage-first heap   total 173056K, used 32213K [0x0000000081c00000, 0x0000000100000000)
  region size 1024K, 8 young (8192K), 8 survivors (8192K)
 Metaspace       used 46460K, capacity 47052K, committed 47232K, reserved 1091584K
  class space    used 5459K, capacity 5651K, committed 5760K, reserved 1048576K
Heap Regions: E=young(eden), S=young(survivor), O=old, HS=humongous(starts), HC=humongous(continues), CS=collection set, F=free, A=archive, TAMS=top-at-mark-start (previous, next)
|   0|0x0000000081c00000, 0x0000000081d00000, 0x0000000081d00000|100%|HS|  |TAMS 0x0000000081d00000, 0x0000000081c00000| Complete 
|   1|0x0000000081d00000, 0x0000000081e00000, 0x0000000081e00000|100%|HC|  |TAMS 0x0000000081e00000, 0x0000000081d00000| Complete 
|   2|0x0000000081e00000, 0x0000000081f00000, 0x0000000081f00000|100%|HC|  |TAMS 0x0000000081f00000, 0x0000000081e00000| Complete 
|   3|0x0000000081f00000, 0x0000000082000000, 0x0000000082000000|100%|HS|  |TAMS 0x0000000082000000, 0x0000000081f00000| Complete 
|   4|0x0000000082000000, 0x0000000082100000, 0x0000000082100000|100%|HC|  |TAMS 0x0000000082100000, 0x0000000082000000| Complete 
|   5|0x0000000082100000, 0x0000000082200000, 0x0000000082200000|100%|HC|  |TAMS 0x0000000082200000, 0x0000000082100000| Complete 
|   6|0x0000000082200000, 0x0000000082300000, 0x0000000082300000|100%|HS|  |TAMS 0x0000000082300000, 0x0000000082200000| Complete 
|   7|0x0000000082300000, 0x0000000082400000, 0x0000000082400000|100%|HC|  |TAMS 0x0000000082400000, 0x0000000082300000| Complete 
|   8|0x0000000082400000, 0x0000000082500000, 0x0000000082500000|100%|HC|  |TAMS 0x0000000082500000, 0x0000000082400000| Complete 
|   9|0x0000000082500000, 0x0000000082600000, 0x0000000082600000|100%|HS|  |TAMS 0x0000000082500000, 0x0000000082500000| Complete 
|  10|0x0000000082600000, 0x0000000082700000, 0x0000000082700000|100%|HC|  |TAMS 0x0000000082600000, 0x0000000082600000| Complete 
|  11|0x0000000082700000, 0x0000000082800000, 0x0000000082800000|100%| O|  |TAMS 0x0000000082800000, 0x0000000082700000| Untracked 
|  12|0x0000000082800000, 0x0000000082900000, 0x0000000082900000|100%| O|  |TAMS 0x0000000082900000, 0x0000000082800000| Untracked 
|  13|0x0000000082900000, 0x0000000082a00000, 0x0000000082a00000|100%| O|  |TAMS 0x0000000082a00000, 0x0000000082900000| Untracked 
|  14|0x0000000082a00000, 0x0000000082b00000, 0x0000000082b00000|100%| O|  |TAMS 0x0000000082b00000, 0x0000000082a00000| Untracked 
|  15|0x0000000082b00000, 0x0000000082c00000, 0x0000000082c00000|100%| O|  |TAMS 0x0000000082c00000, 0x0000000082b00000| Untracked 
|  16|0x0000000082c00000, 0x0000000082d00000, 0x0000000082d00000|100%| O|  |TAMS 0x0000000082d00000, 0x0000000082c00000| Untracked 
|  17|0x0000000082d00000, 0x0000000082e00000, 0x0000000082e00000|100%| O|  |TAMS 0x0000000082e00000, 0x0000000082d00000| Untracked 
|  18|0x0000000082e00000, 0x0000000082e00000, 0x0000000082f00000|  0%| F|  |TAMS 0x0000000082e00000, 0x0000000082e00000| Untracked 
|  19|0x0000000082f00000, 0x0000000082f00000, 0x0000000083000000|  0%| F|  |TAMS 0x0000000082f00000, 0x0000000082f00000| Untracked 
|  20|0x0000000083000000, 0x0000000083000000, 0x0000000083100000|  0%| F|  |TAMS 0x0000000083000000, 0x0000000083000000| Untracked 
|  21|0x0000000083100000, 0x0000000083100000, 0x0000000083200000|  0%| F|  |TAMS 0x0000000083100000, 0x0000000083100000| Untracked 
|  22|0x0000000083200000, 0x0000000083300000, 0x0000000083300000|100%| O|  |TAMS 0x0000000083300000, 0x0000000083200000| Untracked 
|  23|0x0000000083300000, 0x0000000083400000, 0x0000000083400000|100%| O|  |TAMS 0x0000000083400000, 0x0000000083300000| Untracked 
|  24|0x0000000083400000, 0x0000000083500000, 0x0000000083500000|100%| O|  |TAMS 0x0000000083500000, 0x0000000083400000| Untracked 
|  25|0x0000000083500000, 0x0000000083600000, 0x0000000083600000|100%| O|  |TAMS 0x0000000083600000, 0x0000000083500000| Untracked 
|  26|0x0000000083600000, 0x0000000083700000, 0x0000000083700000|100%| O|  |TAMS 0x0000000083700000, 0x0000000083600000| Untracked 
|  27|0x0000000083700000, 0x00000000837ca600, 0x0000000083800000| 79%| O|  |TAMS 0x00000000837ca600, 0x0000000083700000| Untracked 
|  28|0x0000000083800000, 0x0000000083800000, 0x0000000083900000|  0%| F|  |TAMS 0x0000000083800000, 0x0000000083800000| Untracked 
|  29|0x0000000083900000, 0x0000000083900000, 0x0000000083a00000|  0%| F|  |TAMS 0x0000000083900000, 0x0000000083900000| Untracked 
|  30|0x0000000083a00000, 0x0000000083a00000, 0x0000000083b00000|  0%| F|  |TAMS 0x0000000083a00000, 0x0000000083a00000| Untracked 
|  31|0x0000000083b00000, 0x0000000083b00000, 0x0000000083c00000|  0%| F|  |TAMS 0x0000000083b00000, 0x0000000083b00000| Untracked 
|  32|0x0000000083c00000, 0x0000000083c00000, 0x0000000083d00000|  0%| F|  |TAMS 0x0000000083c00000, 0x0000000083c00000| Untracked 
|  33|0x0000000083d00000, 0x0000000083d00000, 0x0000000083e00000|  0%| F|  |TAMS 0x0000000083d00000, 0x0000000083d00000| Untracked 
|  34|0x0000000083e00000, 0x0000000083e00000, 0x0000000083f00000|  0%| F|  |TAMS 0x0000000083e00000, 0x0000000083e00000| Untracked 
|  35|0x0000000083f00000, 0x0000000083f00000, 0x0000000084000000|  0%| F|  |TAMS 0x0000000083f00000, 0x0000000083f00000| Untracked 
|  36|0x0000000084000000, 0x0000000084000000, 0x0000000084100000|  0%| F|  |TAMS 0x0000000084000000, 0x0000000084000000| Untracked 
|  37|0x0000000084100000, 0x0000000084100000, 0x0000000084200000|  0%| F|  |TAMS 0x0000000084100000, 0x0000000084100000| Untracked 
|  38|0x0000000084200000, 0x0000000084200000, 0x0000000084300000|  0%| F|  |TAMS 0x0000000084200000, 0x0000000084200000| Untracked 
|  39|0x0000000084300000, 0x0000000084300000, 0x0000000084400000|  0%| F|  |TAMS 0x0000000084300000, 0x0000000084300000| Untracked 
|  40|0x0000000084400000, 0x0000000084400000, 0x0000000084500000|  0%| F|  |TAMS 0x0000000084400000, 0x0000000084400000| Untracked 
|  41|0x0000000084500000, 0x0000000084500000, 0x0000000084600000|  0%| F|  |TAMS 0x0000000084500000, 0x0000000084500000| Untracked 
|  42|0x0000000084600000, 0x0000000084600000, 0x0000000084700000|  0%| F|  |TAMS 0x0000000084600000, 0x0000000084600000| Untracked 
|  43|0x0000000084700000, 0x0000000084700000, 0x0000000084800000|  0%| F|  |TAMS 0x0000000084700000, 0x0000000084700000| Untracked 
|  44|0x0000000084800000, 0x0000000084800000, 0x0000000084900000|  0%| F|  |TAMS 0x0000000084800000, 0x0000000084800000| Untracked 
|  45|0x0000000084900000, 0x0000000084900000, 0x0000000084a00000|  0%| F|  |TAMS 0x0000000084900000, 0x0000000084900000| Untracked 
|  46|0x0000000084a00000, 0x0000000084a00000, 0x0000000084b00000|  0%| F|  |TAMS 0x0000000084a00000, 0x0000000084a00000| Untracked 
|  47|0x0000000084b00000, 0x0000000084b00000, 0x0000000084c00000|  0%| F|  |TAMS 0x0000000084b00000, 0x0000000084b00000| Untracked 
|  48|0x0000000084c00000, 0x0000000084c00000, 0x0000000084d00000|  0%| F|  |TAMS 0x0000000084c00000, 0x0000000084c00000| Untracked 
|  49|0x0000000084d00000, 0x0000000084d00000, 0x0000000084e00000|  0%| F|  |TAMS 0x0000000084d00000, 0x0000000084d00000| Untracked 
|  50|0x0000000084e00000, 0x0000000084e00000, 0x0000000084f00000|  0%| F|  |TAMS 0x0000000084e00000, 0x0000000084e00000| Untracked 
|  51|0x0000000084f00000, 0x0000000084f00000, 0x0000000085000000|  0%| F|  |TAMS 0x0000000084f00000, 0x0000000084f00000| Untracked 
|  52|0x0000000085000000, 0x0000000085000000, 0x0000000085100000|  0%| F|  |TAMS 0x0000000085000000, 0x0000000085000000| Untracked 
|  53|0x0000000085100000, 0x0000000085100000, 0x0000000085200000|  0%| F|  |TAMS 0x0000000085100000, 0x0000000085100000| Untracked 
|  54|0x0000000085200000, 0x0000000085200000, 0x0000000085300000|  0%| F|  |TAMS 0x0000000085200000, 0x0000000085200000| Untracked 
|  55|0x0000000085300000, 0x0000000085300000, 0x0000000085400000|  0%| F|  |TAMS 0x0000000085300000, 0x0000000085300000| Untracked 
|  56|0x0000000085400000, 0x0000000085400000, 0x0000000085500000|  0%| F|  |TAMS 0x0000000085400000, 0x0000000085400000| Untracked 
|  57|0x0000000085500000, 0x0000000085500000, 0x0000000085600000|  0%| F|  |TAMS 0x0000000085500000, 0x0000000085500000| Untracked 
|  58|0x0000000085600000, 0x0000000085600000, 0x0000000085700000|  0%| F|  |TAMS 0x0000000085600000, 0x0000000085600000| Untracked 
|  59|0x0000000085700000, 0x0000000085700000, 0x0000000085800000|  0%| F|  |TAMS 0x0000000085700000, 0x0000000085700000| Untracked 
|  60|0x0000000085800000, 0x0000000085800000, 0x0000000085900000|  0%| F|  |TAMS 0x0000000085800000, 0x0000000085800000| Untracked 
|  61|0x0000000085900000, 0x0000000085900000, 0x0000000085a00000|  0%| F|  |TAMS 0x0000000085900000, 0x0000000085900000| Untracked 
|  62|0x0000000085a00000, 0x0000000085aaae40, 0x0000000085b00000| 66%| S|CS|TAMS 0x0000000085a00000, 0x0000000085a00000| Complete 
|  63|0x0000000085b00000, 0x0000000085c00000, 0x0000000085c00000|100%| S|CS|TAMS 0x0000000085b00000, 0x0000000085b00000| Complete 
|  64|0x0000000085c00000, 0x0000000085d00000, 0x0000000085d00000|100%| S|CS|TAMS 0x0000000085c00000, 0x0000000085c00000| Complete 
|  65|0x0000000085d00000, 0x0000000085e00000, 0x0000000085e00000|100%| S|CS|TAMS 0x0000000085d00000, 0x0000000085d00000| Complete 
|  66|0x0000000085e00000, 0x0000000085f00000, 0x0000000085f00000|100%| S|CS|TAMS 0x0000000085e00000, 0x0000000085e00000| Complete 
|  67|0x0000000085f00000, 0x0000000086000000, 0x0000000086000000|100%| S|CS|TAMS 0x0000000085f00000, 0x0000000085f00000| Complete 
|  68|0x0000000086000000, 0x0000000086100000, 0x0000000086100000|100%| S|CS|TAMS 0x0000000086000000, 0x0000000086000000| Complete 
|  69|0x0000000086100000, 0x0000000086200000, 0x0000000086200000|100%| S|CS|TAMS 0x0000000086100000, 0x0000000086100000| Complete 
|  70|0x0000000086200000, 0x0000000086200000, 0x0000000086300000|  0%| F|  |TAMS 0x0000000086200000, 0x0000000086200000| Untracked 
|  71|0x0000000086300000, 0x0000000086300000, 0x0000000086400000|  0%| F|  |TAMS 0x0000000086300000, 0x0000000086300000| Untracked 
|  72|0x0000000086400000, 0x0000000086400000, 0x0000000086500000|  0%| F|  |TAMS 0x0000000086400000, 0x0000000086400000| Untracked 
|  73|0x0000000086500000, 0x0000000086500000, 0x0000000086600000|  0%| F|  |TAMS 0x0000000086500000, 0x0000000086500000| Untracked 
|  74|0x0000000086600000, 0x0000000086600000, 0x0000000086700000|  0%| F|  |TAMS 0x0000000086600000, 0x0000000086600000| Untracked 
|  75|0x0000000086700000, 0x0000000086700000, 0x0000000086800000|  0%| F|  |TAMS 0x0000000086700000, 0x0000000086700000| Untracked 
|  76|0x0000000086800000, 0x0000000086800000, 0x0000000086900000|  0%| F|  |TAMS 0x0000000086800000, 0x0000000086800000| Untracked 
|  77|0x0000000086900000, 0x0000000086900000, 0x0000000086a00000|  0%| F|  |TAMS 0x0000000086900000, 0x0000000086900000| Untracked 
|  78|0x0000000086a00000, 0x0000000086a00000, 0x0000000086b00000|  0%| F|  |TAMS 0x0000000086a00000, 0x0000000086a00000| Untracked 
|  79|0x0000000086b00000, 0x0000000086b00000, 0x0000000086c00000|  0%| F|  |TAMS 0x0000000086b00000, 0x0000000086b00000| Untracked 
|  80|0x0000000086c00000, 0x0000000086c00000, 0x0000000086d00000|  0%| F|  |TAMS 0x0000000086c00000, 0x0000000086c00000| Untracked 
|  81|0x0000000086d00000, 0x0000000086d00000, 0x0000000086e00000|  0%| F|  |TAMS 0x0000000086d00000, 0x0000000086d00000| Untracked 
|  82|0x0000000086e00000, 0x0000000086e00000, 0x0000000086f00000|  0%| F|  |TAMS 0x0000000086e00000, 0x0000000086e00000| Untracked 
|  83|0x0000000086f00000, 0x0000000086f00000, 0x0000000087000000|  0%| F|  |TAMS 0x0000000086f00000, 0x0000000086f00000| Untracked 
|  84|0x0000000087000000, 0x0000000087000000, 0x0000000087100000|  0%| F|  |TAMS 0x0000000087000000, 0x0000000087000000| Untracked 
|  85|0x0000000087100000, 0x0000000087100000, 0x0000000087200000|  0%| F|  |TAMS 0x0000000087100000, 0x0000000087100000| Untracked 
|  86|0x0000000087200000, 0x0000000087200000, 0x0000000087300000|  0%| F|  |TAMS 0x0000000087200000, 0x0000000087200000| Untracked 
|  87|0x0000000087300000, 0x0000000087300000, 0x0000000087400000|  0%| F|  |TAMS 0x0000000087300000, 0x0000000087300000| Untracked 
|  88|0x0000000087400000, 0x0000000087400000, 0x0000000087500000|  0%| F|  |TAMS 0x0000000087400000, 0x0000000087400000| Untracked 
|  89|0x0000000087500000, 0x0000000087500000, 0x0000000087600000|  0%| F|  |TAMS 0x0000000087500000, 0x0000000087500000| Untracked 
|  90|0x0000000087600000, 0x0000000087600000, 0x0000000087700000|  0%| F|  |TAMS 0x0000000087600000, 0x0000000087600000| Untracked 
|  91|0x0000000087700000, 0x0000000087700000, 0x0000000087800000|  0%| F|  |TAMS 0x0000000087700000, 0x0000000087700000| Untracked 
|  92|0x0000000087800000, 0x0000000087800000, 0x0000000087900000|  0%| F|  |TAMS 0x0000000087800000, 0x0000000087800000| Untracked 
|  93|0x0000000087900000, 0x0000000087900000, 0x0000000087a00000|  0%| F|  |TAMS 0x0000000087900000, 0x0000000087900000| Untracked 
|  94|0x0000000087a00000, 0x0000000087a00000, 0x0000000087b00000|  0%| F|  |TAMS 0x0000000087a00000, 0x0000000087a00000| Untracked 
|  95|0x0000000087b00000, 0x0000000087b00000, 0x0000000087c00000|  0%| F|  |TAMS 0x0000000087b00000, 0x0000000087b00000| Untracked 
|  96|0x0000000087c00000, 0x0000000087c00000, 0x0000000087d00000|  0%| F|  |TAMS 0x0000000087c00000, 0x0000000087c00000| Untracked 
|  97|0x0000000087d00000, 0x0000000087d00000, 0x0000000087e00000|  0%| F|  |TAMS 0x0000000087d00000, 0x0000000087d00000| Untracked 
|  98|0x0000000087e00000, 0x0000000087e00000, 0x0000000087f00000|  0%| F|  |TAMS 0x0000000087e00000, 0x0000000087e00000| Untracked 
|  99|0x0000000087f00000, 0x0000000087f00000, 0x0000000088000000|  0%| F|  |TAMS 0x0000000087f00000, 0x0000000087f00000| Untracked 
| 100|0x0000000088000000, 0x0000000088000000, 0x0000000088100000|  0%| F|  |TAMS 0x0000000088000000, 0x0000000088000000| Untracked 
| 101|0x0000000088100000, 0x0000000088100000, 0x0000000088200000|  0%| F|  |TAMS 0x0000000088100000, 0x0000000088100000| Untracked 
| 102|0x0000000088200000, 0x0000000088200000, 0x0000000088300000|  0%| F|  |TAMS 0x0000000088200000, 0x0000000088200000| Untracked 
| 103|0x0000000088300000, 0x0000000088300000, 0x0000000088400000|  0%| F|  |TAMS 0x0000000088300000, 0x0000000088300000| Untracked 
| 104|0x0000000088400000, 0x0000000088400000, 0x0000000088500000|  0%| F|  |TAMS 0x0000000088400000, 0x0000000088400000| Untracked 
| 105|0x0000000088500000, 0x0000000088500000, 0x0000000088600000|  0%| F|  |TAMS 0x0000000088500000, 0x0000000088500000| Untracked 
| 106|0x0000000088600000, 0x0000000088600000, 0x0000000088700000|  0%| F|  |TAMS 0x0000000088600000, 0x0000000088600000| Untracked 
| 107|0x0000000088700000, 0x0000000088700000, 0x0000000088800000|  0%| F|  |TAMS 0x0000000088700000, 0x0000000088700000| Untracked 
| 108|0x0000000088800000, 0x0000000088800000, 0x0000000088900000|  0%| F|  |TAMS 0x0000000088800000, 0x0000000088800000| Untracked 
| 109|0x0000000088900000, 0x0000000088900000, 0x0000000088a00000|  0%| F|  |TAMS 0x0000000088900000, 0x0000000088900000| Untracked 
| 110|0x0000000088a00000, 0x0000000088a00000, 0x0000000088b00000|  0%| F|  |TAMS 0x0000000088a00000, 0x0000000088a00000| Untracked 
| 111|0x0000000088b00000, 0x0000000088b00000, 0x0000000088c00000|  0%| F|  |TAMS 0x0000000088b00000, 0x0000000088b00000| Untracked 
| 112|0x0000000088c00000, 0x0000000088c00000, 0x0000000088d00000|  0%| F|  |TAMS 0x0000000088c00000, 0x0000000088c00000| Untracked 
| 113|0x0000000088d00000, 0x0000000088d00000, 0x0000000088e00000|  0%| F|  |TAMS 0x0000000088d00000, 0x0000000088d00000| Untracked 
| 114|0x0000000088e00000, 0x0000000088e00000, 0x0000000088f00000|  0%| F|  |TAMS 0x0000000088e00000, 0x0000000088e00000| Untracked 
| 115|0x0000000088f00000, 0x0000000088f00000, 0x0000000089000000|  0%| F|  |TAMS 0x0000000088f00000, 0x0000000088f00000| Untracked 
| 116|0x0000000089000000, 0x0000000089000000, 0x0000000089100000|  0%| F|  |TAMS 0x0000000089000000, 0x0000000089000000| Untracked 
| 117|0x0000000089100000, 0x0000000089100000, 0x0000000089200000|  0%| F|  |TAMS 0x0000000089100000, 0x0000000089100000| Untracked 
| 118|0x0000000089200000, 0x0000000089200000, 0x0000000089300000|  0%| F|  |TAMS 0x0000000089200000, 0x0000000089200000| Untracked 
| 119|0x0000000089300000, 0x0000000089300000, 0x0000000089400000|  0%| F|  |TAMS 0x0000000089300000, 0x0000000089300000| Untracked 
| 120|0x0000000089400000, 0x0000000089400000, 0x0000000089500000|  0%| F|  |TAMS 0x0000000089400000, 0x0000000089400000| Untracked 
| 121|0x0000000089500000, 0x0000000089500000, 0x0000000089600000|  0%| F|  |TAMS 0x0000000089500000, 0x0000000089500000| Untracked 
| 122|0x0000000089600000, 0x0000000089600000, 0x0000000089700000|  0%| F|  |TAMS 0x0000000089600000, 0x0000000089600000| Untracked 
| 123|0x0000000089700000, 0x0000000089700000, 0x0000000089800000|  0%| F|  |TAMS 0x0000000089700000, 0x0000000089700000| Untracked 
| 124|0x0000000089800000, 0x0000000089800000, 0x0000000089900000|  0%| F|  |TAMS 0x0000000089800000, 0x0000000089800000| Untracked 
| 125|0x0000000089900000, 0x0000000089900000, 0x0000000089a00000|  0%| F|  |TAMS 0x0000000089900000, 0x0000000089900000| Untracked 
| 126|0x0000000089a00000, 0x0000000089a00000, 0x0000000089b00000|  0%| F|  |TAMS 0x0000000089a00000, 0x0000000089a00000| Untracked 
| 127|0x0000000089b00000, 0x0000000089b00000, 0x0000000089c00000|  0%| F|  |TAMS 0x0000000089b00000, 0x0000000089b00000| Untracked 

Card table byte_map: [0x00000207f7f30000,0x00000207f8330000] _byte_map_base: 0x00000207f7b22000

Marking Bits (Prev, Next): (CMBitMap*) 0x00000207e4ebd968, (CMBitMap*) 0x00000207e4ebd9a0
 Prev Bits: [0x00000207f8730000, 0x00000207fa6c0000)
 Next Bits: [0x00000207fa6c0000, 0x00000207fc650000)

Polling page: 0x00000207e4660000

Metaspace:

Usage:
  Non-class:     40.43 MB capacity,    40.04 MB (>99%) used,   334.05 KB ( <1%) free+waste,    66.44 KB ( <1%) overhead. 
      Class:      5.52 MB capacity,     5.33 MB ( 97%) used,   163.26 KB (  3%) free+waste,    27.94 KB ( <1%) overhead. 
       Both:     45.95 MB capacity,    45.37 MB ( 99%) used,   497.30 KB (  1%) free+waste,    94.38 KB ( <1%) overhead. 

Virtual space:
  Non-class space:       42.00 MB reserved,      40.50 MB ( 96%) committed 
      Class space:        1.00 GB reserved,       5.63 MB ( <1%) committed 
             Both:        1.04 GB reserved,      46.13 MB (  4%) committed 

Chunk freelists:
   Non-Class:  7.00 KB
       Class:  13.00 KB
        Both:  20.00 KB

MaxMetaspaceSize: 17179869184.00 GB
CompressedClassSpaceSize: 1.00 GB

CodeHeap 'non-profiled nmethods': size=120000Kb used=1380Kb max_used=1380Kb free=118619Kb
 bounds [0x00000207f02d0000, 0x00000207f0540000, 0x00000207f7800000]
CodeHeap 'profiled nmethods': size=120000Kb used=6478Kb max_used=6478Kb free=113521Kb
 bounds [0x00000207e8da0000, 0x00000207e9400000, 0x00000207f02d0000]
CodeHeap 'non-nmethods': size=5760Kb used=1186Kb max_used=1266Kb free=4573Kb
 bounds [0x00000207e8800000, 0x00000207e8a70000, 0x00000207e8da0000]
 total_blobs=3880 nmethods=3341 adapters=450
 compilation: enabled
              stopped_count=0, restarted_count=0
 full_count=0

Compilation events (20 events):
Event: 2.501 Thread 0x00000207ff0a1800 nmethod 3340 0x00000207e93f0b90 code [0x00000207e93f0d40, 0x00000207e93f0ec8]
Event: 2.501 Thread 0x00000207ff0a1800 3341       1       org.jetbrains.kotlin.storage.DefaultSimpleLock::getLock (5 bytes)
Event: 2.501 Thread 0x00000207ff0a1800 nmethod 3341 0x00000207f0428c10 code [0x00000207f0428dc0, 0x00000207f0428e78]
Event: 2.509 Thread 0x00000207ff0a1800 3342       3       org.jetbrains.kotlin.types.ErrorUtils::isErrorClass (5 bytes)
Event: 2.509 Thread 0x00000207ff0a1800 nmethod 3342 0x00000207e93f0f90 code [0x00000207e93f1140, 0x00000207e93f1318]
Event: 2.512 Thread 0x00000207ff0a1800 3343       3       org.jetbrains.kotlin.cli.jvm.index.JvmDependenciesIndexImpl$FindClassRequest::getPackageFqName (16 bytes)
Event: 2.512 Thread 0x00000207ff0a1800 nmethod 3343 0x00000207e93f1390 code [0x00000207e93f1560, 0x00000207e93f1778]
Event: 2.513 Thread 0x00000207ff0a1800 3344       3       gnu.trove.THashMap::<init> (5 bytes)
Event: 2.513 Thread 0x00000207ff0a1800 nmethod 3344 0x00000207e93f1890 code [0x00000207e93f1a80, 0x00000207e93f1ce8]
Event: 2.515 Thread 0x00000207ff0a1800 3345       3       org.jetbrains.org.objectweb.asm.ClassReader::readUnsignedShort (26 bytes)
Event: 2.515 Thread 0x00000207ff0a1800 nmethod 3345 0x00000207e93f1e10 code [0x00000207e93f1fc0, 0x00000207e93f2118]
Event: 2.515 Thread 0x00000207ff0a1800 3346       3       java.text.StringCharacterIterator::current (37 bytes)
Event: 2.515 Thread 0x00000207ff0a1800 nmethod 3346 0x00000207e93f2210 code [0x00000207e93f2420, 0x00000207e93f2a78]
Event: 2.516 Thread 0x00000207ff0a1800 3347       1       org.jetbrains.kotlin.load.java.lazy.JavaResolverComponents::getStorageManager (5 bytes)
Event: 2.516 Thread 0x00000207ff0a1800 nmethod 3347 0x00000207f0428f10 code [0x00000207f04290c0, 0x00000207f0429178]
Event: 2.516 Thread 0x00000207ff0a1800 3348       3       java.io.DataInputStream::readInt (72 bytes)
Event: 2.516 Thread 0x00000207ff0a1800 nmethod 3348 0x00000207e93f2d10 code [0x00000207e93f2f20, 0x00000207e93f3468]
Event: 2.517 Thread 0x00000207ff0a1800 3351       3       org.jetbrains.kotlin.metadata.ProtoBuf$Type$Argument::initFields (20 bytes)
Event: 2.517 Thread 0x00000207ff0a1800 nmethod 3351 0x00000207e93f3690 code [0x00000207e93f3860, 0x00000207e93f3a98]
Event: 2.517 Thread 0x00000207ff0a1800 3354   !   3       org.jetbrains.kotlin.metadata.ProtoBuf$Class::<init> (2097 bytes)

GC Heap History (9 events):
Event: 0.399 GC heap before
{Heap before GC invocations=0 (full 0):
 garbage-first heap   total 131072K, used 27648K [0x0000000081c00000, 0x0000000100000000)
  region size 1024K, 24 young (24576K), 0 survivors (0K)
 Metaspace       used 12291K, capacity 12341K, committed 12544K, reserved 1060864K
  class space    used 1156K, capacity 1174K, committed 1280K, reserved 1048576K
}
Event: 0.402 GC heap after
{Heap after GC invocations=1 (full 0):
 garbage-first heap   total 131072K, used 5820K [0x0000000081c00000, 0x0000000100000000)
  region size 1024K, 3 young (3072K), 3 survivors (3072K)
 Metaspace       used 12291K, capacity 12341K, committed 12544K, reserved 1060864K
  class space    used 1156K, capacity 1174K, committed 1280K, reserved 1048576K
}
Event: 0.826 GC heap before
{Heap before GC invocations=1 (full 0):
 garbage-first heap   total 131072K, used 41660K [0x0000000081c00000, 0x0000000100000000)
  region size 1024K, 39 young (39936K), 3 survivors (3072K)
 Metaspace       used 20924K, capacity 21150K, committed 21248K, reserved 1069056K
  class space    used 2203K, capacity 2257K, committed 2304K, reserved 1048576K
}
Event: 0.835 GC heap after
{Heap after GC invocations=2 (full 0):
 garbage-first heap   total 131072K, used 9621K [0x0000000081c00000, 0x0000000100000000)
  region size 1024K, 7 young (7168K), 7 survivors (7168K)
 Metaspace       used 20924K, capacity 21150K, committed 21248K, reserved 1069056K
  class space    used 2203K, capacity 2257K, committed 2304K, reserved 1048576K
}
Event: 1.454 GC heap before
{Heap before GC invocations=3 (full 0):
 garbage-first heap   total 131072K, used 67989K [0x0000000081c00000, 0x0000000100000000)
  region size 1024K, 56 young (57344K), 7 survivors (7168K)
 Metaspace       used 30860K, capacity 31322K, committed 31488K, reserved 1077248K
  class space    used 3630K, capacity 3809K, committed 3840K, reserved 1048576K
}
Event: 1.470 GC heap after
{Heap after GC invocations=4 (full 0):
 garbage-first heap   total 131072K, used 24862K [0x0000000081c00000, 0x0000000100000000)
  region size 1024K, 7 young (7168K), 7 survivors (7168K)
 Metaspace       used 30860K, capacity 31322K, committed 31488K, reserved 1077248K
  class space    used 3630K, capacity 3809K, committed 3840K, reserved 1048576K
}
Event: 1.774 GC heap before
{Heap before GC invocations=4 (full 0):
 garbage-first heap   total 131072K, used 51486K [0x0000000081c00000, 0x0000000100000000)
  region size 1024K, 31 young (31744K), 7 survivors (7168K)
 Metaspace       used 35187K, capacity 35653K, committed 35840K, reserved 1081344K
  class space    used 4306K, capacity 4484K, committed 4608K, reserved 1048576K
}
Event: 1.789 GC heap after
{Heap after GC invocations=5 (full 0):
 garbage-first heap   total 131072K, used 27433K [0x0000000081c00000, 0x0000000100000000)
  region size 1024K, 3 young (3072K), 3 survivors (3072K)
 Metaspace       used 35187K, capacity 35653K, committed 35840K, reserved 1081344K
  class space    used 4306K, capacity 4484K, committed 4608K, reserved 1048576K
}
Event: 2.526 GC heap before
{Heap before GC invocations=6 (full 0):
 garbage-first heap   total 131072K, used 85801K [0x0000000081c00000, 0x0000000100000000)
  region size 1024K, 58 young (59392K), 3 survivors (3072K)
 Metaspace       used 46460K, capacity 47052K, committed 47232K, reserved 1091584K
  class space    used 5459K, capacity 5651K, committed 5760K, reserved 1048576K
}

Deoptimization events (20 events):
Event: 2.505 Thread 0x00000207e4e80800 Uncommon trap: trap_request=0xffffffc6 fr.pc=0x00000207f03e6668 relative=0x0000000000000568
Event: 2.505 Thread 0x00000207e4e80800 Uncommon trap: reason=bimorphic_or_optimized_type_check action=maybe_recompile pc=0x00000207f03e6668 method=org.jetbrains.kotlin.protobuf.CodedInputStream.tryRefillBuffer(I)Z @ 177 c2
Event: 2.505 Thread 0x00000207e4e80800 DEOPT PACKING pc=0x00000207f03e6668 sp=0x00000030ee4fa2a0
Event: 2.505 Thread 0x00000207e4e80800 DEOPT UNPACKING pc=0x00000207e88274af sp=0x00000030ee4fa188 mode 2
Event: 2.505 Thread 0x00000207e4e80800 Uncommon trap: trap_request=0xffffffc6 fr.pc=0x00000207f03e6668 relative=0x0000000000000568
Event: 2.505 Thread 0x00000207e4e80800 Uncommon trap: reason=bimorphic_or_optimized_type_check action=maybe_recompile pc=0x00000207f03e6668 method=org.jetbrains.kotlin.protobuf.CodedInputStream.tryRefillBuffer(I)Z @ 177 c2
Event: 2.505 Thread 0x00000207e4e80800 DEOPT PACKING pc=0x00000207f03e6668 sp=0x00000030ee4fa2a0
Event: 2.505 Thread 0x00000207e4e80800 DEOPT UNPACKING pc=0x00000207e88274af sp=0x00000030ee4fa188 mode 2
Event: 2.513 Thread 0x00000207e4e80800 Uncommon trap: trap_request=0xffffffc6 fr.pc=0x00000207f038ebec relative=0x00000000000014cc
Event: 2.513 Thread 0x00000207e4e80800 Uncommon trap: reason=bimorphic_or_optimized_type_check action=maybe_recompile pc=0x00000207f038ebec method=java.util.zip.ZipFile.getZipEntry(Ljava/lang/String;[BILjava/util/function/Function;)Ljava/util/zip/ZipEntry; @ 108 c2
Event: 2.513 Thread 0x00000207e4e80800 DEOPT PACKING pc=0x00000207f038ebec sp=0x00000030ee4fb0a0
Event: 2.513 Thread 0x00000207e4e80800 DEOPT UNPACKING pc=0x00000207e88274af sp=0x00000030ee4fb058 mode 2
Event: 2.516 Thread 0x00000207e4e80800 Uncommon trap: trap_request=0xffffffc6 fr.pc=0x00000207f038ebec relative=0x00000000000014cc
Event: 2.516 Thread 0x00000207e4e80800 Uncommon trap: reason=bimorphic_or_optimized_type_check action=maybe_recompile pc=0x00000207f038ebec method=java.util.zip.ZipFile.getZipEntry(Ljava/lang/String;[BILjava/util/function/Function;)Ljava/util/zip/ZipEntry; @ 108 c2
Event: 2.516 Thread 0x00000207e4e80800 DEOPT PACKING pc=0x00000207f038ebec sp=0x00000030ee4fa570
Event: 2.516 Thread 0x00000207e4e80800 DEOPT UNPACKING pc=0x00000207e88274af sp=0x00000030ee4fa528 mode 2
Event: 2.516 Thread 0x00000207e4e80800 Uncommon trap: trap_request=0xffffffc6 fr.pc=0x00000207f03e7b80 relative=0x00000000000002a0
Event: 2.516 Thread 0x00000207e4e80800 Uncommon trap: reason=bimorphic_or_optimized_type_check action=maybe_recompile pc=0x00000207f03e7b80 method=org.jetbrains.kotlin.protobuf.CodedInputStream.tryRefillBuffer(I)Z @ 177 c2
Event: 2.516 Thread 0x00000207e4e80800 DEOPT PACKING pc=0x00000207f03e7b80 sp=0x00000030ee4fa3b0
Event: 2.516 Thread 0x00000207e4e80800 DEOPT UNPACKING pc=0x00000207e88274af sp=0x00000030ee4fa2e8 mode 2

Classes redefined (0 events):
No events

Internal exceptions (20 events):
Event: 0.815 Thread 0x00000207e4e80800 Exception <a 'java/lang/NoSuchMethodError'{0x00000000876dc6d0}: 'long java.lang.invoke.DirectMethodHandle$Holder.invokeStaticInit(java.lang.Object)'> (0x00000000876dc6d0) thrown at [./src/hotspot/share/interpreter/linkResolver.cpp, line 773]
Event: 0.861 Thread 0x00000207e4e80800 Exception <a 'java/lang/NoSuchMethodError'{0x00000000899e7f58}: 'int java.lang.invoke.DirectMethodHandle$Holder.invokeStaticInit(java.lang.Object, java.lang.Object, java.lang.Object)'> (0x00000000899e7f58) thrown at [./src/hotspot/share/interpreter/linkResolver.cpp, line 773]
Event: 0.863 Thread 0x00000207e4e80800 Exception <a 'java/lang/NoSuchMethodError'{0x00000000898141e8}: 'int java.lang.invoke.DirectMethodHandle$Holder.invokeStaticInit(java.lang.Object, java.lang.Object)'> (0x00000000898141e8) thrown at [./src/hotspot/share/interpreter/linkResolver.cpp, line 773]
Event: 0.986 Thread 0x00000207e4e80800 Exception <a 'java/lang/NoSuchMethodError'{0x0000000088fc42a0}: 'java.lang.Object java.lang.invoke.DirectMethodHandle$Holder.invokeStatic(java.lang.Object, java.lang.Object, java.lang.Object, java.lang.Object, java.lang.Object, java.lang.Object, java.lang.Object, java.lang.Object, java.lang.Object, java.lang.Object, java.lang.Object, java.lang.Object, java.lang.Object, java.lang.Object, java.lang.Object)'> (0x0000000088fc42a0) thrown at [./src/hotspot/share/interpreter/linkResolver.cpp, line 773]
Event: 0.986 Thread 0x00000207e4e80800 Exception <a 'java/lang/NoSuchMethodError'{0x0000000088fd22a8}: 'java.lang.Object java.lang.invoke.DirectMethodHandle$Holder.invokeStatic(java.lang.Object, java.lang.Object, java.lang.Object, java.lang.Object, java.lang.Object, java.lang.Object, java.lang.Object, java.lang.Object, java.lang.Object, java.lang.Object, java.lang.Object, java.lang.Object, java.lang.Object, java.lang.Object, java.lang.Object, java.lang.Object)'> (0x0000000088fd22a8) thrown at [./src/hotspot/share/interpreter/linkResolver.cpp, l
Event: 0.987 Thread 0x00000207e4e80800 Exception <a 'java/lang/NoSuchMethodError'{0x0000000088fe01c0}: 'java.lang.Object java.lang.invoke.DirectMethodHandle$Holder.invokeSpecial(java.lang.Object, java.lang.Object, int, int, java.lang.Object, java.lang.Object, java.lang.Object)'> (0x0000000088fe01c0) thrown at [./src/hotspot/share/interpreter/linkResolver.cpp, line 773]
Event: 0.987 Thread 0x00000207e4e80800 Exception <a 'java/lang/NoSuchMethodError'{0x0000000088fe39f8}: 'java.lang.Object java.lang.invoke.DelegatingMethodHandle$Holder.reinvoke_L(java.lang.Object, int, int, java.lang.Object, java.lang.Object, java.lang.Object)'> (0x0000000088fe39f8) thrown at [./src/hotspot/share/interpreter/linkResolver.cpp, line 773]
Event: 0.988 Thread 0x00000207e4e80800 Exception <a 'java/lang/NoSuchMethodError'{0x0000000088fe7d80}: 'java.lang.Object java.lang.invoke.DirectMethodHandle$Holder.invokeStatic(java.lang.Object, java.lang.Object, java.lang.Object, java.lang.Object, int)'> (0x0000000088fe7d80) thrown at [./src/hotspot/share/interpreter/linkResolver.cpp, line 773]
Event: 1.017 Thread 0x00000207e4e80800 Implicit null exception at 0x00000207f035b2ac to 0x00000207f035b45a
Event: 1.040 Thread 0x00000207e4e80800 Exception <a 'java/lang/NoSuchMethodError'{0x0000000088963ea8}: 'void java.lang.invoke.DirectMethodHandle$Holder.invokeStatic(java.lang.Object, java.lang.Object, java.lang.Object, java.lang.Object)'> (0x0000000088963ea8) thrown at [./src/hotspot/share/interpreter/linkResolver.cpp, line 773]
Event: 1.054 Thread 0x00000207e4e80800 Exception <a 'java/lang/NoSuchMethodError'{0x00000000888b4e90}: 'void java.lang.invoke.DirectMethodHandle$Holder.invokeSpecial(java.lang.Object, java.lang.Object)'> (0x00000000888b4e90) thrown at [./src/hotspot/share/interpreter/linkResolver.cpp, line 773]
Event: 1.085 Thread 0x00000207e4e80800 Exception <a 'java/lang/NoSuchMethodError'{0x000000008855e110}: 'void java.lang.invoke.DirectMethodHandle$Holder.invokeStaticInit(java.lang.Object, java.lang.Object)'> (0x000000008855e110) thrown at [./src/hotspot/share/interpreter/linkResolver.cpp, line 773]
Event: 1.091 Thread 0x00000207e4e80800 Exception <a 'java/lang/NoSuchMethodError'{0x000000008859cb00}: 'void java.lang.invoke.DirectMethodHandle$Holder.invokeInterface(java.lang.Object, java.lang.Object)'> (0x000000008859cb00) thrown at [./src/hotspot/share/interpreter/linkResolver.cpp, line 773]
Event: 1.160 Thread 0x00000207e4e80800 Exception <a 'java/lang/NoSuchMethodError'{0x00000000880abcb0}: 'void java.lang.invoke.DirectMethodHandle$Holder.invokeVirtual(java.lang.Object, java.lang.Object)'> (0x00000000880abcb0) thrown at [./src/hotspot/share/interpreter/linkResolver.cpp, line 773]
Event: 1.166 Thread 0x00000207e4e80800 Exception <a 'java/lang/NoSuchMethodError'{0x0000000087f23f88}: 'int java.lang.invoke.DirectMethodHandle$Holder.invokeVirtual(java.lang.Object, java.lang.Object)'> (0x0000000087f23f88) thrown at [./src/hotspot/share/interpreter/linkResolver.cpp, line 773]
Event: 1.798 Thread 0x00000207e4e80800 Exception <a 'java/lang/NoSuchMethodError'{0x0000000089ba1b30}: 'java.lang.Object java.lang.invoke.DirectMethodHandle$Holder.invokeVirtual(java.lang.Object, java.lang.Object, java.lang.Object)'> (0x0000000089ba1b30) thrown at [./src/hotspot/share/interpreter/linkResolver.cpp, line 773]
Event: 2.330 Thread 0x00000207e4e80800 Exception <a 'java/lang/NoSuchMethodError'{0x0000000086fc25d0}: 'java.lang.Object java.lang.invoke.Invokers$Holder.linkToTargetMethod(java.lang.Object, int, java.lang.Object)'> (0x0000000086fc25d0) thrown at [./src/hotspot/share/interpreter/linkResolver.cpp, line 773]
Event: 2.398 Thread 0x00000207e4e80800 Exception <a 'java/lang/NoSuchMethodError'{0x0000000086b3aaf0}: 'java.lang.Object java.lang.invoke.DirectMethodHandle$Holder.invokeStatic(java.lang.Object, java.lang.Object, java.lang.Object, int)'> (0x0000000086b3aaf0) thrown at [./src/hotspot/share/interpreter/linkResolver.cpp, line 773]
Event: 2.398 Thread 0x00000207e4e80800 Exception <a 'java/lang/NoSuchMethodError'{0x0000000086b3e760}: 'java.lang.Object java.lang.invoke.DirectMethodHandle$Holder.invokeSpecial(java.lang.Object, java.lang.Object, java.lang.Object, java.lang.Object, int)'> (0x0000000086b3e760) thrown at [./src/hotspot/share/interpreter/linkResolver.cpp, line 773]
Event: 2.399 Thread 0x00000207e4e80800 Exception <a 'java/lang/NoSuchMethodError'{0x0000000086b41a70}: 'java.lang.Object java.lang.invoke.Invokers$Holder.linkToTargetMethod(java.lang.Object, java.lang.Object, int, java.lang.Object)'> (0x0000000086b41a70) thrown at [./src/hotspot/share/interpreter/linkResolver.cpp, line 773]

Events (20 events):
Event: 2.513 loading class org/jetbrains/kotlin/load/java/structure/impl/classFiles/PlainJavaWildcardType done
Event: 2.513 loading class org/jetbrains/kotlin/load/java/structure/JavaWildcardType
Event: 2.513 loading class org/jetbrains/kotlin/load/java/structure/JavaWildcardType done
Event: 2.514 loading class org/jetbrains/kotlin/load/java/structure/impl/classFiles/BinaryJavaAnnotation
Event: 2.514 loading class org/jetbrains/kotlin/load/java/structure/impl/classFiles/BinaryJavaAnnotation done
Event: 2.514 loading class org/jetbrains/kotlin/load/java/structure/JavaAnnotation
Event: 2.514 loading class org/jetbrains/kotlin/load/java/structure/JavaAnnotation done
Event: 2.514 loading class org/jetbrains/kotlin/load/java/structure/impl/classFiles/BinaryJavaAnnotation$Companion
Event: 2.514 loading class org/jetbrains/kotlin/load/java/structure/impl/classFiles/BinaryJavaAnnotation$Companion done
Event: 2.514 loading class org/jetbrains/kotlin/load/java/structure/impl/classFiles/BinaryJavaAnnotation$classifierResolutionResult$2
Event: 2.514 loading class org/jetbrains/kotlin/load/java/structure/impl/classFiles/BinaryJavaAnnotation$classifierResolutionResult$2 done
Event: 2.514 loading class org/jetbrains/kotlin/load/java/structure/impl/classFiles/BinaryJavaAnnotationVisitor
Event: 2.514 loading class org/jetbrains/kotlin/load/java/structure/impl/classFiles/BinaryJavaAnnotationVisitor done
Event: 2.515 loading class org/jetbrains/kotlin/load/java/structure/impl/classFiles/BinaryJavaAnnotationVisitor$1
Event: 2.515 loading class org/jetbrains/kotlin/load/java/structure/impl/classFiles/BinaryJavaAnnotationVisitor$1 done
Event: 2.515 loading class org/jetbrains/kotlin/descriptors/DescriptorUtilKt
Event: 2.515 loading class org/jetbrains/kotlin/descriptors/DescriptorUtilKt done
Event: 2.522 loading class org/jetbrains/kotlin/load/kotlin/KotlinClassFinderKt
Event: 2.522 loading class org/jetbrains/kotlin/load/kotlin/KotlinClassFinderKt done
Event: 2.525 Executing VM operation: G1CollectForAllocation


Dynamic libraries:
0x00007ff605280000 - 0x00007ff60528a000 	C:\Users\Dark Knight\Desktop\Android Studio\jre\bin\java.exe
0x00007fff73400000 - 0x00007fff73609000 	C:\WINDOWS\SYSTEM32\ntdll.dll
0x00007fff729e0000 - 0x00007fff72a9d000 	C:\WINDOWS\System32\KERNEL32.DLL
0x00007fff70c20000 - 0x00007fff70f94000 	C:\WINDOWS\System32\KERNELBASE.dll
0x00007fff708f0000 - 0x00007fff70a01000 	C:\WINDOWS\System32\ucrtbase.dll
0x00007fff60080000 - 0x00007fff60097000 	C:\Users\Dark Knight\Desktop\Android Studio\jre\bin\VCRUNTIME140.dll
0x00007fff60170000 - 0x00007fff60189000 	C:\Users\Dark Knight\Desktop\Android Studio\jre\bin\jli.dll
0x00007fff72830000 - 0x00007fff729dc000 	C:\WINDOWS\System32\USER32.dll
0x00007fff70b80000 - 0x00007fff70ba6000 	C:\WINDOWS\System32\win32u.dll
0x00007fff72bf0000 - 0x00007fff72c19000 	C:\WINDOWS\System32\GDI32.dll
0x00007fff5dc90000 - 0x00007fff5df35000 	C:\WINDOWS\WinSxS\amd64_microsoft.windows.common-controls_6595b64144ccf1df_6.0.22000.120_none_9d947278b86cc467\COMCTL32.dll
0x00007fff71060000 - 0x00007fff71172000 	C:\WINDOWS\System32\gdi32full.dll
0x00007fff714a0000 - 0x00007fff71543000 	C:\WINDOWS\System32\msvcrt.dll
0x00007fff71180000 - 0x00007fff7121d000 	C:\WINDOWS\System32\msvcp_win.dll
0x00007fff72aa0000 - 0x00007fff72ad1000 	C:\WINDOWS\System32\IMM32.DLL
0x00007fff39790000 - 0x00007fff3982d000 	C:\Users\Dark Knight\Desktop\Android Studio\jre\bin\msvcp140.dll
0x00007fff14560000 - 0x00007fff1501c000 	C:\Users\Dark Knight\Desktop\Android Studio\jre\bin\server\jvm.dll
0x00007fff71c70000 - 0x00007fff71d1e000 	C:\WINDOWS\System32\ADVAPI32.dll
0x00007fff71bd0000 - 0x00007fff71c6e000 	C:\WINDOWS\System32\sechost.dll
0x00007fff715e0000 - 0x00007fff71700000 	C:\WINDOWS\System32\RPCRT4.dll
0x00007fff731a0000 - 0x00007fff731a8000 	C:\WINDOWS\System32\PSAPI.DLL
0x00007fff6a500000 - 0x00007fff6a533000 	C:\WINDOWS\SYSTEM32\WINMM.dll
0x00007fff6c6f0000 - 0x00007fff6c6f9000 	C:\WINDOWS\SYSTEM32\WSOCK32.dll
0x00007fff66f70000 - 0x00007fff66f7a000 	C:\WINDOWS\SYSTEM32\VERSION.dll
0x00007fff73350000 - 0x00007fff733bf000 	C:\WINDOWS\System32\WS2_32.dll
0x00007fff6fae0000 - 0x00007fff6faf8000 	C:\WINDOWS\SYSTEM32\kernel.appcore.dll
0x00007fff67cc0000 - 0x00007fff67cd1000 	C:\Users\Dark Knight\Desktop\Android Studio\jre\bin\verify.dll
0x00007fff6e430000 - 0x00007fff6e651000 	C:\WINDOWS\SYSTEM32\DBGHELP.DLL
0x00007fff55b10000 - 0x00007fff55b41000 	C:\WINDOWS\SYSTEM32\dbgcore.DLL
0x00007fff71220000 - 0x00007fff7129f000 	C:\WINDOWS\System32\bcryptPrimitives.dll
0x00007fff608b0000 - 0x00007fff608d9000 	C:\Users\Dark Knight\Desktop\Android Studio\jre\bin\java.dll
0x00007fff6cee0000 - 0x00007fff6ceeb000 	C:\Users\Dark Knight\Desktop\Android Studio\jre\bin\jimage.dll
0x00007fff67ca0000 - 0x00007fff67cb8000 	C:\Users\Dark Knight\Desktop\Android Studio\jre\bin\zip.dll
0x00007fff71f00000 - 0x00007fff726ae000 	C:\WINDOWS\System32\SHELL32.dll
0x00007fff6ea70000 - 0x00007fff6f2d7000 	C:\WINDOWS\SYSTEM32\windows.storage.dll
0x00007fff71760000 - 0x00007fff71ad8000 	C:\WINDOWS\System32\combase.dll
0x00007fff6e900000 - 0x00007fff6ea66000 	C:\WINDOWS\SYSTEM32\wintypes.dll
0x00007fff712b0000 - 0x00007fff7139a000 	C:\WINDOWS\System32\SHCORE.dll
0x00007fff71700000 - 0x00007fff7175d000 	C:\WINDOWS\System32\shlwapi.dll
0x00007fff70820000 - 0x00007fff70841000 	C:\WINDOWS\SYSTEM32\profapi.dll
0x00007fff60890000 - 0x00007fff608aa000 	C:\Users\Dark Knight\Desktop\Android Studio\jre\bin\net.dll
0x00007fff68360000 - 0x00007fff6846c000 	C:\WINDOWS\SYSTEM32\WINHTTP.dll
0x00007fff6ff10000 - 0x00007fff6ff77000 	C:\WINDOWS\system32\mswsock.dll
0x00007fff60870000 - 0x00007fff60884000 	C:\Users\Dark Knight\Desktop\Android Studio\jre\bin\nio.dll

dbghelp: loaded successfully - version: 4.0.5 - missing functions: none
symbol engine: initialized successfully - sym options: 0x614 - pdb path: .;C:\Users\Dark Knight\Desktop\Android Studio\jre\bin;C:\WINDOWS\SYSTEM32;C:\WINDOWS\WinSxS\amd64_microsoft.windows.common-controls_6595b64144ccf1df_6.0.22000.120_none_9d947278b86cc467;C:\Users\Dark Knight\Desktop\Android Studio\jre\bin\server

VM Arguments:
java_command: org.jetbrains.kotlin.cli.jvm.K2JVMCompiler @C:\Android Projects\MyShopPal\app\build\20220303_17023620476837423425.compiler.options
java_class_path (initial): C:\Users\Dark Knight\.gradle\caches\modules-2\files-2.1\org.jetbrains.kotlin\kotlin-compiler-embeddable\1.5.31\cc18c29253541dc57c25c3ef514d63c7953ae1a6\kotlin-compiler-embeddable-1.5.31.jar;C:\Users\Dark Knight\.gradle\caches\modules-2\files-2.1\org.jetbrains.kotlin\kotlin-reflect\1.5.31\1523fcd842a47da0820cea772b19c51056fec8a9\kotlin-reflect-1.5.31.jar;C:\Users\Dark Knight\.gradle\caches\modules-2\files-2.1\org.jetbrains.kotlin\kotlin-stdlib\1.5.31\6628d61d0f5603568e72d2d5915d2c034b4f1c55\kotlin-stdlib-1.5.31.jar;C:\Users\Dark Knight\.gradle\caches\modules-2\files-2.1\org.jetbrains.kotlin\kotlin-script-runtime\1.5.31\aaea854be2cfc06373dfc11be5a6ba9ca5ca84a6\kotlin-script-runtime-1.5.31.jar;C:\Users\Dark Knight\.gradle\caches\modules-2\files-2.1\org.jetbrains.kotlin\kotlin-daemon-embeddable\1.5.31\d19b549661e28c62781683dc7c7e34bf416974f1\kotlin-daemon-embeddable-1.5.31.jar;C:\Users\Dark Knight\.gradle\caches\modules-2\files-2.1\org.jetbrains.intellij.deps\trove4j\1.0.20181211\216c2e14b070f334479d800987affe4054cd563f\trove4j-1.0.20181211.jar;C:\Users\Dark Knight\.gradle\caches\modules-2\files-2.1\org.jetbrains\annotations\13.0\919f0dfe192fb4e063e7dacadee7f8bb9a2672a9\annotations-13.0.jar;C:\Users\Dark Knight\.gradle\caches\modules-2\files-2.1\org.jetbrains.kotlin\kotlin-stdlib-common\1.5.31\43331609c7de811fed085e0dfd150874b157c32\kotlin-stdlib-common-1.5.31.jar
Launcher Type: SUN_STANDARD

[Global flags]
     intx CICompilerCount                          = 4                                         {product} {ergonomic}
     uint ConcGCThreads                            = 2                                         {product} {ergonomic}
     uint G1ConcRefinementThreads                  = 8                                         {product} {ergonomic}
   size_t G1HeapRegionSize                         = 1048576                                   {product} {ergonomic}
    uintx GCDrainStackTargetSize                   = 64                                        {product} {ergonomic}
   size_t InitialHeapSize                          = 134217728                                 {product} {ergonomic}
   size_t MarkStackSize                            = 4194304                                   {product} {ergonomic}
   size_t MaxHeapSize                              = 2118123520                                {product} {ergonomic}
   size_t MaxNewSize                               = 1270874112                                {product} {ergonomic}
   size_t MinHeapDeltaBytes                        = 1048576                                   {product} {ergonomic}
    uintx NonNMethodCodeHeapSize                   = 5836300                                {pd product} {ergonomic}
    uintx NonProfiledCodeHeapSize                  = 122910970                              {pd product} {ergonomic}
    uintx ProfiledCodeHeapSize                     = 122910970                              {pd product} {ergonomic}
    uintx ReservedCodeCacheSize                    = 251658240                              {pd product} {ergonomic}
     bool SegmentedCodeCache                       = true                                      {product} {ergonomic}
     bool UseCompressedClassPointers               = true                                 {lp64_product} {ergonomic}
     bool UseCompressedOops                        = true                                 {lp64_product} {ergonomic}
     bool UseG1GC                                  = true                                      {product} {ergonomic}
     bool UseLargePagesIndividualAllocation        = false                                  {pd product} {ergonomic}

Logging:
Log output configuration:
 #0: stdout all=warning uptime,level,tags
 #1: stderr all=off uptime,level,tags

Environment Variables:
PATH=C:\Windows\system32;C:\Windows;C:\Windows\System32\Wbem;C:\Windows\System32\WindowsPowerShell\v1.0\;C:\Windows\System32\OpenSSH\;C:\Program Files (x86)\NVIDIA Corporation\PhysX\Common;C:\Program Files\NVIDIA Corporation\NVIDIA NvDLISR;C:\WINDOWS\system32;C:\WINDOWS;C:\WINDOWS\System32\Wbem;C:\WINDOWS\System32\WindowsPowerShell\v1.0\;C:\WINDOWS\System32\OpenSSH\;C:\MinGW\bin;C:\Program Files\MEGA-X;C:\WINDOWS\system32;C:\WINDOWS;C:\WINDOWS\System32\Wbem;C:\WINDOWS\System32\WindowsPowerShell\v1.0\;C:\WINDOWS\System32\OpenSSH\;C:\Program Files\Git\cmd;C:\Users\Dark Knight\AppData\Local\Microsoft\WindowsApps;C:\Users\Dark Knight\AppData\Local\atom\bin;C:\MinGW\bin;C:\Program Files (x86)\Microsoft Visual Studio\2019\BuildTools\MSBuild\Current\Bin;C:\Users\Dark Knight\AppData\Local\Microsoft\WindowsApps;
USERNAME=Dark Knight
OS=Windows_NT
PROCESSOR_IDENTIFIER=Intel64 Family 6 Model 158 Stepping 10, GenuineIntel



---------------  S Y S T E M  ---------------

OS: Windows 10 , 64 bit Build 22000 (10.0.22000.434)
OS uptime: 1 days 18:50 hours

CPU:total 8 (initial active 8) (4 cores per cpu, 2 threads per core) family 6 model 158 stepping 10, cmov, cx8, fxsr, mmx, sse, sse2, sse3, ssse3, sse4.1, sse4.2, popcnt, avx, avx2, aes, clmul, erms, 3dnowpref, lzcnt, ht, tsc, tscinvbit, bmi1, bmi2, adx, fma

Memory: 4k page, system-wide physical 8072M (432M free)
TotalPageFile size 12168M (AvailPageFile size 28M)
current process WorkingSet (physical memory assigned to process): 259M, peak: 260M
current process commit charge ("private bytes"): 335M, peak: 374M

vm_info: OpenJDK 64-Bit Server VM (11.0.8+10-b944.6842174) for windows-amd64 JRE (11.0.8+10-b944.6842174), built on Sep 19 2020 01:11:42 by "builder" with MS VC++ 14.0 (VS2015)

END.
