#
# There is insufficient memory for the Java Runtime Environment to continue.
# Native memory allocation (mmap) failed to map 56623104 bytes for Failed to commit area from 0x000000008de00000 to 0x0000000091400000 of length 56623104.
# Possible reasons:
#   The system is out of physical RAM or swap space
#   The process is running with CompressedOops enabled, and the Java Heap may be blocking the growth of the native heap
# Possible solutions:
#   Reduce memory load on the system
#   Increase physical memory or swap space
#   Check if swap backing store is full
#   Decrease Java heap size (-Xmx/-Xms)
#   Decrease number of Java threads
#   Decrease Java thread stack sizes (-Xss)
#   Set larger code cache with -XX:ReservedCodeCacheSize=
#   JVM is running with Unscaled Compressed Oops mode in which the Java heap is
#     placed in the first 4GB address space. The Java Heap base address is the
#     maximum limit for the native heap growth. Please use -XX:HeapBaseMinAddress
#     to set the Java Heap base and to place the Java Heap above 4GB virtual address.
# This output file may be truncated or incomplete.
#
#  Out of Memory Error (./src/hotspot/os/windows/os_windows.cpp:3303), pid=26456, tid=13184
#
# JRE version: OpenJDK Runtime Environment (11.0.8+10) (build 11.0.8+10-b944.6842174)
# Java VM: OpenJDK 64-Bit Server VM (11.0.8+10-b944.6842174, mixed mode, tiered, compressed oops, g1 gc, windows-amd64)
# No core dump will be written. Minidumps are not enabled by default on client versions of Windows
#

---------------  S U M M A R Y ------------

Command Line: --add-opens=java.base/java.util=ALL-UNNAMED --add-opens=java.base/java.lang=ALL-UNNAMED --add-opens=java.base/java.lang.invoke=ALL-UNNAMED --add-opens=java.prefs/java.util.prefs=ALL-UNNAMED -Xmx2048m -Dfile.encoding=UTF-8 -Duser.country=IN -Duser.language=en -Duser.variant org.gradle.launcher.daemon.bootstrap.GradleDaemon 6.7.1

Host: Intel(R) Core(TM) i5-9300H CPU @ 2.40GHz, 8 cores, 7G,  Windows 10 , 64 bit Build 22000 (10.0.22000.434)
Time: Sat Mar  5 20:16:10 2022 India Standard Time elapsed time: 29 seconds (0d 0h 0m 29s)

---------------  T H R E A D  ---------------

Current thread (0x000001f625875000):  VMThread "VM Thread" [stack: 0x000000da09200000,0x000000da09300000] [id=13184]

Stack: [0x000000da09200000,0x000000da09300000]
[error occurred during error reporting (printing stack bounds), id 0xc0000005, EXCEPTION_ACCESS_VIOLATION (0xc0000005) at pc=0x000001f60e730dad]

Native frames: (J=compiled Java code, j=interpreted, Vv=VM code, C=native code)
V  [jvm.dll+0x5de50a]
V  [jvm.dll+0x7122f5]
V  [jvm.dll+0x71384d]
V  [jvm.dll+0x713e65]
V  [jvm.dll+0x713e1b]
V  [jvm.dll+0x5dd958]
V  [jvm.dll+0x5de0f8]
C  [ntdll.dll+0xa86ef]
C  [ntdll.dll+0x35aea]
C  [ntdll.dll+0xa76fe]
C  0x000001f60e730dad

VM_Operation (0x000000da0befb420): G1CollectForAllocation, mode: safepoint, requested by thread 0x000001f6289da000


---------------  P R O C E S S  ---------------

Threads class SMR info:
_java_thread_list=0x000001f628d2ca20, length=176, elements={
0x000001f6095de000, 0x000001f625876800, 0x000001f62587f800, 0x000001f626236800,
0x000001f626237800, 0x000001f626238800, 0x000001f62623f000, 0x000001f626240800,
0x000001f62637f800, 0x000001f626381800, 0x000001f627690800, 0x000001f628365800,
0x000001f628455800, 0x000001f627a53000, 0x000001f627cf3000, 0x000001f62832b000,
0x000001f628495000, 0x000001f626487800, 0x000001f627a1b800, 0x000001f628757800,
0x000001f62837a000, 0x000001f628377800, 0x000001f628378000, 0x000001f62837a800,
0x000001f62837b800, 0x000001f62837c800, 0x000001f628376800, 0x000001f62837d000,
0x000001f6289d5000, 0x000001f6289d2000, 0x000001f6289d7800, 0x000001f6289d2800,
0x000001f6289da000, 0x000001f6289d8800, 0x000001f6289d9000, 0x000001f6289db000,
0x000001f6289db800, 0x000001f6289d6000, 0x000001f6289d7000, 0x000001f6289df000,
0x000001f6289d4800, 0x000001f6289dc800, 0x000001f6289e0000, 0x000001f6289de000,
0x000001f6289dd800, 0x000001f6289e0800, 0x000001f628379000, 0x000001f62ad0e000,
0x000001f62ad14000, 0x000001f62ad10800, 0x000001f62ad14800, 0x000001f62ad0f000,
0x000001f62ad0f800, 0x000001f62ad12000, 0x000001f62ad11800, 0x000001f62ad17000,
0x000001f62ad18000, 0x000001f62ad15800, 0x000001f62ad16000, 0x000001f62ad18800,
0x000001f62ad13000, 0x000001f62ad1d000, 0x000001f62ad19800, 0x000001f62ad1a800,
0x000001f62ad1b000, 0x000001f62ad1c000, 0x000001f62870d800, 0x000001f62870e800,
0x000001f628710000, 0x000001f628713800, 0x000001f628711000, 0x000001f628712000,
0x000001f62870f800, 0x000001f628718800, 0x000001f628712800, 0x000001f628719000,
0x000001f62871a000, 0x000001f628714000, 0x000001f628715000, 0x000001f62871b000,
0x000001f62871b800, 0x000001f628716000, 0x000001f62871c800, 0x000001f628716800,
0x000001f628717800, 0x000001f62a580800, 0x000001f62a57c800, 0x000001f62a57d000,
0x000001f62a583000, 0x000001f62a57e000, 0x000001f62a582000, 0x000001f62a581000,
0x000001f62a584800, 0x000001f62a583800, 0x000001f62a57f000, 0x000001f62a585800,
0x000001f62a57f800, 0x000001f62a58a000, 0x000001f62a588800, 0x000001f62a588000,
0x000001f62a589800, 0x000001f62a58b000, 0x000001f62a587000, 0x000001f62a586000,
0x000001f626653000, 0x000001f626654800, 0x000001f626652000, 0x000001f626653800,
0x000001f626651000, 0x000001f626656000, 0x000001f626658800, 0x000001f62665a000,
0x000001f626657000, 0x000001f62665b000, 0x000001f626655000, 0x000001f626657800,
0x000001f62665c800, 0x000001f62665b800, 0x000001f62665d800, 0x000001f62665e000,
0x000001f62665f000, 0x000001f626659800, 0x000001f626660000, 0x000001f62bc91000,
0x000001f62bc91800, 0x000001f62bc8f800, 0x000001f62bc92800, 0x000001f62bc93800,
0x000001f62bc8e800, 0x000001f62bc96000, 0x000001f62bc94000, 0x000001f62bc95000,
0x000001f62bc90000, 0x000001f62bc9c800, 0x000001f62bc97800, 0x000001f62bc9a800,
0x000001f62bc98800, 0x000001f62bc9a000, 0x000001f62bc9b800, 0x000001f62bc99000,
0x000001f62bc96800, 0x000001f62bc9d000, 0x000001f628890000, 0x000001f62888c800,
0x000001f628893000, 0x000001f628890800, 0x000001f62888d800, 0x000001f628891800,
0x000001f628892800, 0x000001f62888e000, 0x000001f628895000, 0x000001f628894000,
0x000001f62888f000, 0x000001f628895800, 0x000001f628896800, 0x000001f62889b800,
0x000001f628898000, 0x000001f628897000, 0x000001f628899000, 0x000001f628899800,
0x000001f62889a800, 0x000001f62db06000, 0x000001f62db03000, 0x000001f62db07000,
0x000001f62db04800, 0x000001f62db05800, 0x000001f62db04000, 0x000001f62db01800,
0x000001f62db08000, 0x000001f62db02000, 0x000001f62db0d800, 0x000001f62db0e800,
0x000001f62db08800, 0x000001f62db0a800, 0x000001f62db09800, 0x000001f62db0b000
}

Java Threads: ( => current thread )
  0x000001f6095de000 JavaThread "main" [_thread_blocked, id=24888, stack(0x000000da08c00000,0x000000da08d00000)]
  0x000001f625876800 JavaThread "Reference Handler" daemon [_thread_blocked, id=23208, stack(0x000000da09300000,0x000000da09400000)]
  0x000001f62587f800 JavaThread "Finalizer" daemon [_thread_blocked, id=18888, stack(0x000000da09400000,0x000000da09500000)]
  0x000001f626236800 JavaThread "Signal Dispatcher" daemon [_thread_blocked, id=11324, stack(0x000000da09500000,0x000000da09600000)]
  0x000001f626237800 JavaThread "Attach Listener" daemon [_thread_blocked, id=16108, stack(0x000000da09600000,0x000000da09700000)]
  0x000001f626238800 JavaThread "C2 CompilerThread0" daemon [_thread_blocked, id=17020, stack(0x000000da09700000,0x000000da09800000)]
  0x000001f62623f000 JavaThread "C1 CompilerThread0" daemon [_thread_blocked, id=3292, stack(0x000000da09800000,0x000000da09900000)]
  0x000001f626240800 JavaThread "Sweeper thread" daemon [_thread_blocked, id=16796, stack(0x000000da09900000,0x000000da09a00000)]
  0x000001f62637f800 JavaThread "Common-Cleaner" daemon [_thread_blocked, id=9392, stack(0x000000da09a00000,0x000000da09b00000)]
  0x000001f626381800 JavaThread "Service Thread" daemon [_thread_blocked, id=5040, stack(0x000000da09b00000,0x000000da09c00000)]
  0x000001f627690800 JavaThread "Daemon health stats" [_thread_blocked, id=13112, stack(0x000000da0a000000,0x000000da0a100000)]
  0x000001f628365800 JavaThread "Incoming local TCP Connector on port 55848" [_thread_in_native, id=23716, stack(0x000000da0a200000,0x000000da0a300000)]
  0x000001f628455800 JavaThread "Daemon periodic checks" [_thread_blocked, id=18820, stack(0x000000da0a300000,0x000000da0a400000)]
  0x000001f627a53000 JavaThread "Daemon" [_thread_blocked, id=17860, stack(0x000000da0a400000,0x000000da0a500000)]
  0x000001f627cf3000 JavaThread "Handler for socket connection from /127.0.0.1:55848 to /127.0.0.1:55849" [_thread_in_native, id=20304, stack(0x000000da0a500000,0x000000da0a600000)]
  0x000001f62832b000 JavaThread "Cancel handler" [_thread_blocked, id=14440, stack(0x000000da0a700000,0x000000da0a800000)]
  0x000001f628495000 JavaThread "Daemon worker" [_thread_blocked, id=18376, stack(0x000000da0a800000,0x000000da0a900000)]
  0x000001f626487800 JavaThread "Asynchronous log dispatcher for DefaultDaemonConnection: socket connection from /127.0.0.1:55848 to /127.0.0.1:55849" [_thread_blocked, id=22316, stack(0x000000da0a900000,0x000000da0aa00000)]
  0x000001f627a1b800 JavaThread "Stdin handler" [_thread_blocked, id=24700, stack(0x000000da0aa00000,0x000000da0ab00000)]
  0x000001f628757800 JavaThread "Thread-8" [_thread_blocked, id=22292, stack(0x000000da0ab00000,0x000000da0ac00000)]
  0x000001f62837a000 JavaThread "Cache worker for file hash cache (C:\Users\Dark Knight\.gradle\caches\6.7.1\fileHashes)" [_thread_blocked, id=14856, stack(0x000000da0b000000,0x000000da0b100000)]
  0x000001f628377800 JavaThread "File lock request listener" [_thread_in_native, id=15140, stack(0x000000da0b100000,0x000000da0b200000)]
  0x000001f628378000 JavaThread "Cache worker for journal cache (C:\Users\Dark Knight\.gradle\caches\journal-1)" [_thread_blocked, id=9864, stack(0x000000da0b300000,0x000000da0b400000)]
  0x000001f62837a800 JavaThread "Cache worker for file hash cache (C:\Android Projects\MyShopPal\.gradle\6.7.1\fileHashes)" [_thread_blocked, id=17012, stack(0x000000da0b500000,0x000000da0b600000)]
  0x000001f62837b800 JavaThread "Cache worker for checksums cache (C:\Android Projects\MyShopPal\.gradle\checksums)" [_thread_blocked, id=9960, stack(0x000000da0b600000,0x000000da0b700000)]
  0x000001f62837c800 JavaThread "Cache worker for cache directory md-supplier (C:\Users\Dark Knight\.gradle\caches\6.7.1\md-supplier)" [_thread_blocked, id=25380, stack(0x000000da0b700000,0x000000da0b800000)]
  0x000001f628376800 JavaThread "Cache worker for cache directory md-rule (C:\Users\Dark Knight\.gradle\caches\6.7.1\md-rule)" [_thread_blocked, id=22920, stack(0x000000da0b800000,0x000000da0b900000)]
  0x000001f62837d000 JavaThread "Cache worker for execution history cache (C:\Users\Dark Knight\.gradle\caches\6.7.1\executionHistory)" [_thread_blocked, id=10368, stack(0x000000da0b900000,0x000000da0ba00000)]
  0x000001f6289d5000 JavaThread "jar transforms" [_thread_blocked, id=1672, stack(0x000000da0ba00000,0x000000da0bb00000)]
  0x000001f6289d2000 JavaThread "Cache worker for file content cache (C:\Users\Dark Knight\.gradle\caches\6.7.1\fileContent)" [_thread_blocked, id=24828, stack(0x000000da0bb00000,0x000000da0bc00000)]
  0x000001f6289d7800 JavaThread "Cache worker for Build Output Cleanup Cache (C:\Android Projects\MyShopPal\.gradle\buildOutputCleanup)" [_thread_blocked, id=18508, stack(0x000000da0bc00000,0x000000da0bd00000)]
  0x000001f6289d2800 JavaThread "Build operations" [_thread_blocked, id=24568, stack(0x000000da0bd00000,0x000000da0be00000)]
  0x000001f6289da000 JavaThread "Build operations Thread 2" [_thread_blocked, id=10764, stack(0x000000da0be00000,0x000000da0bf00000)]
  0x000001f6289d8800 JavaThread "Build operations Thread 3" [_thread_blocked, id=9580, stack(0x000000da0bf00000,0x000000da0c000000)]
  0x000001f6289d9000 JavaThread "Build operations Thread 4" [_thread_blocked, id=22720, stack(0x000000da0c000000,0x000000da0c100000)]
  0x000001f6289db000 JavaThread "Build operations Thread 5" [_thread_blocked, id=14900, stack(0x000000da0c100000,0x000000da0c200000)]
  0x000001f6289db800 JavaThread "Build operations Thread 6" [_thread_blocked, id=4660, stack(0x000000da0c200000,0x000000da0c300000)]
  0x000001f6289d6000 JavaThread "Build operations Thread 7" [_thread_blocked, id=19492, stack(0x000000da0c300000,0x000000da0c400000)]
  0x000001f6289d7000 JavaThread "Build operations Thread 8" [_thread_blocked, id=17868, stack(0x000000da0c400000,0x000000da0c500000)]
  0x000001f6289df000 JavaThread "jar transforms Thread 2" [_thread_blocked, id=16652, stack(0x000000da0c500000,0x000000da0c600000)]
  0x000001f6289d4800 JavaThread "jar transforms Thread 3" [_thread_blocked, id=22924, stack(0x000000da0b400000,0x000000da0b500000)]
  0x000001f6289dc800 JavaThread "jar transforms Thread 4" [_thread_blocked, id=4500, stack(0x000000da0c600000,0x000000da0c700000)]
  0x000001f6289e0000 JavaThread "jar transforms Thread 5" [_thread_blocked, id=19628, stack(0x000000da0c700000,0x000000da0c800000)]
  0x000001f6289de000 JavaThread "jar transforms Thread 6" [_thread_blocked, id=23368, stack(0x000000da0c800000,0x000000da0c900000)]
  0x000001f6289dd800 JavaThread "jar transforms Thread 7" [_thread_blocked, id=5324, stack(0x000000da0c900000,0x000000da0ca00000)]
  0x000001f6289e0800 JavaThread "jar transforms Thread 8" [_thread_blocked, id=26516, stack(0x000000da0ca00000,0x000000da0cb00000)]
  0x000001f628379000 JavaThread "jar transforms Thread 9" [_thread_blocked, id=23932, stack(0x000000da0cb00000,0x000000da0cc00000)]
  0x000001f62ad0e000 JavaThread "jar transforms Thread 10" [_thread_blocked, id=22380, stack(0x000000da0cc00000,0x000000da0cd00000)]
  0x000001f62ad14000 JavaThread "jar transforms Thread 11" [_thread_blocked, id=25764, stack(0x000000da0cd00000,0x000000da0ce00000)]
  0x000001f62ad10800 JavaThread "jar transforms Thread 12" [_thread_blocked, id=19424, stack(0x000000da0ce00000,0x000000da0cf00000)]
  0x000001f62ad14800 JavaThread "jar transforms Thread 13" [_thread_blocked, id=17448, stack(0x000000da0cf00000,0x000000da0d000000)]
  0x000001f62ad0f000 JavaThread "jar transforms Thread 14" [_thread_blocked, id=23216, stack(0x000000da0d000000,0x000000da0d100000)]
  0x000001f62ad0f800 JavaThread "jar transforms Thread 15" [_thread_blocked, id=26408, stack(0x000000da0d100000,0x000000da0d200000)]
  0x000001f62ad12000 JavaThread "jar transforms Thread 16" [_thread_blocked, id=14752, stack(0x000000da0d200000,0x000000da0d300000)]
  0x000001f62ad11800 JavaThread "jar transforms Thread 17" [_thread_blocked, id=24464, stack(0x000000da0d300000,0x000000da0d400000)]
  0x000001f62ad17000 JavaThread "jar transforms Thread 18" [_thread_blocked, id=9396, stack(0x000000da0d400000,0x000000da0d500000)]
  0x000001f62ad18000 JavaThread "jar transforms Thread 19" [_thread_blocked, id=2936, stack(0x000000da0d500000,0x000000da0d600000)]
  0x000001f62ad15800 JavaThread "jar transforms Thread 20" [_thread_blocked, id=24144, stack(0x000000da0d600000,0x000000da0d700000)]
  0x000001f62ad16000 JavaThread "jar transforms Thread 21" [_thread_blocked, id=15252, stack(0x000000da0d700000,0x000000da0d800000)]
  0x000001f62ad18800 JavaThread "jar transforms Thread 22" [_thread_blocked, id=13148, stack(0x000000da0d800000,0x000000da0d900000)]
  0x000001f62ad13000 JavaThread "jar transforms Thread 23" [_thread_blocked, id=26512, stack(0x000000da0d900000,0x000000da0da00000)]
  0x000001f62ad1d000 JavaThread "jar transforms Thread 24" [_thread_blocked, id=25532, stack(0x000000da0da00000,0x000000da0db00000)]
  0x000001f62ad19800 JavaThread "jar transforms Thread 25" [_thread_blocked, id=24924, stack(0x000000da0db00000,0x000000da0dc00000)]
  0x000001f62ad1a800 JavaThread "jar transforms Thread 26" [_thread_blocked, id=26464, stack(0x000000da0dc00000,0x000000da0dd00000)]
  0x000001f62ad1b000 JavaThread "jar transforms Thread 27" [_thread_blocked, id=14660, stack(0x000000da0dd00000,0x000000da0de00000)]
  0x000001f62ad1c000 JavaThread "jar transforms Thread 28" [_thread_blocked, id=13244, stack(0x000000da0de00000,0x000000da0df00000)]
  0x000001f62870d800 JavaThread "jar transforms Thread 29" [_thread_blocked, id=13720, stack(0x000000da0df00000,0x000000da0e000000)]
  0x000001f62870e800 JavaThread "jar transforms Thread 30" [_thread_blocked, id=7824, stack(0x000000da0e000000,0x000000da0e100000)]
  0x000001f628710000 JavaThread "jar transforms Thread 31" [_thread_blocked, id=5064, stack(0x000000da0e100000,0x000000da0e200000)]
  0x000001f628713800 JavaThread "jar transforms Thread 32" [_thread_blocked, id=26496, stack(0x000000da0e200000,0x000000da0e300000)]
  0x000001f628711000 JavaThread "jar transforms Thread 33" [_thread_blocked, id=13076, stack(0x000000da0e300000,0x000000da0e400000)]
  0x000001f628712000 JavaThread "jar transforms Thread 34" [_thread_blocked, id=1884, stack(0x000000da0e400000,0x000000da0e500000)]
  0x000001f62870f800 JavaThread "jar transforms Thread 35" [_thread_blocked, id=2940, stack(0x000000da0e500000,0x000000da0e600000)]
  0x000001f628718800 JavaThread "jar transforms Thread 36" [_thread_blocked, id=14116, stack(0x000000da0e600000,0x000000da0e700000)]
  0x000001f628712800 JavaThread "jar transforms Thread 37" [_thread_blocked, id=15224, stack(0x000000da0e700000,0x000000da0e800000)]
  0x000001f628719000 JavaThread "jar transforms Thread 38" [_thread_blocked, id=22260, stack(0x000000da0e800000,0x000000da0e900000)]
  0x000001f62871a000 JavaThread "jar transforms Thread 39" [_thread_blocked, id=14852, stack(0x000000da0e900000,0x000000da0ea00000)]
  0x000001f628714000 JavaThread "jar transforms Thread 40" [_thread_blocked, id=24880, stack(0x000000da0ea00000,0x000000da0eb00000)]
  0x000001f628715000 JavaThread "jar transforms Thread 41" [_thread_blocked, id=12032, stack(0x000000da0eb00000,0x000000da0ec00000)]
  0x000001f62871b000 JavaThread "jar transforms Thread 42" [_thread_blocked, id=18408, stack(0x000000da0ec00000,0x000000da0ed00000)]
  0x000001f62871b800 JavaThread "jar transforms Thread 43" [_thread_blocked, id=8764, stack(0x000000da0ed00000,0x000000da0ee00000)]
  0x000001f628716000 JavaThread "jar transforms Thread 44" [_thread_blocked, id=13728, stack(0x000000da0ee00000,0x000000da0ef00000)]
  0x000001f62871c800 JavaThread "jar transforms Thread 45" [_thread_blocked, id=24872, stack(0x000000da0ef00000,0x000000da0f000000)]
  0x000001f628716800 JavaThread "jar transforms Thread 46" [_thread_blocked, id=25896, stack(0x000000da0f000000,0x000000da0f100000)]
  0x000001f628717800 JavaThread "jar transforms Thread 47" [_thread_blocked, id=19084, stack(0x000000da0f100000,0x000000da0f200000)]
  0x000001f62a580800 JavaThread "jar transforms Thread 48" [_thread_blocked, id=8844, stack(0x000000da0f200000,0x000000da0f300000)]
  0x000001f62a57c800 JavaThread "jar transforms Thread 49" [_thread_blocked, id=15708, stack(0x000000da0f300000,0x000000da0f400000)]
  0x000001f62a57d000 JavaThread "jar transforms Thread 50" [_thread_blocked, id=8864, stack(0x000000da0f400000,0x000000da0f500000)]
  0x000001f62a583000 JavaThread "jar transforms Thread 51" [_thread_blocked, id=23712, stack(0x000000da0f500000,0x000000da0f600000)]
  0x000001f62a57e000 JavaThread "jar transforms Thread 52" [_thread_blocked, id=18128, stack(0x000000da0f600000,0x000000da0f700000)]
  0x000001f62a582000 JavaThread "jar transforms Thread 53" [_thread_blocked, id=14720, stack(0x000000da0f700000,0x000000da0f800000)]
  0x000001f62a581000 JavaThread "jar transforms Thread 54" [_thread_blocked, id=25444, stack(0x000000da0f800000,0x000000da0f900000)]
  0x000001f62a584800 JavaThread "jar transforms Thread 55" [_thread_blocked, id=16732, stack(0x000000da0f900000,0x000000da0fa00000)]
  0x000001f62a583800 JavaThread "jar transforms Thread 56" [_thread_blocked, id=17120, stack(0x000000da0fa00000,0x000000da0fb00000)]
  0x000001f62a57f000 JavaThread "jar transforms Thread 57" [_thread_blocked, id=26328, stack(0x000000da0fb00000,0x000000da0fc00000)]
  0x000001f62a585800 JavaThread "jar transforms Thread 58" [_thread_blocked, id=6836, stack(0x000000da0fc00000,0x000000da0fd00000)]
  0x000001f62a57f800 JavaThread "jar transforms Thread 59" [_thread_blocked, id=11304, stack(0x000000da0fd00000,0x000000da0fe00000)]
  0x000001f62a58a000 JavaThread "jar transforms Thread 60" [_thread_blocked, id=25868, stack(0x000000da0fe00000,0x000000da0ff00000)]
  0x000001f62a588800 JavaThread "jar transforms Thread 61" [_thread_blocked, id=16436, stack(0x000000da0ff00000,0x000000da10000000)]
  0x000001f62a588000 JavaThread "jar transforms Thread 62" [_thread_blocked, id=24404, stack(0x000000da10000000,0x000000da10100000)]
  0x000001f62a589800 JavaThread "jar transforms Thread 63" [_thread_blocked, id=9656, stack(0x000000da10100000,0x000000da10200000)]
  0x000001f62a58b000 JavaThread "jar transforms Thread 64" [_thread_blocked, id=11852, stack(0x000000da10200000,0x000000da10300000)]
  0x000001f62a587000 JavaThread "jar transforms Thread 65" [_thread_blocked, id=18388, stack(0x000000da10300000,0x000000da10400000)]
  0x000001f62a586000 JavaThread "jar transforms Thread 66" [_thread_blocked, id=21072, stack(0x000000da10400000,0x000000da10500000)]
  0x000001f626653000 JavaThread "jar transforms Thread 67" [_thread_blocked, id=21584, stack(0x000000da10500000,0x000000da10600000)]
  0x000001f626654800 JavaThread "jar transforms Thread 68" [_thread_blocked, id=21108, stack(0x000000da10600000,0x000000da10700000)]
  0x000001f626652000 JavaThread "jar transforms Thread 69" [_thread_blocked, id=10328, stack(0x000000da10700000,0x000000da10800000)]
  0x000001f626653800 JavaThread "jar transforms Thread 70" [_thread_blocked, id=4540, stack(0x000000da10800000,0x000000da10900000)]
  0x000001f626651000 JavaThread "jar transforms Thread 71" [_thread_blocked, id=23812, stack(0x000000da10900000,0x000000da10a00000)]
  0x000001f626656000 JavaThread "jar transforms Thread 72" [_thread_blocked, id=19488, stack(0x000000da10a00000,0x000000da10b00000)]
  0x000001f626658800 JavaThread "jar transforms Thread 73" [_thread_blocked, id=22980, stack(0x000000da10b00000,0x000000da10c00000)]
  0x000001f62665a000 JavaThread "jar transforms Thread 74" [_thread_blocked, id=26308, stack(0x000000da10c00000,0x000000da10d00000)]
  0x000001f626657000 JavaThread "jar transforms Thread 75" [_thread_blocked, id=24996, stack(0x000000da10d00000,0x000000da10e00000)]
  0x000001f62665b000 JavaThread "jar transforms Thread 76" [_thread_blocked, id=19800, stack(0x000000da10e00000,0x000000da10f00000)]
  0x000001f626655000 JavaThread "jar transforms Thread 77" [_thread_blocked, id=19940, stack(0x000000da10f00000,0x000000da11000000)]
  0x000001f626657800 JavaThread "jar transforms Thread 78" [_thread_blocked, id=21500, stack(0x000000da11000000,0x000000da11100000)]
  0x000001f62665c800 JavaThread "jar transforms Thread 79" [_thread_blocked, id=15444, stack(0x000000da11100000,0x000000da11200000)]
  0x000001f62665b800 JavaThread "jar transforms Thread 80" [_thread_blocked, id=22984, stack(0x000000da11200000,0x000000da11300000)]
  0x000001f62665d800 JavaThread "jar transforms Thread 81" [_thread_blocked, id=23264, stack(0x000000da11300000,0x000000da11400000)]
  0x000001f62665e000 JavaThread "jar transforms Thread 82" [_thread_blocked, id=14320, stack(0x000000da11400000,0x000000da11500000)]
  0x000001f62665f000 JavaThread "jar transforms Thread 83" [_thread_blocked, id=4564, stack(0x000000da11500000,0x000000da11600000)]
  0x000001f626659800 JavaThread "jar transforms Thread 84" [_thread_blocked, id=24564, stack(0x000000da11600000,0x000000da11700000)]
  0x000001f626660000 JavaThread "jar transforms Thread 85" [_thread_blocked, id=24612, stack(0x000000da11700000,0x000000da11800000)]
  0x000001f62bc91000 JavaThread "jar transforms Thread 86" [_thread_blocked, id=10920, stack(0x000000da11800000,0x000000da11900000)]
  0x000001f62bc91800 JavaThread "jar transforms Thread 87" [_thread_blocked, id=21848, stack(0x000000da11900000,0x000000da11a00000)]
  0x000001f62bc8f800 JavaThread "jar transforms Thread 88" [_thread_blocked, id=15556, stack(0x000000da11a00000,0x000000da11b00000)]
  0x000001f62bc92800 JavaThread "jar transforms Thread 89" [_thread_blocked, id=25476, stack(0x000000da11b00000,0x000000da11c00000)]
  0x000001f62bc93800 JavaThread "jar transforms Thread 90" [_thread_blocked, id=13644, stack(0x000000da11c00000,0x000000da11d00000)]
  0x000001f62bc8e800 JavaThread "jar transforms Thread 91" [_thread_blocked, id=25796, stack(0x000000da11d00000,0x000000da11e00000)]
  0x000001f62bc96000 JavaThread "jar transforms Thread 92" [_thread_blocked, id=22544, stack(0x000000da11e00000,0x000000da11f00000)]
  0x000001f62bc94000 JavaThread "jar transforms Thread 93" [_thread_blocked, id=22164, stack(0x000000da11f00000,0x000000da12000000)]
  0x000001f62bc95000 JavaThread "jar transforms Thread 94" [_thread_blocked, id=14640, stack(0x000000da12000000,0x000000da12100000)]
  0x000001f62bc90000 JavaThread "jar transforms Thread 95" [_thread_blocked, id=5360, stack(0x000000da12100000,0x000000da12200000)]
  0x000001f62bc9c800 JavaThread "jar transforms Thread 96" [_thread_blocked, id=11968, stack(0x000000da12200000,0x000000da12300000)]
  0x000001f62bc97800 JavaThread "jar transforms Thread 97" [_thread_blocked, id=24172, stack(0x000000da12300000,0x000000da12400000)]
  0x000001f62bc9a800 JavaThread "jar transforms Thread 98" [_thread_blocked, id=12328, stack(0x000000da12400000,0x000000da12500000)]
  0x000001f62bc98800 JavaThread "jar transforms Thread 99" [_thread_blocked, id=25096, stack(0x000000da12500000,0x000000da12600000)]
  0x000001f62bc9a000 JavaThread "jar transforms Thread 100" [_thread_blocked, id=21696, stack(0x000000da12600000,0x000000da12700000)]
  0x000001f62bc9b800 JavaThread "jar transforms Thread 101" [_thread_blocked, id=18444, stack(0x000000da12700000,0x000000da12800000)]
  0x000001f62bc99000 JavaThread "jar transforms Thread 102" [_thread_blocked, id=24652, stack(0x000000da12800000,0x000000da12900000)]
  0x000001f62bc96800 JavaThread "jar transforms Thread 103" [_thread_blocked, id=11220, stack(0x000000da12900000,0x000000da12a00000)]
  0x000001f62bc9d000 JavaThread "jar transforms Thread 104" [_thread_blocked, id=25652, stack(0x000000da12a00000,0x000000da12b00000)]
  0x000001f628890000 JavaThread "jar transforms Thread 105" [_thread_blocked, id=23568, stack(0x000000da12b00000,0x000000da12c00000)]
  0x000001f62888c800 JavaThread "jar transforms Thread 106" [_thread_blocked, id=24496, stack(0x000000da12c00000,0x000000da12d00000)]
  0x000001f628893000 JavaThread "jar transforms Thread 107" [_thread_blocked, id=24532, stack(0x000000da12d00000,0x000000da12e00000)]
  0x000001f628890800 JavaThread "jar transforms Thread 108" [_thread_blocked, id=18988, stack(0x000000da12e00000,0x000000da12f00000)]
  0x000001f62888d800 JavaThread "jar transforms Thread 109" [_thread_blocked, id=21160, stack(0x000000da12f00000,0x000000da13000000)]
  0x000001f628891800 JavaThread "jar transforms Thread 110" [_thread_blocked, id=10648, stack(0x000000da13000000,0x000000da13100000)]
  0x000001f628892800 JavaThread "jar transforms Thread 111" [_thread_blocked, id=12732, stack(0x000000da13100000,0x000000da13200000)]
  0x000001f62888e000 JavaThread "jar transforms Thread 112" [_thread_blocked, id=18808, stack(0x000000da13200000,0x000000da13300000)]
  0x000001f628895000 JavaThread "jar transforms Thread 113" [_thread_blocked, id=7176, stack(0x000000da13300000,0x000000da13400000)]
  0x000001f628894000 JavaThread "jar transforms Thread 114" [_thread_blocked, id=26352, stack(0x000000da13400000,0x000000da13500000)]
  0x000001f62888f000 JavaThread "jar transforms Thread 115" [_thread_blocked, id=10392, stack(0x000000da13500000,0x000000da13600000)]
  0x000001f628895800 JavaThread "jar transforms Thread 116" [_thread_blocked, id=1748, stack(0x000000da13600000,0x000000da13700000)]
  0x000001f628896800 JavaThread "jar transforms Thread 117" [_thread_blocked, id=26564, stack(0x000000da13700000,0x000000da13800000)]
  0x000001f62889b800 JavaThread "jar transforms Thread 118" [_thread_blocked, id=10704, stack(0x000000da13800000,0x000000da13900000)]
  0x000001f628898000 JavaThread "jar transforms Thread 119" [_thread_blocked, id=4248, stack(0x000000da13900000,0x000000da13a00000)]
  0x000001f628897000 JavaThread "jar transforms Thread 120" [_thread_blocked, id=10060, stack(0x000000da13a00000,0x000000da13b00000)]
  0x000001f628899000 JavaThread "jar transforms Thread 121" [_thread_blocked, id=25428, stack(0x000000da13b00000,0x000000da13c00000)]
  0x000001f628899800 JavaThread "Memory manager" [_thread_blocked, id=24736, stack(0x000000da13c00000,0x000000da13d00000)]
  0x000001f62889a800 JavaThread "build event listener" [_thread_blocked, id=24956, stack(0x000000da13d00000,0x000000da13e00000)]
  0x000001f62db06000 JavaThread "pool-3-thread-1" [_thread_blocked, id=19764, stack(0x000000da13e00000,0x000000da13f00000)]
  0x000001f62db03000 JavaThread "build event listener" [_thread_blocked, id=26544, stack(0x000000da13f00000,0x000000da14000000)]
  0x000001f62db07000 JavaThread "Execution worker for ':'" [_thread_blocked, id=10624, stack(0x000000da14000000,0x000000da14100000)]
  0x000001f62db04800 JavaThread "Execution worker for ':' Thread 2" [_thread_blocked, id=15388, stack(0x000000da14100000,0x000000da14200000)]
  0x000001f62db05800 JavaThread "Execution worker for ':' Thread 3" [_thread_blocked, id=22184, stack(0x000000da14200000,0x000000da14300000)]
  0x000001f62db04000 JavaThread "Execution worker for ':' Thread 4" [_thread_blocked, id=11592, stack(0x000000da14300000,0x000000da14400000)]
  0x000001f62db01800 JavaThread "Execution worker for ':' Thread 5" [_thread_blocked, id=25616, stack(0x000000da14400000,0x000000da14500000)]
  0x000001f62db08000 JavaThread "Execution worker for ':' Thread 6" [_thread_blocked, id=2504, stack(0x000000da14500000,0x000000da14600000)]
  0x000001f62db02000 JavaThread "Execution worker for ':' Thread 7" [_thread_blocked, id=26068, stack(0x000000da14600000,0x000000da14700000)]
  0x000001f62db0d800 JavaThread "Cache worker for execution history cache (C:\Android Projects\MyShopPal\.gradle\6.7.1\executionHistory)" [_thread_blocked, id=10580, stack(0x000000da14700000,0x000000da14800000)]
  0x000001f62db0e800 JavaThread "WorkerExecutor Queue" [_thread_blocked, id=23916, stack(0x000000da14800000,0x000000da14900000)]
  0x000001f62db08800 JavaThread "WorkerExecutor Queue Thread 2" [_thread_blocked, id=24420, stack(0x000000da14900000,0x000000da14a00000)]
  0x000001f62db0a800 JavaThread "WorkerExecutor Queue Thread 3" [_thread_blocked, id=11372, stack(0x000000da14a00000,0x000000da14b00000)]
  0x000001f62db09800 JavaThread "WorkerExecutor Queue Thread 4" [_thread_blocked, id=10132, stack(0x000000da14b00000,0x000000da14c00000)]
  0x000001f62db0b000 JavaThread "WorkerExecutor Queue Thread 5" [_thread_blocked, id=1968, stack(0x000000da14c00000,0x000000da14d00000)]

Other Threads:
=>0x000001f625875000 VMThread "VM Thread" [stack: 0x000000da09200000,0x000000da09300000] [id=13184]
  0x000001f626398800 WatcherThread [stack: 0x000000da09c00000,0x000000da09d00000] [id=5044]
  0x000001f6095f5800 GCTaskThread "GC Thread#0" [stack: 0x000000da08d00000,0x000000da08e00000] [id=2648]
  0x000001f626df7800 GCTaskThread "GC Thread#1" [stack: 0x000000da09e00000,0x000000da09f00000] [id=13508]
  0x000001f62729a800 GCTaskThread "GC Thread#2" [stack: 0x000000da09f00000,0x000000da0a000000] [id=5884]
  0x000001f62837e800 GCTaskThread "GC Thread#3" [stack: 0x000000da0a600000,0x000000da0a700000] [id=24676]
  0x000001f6285ac800 GCTaskThread "GC Thread#4" [stack: 0x000000da0ac00000,0x000000da0ad00000] [id=24804]
  0x000001f62835f800 GCTaskThread "GC Thread#5" [stack: 0x000000da0ad00000,0x000000da0ae00000] [id=20192]
  0x000001f627993000 GCTaskThread "GC Thread#6" [stack: 0x000000da0ae00000,0x000000da0af00000] [id=25976]
  0x000001f62835c800 GCTaskThread "GC Thread#7" [stack: 0x000000da0af00000,0x000000da0b000000] [id=25548]
  0x000001f609625800 ConcurrentGCThread "G1 Main Marker" [stack: 0x000000da08e00000,0x000000da08f00000] [id=12576]
  0x000001f609629000 ConcurrentGCThread "G1 Conc#0" [stack: 0x000000da08f00000,0x000000da09000000] [id=21264]
  0x000001f62868c000 ConcurrentGCThread "G1 Conc#1" [stack: 0x000000da0b200000,0x000000da0b300000] [id=26236]
  0x000001f6256c0800 ConcurrentGCThread "G1 Refine#0" [stack: 0x000000da09000000,0x000000da09100000] [id=11292]
  0x000001f6256c1800 ConcurrentGCThread "G1 Young RemSet Sampling" [stack: 0x000000da09100000,0x000000da09200000] [id=10676]

Threads with active compile tasks:
C2 CompilerThread0  29211 11722       4       org.gradle.internal.dispatch.ReflectionDispatch::dispatch (9 bytes)

VM state:at safepoint (normal execution)

VM Mutex/Monitor currently owned by a thread:  ([mutex/lock_event])
[0x000001f6095da730] Threads_lock - owner thread: 0x000001f625875000
[0x000001f6095da8e0] Heap_lock - owner thread: 0x000001f6289da000

Heap address: 0x0000000080000000, size: 2048 MB, Compressed Oops mode: 32-bit
Narrow klass base: 0x0000000000000000, Narrow klass shift: 3
Compressed class space size: 1073741824 Address: 0x0000000100000000

Heap:
 garbage-first heap   total 282624K, used 103293K [0x0000000080000000, 0x0000000100000000)
  region size 1024K, 7 young (7168K), 7 survivors (7168K)
 Metaspace       used 91776K, capacity 93719K, committed 93952K, reserved 1130496K
  class space    used 11523K, capacity 12207K, committed 12288K, reserved 1048576K
Heap Regions: E=young(eden), S=young(survivor), O=old, HS=humongous(starts), HC=humongous(continues), CS=collection set, F=free, A=archive, TAMS=top-at-mark-start (previous, next)
|   0|0x0000000080000000, 0x0000000080100000, 0x0000000080100000|100%| O|  |TAMS 0x0000000080100000, 0x0000000080000000| Untracked 
|   1|0x0000000080100000, 0x0000000080200000, 0x0000000080200000|100%| O|  |TAMS 0x0000000080200000, 0x0000000080100000| Untracked 
|   2|0x0000000080200000, 0x0000000080300000, 0x0000000080300000|100%| O|  |TAMS 0x0000000080300000, 0x0000000080200000| Untracked 
|   3|0x0000000080300000, 0x0000000080400000, 0x0000000080400000|100%|HS|  |TAMS 0x0000000080400000, 0x0000000080300000| Complete 
|   4|0x0000000080400000, 0x0000000080500000, 0x0000000080500000|100%|HC|  |TAMS 0x0000000080500000, 0x0000000080400000| Complete 
|   5|0x0000000080500000, 0x0000000080600000, 0x0000000080600000|100%|HC|  |TAMS 0x0000000080600000, 0x0000000080500000| Complete 
|   6|0x0000000080600000, 0x0000000080700000, 0x0000000080700000|100%| O|  |TAMS 0x0000000080700000, 0x0000000080600000| Untracked 
|   7|0x0000000080700000, 0x0000000080800000, 0x0000000080800000|100%| O|  |TAMS 0x0000000080800000, 0x0000000080700000| Untracked 
|   8|0x0000000080800000, 0x0000000080900000, 0x0000000080900000|100%| O|  |TAMS 0x0000000080900000, 0x0000000080800000| Untracked 
|   9|0x0000000080900000, 0x0000000080a00000, 0x0000000080a00000|100%| O|  |TAMS 0x0000000080a00000, 0x0000000080900000| Untracked 
|  10|0x0000000080a00000, 0x0000000080b00000, 0x0000000080b00000|100%| O|  |TAMS 0x0000000080b00000, 0x0000000080a00000| Untracked 
|  11|0x0000000080b00000, 0x0000000080c00000, 0x0000000080c00000|100%| O|  |TAMS 0x0000000080c00000, 0x0000000080b00000| Untracked 
|  12|0x0000000080c00000, 0x0000000080d00000, 0x0000000080d00000|100%| O|  |TAMS 0x0000000080d00000, 0x0000000080c00000| Untracked 
|  13|0x0000000080d00000, 0x0000000080e00000, 0x0000000080e00000|100%| O|  |TAMS 0x0000000080e00000, 0x0000000080d00000| Untracked 
|  14|0x0000000080e00000, 0x0000000080f00000, 0x0000000080f00000|100%| O|  |TAMS 0x0000000080f00000, 0x0000000080e00000| Untracked 
|  15|0x0000000080f00000, 0x0000000081000000, 0x0000000081000000|100%| O|  |TAMS 0x0000000081000000, 0x0000000080f00000| Untracked 
|  16|0x0000000081000000, 0x0000000081100000, 0x0000000081100000|100%| O|  |TAMS 0x0000000081100000, 0x0000000081000000| Untracked 
|  17|0x0000000081100000, 0x0000000081200000, 0x0000000081200000|100%| O|  |TAMS 0x0000000081200000, 0x0000000081100000| Untracked 
|  18|0x0000000081200000, 0x0000000081300000, 0x0000000081300000|100%| O|  |TAMS 0x0000000081300000, 0x0000000081200000| Untracked 
|  19|0x0000000081300000, 0x0000000081400000, 0x0000000081400000|100%|HS|  |TAMS 0x0000000081400000, 0x0000000081300000| Complete 
|  20|0x0000000081400000, 0x0000000081500000, 0x0000000081500000|100%| O|  |TAMS 0x0000000081500000, 0x0000000081400000| Untracked 
|  21|0x0000000081500000, 0x0000000081600000, 0x0000000081600000|100%| O|  |TAMS 0x0000000081600000, 0x0000000081500000| Untracked 
|  22|0x0000000081600000, 0x0000000081700000, 0x0000000081700000|100%|HS|  |TAMS 0x0000000081700000, 0x0000000081600000| Complete 
|  23|0x0000000081700000, 0x0000000081800000, 0x0000000081800000|100%|HS|  |TAMS 0x0000000081800000, 0x0000000081700000| Complete 
|  24|0x0000000081800000, 0x0000000081900000, 0x0000000081900000|100%|HC|  |TAMS 0x0000000081900000, 0x0000000081800000| Complete 
|  25|0x0000000081900000, 0x0000000081a00000, 0x0000000081a00000|100%|HC|  |TAMS 0x0000000081a00000, 0x0000000081900000| Complete 
|  26|0x0000000081a00000, 0x0000000081b00000, 0x0000000081b00000|100%|HS|  |TAMS 0x0000000081b00000, 0x0000000081a00000| Complete 
|  27|0x0000000081b00000, 0x0000000081c00000, 0x0000000081c00000|100%|HC|  |TAMS 0x0000000081c00000, 0x0000000081b00000| Complete 
|  28|0x0000000081c00000, 0x0000000081d00000, 0x0000000081d00000|100%| O|  |TAMS 0x0000000081d00000, 0x0000000081c00000| Untracked 
|  29|0x0000000081d00000, 0x0000000081e00000, 0x0000000081e00000|100%| O|  |TAMS 0x0000000081e00000, 0x0000000081d00000| Untracked 
|  30|0x0000000081e00000, 0x0000000081f00000, 0x0000000081f00000|100%| O|  |TAMS 0x0000000081f00000, 0x0000000081e00000| Untracked 
|  31|0x0000000081f00000, 0x0000000082000000, 0x0000000082000000|100%| O|  |TAMS 0x0000000082000000, 0x0000000081f00000| Untracked 
|  32|0x0000000082000000, 0x0000000082100000, 0x0000000082100000|100%| O|  |TAMS 0x0000000082100000, 0x0000000082000000| Untracked 
|  33|0x0000000082100000, 0x00000000821e0600, 0x0000000082200000| 87%| O|  |TAMS 0x0000000082100000, 0x0000000082100000| Untracked 
|  34|0x0000000082200000, 0x0000000082300000, 0x0000000082300000|100%| O|  |TAMS 0x0000000082300000, 0x0000000082200000| Untracked 
|  35|0x0000000082300000, 0x0000000082400000, 0x0000000082400000|100%| O|  |TAMS 0x0000000082400000, 0x0000000082300000| Untracked 
|  36|0x0000000082400000, 0x0000000082500000, 0x0000000082500000|100%| O|  |TAMS 0x0000000082500000, 0x0000000082400000| Untracked 
|  37|0x0000000082500000, 0x0000000082600000, 0x0000000082600000|100%| O|  |TAMS 0x0000000082600000, 0x0000000082500000| Untracked 
|  38|0x0000000082600000, 0x0000000082700000, 0x0000000082700000|100%| O|  |TAMS 0x0000000082700000, 0x0000000082600000| Untracked 
|  39|0x0000000082700000, 0x0000000082800000, 0x0000000082800000|100%| O|  |TAMS 0x0000000082800000, 0x0000000082700000| Untracked 
|  40|0x0000000082800000, 0x0000000082900000, 0x0000000082900000|100%| O|  |TAMS 0x0000000082900000, 0x0000000082800000| Untracked 
|  41|0x0000000082900000, 0x0000000082a00000, 0x0000000082a00000|100%| O|  |TAMS 0x0000000082a00000, 0x0000000082900000| Untracked 
|  42|0x0000000082a00000, 0x0000000082b00000, 0x0000000082b00000|100%| O|  |TAMS 0x0000000082b00000, 0x0000000082a00000| Untracked 
|  43|0x0000000082b00000, 0x0000000082c00000, 0x0000000082c00000|100%| O|  |TAMS 0x0000000082c00000, 0x0000000082b00000| Untracked 
|  44|0x0000000082c00000, 0x0000000082d00000, 0x0000000082d00000|100%| O|  |TAMS 0x0000000082d00000, 0x0000000082c00000| Untracked 
|  45|0x0000000082d00000, 0x0000000082e00000, 0x0000000082e00000|100%| O|  |TAMS 0x0000000082e00000, 0x0000000082d00000| Untracked 
|  46|0x0000000082e00000, 0x0000000082f00000, 0x0000000082f00000|100%| O|  |TAMS 0x0000000082f00000, 0x0000000082e00000| Untracked 
|  47|0x0000000082f00000, 0x0000000083000000, 0x0000000083000000|100%| O|  |TAMS 0x0000000083000000, 0x0000000082f00000| Untracked 
|  48|0x0000000083000000, 0x0000000083100000, 0x0000000083100000|100%| O|  |TAMS 0x0000000083100000, 0x0000000083000000| Untracked 
|  49|0x0000000083100000, 0x0000000083200000, 0x0000000083200000|100%| O|  |TAMS 0x0000000083200000, 0x0000000083100000| Untracked 
|  50|0x0000000083200000, 0x0000000083300000, 0x0000000083300000|100%| O|  |TAMS 0x0000000083300000, 0x0000000083200000| Untracked 
|  51|0x0000000083300000, 0x0000000083400000, 0x0000000083400000|100%| O|  |TAMS 0x0000000083400000, 0x0000000083300000| Untracked 
|  52|0x0000000083400000, 0x0000000083500000, 0x0000000083500000|100%| O|  |TAMS 0x0000000083500000, 0x0000000083400000| Untracked 
|  53|0x0000000083500000, 0x0000000083600000, 0x0000000083600000|100%| O|  |TAMS 0x0000000083600000, 0x0000000083500000| Untracked 
|  54|0x0000000083600000, 0x0000000083700000, 0x0000000083700000|100%| O|  |TAMS 0x0000000083700000, 0x0000000083600000| Untracked 
|  55|0x0000000083700000, 0x0000000083800000, 0x0000000083800000|100%| O|  |TAMS 0x0000000083800000, 0x0000000083700000| Untracked 
|  56|0x0000000083800000, 0x0000000083900000, 0x0000000083900000|100%| O|  |TAMS 0x0000000083900000, 0x0000000083800000| Untracked 
|  57|0x0000000083900000, 0x0000000083a00000, 0x0000000083a00000|100%| O|  |TAMS 0x0000000083a00000, 0x0000000083900000| Untracked 
|  58|0x0000000083a00000, 0x0000000083b00000, 0x0000000083b00000|100%| O|  |TAMS 0x0000000083b00000, 0x0000000083a00000| Untracked 
|  59|0x0000000083b00000, 0x0000000083c00000, 0x0000000083c00000|100%| O|  |TAMS 0x0000000083c00000, 0x0000000083b00000| Untracked 
|  60|0x0000000083c00000, 0x0000000083d00000, 0x0000000083d00000|100%| O|  |TAMS 0x0000000083d00000, 0x0000000083c00000| Untracked 
|  61|0x0000000083d00000, 0x0000000083e00000, 0x0000000083e00000|100%| O|  |TAMS 0x0000000083e00000, 0x0000000083d00000| Untracked 
|  62|0x0000000083e00000, 0x0000000083f00000, 0x0000000083f00000|100%| O|  |TAMS 0x0000000083f00000, 0x0000000083e00000| Untracked 
|  63|0x0000000083f00000, 0x0000000084000000, 0x0000000084000000|100%| O|  |TAMS 0x0000000084000000, 0x0000000083f00000| Untracked 
|  64|0x0000000084000000, 0x0000000084100000, 0x0000000084100000|100%| O|  |TAMS 0x0000000084100000, 0x0000000084000000| Untracked 
|  65|0x0000000084100000, 0x0000000084200000, 0x0000000084200000|100%| O|  |TAMS 0x0000000084200000, 0x0000000084100000| Untracked 
|  66|0x0000000084200000, 0x0000000084300000, 0x0000000084300000|100%| O|  |TAMS 0x0000000084300000, 0x0000000084200000| Untracked 
|  67|0x0000000084300000, 0x0000000084400000, 0x0000000084400000|100%| O|  |TAMS 0x0000000084400000, 0x0000000084300000| Untracked 
|  68|0x0000000084400000, 0x0000000084500000, 0x0000000084500000|100%| O|  |TAMS 0x0000000084500000, 0x0000000084400000| Untracked 
|  69|0x0000000084500000, 0x0000000084600000, 0x0000000084600000|100%| O|  |TAMS 0x0000000084600000, 0x0000000084500000| Untracked 
|  70|0x0000000084600000, 0x0000000084700000, 0x0000000084700000|100%| O|  |TAMS 0x0000000084700000, 0x0000000084600000| Untracked 
|  71|0x0000000084700000, 0x0000000084800000, 0x0000000084800000|100%| O|  |TAMS 0x0000000084800000, 0x0000000084700000| Untracked 
|  72|0x0000000084800000, 0x0000000084900000, 0x0000000084900000|100%| O|  |TAMS 0x0000000084900000, 0x0000000084800000| Untracked 
|  73|0x0000000084900000, 0x0000000084a00000, 0x0000000084a00000|100%| O|  |TAMS 0x0000000084a00000, 0x0000000084900000| Untracked 
|  74|0x0000000084a00000, 0x0000000084b00000, 0x0000000084b00000|100%| O|  |TAMS 0x0000000084b00000, 0x0000000084a00000| Untracked 
|  75|0x0000000084b00000, 0x0000000084c00000, 0x0000000084c00000|100%| O|  |TAMS 0x0000000084c00000, 0x0000000084b00000| Untracked 
|  76|0x0000000084c00000, 0x0000000084d00000, 0x0000000084d00000|100%| O|  |TAMS 0x0000000084d00000, 0x0000000084c00000| Untracked 
|  77|0x0000000084d00000, 0x0000000084d00000, 0x0000000084e00000|  0%| F|  |TAMS 0x0000000084d00000, 0x0000000084d00000| Untracked 
|  78|0x0000000084e00000, 0x0000000084f00000, 0x0000000084f00000|100%| O|  |TAMS 0x0000000084f00000, 0x0000000084e00000| Untracked 
|  79|0x0000000084f00000, 0x0000000085000000, 0x0000000085000000|100%| O|  |TAMS 0x0000000085000000, 0x0000000084f00000| Untracked 
|  80|0x0000000085000000, 0x0000000085100000, 0x0000000085100000|100%| O|  |TAMS 0x0000000085100000, 0x0000000085000000| Untracked 
|  81|0x0000000085100000, 0x0000000085200000, 0x0000000085200000|100%| O|  |TAMS 0x0000000085100000, 0x0000000085100000| Untracked 
|  82|0x0000000085200000, 0x0000000085300000, 0x0000000085300000|100%| O|  |TAMS 0x0000000085200000, 0x0000000085200000| Untracked 
|  83|0x0000000085300000, 0x0000000085400000, 0x0000000085400000|100%| O|  |TAMS 0x0000000085300000, 0x0000000085300000| Untracked 
|  84|0x0000000085400000, 0x0000000085500000, 0x0000000085500000|100%| O|  |TAMS 0x0000000085400000, 0x0000000085400000| Untracked 
|  85|0x0000000085500000, 0x0000000085600000, 0x0000000085600000|100%| O|  |TAMS 0x0000000085500000, 0x0000000085500000| Untracked 
|  86|0x0000000085600000, 0x0000000085700000, 0x0000000085700000|100%| O|  |TAMS 0x0000000085600000, 0x0000000085600000| Untracked 
|  87|0x0000000085700000, 0x0000000085800000, 0x0000000085800000|100%| O|  |TAMS 0x0000000085700000, 0x0000000085700000| Untracked 
|  88|0x0000000085800000, 0x0000000085900000, 0x0000000085900000|100%| O|  |TAMS 0x0000000085800000, 0x0000000085800000| Untracked 
|  89|0x0000000085900000, 0x0000000085a00000, 0x0000000085a00000|100%| O|  |TAMS 0x0000000085900000, 0x0000000085900000| Untracked 
|  90|0x0000000085a00000, 0x0000000085b00000, 0x0000000085b00000|100%| O|  |TAMS 0x0000000085a00000, 0x0000000085a00000| Untracked 
|  91|0x0000000085b00000, 0x0000000085c00000, 0x0000000085c00000|100%| O|  |TAMS 0x0000000085c00000, 0x0000000085b00000| Untracked 
|  92|0x0000000085c00000, 0x0000000085c00000, 0x0000000085d00000|  0%| F|  |TAMS 0x0000000085c00000, 0x0000000085c00000| Untracked 
|  93|0x0000000085d00000, 0x0000000085d00000, 0x0000000085e00000|  0%| F|  |TAMS 0x0000000085d00000, 0x0000000085d00000| Untracked 
|  94|0x0000000085e00000, 0x0000000085e00000, 0x0000000085f00000|  0%| F|  |TAMS 0x0000000085e00000, 0x0000000085e00000| Untracked 
|  95|0x0000000085f00000, 0x0000000085f00000, 0x0000000086000000|  0%| F|  |TAMS 0x0000000085f00000, 0x0000000085f00000| Untracked 
|  96|0x0000000086000000, 0x0000000086000000, 0x0000000086100000|  0%| F|  |TAMS 0x0000000086000000, 0x0000000086000000| Untracked 
|  97|0x0000000086100000, 0x0000000086100000, 0x0000000086200000|  0%| F|  |TAMS 0x0000000086100000, 0x0000000086100000| Untracked 
|  98|0x0000000086200000, 0x0000000086300000, 0x0000000086300000|100%| O|  |TAMS 0x0000000086300000, 0x0000000086200000| Untracked 
|  99|0x0000000086300000, 0x0000000086400000, 0x0000000086400000|100%| O|  |TAMS 0x0000000086400000, 0x0000000086300000| Untracked 
| 100|0x0000000086400000, 0x0000000086500000, 0x0000000086500000|100%| O|  |TAMS 0x000000008646c800, 0x0000000086400000| Untracked 
| 101|0x0000000086500000, 0x0000000086500000, 0x0000000086600000|  0%| F|  |TAMS 0x0000000086500000, 0x0000000086500000| Untracked 
| 102|0x0000000086600000, 0x0000000086600000, 0x0000000086700000|  0%| F|  |TAMS 0x0000000086600000, 0x0000000086600000| Untracked 
| 103|0x0000000086700000, 0x0000000086700000, 0x0000000086800000|  0%| F|  |TAMS 0x0000000086700000, 0x0000000086700000| Untracked 
| 104|0x0000000086800000, 0x0000000086800000, 0x0000000086900000|  0%| F|  |TAMS 0x0000000086800000, 0x0000000086800000| Untracked 
| 105|0x0000000086900000, 0x0000000086900000, 0x0000000086a00000|  0%| F|  |TAMS 0x0000000086900000, 0x0000000086900000| Untracked 
| 106|0x0000000086a00000, 0x0000000086a00000, 0x0000000086b00000|  0%| F|  |TAMS 0x0000000086a00000, 0x0000000086a00000| Untracked 
| 107|0x0000000086b00000, 0x0000000086b00000, 0x0000000086c00000|  0%| F|  |TAMS 0x0000000086b00000, 0x0000000086b00000| Untracked 
| 108|0x0000000086c00000, 0x0000000086c00000, 0x0000000086d00000|  0%| F|  |TAMS 0x0000000086c00000, 0x0000000086c00000| Untracked 
| 109|0x0000000086d00000, 0x0000000086d00000, 0x0000000086e00000|  0%| F|  |TAMS 0x0000000086d00000, 0x0000000086d00000| Untracked 
| 110|0x0000000086e00000, 0x0000000086e00000, 0x0000000086f00000|  0%| F|  |TAMS 0x0000000086e00000, 0x0000000086e00000| Untracked 
| 111|0x0000000086f00000, 0x0000000086f00000, 0x0000000087000000|  0%| F|  |TAMS 0x0000000086f00000, 0x0000000086f00000| Untracked 
| 112|0x0000000087000000, 0x0000000087000000, 0x0000000087100000|  0%| F|  |TAMS 0x0000000087000000, 0x0000000087000000| Untracked 
| 113|0x0000000087100000, 0x0000000087100000, 0x0000000087200000|  0%| F|  |TAMS 0x0000000087100000, 0x0000000087100000| Untracked 
| 114|0x0000000087200000, 0x0000000087200000, 0x0000000087300000|  0%| F|  |TAMS 0x0000000087200000, 0x0000000087200000| Untracked 
| 115|0x0000000087300000, 0x0000000087300000, 0x0000000087400000|  0%| F|  |TAMS 0x0000000087300000, 0x0000000087300000| Untracked 
| 116|0x0000000087400000, 0x0000000087400000, 0x0000000087500000|  0%| F|  |TAMS 0x0000000087400000, 0x0000000087400000| Untracked 
| 117|0x0000000087500000, 0x0000000087500000, 0x0000000087600000|  0%| F|  |TAMS 0x0000000087500000, 0x0000000087500000| Untracked 
| 118|0x0000000087600000, 0x0000000087600000, 0x0000000087700000|  0%| F|  |TAMS 0x0000000087600000, 0x0000000087600000| Untracked 
| 119|0x0000000087700000, 0x0000000087700000, 0x0000000087800000|  0%| F|  |TAMS 0x0000000087700000, 0x0000000087700000| Untracked 
| 120|0x0000000087800000, 0x0000000087800000, 0x0000000087900000|  0%| F|  |TAMS 0x0000000087800000, 0x0000000087800000| Untracked 
| 121|0x0000000087900000, 0x0000000087900000, 0x0000000087a00000|  0%| F|  |TAMS 0x0000000087900000, 0x0000000087900000| Untracked 
| 122|0x0000000087a00000, 0x0000000087a00000, 0x0000000087b00000|  0%| F|  |TAMS 0x0000000087a00000, 0x0000000087a00000| Untracked 
| 123|0x0000000087b00000, 0x0000000087b00000, 0x0000000087c00000|  0%| F|  |TAMS 0x0000000087b00000, 0x0000000087b00000| Untracked 
| 124|0x0000000087c00000, 0x0000000087c00000, 0x0000000087d00000|  0%| F|  |TAMS 0x0000000087c00000, 0x0000000087c00000| Untracked 
| 125|0x0000000087d00000, 0x0000000087d00000, 0x0000000087e00000|  0%| F|  |TAMS 0x0000000087d00000, 0x0000000087d00000| Untracked 
| 126|0x0000000087e00000, 0x0000000087e00000, 0x0000000087f00000|  0%| F|  |TAMS 0x0000000087e00000, 0x0000000087e00000| Untracked 
| 127|0x0000000087f00000, 0x0000000087f00000, 0x0000000088000000|  0%| F|  |TAMS 0x0000000087f00000, 0x0000000087f00000| Untracked 
| 128|0x0000000088000000, 0x0000000088000000, 0x0000000088100000|  0%| F|  |TAMS 0x0000000088000000, 0x0000000088000000| Untracked 
| 129|0x0000000088100000, 0x0000000088100000, 0x0000000088200000|  0%| F|  |TAMS 0x0000000088100000, 0x0000000088100000| Untracked 
| 130|0x0000000088200000, 0x0000000088200000, 0x0000000088300000|  0%| F|  |TAMS 0x0000000088200000, 0x0000000088200000| Untracked 
| 131|0x0000000088300000, 0x0000000088300000, 0x0000000088400000|  0%| F|  |TAMS 0x0000000088300000, 0x0000000088300000| Untracked 
| 132|0x0000000088400000, 0x0000000088400000, 0x0000000088500000|  0%| F|  |TAMS 0x0000000088400000, 0x0000000088400000| Untracked 
| 133|0x0000000088500000, 0x0000000088500000, 0x0000000088600000|  0%| F|  |TAMS 0x0000000088500000, 0x0000000088500000| Untracked 
| 134|0x0000000088600000, 0x0000000088600000, 0x0000000088700000|  0%| F|  |TAMS 0x0000000088600000, 0x0000000088600000| Untracked 
| 135|0x0000000088700000, 0x0000000088700000, 0x0000000088800000|  0%| F|  |TAMS 0x0000000088700000, 0x0000000088700000| Untracked 
| 136|0x0000000088800000, 0x0000000088800000, 0x0000000088900000|  0%| F|  |TAMS 0x0000000088800000, 0x0000000088800000| Untracked 
| 137|0x0000000088900000, 0x0000000088900000, 0x0000000088a00000|  0%| F|  |TAMS 0x0000000088900000, 0x0000000088900000| Untracked 
| 138|0x0000000088a00000, 0x0000000088a00000, 0x0000000088b00000|  0%| F|  |TAMS 0x0000000088a00000, 0x0000000088a00000| Untracked 
| 139|0x0000000088b00000, 0x0000000088b00000, 0x0000000088c00000|  0%| F|  |TAMS 0x0000000088b00000, 0x0000000088b00000| Untracked 
| 140|0x0000000088c00000, 0x0000000088c00000, 0x0000000088d00000|  0%| F|  |TAMS 0x0000000088c00000, 0x0000000088c00000| Untracked 
| 141|0x0000000088d00000, 0x0000000088d00000, 0x0000000088e00000|  0%| F|  |TAMS 0x0000000088d00000, 0x0000000088d00000| Untracked 
| 142|0x0000000088e00000, 0x0000000088e00000, 0x0000000088f00000|  0%| F|  |TAMS 0x0000000088e00000, 0x0000000088e00000| Untracked 
| 143|0x0000000088f00000, 0x0000000088f00000, 0x0000000089000000|  0%| F|  |TAMS 0x0000000088f00000, 0x0000000088f00000| Untracked 
| 144|0x0000000089000000, 0x0000000089000000, 0x0000000089100000|  0%| F|  |TAMS 0x0000000089000000, 0x0000000089000000| Untracked 
| 145|0x0000000089100000, 0x0000000089100000, 0x0000000089200000|  0%| F|  |TAMS 0x0000000089100000, 0x0000000089100000| Untracked 
| 146|0x0000000089200000, 0x00000000892ff040, 0x0000000089300000| 99%| S|CS|TAMS 0x0000000089200000, 0x0000000089200000| Complete 
| 147|0x0000000089300000, 0x0000000089400000, 0x0000000089400000|100%| S|CS|TAMS 0x0000000089300000, 0x0000000089300000| Complete 
| 148|0x0000000089400000, 0x0000000089500000, 0x0000000089500000|100%| S|CS|TAMS 0x0000000089400000, 0x0000000089400000| Complete 
| 149|0x0000000089500000, 0x0000000089600000, 0x0000000089600000|100%| S|CS|TAMS 0x0000000089500000, 0x0000000089500000| Complete 
| 150|0x0000000089600000, 0x0000000089700000, 0x0000000089700000|100%| S|CS|TAMS 0x0000000089600000, 0x0000000089600000| Complete 
| 151|0x0000000089700000, 0x0000000089800000, 0x0000000089800000|100%| S|CS|TAMS 0x0000000089700000, 0x0000000089700000| Complete 
| 152|0x0000000089800000, 0x0000000089800000, 0x0000000089900000|  0%| F|  |TAMS 0x0000000089800000, 0x0000000089800000| Untracked 
| 153|0x0000000089900000, 0x0000000089900000, 0x0000000089a00000|  0%| F|  |TAMS 0x0000000089900000, 0x0000000089900000| Untracked 
| 154|0x0000000089a00000, 0x0000000089a00000, 0x0000000089b00000|  0%| F|  |TAMS 0x0000000089a00000, 0x0000000089a00000| Untracked 
| 155|0x0000000089b00000, 0x0000000089c00000, 0x0000000089c00000|100%| S|CS|TAMS 0x0000000089b00000, 0x0000000089b00000| Complete 
| 156|0x0000000089c00000, 0x0000000089c00000, 0x0000000089d00000|  0%| F|  |TAMS 0x0000000089c00000, 0x0000000089c00000| Untracked 
| 157|0x0000000089d00000, 0x0000000089d00000, 0x0000000089e00000|  0%| F|  |TAMS 0x0000000089d00000, 0x0000000089d00000| Untracked 
| 158|0x0000000089e00000, 0x0000000089e00000, 0x0000000089f00000|  0%| F|  |TAMS 0x0000000089e00000, 0x0000000089e00000| Untracked 
| 159|0x0000000089f00000, 0x0000000089f00000, 0x000000008a000000|  0%| F|  |TAMS 0x0000000089f00000, 0x0000000089f00000| Untracked 
| 160|0x000000008a000000, 0x000000008a000000, 0x000000008a100000|  0%| F|  |TAMS 0x000000008a000000, 0x000000008a000000| Untracked 
| 161|0x000000008a100000, 0x000000008a100000, 0x000000008a200000|  0%| F|  |TAMS 0x000000008a100000, 0x000000008a100000| Untracked 
| 162|0x000000008a200000, 0x000000008a200000, 0x000000008a300000|  0%| F|  |TAMS 0x000000008a200000, 0x000000008a200000| Untracked 
| 163|0x000000008a300000, 0x000000008a300000, 0x000000008a400000|  0%| F|  |TAMS 0x000000008a300000, 0x000000008a300000| Untracked 
| 164|0x000000008a400000, 0x000000008a400000, 0x000000008a500000|  0%| F|  |TAMS 0x000000008a400000, 0x000000008a400000| Untracked 
| 165|0x000000008a500000, 0x000000008a500000, 0x000000008a600000|  0%| F|  |TAMS 0x000000008a500000, 0x000000008a500000| Untracked 
| 166|0x000000008a600000, 0x000000008a600000, 0x000000008a700000|  0%| F|  |TAMS 0x000000008a600000, 0x000000008a600000| Untracked 
| 167|0x000000008a700000, 0x000000008a700000, 0x000000008a800000|  0%| F|  |TAMS 0x000000008a700000, 0x000000008a700000| Untracked 
| 168|0x000000008a800000, 0x000000008a800000, 0x000000008a900000|  0%| F|  |TAMS 0x000000008a800000, 0x000000008a800000| Untracked 
| 169|0x000000008a900000, 0x000000008a900000, 0x000000008aa00000|  0%| F|  |TAMS 0x000000008a900000, 0x000000008a900000| Untracked 
| 170|0x000000008aa00000, 0x000000008aa00000, 0x000000008ab00000|  0%| F|  |TAMS 0x000000008aa00000, 0x000000008aa00000| Untracked 
| 171|0x000000008ab00000, 0x000000008ab00000, 0x000000008ac00000|  0%| F|  |TAMS 0x000000008ab00000, 0x000000008ab00000| Untracked 
| 172|0x000000008ac00000, 0x000000008ac00000, 0x000000008ad00000|  0%| F|  |TAMS 0x000000008ac00000, 0x000000008ac00000| Untracked 
| 173|0x000000008ad00000, 0x000000008ad00000, 0x000000008ae00000|  0%| F|  |TAMS 0x000000008ad00000, 0x000000008ad00000| Untracked 
| 174|0x000000008ae00000, 0x000000008ae00000, 0x000000008af00000|  0%| F|  |TAMS 0x000000008ae00000, 0x000000008ae00000| Untracked 
| 175|0x000000008af00000, 0x000000008af00000, 0x000000008b000000|  0%| F|  |TAMS 0x000000008af00000, 0x000000008af00000| Untracked 
| 176|0x000000008b000000, 0x000000008b000000, 0x000000008b100000|  0%| F|  |TAMS 0x000000008b000000, 0x000000008b000000| Untracked 
| 177|0x000000008b100000, 0x000000008b100000, 0x000000008b200000|  0%| F|  |TAMS 0x000000008b100000, 0x000000008b100000| Untracked 
| 178|0x000000008b200000, 0x000000008b200000, 0x000000008b300000|  0%| F|  |TAMS 0x000000008b200000, 0x000000008b200000| Untracked 
| 179|0x000000008b300000, 0x000000008b300000, 0x000000008b400000|  0%| F|  |TAMS 0x000000008b300000, 0x000000008b300000| Untracked 
| 180|0x000000008b400000, 0x000000008b400000, 0x000000008b500000|  0%| F|  |TAMS 0x000000008b400000, 0x000000008b400000| Untracked 
| 181|0x000000008b500000, 0x000000008b500000, 0x000000008b600000|  0%| F|  |TAMS 0x000000008b500000, 0x000000008b500000| Untracked 
| 182|0x000000008b600000, 0x000000008b600000, 0x000000008b700000|  0%| F|  |TAMS 0x000000008b600000, 0x000000008b600000| Untracked 
| 183|0x000000008b700000, 0x000000008b700000, 0x000000008b800000|  0%| F|  |TAMS 0x000000008b700000, 0x000000008b700000| Untracked 
| 184|0x000000008b800000, 0x000000008b800000, 0x000000008b900000|  0%| F|  |TAMS 0x000000008b800000, 0x000000008b800000| Untracked 
| 185|0x000000008b900000, 0x000000008b900000, 0x000000008ba00000|  0%| F|  |TAMS 0x000000008b900000, 0x000000008b900000| Untracked 
| 186|0x000000008ba00000, 0x000000008ba00000, 0x000000008bb00000|  0%| F|  |TAMS 0x000000008ba00000, 0x000000008ba00000| Untracked 
| 187|0x000000008bb00000, 0x000000008bb00000, 0x000000008bc00000|  0%| F|  |TAMS 0x000000008bb00000, 0x000000008bb00000| Untracked 
| 188|0x000000008bc00000, 0x000000008bc00000, 0x000000008bd00000|  0%| F|  |TAMS 0x000000008bc00000, 0x000000008bc00000| Untracked 
| 189|0x000000008bd00000, 0x000000008bd00000, 0x000000008be00000|  0%| F|  |TAMS 0x000000008bd00000, 0x000000008bd00000| Untracked 
| 190|0x000000008be00000, 0x000000008be00000, 0x000000008bf00000|  0%| F|  |TAMS 0x000000008be00000, 0x000000008be00000| Untracked 
| 191|0x000000008bf00000, 0x000000008bf00000, 0x000000008c000000|  0%| F|  |TAMS 0x000000008bf00000, 0x000000008bf00000| Untracked 
| 192|0x000000008c000000, 0x000000008c000000, 0x000000008c100000|  0%| F|  |TAMS 0x000000008c000000, 0x000000008c000000| Untracked 
| 193|0x000000008c100000, 0x000000008c100000, 0x000000008c200000|  0%| F|  |TAMS 0x000000008c100000, 0x000000008c100000| Untracked 
| 194|0x000000008c200000, 0x000000008c200000, 0x000000008c300000|  0%| F|  |TAMS 0x000000008c200000, 0x000000008c200000| Untracked 
| 195|0x000000008c300000, 0x000000008c300000, 0x000000008c400000|  0%| F|  |TAMS 0x000000008c300000, 0x000000008c300000| Untracked 
| 196|0x000000008c400000, 0x000000008c400000, 0x000000008c500000|  0%| F|  |TAMS 0x000000008c400000, 0x000000008c400000| Untracked 
| 197|0x000000008c500000, 0x000000008c500000, 0x000000008c600000|  0%| F|  |TAMS 0x000000008c500000, 0x000000008c500000| Untracked 
| 198|0x000000008c600000, 0x000000008c600000, 0x000000008c700000|  0%| F|  |TAMS 0x000000008c600000, 0x000000008c600000| Untracked 
| 199|0x000000008c700000, 0x000000008c700000, 0x000000008c800000|  0%| F|  |TAMS 0x000000008c700000, 0x000000008c700000| Untracked 
| 200|0x000000008c800000, 0x000000008c800000, 0x000000008c900000|  0%| F|  |TAMS 0x000000008c800000, 0x000000008c800000| Untracked 
| 201|0x000000008c900000, 0x000000008c900000, 0x000000008ca00000|  0%| F|  |TAMS 0x000000008c900000, 0x000000008c900000| Untracked 
| 202|0x000000008ca00000, 0x000000008ca00000, 0x000000008cb00000|  0%| F|  |TAMS 0x000000008ca00000, 0x000000008ca00000| Untracked 
| 203|0x000000008cb00000, 0x000000008cb00000, 0x000000008cc00000|  0%| F|  |TAMS 0x000000008cb00000, 0x000000008cb00000| Untracked 
| 204|0x000000008cc00000, 0x000000008cc00000, 0x000000008cd00000|  0%| F|  |TAMS 0x000000008cc00000, 0x000000008cc00000| Untracked 
| 205|0x000000008cd00000, 0x000000008cd00000, 0x000000008ce00000|  0%| F|  |TAMS 0x000000008cd00000, 0x000000008cd00000| Untracked 
| 206|0x000000008ce00000, 0x000000008ce00000, 0x000000008cf00000|  0%| F|  |TAMS 0x000000008ce00000, 0x000000008ce00000| Untracked 
| 207|0x000000008cf00000, 0x000000008cf00000, 0x000000008d000000|  0%| F|  |TAMS 0x000000008cf00000, 0x000000008cf00000| Untracked 
| 208|0x000000008d000000, 0x000000008d000000, 0x000000008d100000|  0%| F|  |TAMS 0x000000008d000000, 0x000000008d000000| Untracked 
| 209|0x000000008d100000, 0x000000008d100000, 0x000000008d200000|  0%| F|  |TAMS 0x000000008d100000, 0x000000008d100000| Untracked 
| 210|0x000000008d200000, 0x000000008d200000, 0x000000008d300000|  0%| F|  |TAMS 0x000000008d200000, 0x000000008d200000| Untracked 
| 211|0x000000008d300000, 0x000000008d300000, 0x000000008d400000|  0%| F|  |TAMS 0x000000008d300000, 0x000000008d300000| Untracked 
| 212|0x000000008d400000, 0x000000008d400000, 0x000000008d500000|  0%| F|  |TAMS 0x000000008d400000, 0x000000008d400000| Untracked 
| 213|0x000000008d500000, 0x000000008d500000, 0x000000008d600000|  0%| F|  |TAMS 0x000000008d500000, 0x000000008d500000| Untracked 
| 214|0x000000008d600000, 0x000000008d600000, 0x000000008d700000|  0%| F|  |TAMS 0x000000008d600000, 0x000000008d600000| Untracked 
| 215|0x000000008d700000, 0x000000008d700000, 0x000000008d800000|  0%| F|  |TAMS 0x000000008d700000, 0x000000008d700000| Untracked 
| 216|0x000000008d800000, 0x000000008d800000, 0x000000008d900000|  0%| F|  |TAMS 0x000000008d800000, 0x000000008d800000| Untracked 
| 217|0x000000008d900000, 0x000000008d900000, 0x000000008da00000|  0%| F|  |TAMS 0x000000008d900000, 0x000000008d900000| Untracked 
| 218|0x000000008da00000, 0x000000008da00000, 0x000000008db00000|  0%| F|  |TAMS 0x000000008da00000, 0x000000008da00000| Untracked 
| 219|0x000000008db00000, 0x000000008db00000, 0x000000008dc00000|  0%| F|  |TAMS 0x000000008db00000, 0x000000008db00000| Untracked 
| 220|0x000000008dc00000, 0x000000008dc00000, 0x000000008dd00000|  0%| F|  |TAMS 0x000000008dc00000, 0x000000008dc00000| Untracked 
| 221|0x000000008dd00000, 0x000000008dd00000, 0x000000008de00000|  0%| F|  |TAMS 0x000000008dd00000, 0x000000008dd00000| Untracked 

Card table byte_map: [0x000001f61e5a0000,0x000001f61e9a0000] _byte_map_base: 0x000001f61e1a0000

Marking Bits (Prev, Next): (CMBitMap*) 0x000001f60961cc18, (CMBitMap*) 0x000001f60961cc50
 Prev Bits: [0x000001f61eda0000, 0x000001f620da0000)
 Next Bits: [0x000001f620da0000, 0x000001f622da0000)

Polling page: 0x000001f6096c0000

Metaspace:

Usage:
  Non-class:     79.60 MB capacity,    78.37 MB ( 98%) used,     1.01 MB (  1%) free+waste,   222.13 KB ( <1%) overhead. 
      Class:     11.92 MB capacity,    11.25 MB ( 94%) used,   585.43 KB (  5%) free+waste,    97.63 KB ( <1%) overhead. 
       Both:     91.52 MB capacity,    89.63 MB ( 98%) used,     1.58 MB (  2%) free+waste,   319.75 KB ( <1%) overhead. 

Virtual space:
  Non-class space:       80.00 MB reserved,      79.75 MB (>99%) committed 
      Class space:        1.00 GB reserved,      12.00 MB (  1%) committed 
             Both:        1.08 GB reserved,      91.75 MB (  8%) committed 

Chunk freelists:
   Non-Class:  24.00 KB
       Class:  81.00 KB
        Both:  105.00 KB

MaxMetaspaceSize: 17179869184.00 GB
CompressedClassSpaceSize: 1.00 GB

CodeHeap 'non-profiled nmethods': size=120000Kb used=4704Kb max_used=4704Kb free=115295Kb
 bounds [0x000001f616200000, 0x000001f6166a0000, 0x000001f61d730000]
CodeHeap 'profiled nmethods': size=120000Kb used=22370Kb max_used=22370Kb free=97629Kb
 bounds [0x000001f60ecd0000, 0x000001f6102b0000, 0x000001f616200000]
CodeHeap 'non-nmethods': size=5760Kb used=2275Kb max_used=2319Kb free=3484Kb
 bounds [0x000001f60e730000, 0x000001f60e9a0000, 0x000001f60ecd0000]
 total_blobs=11998 nmethods=11118 adapters=791
 compilation: enabled
              stopped_count=0, restarted_count=0
 full_count=0

Compilation events (20 events):
Event: 29.121 Thread 0x000001f62623f000 11717       2       com.google.common.collect.AbstractMapBasedMultimap$AsMap::get (6 bytes)
Event: 29.121 Thread 0x000001f62623f000 nmethod 11717 0x000001f6102aa190 code [0x000001f6102aa380, 0x000001f6102aa648]
Event: 29.121 Thread 0x000001f62623f000 11718   !   2       com.google.common.collect.Maps::safeGet (16 bytes)
Event: 29.122 Thread 0x000001f62623f000 nmethod 11718 0x000001f6102aa810 code [0x000001f6102aa9e0, 0x000001f6102aabd8]
Event: 29.122 Thread 0x000001f62623f000 11719       2       com.google.common.collect.AbstractMapBasedMultimap$WrappedCollection::removeIfEmpty (47 bytes)
Event: 29.122 Thread 0x000001f62623f000 nmethod 11719 0x000001f6102aad10 code [0x000001f6102aaee0, 0x000001f6102ab088]
Event: 29.123 Thread 0x000001f62623f000 11720       2       com.google.common.collect.AbstractMapBasedMultimap::access$210 (12 bytes)
Event: 29.123 Thread 0x000001f62623f000 nmethod 11720 0x000001f6102ab190 code [0x000001f6102ab340, 0x000001f6102ab438]
Event: 29.130 Thread 0x000001f626238800 nmethod 11711 0x000001f616695590 code [0x000001f616695800, 0x000001f6166965e0]
Event: 29.131 Thread 0x000001f626238800 11698       4       com.google.common.cache.LocalCache$Segment::getEntry (73 bytes)
Event: 29.139 Thread 0x000001f626238800 nmethod 11698 0x000001f616696e90 code [0x000001f616697040, 0x000001f616697318]
Event: 29.139 Thread 0x000001f626238800 11706       4       com.google.common.collect.RegularImmutableMap$EntrySet$1::size (8 bytes)
Event: 29.139 Thread 0x000001f626238800 nmethod 11706 0x000001f616697690 code [0x000001f616697820, 0x000001f616697898]
Event: 29.140 Thread 0x000001f626238800 11653       4       org.gradle.internal.fingerprint.impl.EmptyCurrentFileCollectionFingerprint::getHash (4 bytes)
Event: 29.140 Thread 0x000001f626238800 nmethod 11653 0x000001f616697990 code [0x000001f616697b20, 0x000001f616697b98]
Event: 29.140 Thread 0x000001f626238800 10206       4       java.util.HashMap::remove (26 bytes)
Event: 29.142 Thread 0x000001f626238800 nmethod 10206 0x000001f616697c10 code [0x000001f616697dc0, 0x000001f616697ee8]
Event: 29.142 Thread 0x000001f626238800 10144       4       org.apache.xerces.dom.NodeImpl::isNormalized (56 bytes)
Event: 29.143 Thread 0x000001f626238800 nmethod 10144 0x000001f616698010 code [0x000001f6166981a0, 0x000001f616698258]
Event: 29.143 Thread 0x000001f626238800 11722       4       org.gradle.internal.dispatch.ReflectionDispatch::dispatch (9 bytes)

GC Heap History (20 events):
Event: 26.217 GC heap after
{Heap after GC invocations=36 (full 0):
 garbage-first heap   total 157696K, used 105794K [0x0000000080000000, 0x0000000100000000)
  region size 1024K, 2 young (2048K), 2 survivors (2048K)
 Metaspace       used 82780K, capacity 84671K, committed 85248K, reserved 1122304K
  class space    used 10610K, capacity 11264K, committed 11520K, reserved 1048576K
}
Event: 26.575 GC heap before
{Heap before GC invocations=36 (full 0):
 garbage-first heap   total 157696K, used 124226K [0x0000000080000000, 0x0000000100000000)
  region size 1024K, 20 young (20480K), 2 survivors (2048K)
 Metaspace       used 84910K, capacity 86780K, committed 87296K, reserved 1124352K
  class space    used 10880K, capacity 11561K, committed 11776K, reserved 1048576K
}
Event: 26.579 GC heap after
{Heap after GC invocations=37 (full 0):
 garbage-first heap   total 157696K, used 104609K [0x0000000080000000, 0x0000000100000000)
  region size 1024K, 2 young (2048K), 2 survivors (2048K)
 Metaspace       used 84910K, capacity 86780K, committed 87296K, reserved 1124352K
  class space    used 10880K, capacity 11561K, committed 11776K, reserved 1048576K
}
Event: 26.872 GC heap before
{Heap before GC invocations=38 (full 0):
 garbage-first heap   total 157696K, used 140449K [0x0000000080000000, 0x0000000100000000)
  region size 1024K, 21 young (21504K), 2 survivors (2048K)
 Metaspace       used 85787K, capacity 87724K, committed 88192K, reserved 1126400K
  class space    used 10962K, capacity 11673K, committed 11904K, reserved 1048576K
}
Event: 26.879 GC heap after
{Heap after GC invocations=39 (full 0):
 garbage-first heap   total 189440K, used 106130K [0x0000000080000000, 0x0000000100000000)
  region size 1024K, 3 young (3072K), 3 survivors (3072K)
 Metaspace       used 85787K, capacity 87724K, committed 88192K, reserved 1126400K
  class space    used 10962K, capacity 11673K, committed 11904K, reserved 1048576K
}
Event: 26.913 GC heap before
{Heap before GC invocations=39 (full 0):
 garbage-first heap   total 189440K, used 111250K [0x0000000080000000, 0x0000000100000000)
  region size 1024K, 9 young (9216K), 3 survivors (3072K)
 Metaspace       used 86158K, capacity 88147K, committed 88704K, reserved 1126400K
  class space    used 10990K, capacity 11705K, committed 11904K, reserved 1048576K
}
Event: 26.917 GC heap after
{Heap after GC invocations=40 (full 0):
 garbage-first heap   total 189440K, used 106550K [0x0000000080000000, 0x0000000100000000)
  region size 1024K, 1 young (1024K), 1 survivors (1024K)
 Metaspace       used 86158K, capacity 88147K, committed 88704K, reserved 1126400K
  class space    used 10990K, capacity 11705K, committed 11904K, reserved 1048576K
}
Event: 27.131 GC heap before
{Heap before GC invocations=40 (full 0):
 garbage-first heap   total 189440K, used 137270K [0x0000000080000000, 0x0000000100000000)
  region size 1024K, 32 young (32768K), 1 survivors (1024K)
 Metaspace       used 87173K, capacity 89128K, committed 89472K, reserved 1126400K
  class space    used 11076K, capacity 11773K, committed 11904K, reserved 1048576K
}
Event: 27.138 GC heap after
{Heap after GC invocations=41 (full 0):
 garbage-first heap   total 189440K, used 108668K [0x0000000080000000, 0x0000000100000000)
  region size 1024K, 3 young (3072K), 3 survivors (3072K)
 Metaspace       used 87173K, capacity 89128K, committed 89472K, reserved 1126400K
  class space    used 11076K, capacity 11773K, committed 11904K, reserved 1048576K
}
Event: 27.468 GC heap before
{Heap before GC invocations=42 (full 0):
 garbage-first heap   total 189440K, used 129148K [0x0000000080000000, 0x0000000100000000)
  region size 1024K, 35 young (35840K), 3 survivors (3072K)
 Metaspace       used 87522K, capacity 89519K, committed 89856K, reserved 1126400K
  class space    used 11108K, capacity 11810K, committed 12032K, reserved 1048576K
}
Event: 27.475 GC heap after
{Heap after GC invocations=43 (full 0):
 garbage-first heap   total 189440K, used 100052K [0x0000000080000000, 0x0000000100000000)
  region size 1024K, 5 young (5120K), 5 survivors (5120K)
 Metaspace       used 87522K, capacity 89519K, committed 89856K, reserved 1126400K
  class space    used 11108K, capacity 11810K, committed 12032K, reserved 1048576K
}
Event: 27.505 GC heap before
{Heap before GC invocations=43 (full 0):
 garbage-first heap   total 189440K, used 103124K [0x0000000080000000, 0x0000000100000000)
  region size 1024K, 9 young (9216K), 5 survivors (5120K)
 Metaspace       used 87588K, capacity 89528K, committed 89856K, reserved 1126400K
  class space    used 11120K, capacity 11813K, committed 12032K, reserved 1048576K
}
Event: 27.515 GC heap after
{Heap after GC invocations=44 (full 0):
 garbage-first heap   total 227328K, used 91550K [0x0000000080000000, 0x0000000100000000)
  region size 1024K, 1 young (1024K), 1 survivors (1024K)
 Metaspace       used 87588K, capacity 89528K, committed 89856K, reserved 1126400K
  class space    used 11120K, capacity 11813K, committed 12032K, reserved 1048576K
}
Event: 27.784 GC heap before
{Heap before GC invocations=44 (full 0):
 garbage-first heap   total 227328K, used 146846K [0x0000000080000000, 0x0000000100000000)
  region size 1024K, 56 young (57344K), 1 survivors (1024K)
 Metaspace       used 87701K, capacity 89606K, committed 90112K, reserved 1128448K
  class space    used 11123K, capacity 11813K, committed 12032K, reserved 1048576K
}
Event: 27.794 GC heap after
{Heap after GC invocations=45 (full 0):
 garbage-first heap   total 227328K, used 95545K [0x0000000080000000, 0x0000000100000000)
  region size 1024K, 5 young (5120K), 5 survivors (5120K)
 Metaspace       used 87701K, capacity 89606K, committed 90112K, reserved 1128448K
  class space    used 11123K, capacity 11813K, committed 12032K, reserved 1048576K
}
Event: 28.378 GC heap before
{Heap before GC invocations=45 (full 0):
 garbage-first heap   total 227328K, used 155961K [0x0000000080000000, 0x0000000100000000)
  region size 1024K, 63 young (64512K), 5 survivors (5120K)
 Metaspace       used 89939K, capacity 91870K, committed 92288K, reserved 1130496K
  class space    used 11304K, capacity 11987K, committed 12160K, reserved 1048576K
}
Event: 28.386 GC heap after
{Heap after GC invocations=46 (full 0):
 garbage-first heap   total 227328K, used 98778K [0x0000000080000000, 0x0000000100000000)
  region size 1024K, 4 young (4096K), 4 survivors (4096K)
 Metaspace       used 89939K, capacity 91870K, committed 92288K, reserved 1130496K
  class space    used 11304K, capacity 11987K, committed 12160K, reserved 1048576K
}
Event: 28.912 GC heap before
{Heap before GC invocations=46 (full 0):
 garbage-first heap   total 227328K, used 158170K [0x0000000080000000, 0x0000000100000000)
  region size 1024K, 63 young (64512K), 4 survivors (4096K)
 Metaspace       used 90954K, capacity 92973K, committed 93184K, reserved 1130496K
  class space    used 11418K, capacity 12135K, committed 12288K, reserved 1048576K
}
Event: 28.919 GC heap after
{Heap after GC invocations=47 (full 0):
 garbage-first heap   total 227328K, used 100874K [0x0000000080000000, 0x0000000100000000)
  region size 1024K, 7 young (7168K), 7 survivors (7168K)
 Metaspace       used 90954K, capacity 92973K, committed 93184K, reserved 1130496K
  class space    used 11418K, capacity 12135K, committed 12288K, reserved 1048576K
}
Event: 29.162 GC heap before
{Heap before GC invocations=47 (full 0):
 garbage-first heap   total 227328K, used 163338K [0x0000000080000000, 0x0000000100000000)
  region size 1024K, 69 young (70656K), 7 survivors (7168K)
 Metaspace       used 91776K, capacity 93719K, committed 93952K, reserved 1130496K
  class space    used 11523K, capacity 12207K, committed 12288K, reserved 1048576K
}

Deoptimization events (20 events):
Event: 28.846 Thread 0x000001f628378000 Uncommon trap: trap_request=0xffffffbe fr.pc=0x000001f616683d4c relative=0x000000000000056c
Event: 28.846 Thread 0x000001f628378000 Uncommon trap: reason=profile_predicate action=maybe_recompile pc=0x000001f616683d4c method=com.esotericsoftware.kryo.io.Output.writeString(Ljava/lang/CharSequence;)V @ 67 c2
Event: 28.846 Thread 0x000001f628378000 DEOPT PACKING pc=0x000001f616683d4c sp=0x000000da0b3fe170
Event: 28.846 Thread 0x000001f628378000 DEOPT UNPACKING pc=0x000001f60e7574af sp=0x000000da0b3fe0f0 mode 2
Event: 28.902 Thread 0x000001f62db04800 Uncommon trap: trap_request=0xffffff4d fr.pc=0x000001f616544848 relative=0x0000000000000aa8
Event: 28.902 Thread 0x000001f62db04800 Uncommon trap: reason=unstable_if action=reinterpret pc=0x000001f616544848 method=com.google.common.collect.ImmutableSet.construct(I[Ljava/lang/Object;)Lcom/google/common/collect/ImmutableSet; @ 1 c2
Event: 28.902 Thread 0x000001f62db04800 DEOPT PACKING pc=0x000001f616544848 sp=0x000000da141faf30
Event: 28.902 Thread 0x000001f62db04800 DEOPT UNPACKING pc=0x000001f60e7574af sp=0x000000da141faed8 mode 2
Event: 28.956 Thread 0x000001f6289db800 Uncommon trap: trap_request=0xfffffff4 fr.pc=0x000001f61668a70c relative=0x0000000000000b8c
Event: 28.956 Thread 0x000001f6289db800 Uncommon trap: reason=null_check action=make_not_entrant pc=0x000001f61668a70c method=org.gradle.tooling.internal.provider.runner.SubtreeFilteringBuildOperationListener.finished(Lorg/gradle/internal/operations/BuildOperationDescriptor;Lorg/gradle/internal
Event: 28.956 Thread 0x000001f6289db800 DEOPT PACKING pc=0x000001f61668a70c sp=0x000000da0c2fd120
Event: 28.956 Thread 0x000001f6289db800 DEOPT UNPACKING pc=0x000001f60e7574af sp=0x000000da0c2fd108 mode 2
Event: 28.987 Thread 0x000001f6289db000 Uncommon trap: trap_request=0xfffffff4 fr.pc=0x000001f61668bd14 relative=0x00000000000008b4
Event: 28.987 Thread 0x000001f6289db000 Uncommon trap: reason=null_check action=make_not_entrant pc=0x000001f61668bd14 method=org.gradle.tooling.internal.provider.runner.SubtreeFilteringBuildOperationListener.started(Lorg/gradle/internal/operations/BuildOperationDescriptor;Lorg/gradle/internal/
Event: 28.987 Thread 0x000001f6289db000 DEOPT PACKING pc=0x000001f61668bd14 sp=0x000000da0c1fe8a0
Event: 28.987 Thread 0x000001f6289da000 Uncommon trap: trap_request=0xfffffff4 fr.pc=0x000001f61668bd14 relative=0x00000000000008b4
Event: 28.987 Thread 0x000001f6289db000 DEOPT UNPACKING pc=0x000001f60e7574af sp=0x000000da0c1fe830 mode 2
Event: 28.987 Thread 0x000001f6289da000 Uncommon trap: reason=null_check action=make_not_entrant pc=0x000001f61668bd14 method=org.gradle.tooling.internal.provider.runner.SubtreeFilteringBuildOperationListener.started(Lorg/gradle/internal/operations/BuildOperationDescriptor;Lorg/gradle/internal/
Event: 28.987 Thread 0x000001f6289da000 DEOPT PACKING pc=0x000001f61668bd14 sp=0x000000da0befe830
Event: 28.987 Thread 0x000001f6289da000 DEOPT UNPACKING pc=0x000001f60e7574af sp=0x000000da0befe7c0 mode 2

Classes redefined (0 events):
No events

Internal exceptions (20 events):
Event: 25.121 Thread 0x000001f62db05800 Exception <a 'java/lang/NoSuchMethodError'{0x00000000874fb640}: 'java.lang.Object java.lang.invoke.Invokers$Holder.linkToTargetMethod(java.lang.Object, int, java.lang.Object, java.lang.Object)'> (0x00000000874fb640) thrown at [./src/hotspot/share/interpreter/linkResolver.cpp, line 773]
Event: 25.124 Thread 0x000001f62db05800 Exception <a 'java/lang/NoSuchMethodError'{0x0000000087313938}: 'void java.lang.invoke.DirectMethodHandle$Holder.invokeVirtual(java.lang.Object, java.lang.Object)'> (0x0000000087313938) thrown at [./src/hotspot/share/interpreter/linkResolver.cpp, line 773]
Event: 26.800 Thread 0x000001f62db05800 Exception <a 'java/lang/NoSuchMethodError'{0x000000008902b220}: <clinit>> (0x000000008902b220) thrown at [./src/hotspot/share/prims/jni.cpp, line 1362]
Event: 26.819 Thread 0x000001f62db05800 Exception <a 'java/lang/NoSuchMethodError'{0x0000000088e5c000}: <clinit>> (0x0000000088e5c000) thrown at [./src/hotspot/share/prims/jni.cpp, line 1362]
Event: 26.983 Thread 0x000001f62db0e800 Implicit null exception at 0x000001f6164c9bf3 to 0x000001f6164ca318
Event: 26.985 Thread 0x000001f62db0e800 Implicit null exception at 0x000001f6164c9bf3 to 0x000001f6164ca318
Event: 26.985 Thread 0x000001f62db0e800 Implicit null exception at 0x000001f6164c9bf3 to 0x000001f6164ca318
Event: 26.986 Thread 0x000001f62db0e800 Implicit null exception at 0x000001f6164c9bf3 to 0x000001f6164ca318
Event: 27.010 Thread 0x000001f62db08000 Exception <a 'java/lang/NoSuchMethodError'{0x000000008aa4c7c8}: <clinit>> (0x000000008aa4c7c8) thrown at [./src/hotspot/share/prims/jni.cpp, line 1362]
Event: 27.458 Thread 0x000001f62db04800 Exception <a 'java/lang/NoSuchMethodError'{0x0000000089973818}: 'void java.lang.invoke.DirectMethodHandle$Holder.invokeStatic(java.lang.Object, java.lang.Object, java.lang.Object, java.lang.Object, int, java.lang.Object)'> (0x0000000089973818) thrown at [./src/hotspot/share/interpreter/linkResolver.cpp, line 773]
Event: 28.740 Thread 0x000001f62db04800 Exception <a 'java/lang/NoSuchMethodError'{0x000000008c8cbe48}: <clinit>> (0x000000008c8cbe48) thrown at [./src/hotspot/share/prims/jni.cpp, line 1362]
Event: 28.740 Thread 0x000001f62db04800 Exception <a 'java/lang/NoSuchMethodError'{0x000000008c8cd168}: <clinit>> (0x000000008c8cd168) thrown at [./src/hotspot/share/prims/jni.cpp, line 1362]
Event: 28.741 Thread 0x000001f62db04800 Exception <a 'java/lang/NoSuchMethodError'{0x000000008c8cf620}: <clinit>> (0x000000008c8cf620) thrown at [./src/hotspot/share/prims/jni.cpp, line 1362]
Event: 28.741 Thread 0x000001f62db04800 Exception <a 'java/lang/NoSuchMethodError'{0x000000008c8e6678}: <clinit>> (0x000000008c8e6678) thrown at [./src/hotspot/share/prims/jni.cpp, line 1362]
Event: 28.741 Thread 0x000001f62db04800 Exception <a 'java/lang/NoSuchMethodError'{0x000000008c8e78b0}: <clinit>> (0x000000008c8e78b0) thrown at [./src/hotspot/share/prims/jni.cpp, line 1362]
Event: 28.956 Thread 0x000001f6289db800 Implicit null exception at 0x000001f616689dcb to 0x000001f61668a6e4
Event: 28.987 Thread 0x000001f6289db000 Implicit null exception at 0x000001f61668b5bd to 0x000001f61668bcec
Event: 28.987 Thread 0x000001f6289da000 Implicit null exception at 0x000001f61668b5bd to 0x000001f61668bcec
Event: 29.008 Thread 0x000001f62db04800 Exception <a 'java/lang/NoSuchMethodError'{0x000000008c80a738}: <clinit>> (0x000000008c80a738) thrown at [./src/hotspot/share/prims/jni.cpp, line 1362]
Event: 29.013 Thread 0x000001f62db04800 Exception <a 'java/lang/NoSuchMethodError'{0x000000008c84f098}: <clinit>> (0x000000008c84f098) thrown at [./src/hotspot/share/prims/jni.cpp, line 1362]

Events (20 events):
Event: 29.154 loading class kotlin/reflect/jvm/internal/impl/descriptors/runtime/components/ReflectJavaClassFinder done
Event: 29.155 loading class kotlin/reflect/jvm/internal/impl/load/java/JavaClassFinder
Event: 29.155 loading class kotlin/reflect/jvm/internal/impl/load/java/JavaClassFinder done
Event: 29.156 loading class kotlin/reflect/jvm/internal/impl/load/java/components/SignaturePropagator
Event: 29.156 loading class kotlin/reflect/jvm/internal/impl/load/java/components/SignaturePropagator done
Event: 29.157 loading class kotlin/reflect/jvm/internal/impl/load/java/components/SignaturePropagator$1
Event: 29.157 loading class kotlin/reflect/jvm/internal/impl/load/java/components/SignaturePropagator$1 done
Event: 29.158 loading class kotlin/reflect/jvm/internal/impl/descriptors/runtime/components/RuntimeErrorReporter
Event: 29.158 loading class kotlin/reflect/jvm/internal/impl/descriptors/runtime/components/RuntimeErrorReporter done
Event: 29.158 loading class kotlin/reflect/jvm/internal/impl/serialization/deserialization/ErrorReporter
Event: 29.158 loading class kotlin/reflect/jvm/internal/impl/serialization/deserialization/ErrorReporter done
Event: 29.159 loading class kotlin/reflect/jvm/internal/impl/load/java/components/JavaResolverCache
Event: 29.159 loading class kotlin/reflect/jvm/internal/impl/load/java/components/JavaResolverCache done
Event: 29.160 loading class kotlin/reflect/jvm/internal/impl/load/java/components/JavaResolverCache$1
Event: 29.160 loading class kotlin/reflect/jvm/internal/impl/load/java/components/JavaResolverCache$1 done
Event: 29.160 loading class kotlin/reflect/jvm/internal/impl/load/java/components/JavaPropertyInitializerEvaluator$DoNothing
Event: 29.160 loading class kotlin/reflect/jvm/internal/impl/load/java/components/JavaPropertyInitializerEvaluator$DoNothing done
Event: 29.161 loading class kotlin/reflect/jvm/internal/impl/load/java/components/JavaPropertyInitializerEvaluator
Event: 29.161 loading class kotlin/reflect/jvm/internal/impl/load/java/components/JavaPropertyInitializerEvaluator done
Event: 29.162 Executing VM operation: G1CollectForAllocation


Dynamic libraries:
0x00007ff7663d0000 - 0x00007ff7663da000 	C:\Users\Dark Knight\Desktop\Android Studio\jre\bin\java.exe
0x00007fff73400000 - 0x00007fff73609000 	C:\WINDOWS\SYSTEM32\ntdll.dll
0x00007fff729e0000 - 0x00007fff72a9d000 	C:\WINDOWS\System32\KERNEL32.DLL
0x00007fff70c20000 - 0x00007fff70f94000 	C:\WINDOWS\System32\KERNELBASE.dll
0x00007fff708f0000 - 0x00007fff70a01000 	C:\WINDOWS\System32\ucrtbase.dll
0x00007fff5eca0000 - 0x00007fff5ecb9000 	C:\Users\Dark Knight\Desktop\Android Studio\jre\bin\jli.dll
0x00007fff5bb00000 - 0x00007fff5bb17000 	C:\Users\Dark Knight\Desktop\Android Studio\jre\bin\VCRUNTIME140.dll
0x00007fff72830000 - 0x00007fff729dc000 	C:\WINDOWS\System32\USER32.dll
0x00007fff70b80000 - 0x00007fff70ba6000 	C:\WINDOWS\System32\win32u.dll
0x00007fff72bf0000 - 0x00007fff72c19000 	C:\WINDOWS\System32\GDI32.dll
0x00007fff71060000 - 0x00007fff71172000 	C:\WINDOWS\System32\gdi32full.dll
0x00007fff71180000 - 0x00007fff7121d000 	C:\WINDOWS\System32\msvcp_win.dll
0x00007fff5dc90000 - 0x00007fff5df35000 	C:\WINDOWS\WinSxS\amd64_microsoft.windows.common-controls_6595b64144ccf1df_6.0.22000.120_none_9d947278b86cc467\COMCTL32.dll
0x00007fff714a0000 - 0x00007fff71543000 	C:\WINDOWS\System32\msvcrt.dll
0x00007fff72aa0000 - 0x00007fff72ad1000 	C:\WINDOWS\System32\IMM32.DLL
0x00007fff35c70000 - 0x00007fff35d0d000 	C:\Users\Dark Knight\Desktop\Android Studio\jre\bin\msvcp140.dll
0x00007fff08830000 - 0x00007fff092ec000 	C:\Users\Dark Knight\Desktop\Android Studio\jre\bin\server\jvm.dll
0x00007fff71c70000 - 0x00007fff71d1e000 	C:\WINDOWS\System32\ADVAPI32.dll
0x00007fff71bd0000 - 0x00007fff71c6e000 	C:\WINDOWS\System32\sechost.dll
0x00007fff715e0000 - 0x00007fff71700000 	C:\WINDOWS\System32\RPCRT4.dll
0x00007fff731a0000 - 0x00007fff731a8000 	C:\WINDOWS\System32\PSAPI.DLL
0x00007fff51cb0000 - 0x00007fff51cb9000 	C:\WINDOWS\SYSTEM32\WSOCK32.dll
0x00007fff73350000 - 0x00007fff733bf000 	C:\WINDOWS\System32\WS2_32.dll
0x00007fff6a500000 - 0x00007fff6a533000 	C:\WINDOWS\SYSTEM32\WINMM.dll
0x00007fff66f70000 - 0x00007fff66f7a000 	C:\WINDOWS\SYSTEM32\VERSION.dll
0x00007fff6fae0000 - 0x00007fff6faf8000 	C:\WINDOWS\SYSTEM32\kernel.appcore.dll
0x00007fff3ca60000 - 0x00007fff3ca71000 	C:\Users\Dark Knight\Desktop\Android Studio\jre\bin\verify.dll
0x00007fff6e430000 - 0x00007fff6e651000 	C:\WINDOWS\SYSTEM32\DBGHELP.DLL
0x00007fff55b10000 - 0x00007fff55b41000 	C:\WINDOWS\SYSTEM32\dbgcore.DLL
0x00007fff71220000 - 0x00007fff7129f000 	C:\WINDOWS\System32\bcryptPrimitives.dll
0x00007fff3ca30000 - 0x00007fff3ca59000 	C:\Users\Dark Knight\Desktop\Android Studio\jre\bin\java.dll
0x00007fff6c6a0000 - 0x00007fff6c6ab000 	C:\Users\Dark Knight\Desktop\Android Studio\jre\bin\jimage.dll
0x00007fff3b1e0000 - 0x00007fff3b1f8000 	C:\Users\Dark Knight\Desktop\Android Studio\jre\bin\zip.dll
0x00007fff71f00000 - 0x00007fff726ae000 	C:\WINDOWS\System32\SHELL32.dll
0x00007fff6ea70000 - 0x00007fff6f2d7000 	C:\WINDOWS\SYSTEM32\windows.storage.dll
0x00007fff71760000 - 0x00007fff71ad8000 	C:\WINDOWS\System32\combase.dll
0x00007fff6e900000 - 0x00007fff6ea66000 	C:\WINDOWS\SYSTEM32\wintypes.dll
0x00007fff712b0000 - 0x00007fff7139a000 	C:\WINDOWS\System32\SHCORE.dll
0x00007fff71700000 - 0x00007fff7175d000 	C:\WINDOWS\System32\shlwapi.dll
0x00007fff70820000 - 0x00007fff70841000 	C:\WINDOWS\SYSTEM32\profapi.dll
0x00007fff37200000 - 0x00007fff3721a000 	C:\Users\Dark Knight\Desktop\Android Studio\jre\bin\net.dll
0x00007fff68360000 - 0x00007fff6846c000 	C:\WINDOWS\SYSTEM32\WINHTTP.dll
0x00007fff6ff10000 - 0x00007fff6ff77000 	C:\WINDOWS\system32\mswsock.dll
0x00007fff32b40000 - 0x00007fff32b54000 	C:\Users\Dark Knight\Desktop\Android Studio\jre\bin\nio.dll
0x00007fff51b30000 - 0x00007fff51b57000 	C:\Users\Dark Knight\.gradle\native\fdc75f09e3144964f2cf3f50f0aa648679c211496f362492102eb8c894070792\windows-amd64\native-platform.dll
0x00007fff248b0000 - 0x00007fff24a46000 	C:\Users\Dark Knight\.gradle\native\12488b8bf47d2d4c9fbf2f6322a914ad602e24e48041cd04a747c6da556b65c4\windows-amd64\native-platform-file-events.dll
0x00007fff6c620000 - 0x00007fff6c62a000 	C:\Users\Dark Knight\Desktop\Android Studio\jre\bin\management.dll
0x00007fff6a910000 - 0x00007fff6a91c000 	C:\Users\Dark Knight\Desktop\Android Studio\jre\bin\management_ext.dll
0x00007fff70150000 - 0x00007fff70168000 	C:\WINDOWS\SYSTEM32\CRYPTSP.dll
0x00007fff6fa40000 - 0x00007fff6fa75000 	C:\WINDOWS\system32\rsaenh.dll
0x00007fff70000000 - 0x00007fff70029000 	C:\WINDOWS\SYSTEM32\USERENV.dll
0x00007fff702d0000 - 0x00007fff702f7000 	C:\WINDOWS\SYSTEM32\bcrypt.dll
0x00007fff70170000 - 0x00007fff7017c000 	C:\WINDOWS\SYSTEM32\CRYPTBASE.dll
0x00007fff6f610000 - 0x00007fff6f63d000 	C:\WINDOWS\SYSTEM32\IPHLPAPI.DLL
0x00007fff71d30000 - 0x00007fff71d39000 	C:\WINDOWS\System32\NSI.dll
0x00007fff68dd0000 - 0x00007fff68de9000 	C:\WINDOWS\SYSTEM32\dhcpcsvc6.DLL
0x00007fff6a350000 - 0x00007fff6a36e000 	C:\WINDOWS\SYSTEM32\dhcpcsvc.DLL
0x00007fff6f680000 - 0x00007fff6f767000 	C:\WINDOWS\SYSTEM32\DNSAPI.dll
0x00007fff68dc0000 - 0x00007fff68dcc000 	C:\WINDOWS\SYSTEM32\WINNSI.DLL

dbghelp: loaded successfully - version: 4.0.5 - missing functions: none
symbol engine: initialized successfully - sym options: 0x614 - pdb path: .;C:\Users\Dark Knight\Desktop\Android Studio\jre\bin;C:\WINDOWS\SYSTEM32;C:\WINDOWS\WinSxS\amd64_microsoft.windows.common-controls_6595b64144ccf1df_6.0.22000.120_none_9d947278b86cc467;C:\Users\Dark Knight\Desktop\Android Studio\jre\bin\server;C:\Users\Dark Knight\.gradle\native\fdc75f09e3144964f2cf3f50f0aa648679c211496f362492102eb8c894070792\windows-amd64;C:\Users\Dark Knight\.gradle\native\12488b8bf47d2d4c9fbf2f6322a914ad602e24e48041cd04a747c6da556b65c4\windows-amd64

VM Arguments:
jvm_args: --add-opens=java.base/java.util=ALL-UNNAMED --add-opens=java.base/java.lang=ALL-UNNAMED --add-opens=java.base/java.lang.invoke=ALL-UNNAMED --add-opens=java.prefs/java.util.prefs=ALL-UNNAMED -Xmx2048m -Dfile.encoding=UTF-8 -Duser.country=IN -Duser.language=en -Duser.variant 
java_command: org.gradle.launcher.daemon.bootstrap.GradleDaemon 6.7.1
java_class_path (initial): C:\Users\Dark Knight\.gradle\wrapper\dists\gradle-6.7.1-bin\bwlcbys1h7rz3272sye1xwiv6\gradle-6.7.1\lib\gradle-launcher-6.7.1.jar
Launcher Type: SUN_STANDARD

[Global flags]
     intx CICompilerCount                          = 4                                         {product} {ergonomic}
     uint ConcGCThreads                            = 2                                         {product} {ergonomic}
     uint G1ConcRefinementThreads                  = 8                                         {product} {ergonomic}
   size_t G1HeapRegionSize                         = 1048576                                   {product} {ergonomic}
    uintx GCDrainStackTargetSize                   = 64                                        {product} {ergonomic}
   size_t InitialHeapSize                          = 134217728                                 {product} {ergonomic}
   size_t MarkStackSize                            = 4194304                                   {product} {ergonomic}
   size_t MaxHeapSize                              = 2147483648                                {product} {command line}
   size_t MaxNewSize                               = 1287651328                                {product} {ergonomic}
   size_t MinHeapDeltaBytes                        = 1048576                                   {product} {ergonomic}
    uintx NonNMethodCodeHeapSize                   = 5836300                                {pd product} {ergonomic}
    uintx NonProfiledCodeHeapSize                  = 122910970                              {pd product} {ergonomic}
    uintx ProfiledCodeHeapSize                     = 122910970                              {pd product} {ergonomic}
    uintx ReservedCodeCacheSize                    = 251658240                              {pd product} {ergonomic}
     bool SegmentedCodeCache                       = true                                      {product} {ergonomic}
     bool UseCompressedClassPointers               = true                                 {lp64_product} {ergonomic}
     bool UseCompressedOops                        = true                                 {lp64_product} {ergonomic}
     bool UseG1GC                                  = true                                      {product} {ergonomic}
     bool UseLargePagesIndividualAllocation        = false                                  {pd product} {ergonomic}

Logging:
Log output configuration:
 #0: stdout all=warning uptime,level,tags
 #1: stderr all=off uptime,level,tags

Environment Variables:
PATH=C:\Windows\system32;C:\Windows;C:\Windows\System32\Wbem;C:\Windows\System32\WindowsPowerShell\v1.0\;C:\Windows\System32\OpenSSH\;C:\Program Files (x86)\NVIDIA Corporation\PhysX\Common;C:\Program Files\NVIDIA Corporation\NVIDIA NvDLISR;C:\WINDOWS\system32;C:\WINDOWS;C:\WINDOWS\System32\Wbem;C:\WINDOWS\System32\WindowsPowerShell\v1.0\;C:\WINDOWS\System32\OpenSSH\;C:\MinGW\bin;C:\Program Files\MEGA-X;C:\WINDOWS\system32;C:\WINDOWS;C:\WINDOWS\System32\Wbem;C:\WINDOWS\System32\WindowsPowerShell\v1.0\;C:\WINDOWS\System32\OpenSSH\;C:\Program Files\Git\cmd;C:\Users\Dark Knight\AppData\Local\Microsoft\WindowsApps;C:\Users\Dark Knight\AppData\Local\atom\bin;C:\MinGW\bin;C:\Program Files (x86)\Microsoft Visual Studio\2019\BuildTools\MSBuild\Current\Bin;C:\Users\Dark Knight\AppData\Local\Microsoft\WindowsApps;
USERNAME=Dark Knight
OS=Windows_NT
PROCESSOR_IDENTIFIER=Intel64 Family 6 Model 158 Stepping 10, GenuineIntel



---------------  S Y S T E M  ---------------

OS: Windows 10 , 64 bit Build 22000 (10.0.22000.434)
OS uptime: 4 days 1:37 hours

CPU:total 8 (initial active 8) (4 cores per cpu, 2 threads per core) family 6 model 158 stepping 10, cmov, cx8, fxsr, mmx, sse, sse2, sse3, ssse3, sse4.1, sse4.2, popcnt, avx, avx2, aes, clmul, erms, 3dnowpref, lzcnt, ht, tsc, tscinvbit, bmi1, bmi2, adx, fma

Memory: 4k page, system-wide physical 8072M (249M free)
TotalPageFile size 12168M (AvailPageFile size 32M)
current process WorkingSet (physical memory assigned to process): 472M, peak: 473M
current process commit charge ("private bytes"): 514M, peak: 568M

vm_info: OpenJDK 64-Bit Server VM (11.0.8+10-b944.6842174) for windows-amd64 JRE (11.0.8+10-b944.6842174), built on Sep 19 2020 01:11:42 by "builder" with MS VC++ 14.0 (VS2015)

END.
